ARM GAS  /tmp/ccFZdJgY.s 			page 1


   1              		.syntax unified
   2              		.cpu cortex-m3
   3              		.fpu softvfp
   4              		.eabi_attribute 20, 1
   5              		.eabi_attribute 21, 1
   6              		.eabi_attribute 23, 3
   7              		.eabi_attribute 24, 1
   8              		.eabi_attribute 25, 1
   9              		.eabi_attribute 26, 1
  10              		.eabi_attribute 30, 2
  11              		.eabi_attribute 34, 1
  12              		.eabi_attribute 18, 4
  13              		.thumb
  14              		.file	"board.c"
  15              		.text
  16              	.Ltext0:
  17              		.section	.gnu.lto_.jmpfuncs.3df0285fd8deae3b,"",%progbits
  18 0000 789C6362 		.ascii	"x\234cb`d`g\300\016`\342L@\314\310\300\000\000\0025"
  18      60646067 
  18      C00E60E2 
  18      4C40CCC8 
  18      C0000002 
  19 0015 0015     		.ascii	"\000\025"
  20              		.text
  21              		.section	.gnu.lto_.inline.3df0285fd8deae3b,"",%progbits
  22 0000 789C6362 		.ascii	"x\234cb`d\340e\300\016T\2414\023\003\003\013\017#\210"
  22      6064E065 
  22      C00E54A1 
  22      34130303 
  22      0B0F2388 
  23 0014 62605B20 		.ascii	"b`[ \317\304\300\310\005d1203!\2111\000\000&G\001\355"
  23      CFC4C0C8 
  23      05643132 
  23      30332189 
  23      31000026 
  24              		.text
  25              		.section	.gnu.lto_.pureconst.3df0285fd8deae3b,"",%progbits
  26 0000 789C6362 		.ascii	"x\234cb`d`f```e\200\000&\006\011F\006\000\001\032\000"
  26      60646066 
  26      60606065 
  26      80002606 
  26      09460600 
  27 0017 27       		.ascii	"'"
  28              		.text
  29              		.section	.gnu.lto___early_init.3df0285fd8deae3b,"",%progbits
  30 0000 789C6362 		.ascii	"x\234cb`\004BL \011\304\265@l\014\304\214\314\014\214"
  30      6004424C 
  30      2009C4B5 
  30      406C0CC4 
  30      8CCC0C8C 
  31 0014 4C13CE31 		.ascii	"L\023\316104*012\202\030@-\365L\214\365\241\020\235"
  31      30342A30 
  31      31328218 
  31      402DF54C 
  31      8CF5A110 
  32 0029 A76E3C63 		.ascii	"\247n<c\274c\272\237\351\300\203\377\365\014\014\314"
  32      BC63BA9F 
ARM GAS  /tmp/ccFZdJgY.s 			page 2


  32      E9C083FF 
  32      F50C0CCC 
  33 0039 40115686 		.ascii	"@\021V\206\226\206\006\001\206x\250\311\201 \032\244"
  33      96860601 
  33      8678A8C9 
  33      81201AA4 
  34 0049 2F889109 		.ascii	"/\210\221\011\314`>\303\300|\345+W,\343\002FV\240T\025"
  34      CC603EC3 
  34      C07CE52B 
  34      572CE302 
  34      4656A054 
  35 005e C3CF068E 		.ascii	"\303\317\006\216T\240C\342\031\031!ZRA\3649\006\240"
  35      54A043E2 
  35      1919215A 
  35      5241F439 
  35      06A0
  36 0070 B1303530 		.ascii	"\261050\223\030\301\006\000\215a0\324\323\323\207\240"
  36      9318C106 
  36      008D6130 
  36      D4D3D387 
  36      A0
  37 0081 FC62FD8C 		.ascii	"\374b\375\214\304\034\375\244\374\304\242\224b}\177"
  37      C41CFDA4 
  37      FCC4A294 
  37      627D7F
  38 0090 1F4F5FD7 		.ascii	"\037O_\327\210\370\340\020_c\243\370\000C\003c\210\204"
  38      88F8E010 
  38      5F63A3F8 
  38      00430363 
  38      8884
  39 00a2 5E320300 		.ascii	"^2\003\000?5,S"
  39      3F352C53 
  40              		.text
  41              		.section	.gnu.lto_boardInit.3df0285fd8deae3b,"",%progbits
  42 0000 789C6362 		.ascii	"x\234cb`\004BL \011\304\021@l\014\304\214\314\014\214"
  42      6004424C 
  42      2009C411 
  42      406C0CC4 
  42      8CCC0C8C 
  43 0014 4C13CE31 		.ascii	"L\023\316104*012\202\030@-\365L\214\365\241\020\235"
  43      30342A30 
  43      31328218 
  43      402DF54C 
  43      8CF5A110 
  44 0029 A7FEEF62 		.ascii	"\247\376\357b<2\203m?\323\201\007\377\353\031\030\230"
  44      3C32836D 
  44      3FD38107 
  44      FFEB1918 
  44      98
  45 003a 8042AC0C 		.ascii	"\200B\254\014-\015\015\002\014\361P\243\003A4Hc\020"
  45      2D0D0D02 
  45      0CF150A3 
  45      03413448 
  45      6310
  46 004c 231398C1 		.ascii	"#\023\230\301|\016hD,\343\002FV\270\215\201\214\214"
  46      7C0E6844 
  46      2CE30246 
ARM GAS  /tmp/ccFZdJgY.s 			page 3


  46      56B88D81 
  46      8C8C
  47 005e 60299076 		.ascii	"`)\220vC==}\010\312/\326\317H\314\321O\312O,J)\326\367"
  47      433D3D7D 
  47      08CA2FD6 
  47      CF48CCD1 
  47      4FCA4F2C 
  48 0076 F7F1F475 		.ascii	"\367\361\364u\215\210\017\016\36156\212\017040\206H"
  48      8D880F0E 
  48      F135368A 
  48      0F303430 
  48      8648
  49 0088 E8253300 		.ascii	"\350%3\000\000kP$\227"
  49      006B5024 
  49      97
  50              		.text
  51              		.section	.gnu.lto_.cgraph.3df0285fd8deae3b,"",%progbits
  52 0000 789C6362 		.ascii	"x\234cb`d`f``0f\200\002\246\303\214\365\014\014\023"
  52      60646066 
  52      60603066 
  52      8002A6C3 
  52      8CF50C0C 
  53 0015 CE31D4D7 		.ascii	"\3161\324\327\317\353`d:\302X\317\010\3471\036e\254"
  53      CFEB6064 
  53      3AC258CF 
  53      08E7311E 
  53      65AC
  54 0027 6702F31A 		.ascii	"g\002\363\032\032\030\231\031\230\030\232\037\374cd"
  54      1A189919 
  54      98189A1F 
  54      FC6364
  55 0036 0000AF61 		.ascii	"\000\000\257a\020Y"
  55      1059
  56              		.text
  57              		.section	.gnu.lto_.vars.3df0285fd8deae3b,"",%progbits
  58 0000 789C6362 		.ascii	"x\234cb`d`f```g\200\000\306C\214\014\254\365\014\000"
  58      60646066 
  58      60606067 
  58      8000C643 
  58      8C0CACF5 
  59 0016 06A10156 		.ascii	"\006\241\001V"
  60              		.text
  61              		.section	.gnu.lto_.refs.3df0285fd8deae3b,"",%progbits
  62 0000 789C6362 		.ascii	"x\234cb`d`f```b\200\001\000\000\204\000\011"
  62      60646066 
  62      60606062 
  62      80010000 
  62      840009
  63              		.text
  64              		.section	.gnu.lto_.statics.3df0285fd8deae3b,"",%progbits
  65 0000 789C6362 		.ascii	"x\234cb`d`b\300\016@\342\214\020&\000\000\375\000\011"
  65      60646062 
  65      C00E40E2 
  65      8C102600 
  65      00FD0009 
  66              		.text
  67              		.section	.gnu.lto_.decls.3df0285fd8deae3b,"",%progbits
ARM GAS  /tmp/ccFZdJgY.s 			page 4


  68 0000 789CAD96 		.ascii	"x\234\255\226_h\024G\034\307\177\263\253\227\034\011"
  68      5F681447 
  68      1CC77FB3 
  68      AB971C09 
  69 0010 B1842A89 		.ascii	"\261\204*\211\017\315Y\260\017\302\335\346L\300\027"
  69      0FCD59B0 
  69      0FC2DDE6 
  69      4CC017
  70 001f 85A689F5 		.ascii	"\205\246\211\365\002I=\254\202/\313z\271;\223\245\353"
  70      02493DAC 
  70      822FCB7A 
  70      B93B93A5 
  70      EB
  71 0030 EDF56E63 		.ascii	"\355\365nc\355\333\242\"\327R\312\245\020\212\224\312"
  71      EDDBA222 
  71      D752CAA5 
  71      108A94CA 
  72 0040 257AC53F 		.ascii	"%z\305?Ec\320\012\026!\224\343\320\007\205\200RJ\005"
  72      4563D00A 
  72      162194E3 
  72      D0078580 
  72      524A05
  73 0053 431505F1 		.ascii	"C\025\005\361E\260\340C\341\372\233\231\335\315nns\227"
  73      45B0E043 
  73      E1FA9B99 
  73      DDCD6E6E 
  73      7397
  74 0065 803F6E66 		.ascii	"\200?nfg\177\363\333\317\357;3\277\335D\000\002\324"
  74      677FF3DB 
  74      CFEF3B33 
  74      BFDD4400 
  74      02D4
  75 0077 0AD86A68 		.ascii	"\012\330jh\345V\200;\350\022\361~\017,\033\275/a+c\273"
  75      E556803B 
  75      E812F17E 
  75      0F2C1BBD 
  75      2F612B63 
  76 008c 888D3E75 		.ascii	"\210\215>u\031\274F\347\005l\213\330f,\237`\371/B\275"
  76      19BC46E7 
  76      056C8BD8 
  76      662C9F60 
  76      F92F42BD 
  77 00a0 955D63B2 		.ascii	"\225]c\262\342\336\266\0368g\226\226\212\247\314\330"
  77      E2DEB61E 
  77      38679696 
  77      8AA7CCD8 
  78 00b0 DB5AAD65 		.ascii	"\333Z\255e\013L\233h\2453\246I\014\231\354\331\014\335"
  78      0B4C9B68 
  78      A533A649 
  78      0C99ECD9 
  78      0CDD
  79 00c2 20938E20 		.ascii	" \223\216 @\210\215\332q\264\201='\223\031\262\305\032"
  79      40888DDA 
  79      71B4813D 
  79      279319B2 
  79      C51A
  80 00d4 1D146D2D 		.ascii	"\035\024m-\002\201\035p\311dF\226\023\243m\202\333\337"
ARM GAS  /tmp/ccFZdJgY.s 			page 5


  80      02811D70 
  80      C9644696 
  80      13A36D82 
  80      DBDF
  81 00e6 5C11EDAC 		.ascii	"\\\021\355\254\037A\231\206,\234\354bI(\244Dz<\302d"
  81      1F419986 
  81      2C9CEC62 
  81      4928A444 
  81      7A3CC264 
  82 00fa 324B8495 		.ascii	"2K\204\225J\347\034\245<\277\0001\202\221\347\311\016"
  82      4AE71CA5 
  82      3CBF0031 
  82      8291E7C9 
  82      0E
  83 010b F8AFA501 		.ascii	"\370\257\245\001\274\\\007\377\245\036\276T,\236*y\340"
  83      BC5C07FF 
  83      A51EBE54 
  83      2C9E2A79 
  83      E0
  84 011c 076CF8D5 		.ascii	"\007l\370\325\357\037=\350\362\002.y\001\037\302\214"
  84      EF1F3DE8 
  84      F2022E79 
  84      011FC28C 
  85 012c 39B75034 		.ascii	"9\267P4\315\230\271T\253\365t\302\024\333H\334\206\273"
  85      CD98B954 
  85      ABF574C2 
  85      14DB48DC 
  85      86BB
  86 013e 1DE0ECE2 		.ascii	"\035\340\354\342\222\350l\343n|h;\\0\315\"\335++>\324"
  86      92E86CE3 
  86      6E7C683B 
  86      5C30CD22 
  86      DD2B2B3E 
  87 0153 205826BF 		.ascii	" X&\277\222\355\260\206@\032z\025\211\\:\313\301\316"
  87      92EDB086 
  87      401A7A15 
  87      895C3ACB 
  87      C1CE
  88 0165 837BC1F2 		.ascii	"\203{\301\362\317O_\257v\373\024\304\306m\200\252\251"
  88      CF4F5FAF 
  88      76FB14C4 
  88      C66D80AA 
  88      A9
  89 0176 AA58C02F 		.ascii	"\252X\300/\331\021'W\273g\0052\271\216t\001\252\304"
  89      D9112757 
  89      BB670532 
  89      B98E7401 
  89      AAC4
  90 0188 3991AF38 		.ascii	"9\221\2578\2619\205j\272\341\253\370\206Kq\345V\300"
  90      B139856A 
  90      BAE1ABF8 
  90      864B71E5 
  90      56C0
  91 019a 47AFC8F4 		.ascii	"G\257\310\364\236\244u\021\010B\001\207\264|c\356d\336"
  91      9EA47511 
  91      08420187 
  91      B47C63EE 
ARM GAS  /tmp/ccFZdJgY.s 			page 6


  91      64DE
  92 01ac DA754BBE 		.ascii	"\332uK\276E\202(\371/G\362\345s\213U\311>\341\226\240"
  92      458228F9 
  92      2F47F2E5 
  92      738B55C9 
  92      3EE196A0 
  93 01c0 F7C4F19E 		.ascii	"\367\304\361\236Gq2\237\266G\364\335\336D_\201?\005"
  93      4771329F 
  93      B647F4DD 
  93      DE445F81 
  93      3F05
  94 01d2 62AD667E 		.ascii	"b\255f~\372\337\373\202\277\006{\314\315\216\261\314"
  94      FADFFB82 
  94      BF067BCC 
  94      CD8EB1CC 
  95 01e2 B5205BE1 		.ascii	"\265 [\341\337\016\364Y\313z\210\241U\211O\034\342\233"
  95      DF0EF459 
  95      CB7A88A1 
  95      55894F1C 
  95      E29B
  96 01f4 26C4563F 		.ascii	"&\304V?\215\365\346>A\231\334\304R\025e\362\033\331"
  96      8DF5E63E 
  96      4199DCC4 
  96      521565F2 
  96      1BD9
  97 0206 8637BFB3 		.ascii	"\2067\277\263\376\016\366\226\011\360\224\245\247\365"
  97      FE0EF696 
  97      09F094A5 
  97      A7F5
  98 0214 F8F0EC73 		.ascii	"\370\360\354s\342_\025\3157\211W\251]y/\035\346\263"
  98      E25F15CD 
  98      378957A9 
  98      5D792F1D 
  98      E6B3
  99 0226 EEC644EF 		.ascii	"\356\306D\357\222B\253\022_;\3047M\210]k\324\370\326"
  99      9242AB12 
  99      5F3BC437 
  99      4D885D6B 
  99      D4F8D6
 100 0239 2156B636 		.ascii	"!V\2666&\206\326\250\261\346\020\0377!\36668H\373\334"
 100      2686D6A8 
 100      B1E6101F 
 100      3721F636 
 100      3848FBDC 
 101 024d AEE1B96D 		.ascii	"\256\341\271m\224\311\034;\261\005\326\377\301\372\012"
 101      94C91C3B 
 101      B105D6FF 
 101      C1FA0A
 102 025c EBABEE33 		.ascii	"\353\253\3563<#\332\257\315\253\237:l\014\377\304\270"
 102      3C23DAAF 
 102      CDAB9F3A 
 102      6C0CFFC4 
 102      B8
 103 026d B8CB5F22 		.ascii	"\270\313_\"X3\271\350\220o\237}\361~\203\317\334=\374"
 103      5833B9E8 
 103      906F9F7D 
 103      F17E83CF 
ARM GAS  /tmp/ccFZdJgY.s 			page 7


 103      DC3DFC
 104 0280 087F00E7 		.ascii	"\010\177\000\347\305\237M~\244}0o\026>\226\311\025L"
 104      C59F4D7E 
 104      A47D306F 
 104      163E96C9 
 104      154C
 105 0292 6A25B35D 		.ascii	"j%\263]t\267\254\212\364\276\263\274>m\337\351\037g"
 105      74B7AC8A 
 105      F4BEB3BC 
 105      3E6DDFE9 
 105      1F67
 106 02a4 2AAD56B5 		.ascii	"*\255V\265\332\276\302\324\024\372,\331\353\344\025"
 106      DABEC2D4 
 106      14FA2CD9 
 106      EBE415
 107 02b3 A6667D78 		.ascii	"\246f}x\377\224\333\300\332\200u\363~\270\260a%\357"
 107      FF94DBC0 
 107      DA8075F3 
 107      7EB8B061 
 107      25EF
 108 02c5 C5775C5F 		.ascii	"\305w\\_e\375\274J\321O\337,\347U\337\325z\031\017\240"
 108      65FDBC4A 
 108      D14FDF2C 
 108      E755DFD5 
 108      7A190FA0 
 109 02d9 0DBE5DFE 		.ascii	"\015\276]\376>\363?\262\253\377\177\261H\332\2342jW"
 109      3EF33FB2 
 109      ABFF7FB1 
 109      48DA9C32 
 109      6A57
 110 02eb 947422A7 		.ascii	"\224t\"\247}\255\250\031\325\010\354\373\354Ph\020\242"
 110      7DADA819 
 110      D508ECFB 
 110      EC506810 
 110      A2
 111 02fc 9188C47F 		.ascii	"\221\210\304\177z^\232Hh\322\230\236\310\245\362\322"
 111      7A5E9A48 
 111      68D2989E 
 111      C8A5F2D2 
 112 030c FE91E1D1 		.ascii	"\376\221\341\321\275\207\225\317\017\216\366\355T\342"
 112      BD8795CF 
 112      0F8EF6ED 
 112      54E2
 113 031a D1DE3E3E 		.ascii	"\321\336>>\021IB\220\015\206\021\361^\3368\206\263I"
 113      11494290 
 113      0D8611F1 
 113      5EDE3886 
 113      B349
 114 032c 4D4F7EC1 		.ascii	"MO~\301\230\275+aY=g\344%\006\341\375\247\321\023'\350"
 114      98BD2B61 
 114      593D67E4 
 114      2506E1FD 
 114      A7D11327 
 115 0341 8CA269A9 		.ascii	"\214\242i\251\310D}v\367\003##C\322\276\370\360\376"
 115      C8447D76 
 115      F7032323 
 115      43D2BEF8 
ARM GAS  /tmp/ccFZdJgY.s 			page 8


 115      F0FE
 116 0353 E35129EB 		.ascii	"\343Q)\353<\321\311s\216gU]\311\247\215\311\254b\264"
 116      3CD1C973 
 116      8E67555D 
 116      C9A78DC9 
 116      AC62B4
 117 0366 4EAA1903 		.ascii	"N\252\031\003}\206!\351YC\03280*\215'\223\341D\356X"
 117      7D8621E9 
 117      59431A38 
 117      302A8D27 
 117      93E144EE 
 118 037b 38A367D2 		.ascii	"8\243g\322\341tbL\015\367+\273\302;{\243}_\342B\324"
 118      E174624C 
 118      0DF72BBB 
 118      C23B7BA3 
 118      7D5FE242 
 119 0390 0CCDA8A9 		.ascii	"\014\315\250\251c4N\362\304I\375\221]\221~\311\221\205"
 119      63344EF2 
 119      C449FD91 
 119      5D917EC9 
 119      9185
 120 03a2 3FEFBC9A 		.ascii	"?\357\274\232Ij\223\251\264\2247R\230\025\005\211z*"
 120      496A93A9 
 120      B4943752 
 120      98150589 
 120      7A2A
 121 03b4 2726731A 		.ascii	"'&s\032\266\211@|`(a$\002\361O\370e\220_\206\370e/\275"
 121      B689407C 
 121      60286124 
 121      02F14FF8 
 121      65905F86 
 122 03cc 04E30323 		.ascii	"\004\343\003#\203z\346\250:\336I\027\225J\037MLj\206"
 122      837AE6A8 
 122      3ADE4917 
 122      954A1F4D 
 122      4C6A86
 123 03df 9264AEAD 		.ascii	"\222d\256\255\221\234\236\302\240H\375\324\377\021~"
 123      919C9EC2 
 123      A048FDD4 
 123      FF117E
 124 03ee 22A3     		.ascii	"\"\243"
 125              		.text
 126              		.section	.gnu.lto_.symtab.3df0285fd8deae3b,"",%progbits
 127 0000 5F5F6561 		.ascii	"__early_init\000\000\000\000\000\000\000\000\000\000"
 127      726C795F 
 127      696E6974 
 127      00000000 
 127      00000000 
 128 0016 0000A000 		.ascii	"\000\000\240\000\000\000boardInit\000\000\000\000\000"
 128      0000626F 
 128      61726449 
 128      6E697400 
 128      00000000 
 129 002a 00000000 		.ascii	"\000\000\000\000\000\000\000\245\000\000\000stm32_c"
 129      000000A5 
 129      00000073 
 129      746D3332 
ARM GAS  /tmp/ccFZdJgY.s 			page 9


 129      5F63
 130 003c 6C6F636B 		.ascii	"lock_init\000\000\002\000\000\000\000\000\000\000\000"
 130      5F696E69 
 130      74000002 
 130      00000000 
 130      00000000 
 131 0050 00A80000 		.ascii	"\000\250\000\000\000pal_default_config\000\000\000\000"
 131      0070616C 
 131      5F646566 
 131      61756C74 
 131      5F636F6E 
 132 006b 00000000 		.ascii	"\000\000\000\000\000\000\000\000\252\000\000\000"
 132      00000000 
 132      AA000000 
 133              		.text
 134              		.section	.gnu.lto_.opts,"",%progbits
 135 0000 272D6D63 		.ascii	"'-mcpu=cortex-m3''-mno-thumb-interwork''-mthumb''-g"
 135      70753D63 
 135      6F727465 
 135      782D6D33 
 135      27272D6D 
 136 0033 67646227 		.ascii	"gdb''-O2''-fomit-frame-pointer''-falign-functions=1"
 136      272D4F32 
 136      27272D66 
 136      6F6D6974 
 136      2D667261 
 137 0066 3627272D 		.ascii	"6''-ffunction-sections''-fdata-sections''-fno-commo"
 137      6666756E 
 137      6374696F 
 137      6E2D7365 
 137      6374696F 
 138 0099 6E27272D 		.ascii	"n''-flto'\000"
 138      666C746F 
 138      2700
 139              		.text
 140              		.cfi_sections	.debug_frame
 141              		.section	.text.__early_init,"ax",%progbits
 142              		.align	2
 143              		.p2align 4,,15
 144              		.global	__early_init
 145              		.thumb
 146              		.thumb_func
 147              		.type	__early_init, %function
 148              	__early_init:
 149              	.LFB194:
 150              		.file 1 "../../../os/hal/boards/OLIMEX_STM32_P103/board.c"
 151              		.loc 1 40 0
 152              		.cfi_startproc
 153              		@ args = 0, pretend = 0, frame = 0
 154              		@ frame_needed = 0, uses_anonymous_args = 0
 155              		@ link register save eliminated.
 156              		.loc 1 43 0
 157              		.loc 1 42 0
 158 0000 FFF7FEBF 		b	stm32_clock_init
 159              	.LVL0:
 160              		.cfi_endproc
 161              	.LFE194:
ARM GAS  /tmp/ccFZdJgY.s 			page 10


 162              		.size	__early_init, .-__early_init
 163 0004 AFF30080 		.section	.text.boardInit,"ax",%progbits
 163      AFF30080 
 163      AFF30080 
 164              		.align	2
 165              		.p2align 4,,15
 166              		.global	boardInit
 167              		.thumb
 168              		.thumb_func
 169              		.type	boardInit, %function
 170              	boardInit:
 171              	.LFB195:
 172              		.loc 1 63 0
 173              		.cfi_startproc
 174              		@ args = 0, pretend = 0, frame = 0
 175              		@ frame_needed = 0, uses_anonymous_args = 0
 176              		@ link register save eliminated.
 177 0000 7047     		bx	lr
 178              		.cfi_endproc
 179              	.LFE195:
 180              		.size	boardInit, .-boardInit
 181              		.global	pal_default_config
 182 0002 00BFAFF3 		.section	.rodata.pal_default_config,"a",%progbits
 182      0080AFF3 
 182      0080AFF3 
 182      0080
 183              		.align	2
 184              		.type	pal_default_config, %object
 185              		.size	pal_default_config, 60
 186              	pal_default_config:
 187 0000 FFFFFFFF 		.word	-1
 188 0004 844B8888 		.word	-2004333692
 189 0008 88488488 		.word	-2004596600
 190 000c FFFFFFFF 		.word	-1
 191 0010 88888888 		.word	-2004318072
 192 0014 8888B8B4 		.word	-1262974840
 193 0018 FFFFFFFF 		.word	-1
 194 001c 88888444 		.word	1149536392
 195 0020 88338388 		.word	-2004667512
 196 0024 FFFFFFFF 		.word	-1
 197 0028 44888888 		.word	-2004318140
 198 002c 88888888 		.word	-2004318072
 199 0030 FFFFFFFF 		.word	-1
 200 0034 88888888 		.word	-2004318072
 201 0038 88888888 		.word	-2004318072
 202              		.text
 203              	.Letext0:
 204              		.file 2 "/opt/ARM/gcc-arm-none-eabi-4_7-2013q3/bin/../lib/gcc/arm-none-eabi/4.7.4/../../../../arm-
 205              		.file 3 "../../../os/rt/include/chschd.h"
 206              		.file 4 "../../../os/rt/ports/ARMCMx/compilers/GCC/chtypes.h"
 207              		.file 5 "../../../os/rt/ports/ARMCMx/chcore.h"
 208              		.file 6 "../../../os/rt/ports/ARMCMx/chcore_v7m.h"
 209              		.file 7 "../../../os/rt/include/chmtx.h"
 210              		.file 8 "../../../os/hal/ports/STM32/LLD/GPIOv1/pal_lld.h"
 211              		.file 9 "../../../os/ext/CMSIS/include/core_cm3.h"
 212              		.file 10 "../../../os/hal/ports/STM32/STM32F1xx/hal_lld.h"
 213              		.section	.debug_info,"",%progbits
ARM GAS  /tmp/ccFZdJgY.s 			page 11


 214              	.Ldebug_info0:
 215 0000 4B060000 		.4byte	0x64b
 216 0004 0200     		.2byte	0x2
 217 0006 00000000 		.4byte	.Ldebug_abbrev0
 218 000a 04       		.byte	0x4
 219 000b 01       		.uleb128 0x1
 220 000c F3010000 		.4byte	.LASF87
 221 0010 01       		.byte	0x1
 222 0011 8F000000 		.4byte	.LASF88
 223 0015 DF030000 		.4byte	.LASF89
 224 0019 00000000 		.4byte	.Ldebug_ranges0+0
 225 001d 00000000 		.4byte	0
 226 0021 00000000 		.4byte	0
 227 0025 00000000 		.4byte	.Ldebug_line0
 228 0029 02       		.uleb128 0x2
 229 002a 04       		.byte	0x4
 230 002b 05       		.byte	0x5
 231 002c 696E7400 		.ascii	"int\000"
 232 0030 03       		.uleb128 0x3
 233 0031 04       		.byte	0x4
 234 0032 07       		.byte	0x7
 235 0033 E6010000 		.4byte	.LASF0
 236 0037 03       		.uleb128 0x3
 237 0038 01       		.byte	0x1
 238 0039 06       		.byte	0x6
 239 003a B2010000 		.4byte	.LASF1
 240 003e 04       		.uleb128 0x4
 241 003f E2000000 		.4byte	.LASF4
 242 0043 02       		.byte	0x2
 243 0044 2A       		.byte	0x2a
 244 0045 49000000 		.4byte	0x49
 245 0049 03       		.uleb128 0x3
 246 004a 01       		.byte	0x1
 247 004b 08       		.byte	0x8
 248 004c 9D010000 		.4byte	.LASF2
 249 0050 03       		.uleb128 0x3
 250 0051 02       		.byte	0x2
 251 0052 05       		.byte	0x5
 252 0053 1B000000 		.4byte	.LASF3
 253 0057 04       		.uleb128 0x4
 254 0058 C3020000 		.4byte	.LASF5
 255 005c 02       		.byte	0x2
 256 005d 36       		.byte	0x36
 257 005e 62000000 		.4byte	0x62
 258 0062 03       		.uleb128 0x3
 259 0063 02       		.byte	0x2
 260 0064 07       		.byte	0x7
 261 0065 2A030000 		.4byte	.LASF6
 262 0069 04       		.uleb128 0x4
 263 006a E1020000 		.4byte	.LASF7
 264 006e 02       		.byte	0x2
 265 006f 4F       		.byte	0x4f
 266 0070 74000000 		.4byte	0x74
 267 0074 03       		.uleb128 0x3
 268 0075 04       		.byte	0x4
 269 0076 05       		.byte	0x5
 270 0077 44010000 		.4byte	.LASF8
ARM GAS  /tmp/ccFZdJgY.s 			page 12


 271 007b 04       		.uleb128 0x4
 272 007c DD010000 		.4byte	.LASF9
 273 0080 02       		.byte	0x2
 274 0081 50       		.byte	0x50
 275 0082 86000000 		.4byte	0x86
 276 0086 03       		.uleb128 0x3
 277 0087 04       		.byte	0x4
 278 0088 07       		.byte	0x7
 279 0089 3D030000 		.4byte	.LASF10
 280 008d 03       		.uleb128 0x3
 281 008e 08       		.byte	0x8
 282 008f 05       		.byte	0x5
 283 0090 27010000 		.4byte	.LASF11
 284 0094 03       		.uleb128 0x3
 285 0095 08       		.byte	0x8
 286 0096 07       		.byte	0x7
 287 0097 C6010000 		.4byte	.LASF12
 288 009b 05       		.uleb128 0x5
 289 009c 83020000 		.4byte	.LASF40
 290 00a0 44       		.byte	0x44
 291 00a1 03       		.byte	0x3
 292 00a2 79       		.byte	0x79
 293 00a3 A4010000 		.4byte	0x1a4
 294 00a7 06       		.uleb128 0x6
 295 00a8 79000000 		.4byte	.LASF13
 296 00ac 03       		.byte	0x3
 297 00ad 7A       		.byte	0x7a
 298 00ae E8020000 		.4byte	0x2e8
 299 00b2 02       		.byte	0x2
 300 00b3 23       		.byte	0x23
 301 00b4 00       		.uleb128 0
 302 00b5 06       		.uleb128 0x6
 303 00b6 44000000 		.4byte	.LASF14
 304 00ba 03       		.byte	0x3
 305 00bb 7C       		.byte	0x7c
 306 00bc E8020000 		.4byte	0x2e8
 307 00c0 02       		.byte	0x2
 308 00c1 23       		.byte	0x23
 309 00c2 04       		.uleb128 0x4
 310 00c3 06       		.uleb128 0x6
 311 00c4 68000000 		.4byte	.LASF15
 312 00c8 03       		.byte	0x3
 313 00c9 7E       		.byte	0x7e
 314 00ca D5010000 		.4byte	0x1d5
 315 00ce 02       		.byte	0x2
 316 00cf 23       		.byte	0x23
 317 00d0 08       		.uleb128 0x8
 318 00d1 06       		.uleb128 0x6
 319 00d2 A1030000 		.4byte	.LASF16
 320 00d6 03       		.byte	0x3
 321 00d7 7F       		.byte	0x7f
 322 00d8 15020000 		.4byte	0x215
 323 00dc 02       		.byte	0x2
 324 00dd 23       		.byte	0x23
 325 00de 0C       		.uleb128 0xc
 326 00df 06       		.uleb128 0x6
 327 00e0 BE010000 		.4byte	.LASF17
ARM GAS  /tmp/ccFZdJgY.s 			page 13


 328 00e4 03       		.byte	0x3
 329 00e5 81       		.byte	0x81
 330 00e6 E8020000 		.4byte	0x2e8
 331 00ea 02       		.byte	0x2
 332 00eb 23       		.byte	0x23
 333 00ec 10       		.uleb128 0x10
 334 00ed 06       		.uleb128 0x6
 335 00ee 85030000 		.4byte	.LASF18
 336 00f2 03       		.byte	0x3
 337 00f3 82       		.byte	0x82
 338 00f4 E8020000 		.4byte	0x2e8
 339 00f8 02       		.byte	0x2
 340 00f9 23       		.byte	0x23
 341 00fa 14       		.uleb128 0x14
 342 00fb 06       		.uleb128 0x6
 343 00fc 35010000 		.4byte	.LASF19
 344 0100 03       		.byte	0x3
 345 0101 89       		.byte	0x89
 346 0102 B8030000 		.4byte	0x3b8
 347 0106 02       		.byte	0x2
 348 0107 23       		.byte	0x23
 349 0108 18       		.uleb128 0x18
 350 0109 06       		.uleb128 0x6
 351 010a F0020000 		.4byte	.LASF20
 352 010e 03       		.byte	0x3
 353 010f 94       		.byte	0x94
 354 0110 BF010000 		.4byte	0x1bf
 355 0114 02       		.byte	0x2
 356 0115 23       		.byte	0x23
 357 0116 1C       		.uleb128 0x1c
 358 0117 06       		.uleb128 0x6
 359 0118 92020000 		.4byte	.LASF21
 360 011c 03       		.byte	0x3
 361 011d 98       		.byte	0x98
 362 011e B4010000 		.4byte	0x1b4
 363 0122 02       		.byte	0x2
 364 0123 23       		.byte	0x23
 365 0124 1D       		.uleb128 0x1d
 366 0125 06       		.uleb128 0x6
 367 0126 9A030000 		.4byte	.LASF22
 368 012a 03       		.byte	0x3
 369 012b 9D       		.byte	0x9d
 370 012c CA010000 		.4byte	0x1ca
 371 0130 02       		.byte	0x2
 372 0131 23       		.byte	0x23
 373 0132 1E       		.uleb128 0x1e
 374 0133 07       		.uleb128 0x7
 375 0134 705F7500 		.ascii	"p_u\000"
 376 0138 03       		.byte	0x3
 377 0139 CF       		.byte	0xcf
 378 013a 83030000 		.4byte	0x383
 379 013e 02       		.byte	0x2
 380 013f 23       		.byte	0x23
 381 0140 20       		.uleb128 0x20
 382 0141 06       		.uleb128 0x6
 383 0142 0F030000 		.4byte	.LASF23
 384 0146 03       		.byte	0x3
ARM GAS  /tmp/ccFZdJgY.s 			page 14


 385 0147 D4       		.byte	0xd4
 386 0148 10030000 		.4byte	0x310
 387 014c 02       		.byte	0x2
 388 014d 23       		.byte	0x23
 389 014e 24       		.uleb128 0x24
 390 014f 06       		.uleb128 0x6
 391 0150 5D000000 		.4byte	.LASF24
 392 0154 03       		.byte	0x3
 393 0155 DA       		.byte	0xda
 394 0156 EE020000 		.4byte	0x2ee
 395 015a 02       		.byte	0x2
 396 015b 23       		.byte	0x23
 397 015c 28       		.uleb128 0x28
 398 015d 06       		.uleb128 0x6
 399 015e 88010000 		.4byte	.LASF25
 400 0162 03       		.byte	0x3
 401 0163 DE       		.byte	0xde
 402 0164 E0010000 		.4byte	0x1e0
 403 0168 02       		.byte	0x2
 404 0169 23       		.byte	0x23
 405 016a 30       		.uleb128 0x30
 406 016b 06       		.uleb128 0x6
 407 016c EA000000 		.4byte	.LASF26
 408 0170 03       		.byte	0x3
 409 0171 E4       		.byte	0xe4
 410 0172 EB010000 		.4byte	0x1eb
 411 0176 02       		.byte	0x2
 412 0177 23       		.byte	0x23
 413 0178 34       		.uleb128 0x34
 414 0179 06       		.uleb128 0x6
 415 017a 19030000 		.4byte	.LASF27
 416 017e 03       		.byte	0x3
 417 017f EB       		.byte	0xeb
 418 0180 01040000 		.4byte	0x401
 419 0184 02       		.byte	0x2
 420 0185 23       		.byte	0x23
 421 0186 38       		.uleb128 0x38
 422 0187 06       		.uleb128 0x6
 423 0188 A3020000 		.4byte	.LASF28
 424 018c 03       		.byte	0x3
 425 018d EF       		.byte	0xef
 426 018e D5010000 		.4byte	0x1d5
 427 0192 02       		.byte	0x2
 428 0193 23       		.byte	0x23
 429 0194 3C       		.uleb128 0x3c
 430 0195 06       		.uleb128 0x6
 431 0196 BC030000 		.4byte	.LASF29
 432 019a 03       		.byte	0x3
 433 019b F5       		.byte	0xf5
 434 019c 13020000 		.4byte	0x213
 435 01a0 02       		.byte	0x2
 436 01a1 23       		.byte	0x23
 437 01a2 40       		.uleb128 0x40
 438 01a3 00       		.byte	0
 439 01a4 08       		.uleb128 0x8
 440 01a5 69000000 		.4byte	0x69
 441 01a9 04       		.uleb128 0x4
ARM GAS  /tmp/ccFZdJgY.s 			page 15


 442 01aa 80000000 		.4byte	.LASF30
 443 01ae 04       		.byte	0x4
 444 01af 46       		.byte	0x46
 445 01b0 7B000000 		.4byte	0x7b
 446 01b4 04       		.uleb128 0x4
 447 01b5 8E010000 		.4byte	.LASF31
 448 01b9 04       		.byte	0x4
 449 01ba 49       		.byte	0x49
 450 01bb 3E000000 		.4byte	0x3e
 451 01bf 04       		.uleb128 0x4
 452 01c0 6A030000 		.4byte	.LASF32
 453 01c4 04       		.byte	0x4
 454 01c5 4A       		.byte	0x4a
 455 01c6 3E000000 		.4byte	0x3e
 456 01ca 04       		.uleb128 0x4
 457 01cb 00000000 		.4byte	.LASF33
 458 01cf 04       		.byte	0x4
 459 01d0 4B       		.byte	0x4b
 460 01d1 3E000000 		.4byte	0x3e
 461 01d5 04       		.uleb128 0x4
 462 01d6 3C010000 		.4byte	.LASF34
 463 01da 04       		.byte	0x4
 464 01db 4D       		.byte	0x4d
 465 01dc 7B000000 		.4byte	0x7b
 466 01e0 04       		.uleb128 0x4
 467 01e1 D9030000 		.4byte	.LASF35
 468 01e5 04       		.byte	0x4
 469 01e6 4E       		.byte	0x4e
 470 01e7 69000000 		.4byte	0x69
 471 01eb 04       		.uleb128 0x4
 472 01ec 51000000 		.4byte	.LASF36
 473 01f0 04       		.byte	0x4
 474 01f1 50       		.byte	0x50
 475 01f2 7B000000 		.4byte	0x7b
 476 01f6 03       		.uleb128 0x3
 477 01f7 04       		.byte	0x4
 478 01f8 07       		.byte	0x7
 479 01f9 34000000 		.4byte	.LASF37
 480 01fd 04       		.uleb128 0x4
 481 01fe AE020000 		.4byte	.LASF38
 482 0202 05       		.byte	0x5
 483 0203 89       		.byte	0x89
 484 0204 57000000 		.4byte	0x57
 485 0208 04       		.uleb128 0x4
 486 0209 C8000000 		.4byte	.LASF39
 487 020d 05       		.byte	0x5
 488 020e 8F       		.byte	0x8f
 489 020f 13020000 		.4byte	0x213
 490 0213 09       		.uleb128 0x9
 491 0214 04       		.byte	0x4
 492 0215 05       		.uleb128 0x5
 493 0216 76010000 		.4byte	.LASF41
 494 021a 04       		.byte	0x4
 495 021b 05       		.byte	0x5
 496 021c B3       		.byte	0xb3
 497 021d 30020000 		.4byte	0x230
 498 0221 07       		.uleb128 0x7
ARM GAS  /tmp/ccFZdJgY.s 			page 16


 499 0222 72313300 		.ascii	"r13\000"
 500 0226 05       		.byte	0x5
 501 0227 B4       		.byte	0xb4
 502 0228 BD020000 		.4byte	0x2bd
 503 022c 02       		.byte	0x2
 504 022d 23       		.byte	0x23
 505 022e 00       		.uleb128 0
 506 022f 00       		.byte	0
 507 0230 05       		.uleb128 0x5
 508 0231 4F030000 		.4byte	.LASF42
 509 0235 24       		.byte	0x24
 510 0236 06       		.byte	0x6
 511 0237 F5       		.byte	0xf5
 512 0238 BD020000 		.4byte	0x2bd
 513 023c 0A       		.uleb128 0xa
 514 023d 723400   		.ascii	"r4\000"
 515 0240 06       		.byte	0x6
 516 0241 0801     		.2byte	0x108
 517 0243 08020000 		.4byte	0x208
 518 0247 02       		.byte	0x2
 519 0248 23       		.byte	0x23
 520 0249 00       		.uleb128 0
 521 024a 0A       		.uleb128 0xa
 522 024b 723500   		.ascii	"r5\000"
 523 024e 06       		.byte	0x6
 524 024f 0901     		.2byte	0x109
 525 0251 08020000 		.4byte	0x208
 526 0255 02       		.byte	0x2
 527 0256 23       		.byte	0x23
 528 0257 04       		.uleb128 0x4
 529 0258 0A       		.uleb128 0xa
 530 0259 723600   		.ascii	"r6\000"
 531 025c 06       		.byte	0x6
 532 025d 0A01     		.2byte	0x10a
 533 025f 08020000 		.4byte	0x208
 534 0263 02       		.byte	0x2
 535 0264 23       		.byte	0x23
 536 0265 08       		.uleb128 0x8
 537 0266 0A       		.uleb128 0xa
 538 0267 723700   		.ascii	"r7\000"
 539 026a 06       		.byte	0x6
 540 026b 0B01     		.2byte	0x10b
 541 026d 08020000 		.4byte	0x208
 542 0271 02       		.byte	0x2
 543 0272 23       		.byte	0x23
 544 0273 0C       		.uleb128 0xc
 545 0274 0A       		.uleb128 0xa
 546 0275 723800   		.ascii	"r8\000"
 547 0278 06       		.byte	0x6
 548 0279 0C01     		.2byte	0x10c
 549 027b 08020000 		.4byte	0x208
 550 027f 02       		.byte	0x2
 551 0280 23       		.byte	0x23
 552 0281 10       		.uleb128 0x10
 553 0282 0A       		.uleb128 0xa
 554 0283 723900   		.ascii	"r9\000"
 555 0286 06       		.byte	0x6
ARM GAS  /tmp/ccFZdJgY.s 			page 17


 556 0287 0D01     		.2byte	0x10d
 557 0289 08020000 		.4byte	0x208
 558 028d 02       		.byte	0x2
 559 028e 23       		.byte	0x23
 560 028f 14       		.uleb128 0x14
 561 0290 0A       		.uleb128 0xa
 562 0291 72313000 		.ascii	"r10\000"
 563 0295 06       		.byte	0x6
 564 0296 0E01     		.2byte	0x10e
 565 0298 08020000 		.4byte	0x208
 566 029c 02       		.byte	0x2
 567 029d 23       		.byte	0x23
 568 029e 18       		.uleb128 0x18
 569 029f 0A       		.uleb128 0xa
 570 02a0 72313100 		.ascii	"r11\000"
 571 02a4 06       		.byte	0x6
 572 02a5 0F01     		.2byte	0x10f
 573 02a7 08020000 		.4byte	0x208
 574 02ab 02       		.byte	0x2
 575 02ac 23       		.byte	0x23
 576 02ad 1C       		.uleb128 0x1c
 577 02ae 0A       		.uleb128 0xa
 578 02af 6C7200   		.ascii	"lr\000"
 579 02b2 06       		.byte	0x6
 580 02b3 1001     		.2byte	0x110
 581 02b5 08020000 		.4byte	0x208
 582 02b9 02       		.byte	0x2
 583 02ba 23       		.byte	0x23
 584 02bb 20       		.uleb128 0x20
 585 02bc 00       		.byte	0
 586 02bd 0B       		.uleb128 0xb
 587 02be 04       		.byte	0x4
 588 02bf 30020000 		.4byte	0x230
 589 02c3 0C       		.uleb128 0xc
 590 02c4 08       		.byte	0x8
 591 02c5 03       		.byte	0x3
 592 02c6 53       		.byte	0x53
 593 02c7 E8020000 		.4byte	0x2e8
 594 02cb 06       		.uleb128 0x6
 595 02cc 79000000 		.4byte	.LASF13
 596 02d0 03       		.byte	0x3
 597 02d1 54       		.byte	0x54
 598 02d2 E8020000 		.4byte	0x2e8
 599 02d6 02       		.byte	0x2
 600 02d7 23       		.byte	0x23
 601 02d8 00       		.uleb128 0
 602 02d9 06       		.uleb128 0x6
 603 02da 44000000 		.4byte	.LASF14
 604 02de 03       		.byte	0x3
 605 02df 55       		.byte	0x55
 606 02e0 E8020000 		.4byte	0x2e8
 607 02e4 02       		.byte	0x2
 608 02e5 23       		.byte	0x23
 609 02e6 04       		.uleb128 0x4
 610 02e7 00       		.byte	0
 611 02e8 0B       		.uleb128 0xb
 612 02e9 04       		.byte	0x4
ARM GAS  /tmp/ccFZdJgY.s 			page 18


 613 02ea 9B000000 		.4byte	0x9b
 614 02ee 04       		.uleb128 0x4
 615 02ef 6D020000 		.4byte	.LASF43
 616 02f3 03       		.byte	0x3
 617 02f4 56       		.byte	0x56
 618 02f5 C3020000 		.4byte	0x2c3
 619 02f9 0C       		.uleb128 0xc
 620 02fa 04       		.byte	0x4
 621 02fb 03       		.byte	0x3
 622 02fc 5B       		.byte	0x5b
 623 02fd 10030000 		.4byte	0x310
 624 0301 06       		.uleb128 0x6
 625 0302 79000000 		.4byte	.LASF13
 626 0306 03       		.byte	0x3
 627 0307 5C       		.byte	0x5c
 628 0308 E8020000 		.4byte	0x2e8
 629 030c 02       		.byte	0x2
 630 030d 23       		.byte	0x23
 631 030e 00       		.uleb128 0
 632 030f 00       		.byte	0
 633 0310 04       		.uleb128 0x4
 634 0311 40040000 		.4byte	.LASF44
 635 0315 03       		.byte	0x3
 636 0316 5D       		.byte	0x5d
 637 0317 F9020000 		.4byte	0x2f9
 638 031b 0C       		.uleb128 0xc
 639 031c 1C       		.byte	0x1c
 640 031d 03       		.byte	0x3
 641 031e 64       		.byte	0x64
 642 031f 78030000 		.4byte	0x378
 643 0323 06       		.uleb128 0x6
 644 0324 25000000 		.4byte	.LASF45
 645 0328 03       		.byte	0x3
 646 0329 65       		.byte	0x65
 647 032a EE020000 		.4byte	0x2ee
 648 032e 02       		.byte	0x2
 649 032f 23       		.byte	0x23
 650 0330 00       		.uleb128 0
 651 0331 06       		.uleb128 0x6
 652 0332 E9020000 		.4byte	.LASF46
 653 0336 03       		.byte	0x3
 654 0337 66       		.byte	0x66
 655 0338 D5010000 		.4byte	0x1d5
 656 033c 02       		.byte	0x2
 657 033d 23       		.byte	0x23
 658 033e 08       		.uleb128 0x8
 659 033f 06       		.uleb128 0x6
 660 0340 4B000000 		.4byte	.LASF47
 661 0344 03       		.byte	0x3
 662 0345 68       		.byte	0x68
 663 0346 15020000 		.4byte	0x215
 664 034a 02       		.byte	0x2
 665 034b 23       		.byte	0x23
 666 034c 0C       		.uleb128 0xc
 667 034d 06       		.uleb128 0x6
 668 034e 8A020000 		.4byte	.LASF48
 669 0352 03       		.byte	0x3
ARM GAS  /tmp/ccFZdJgY.s 			page 19


 670 0353 6B       		.byte	0x6b
 671 0354 E8020000 		.4byte	0x2e8
 672 0358 02       		.byte	0x2
 673 0359 23       		.byte	0x23
 674 035a 10       		.uleb128 0x10
 675 035b 06       		.uleb128 0x6
 676 035c 38040000 		.4byte	.LASF49
 677 0360 03       		.byte	0x3
 678 0361 6C       		.byte	0x6c
 679 0362 E8020000 		.4byte	0x2e8
 680 0366 02       		.byte	0x2
 681 0367 23       		.byte	0x23
 682 0368 14       		.uleb128 0x14
 683 0369 06       		.uleb128 0x6
 684 036a 7E010000 		.4byte	.LASF50
 685 036e 03       		.byte	0x3
 686 036f 6F       		.byte	0x6f
 687 0370 E8020000 		.4byte	0x2e8
 688 0374 02       		.byte	0x2
 689 0375 23       		.byte	0x23
 690 0376 18       		.uleb128 0x18
 691 0377 00       		.byte	0
 692 0378 04       		.uleb128 0x4
 693 0379 8D030000 		.4byte	.LASF51
 694 037d 03       		.byte	0x3
 695 037e 71       		.byte	0x71
 696 037f 1B030000 		.4byte	0x31b
 697 0383 0D       		.uleb128 0xd
 698 0384 04       		.byte	0x4
 699 0385 03       		.byte	0x3
 700 0386 B1       		.byte	0xb1
 701 0387 B8030000 		.4byte	0x3b8
 702 038b 0E       		.uleb128 0xe
 703 038c 3D000000 		.4byte	.LASF52
 704 0390 03       		.byte	0x3
 705 0391 B8       		.byte	0xb8
 706 0392 E0010000 		.4byte	0x1e0
 707 0396 0E       		.uleb128 0xe
 708 0397 73030000 		.4byte	.LASF53
 709 039b 03       		.byte	0x3
 710 039c BF       		.byte	0xbf
 711 039d E0010000 		.4byte	0x1e0
 712 03a1 0E       		.uleb128 0xe
 713 03a2 63030000 		.4byte	.LASF54
 714 03a6 03       		.byte	0x3
 715 03a7 C6       		.byte	0xc6
 716 03a8 13020000 		.4byte	0x213
 717 03ac 0E       		.uleb128 0xe
 718 03ad AB010000 		.4byte	.LASF55
 719 03b1 03       		.byte	0x3
 720 03b2 CD       		.byte	0xcd
 721 03b3 EB010000 		.4byte	0x1eb
 722 03b7 00       		.byte	0
 723 03b8 0B       		.uleb128 0xb
 724 03b9 04       		.byte	0x4
 725 03ba BE030000 		.4byte	0x3be
 726 03be 0F       		.uleb128 0xf
ARM GAS  /tmp/ccFZdJgY.s 			page 20


 727 03bf C3030000 		.4byte	0x3c3
 728 03c3 03       		.uleb128 0x3
 729 03c4 01       		.byte	0x1
 730 03c5 08       		.byte	0x8
 731 03c6 BE020000 		.4byte	.LASF56
 732 03ca 05       		.uleb128 0x5
 733 03cb 7D020000 		.4byte	.LASF57
 734 03cf 10       		.byte	0x10
 735 03d0 07       		.byte	0x7
 736 03d1 3A       		.byte	0x3a
 737 03d2 01040000 		.4byte	0x401
 738 03d6 06       		.uleb128 0x6
 739 03d7 6E010000 		.4byte	.LASF58
 740 03db 07       		.byte	0x7
 741 03dc 3B       		.byte	0x3b
 742 03dd EE020000 		.4byte	0x2ee
 743 03e1 02       		.byte	0x2
 744 03e2 23       		.byte	0x23
 745 03e3 00       		.uleb128 0
 746 03e4 06       		.uleb128 0x6
 747 03e5 B4030000 		.4byte	.LASF59
 748 03e9 07       		.byte	0x7
 749 03ea 3D       		.byte	0x3d
 750 03eb E8020000 		.4byte	0x2e8
 751 03ef 02       		.byte	0x2
 752 03f0 23       		.byte	0x23
 753 03f1 08       		.uleb128 0x8
 754 03f2 06       		.uleb128 0x6
 755 03f3 2D000000 		.4byte	.LASF60
 756 03f7 07       		.byte	0x7
 757 03f8 3F       		.byte	0x3f
 758 03f9 34050000 		.4byte	0x534
 759 03fd 02       		.byte	0x2
 760 03fe 23       		.byte	0x23
 761 03ff 0C       		.uleb128 0xc
 762 0400 00       		.byte	0
 763 0401 0B       		.uleb128 0xb
 764 0402 04       		.byte	0x4
 765 0403 CA030000 		.4byte	0x3ca
 766 0407 10       		.uleb128 0x10
 767 0408 7C030000 		.4byte	.LASF61
 768 040c 03       		.byte	0x3
 769 040d 0301     		.2byte	0x103
 770 040f 13040000 		.4byte	0x413
 771 0413 0B       		.uleb128 0xb
 772 0414 04       		.byte	0x4
 773 0415 19040000 		.4byte	0x419
 774 0419 11       		.uleb128 0x11
 775 041a 01       		.byte	0x1
 776 041b 25040000 		.4byte	0x425
 777 041f 12       		.uleb128 0x12
 778 0420 13020000 		.4byte	0x213
 779 0424 00       		.byte	0
 780 0425 10       		.uleb128 0x10
 781 0426 5E010000 		.4byte	.LASF62
 782 042a 03       		.byte	0x3
 783 042b 0801     		.2byte	0x108
ARM GAS  /tmp/ccFZdJgY.s 			page 21


 784 042d 31040000 		.4byte	0x431
 785 0431 13       		.uleb128 0x13
 786 0432 C4030000 		.4byte	.LASF63
 787 0436 14       		.byte	0x14
 788 0437 03       		.byte	0x3
 789 0438 0F01     		.2byte	0x10f
 790 043a 8A040000 		.4byte	0x48a
 791 043e 14       		.uleb128 0x14
 792 043f 3C020000 		.4byte	.LASF64
 793 0443 03       		.byte	0x3
 794 0444 1001     		.2byte	0x110
 795 0446 8A040000 		.4byte	0x48a
 796 044a 02       		.byte	0x2
 797 044b 23       		.byte	0x23
 798 044c 00       		.uleb128 0
 799 044d 14       		.uleb128 0x14
 800 044e 5B030000 		.4byte	.LASF65
 801 0452 03       		.byte	0x3
 802 0453 1101     		.2byte	0x111
 803 0455 8A040000 		.4byte	0x48a
 804 0459 02       		.byte	0x2
 805 045a 23       		.byte	0x23
 806 045b 04       		.uleb128 0x4
 807 045c 14       		.uleb128 0x14
 808 045d 9A020000 		.4byte	.LASF66
 809 0461 03       		.byte	0x3
 810 0462 1201     		.2byte	0x112
 811 0464 FD010000 		.4byte	0x1fd
 812 0468 02       		.byte	0x2
 813 0469 23       		.byte	0x23
 814 046a 08       		.uleb128 0x8
 815 046b 14       		.uleb128 0x14
 816 046c C0000000 		.4byte	.LASF67
 817 0470 03       		.byte	0x3
 818 0471 1301     		.2byte	0x113
 819 0473 07040000 		.4byte	0x407
 820 0477 02       		.byte	0x2
 821 0478 23       		.byte	0x23
 822 0479 0C       		.uleb128 0xc
 823 047a 14       		.uleb128 0x14
 824 047b 88000000 		.4byte	.LASF68
 825 047f 03       		.byte	0x3
 826 0480 1501     		.2byte	0x115
 827 0482 13020000 		.4byte	0x213
 828 0486 02       		.byte	0x2
 829 0487 23       		.byte	0x23
 830 0488 10       		.uleb128 0x10
 831 0489 00       		.byte	0
 832 048a 0B       		.uleb128 0xb
 833 048b 04       		.byte	0x4
 834 048c 25040000 		.4byte	0x425
 835 0490 15       		.uleb128 0x15
 836 0491 0C       		.byte	0xc
 837 0492 03       		.byte	0x3
 838 0493 1F01     		.2byte	0x11f
 839 0495 D6040000 		.4byte	0x4d6
 840 0499 14       		.uleb128 0x14
ARM GAS  /tmp/ccFZdJgY.s 			page 22


 841 049a 3C020000 		.4byte	.LASF64
 842 049e 03       		.byte	0x3
 843 049f 2001     		.2byte	0x120
 844 04a1 8A040000 		.4byte	0x48a
 845 04a5 02       		.byte	0x2
 846 04a6 23       		.byte	0x23
 847 04a7 00       		.uleb128 0
 848 04a8 14       		.uleb128 0x14
 849 04a9 5B030000 		.4byte	.LASF65
 850 04ad 03       		.byte	0x3
 851 04ae 2201     		.2byte	0x122
 852 04b0 8A040000 		.4byte	0x48a
 853 04b4 02       		.byte	0x2
 854 04b5 23       		.byte	0x23
 855 04b6 04       		.uleb128 0x4
 856 04b7 14       		.uleb128 0x14
 857 04b8 9A020000 		.4byte	.LASF66
 858 04bc 03       		.byte	0x3
 859 04bd 2401     		.2byte	0x124
 860 04bf FD010000 		.4byte	0x1fd
 861 04c3 02       		.byte	0x2
 862 04c4 23       		.byte	0x23
 863 04c5 08       		.uleb128 0x8
 864 04c6 14       		.uleb128 0x14
 865 04c7 14010000 		.4byte	.LASF69
 866 04cb 03       		.byte	0x3
 867 04cc 2C01     		.2byte	0x12c
 868 04ce FD010000 		.4byte	0x1fd
 869 04d2 02       		.byte	0x2
 870 04d3 23       		.byte	0x23
 871 04d4 0A       		.uleb128 0xa
 872 04d5 00       		.byte	0
 873 04d6 10       		.uleb128 0x10
 874 04d7 57020000 		.4byte	.LASF70
 875 04db 03       		.byte	0x3
 876 04dc 2F01     		.2byte	0x12f
 877 04de 90040000 		.4byte	0x490
 878 04e2 13       		.uleb128 0x13
 879 04e3 54010000 		.4byte	.LASF71
 880 04e7 2C       		.byte	0x2c
 881 04e8 03       		.byte	0x3
 882 04e9 3601     		.2byte	0x136
 883 04eb 1D050000 		.4byte	0x51d
 884 04ef 14       		.uleb128 0x14
 885 04f0 B8020000 		.4byte	.LASF72
 886 04f4 03       		.byte	0x3
 887 04f5 3A01     		.2byte	0x13a
 888 04f7 78030000 		.4byte	0x378
 889 04fb 02       		.byte	0x2
 890 04fc 23       		.byte	0x23
 891 04fd 00       		.uleb128 0
 892 04fe 14       		.uleb128 0x14
 893 04ff D2030000 		.4byte	.LASF73
 894 0503 03       		.byte	0x3
 895 0504 3E01     		.2byte	0x13e
 896 0506 D6040000 		.4byte	0x4d6
 897 050a 02       		.byte	0x2
ARM GAS  /tmp/ccFZdJgY.s 			page 23


 898 050b 23       		.byte	0x23
 899 050c 1C       		.uleb128 0x1c
 900 050d 14       		.uleb128 0x14
 901 050e 01010000 		.4byte	.LASF74
 902 0512 03       		.byte	0x3
 903 0513 4301     		.2byte	0x143
 904 0515 A9010000 		.4byte	0x1a9
 905 0519 02       		.byte	0x2
 906 051a 23       		.byte	0x23
 907 051b 28       		.uleb128 0x28
 908 051c 00       		.byte	0
 909 051d 10       		.uleb128 0x10
 910 051e F5000000 		.4byte	.LASF75
 911 0522 03       		.byte	0x3
 912 0523 6501     		.2byte	0x165
 913 0525 E2040000 		.4byte	0x4e2
 914 0529 04       		.uleb128 0x4
 915 052a CC020000 		.4byte	.LASF76
 916 052e 07       		.byte	0x7
 917 052f 35       		.byte	0x35
 918 0530 CA030000 		.4byte	0x3ca
 919 0534 0B       		.uleb128 0xb
 920 0535 04       		.byte	0x4
 921 0536 29050000 		.4byte	0x529
 922 053a 03       		.uleb128 0x3
 923 053b 01       		.byte	0x1
 924 053c 02       		.byte	0x2
 925 053d 09030000 		.4byte	.LASF77
 926 0541 0C       		.uleb128 0xc
 927 0542 0C       		.byte	0xc
 928 0543 08       		.byte	0x8
 929 0544 38       		.byte	0x38
 930 0545 74050000 		.4byte	0x574
 931 0549 07       		.uleb128 0x7
 932 054a 6F647200 		.ascii	"odr\000"
 933 054e 08       		.byte	0x8
 934 054f 3A       		.byte	0x3a
 935 0550 7B000000 		.4byte	0x7b
 936 0554 02       		.byte	0x2
 937 0555 23       		.byte	0x23
 938 0556 00       		.uleb128 0
 939 0557 07       		.uleb128 0x7
 940 0558 63726C00 		.ascii	"crl\000"
 941 055c 08       		.byte	0x8
 942 055d 3C       		.byte	0x3c
 943 055e 7B000000 		.4byte	0x7b
 944 0562 02       		.byte	0x2
 945 0563 23       		.byte	0x23
 946 0564 04       		.uleb128 0x4
 947 0565 07       		.uleb128 0x7
 948 0566 63726800 		.ascii	"crh\000"
 949 056a 08       		.byte	0x8
 950 056b 3E       		.byte	0x3e
 951 056c 7B000000 		.4byte	0x7b
 952 0570 02       		.byte	0x2
 953 0571 23       		.byte	0x23
 954 0572 08       		.uleb128 0x8
ARM GAS  /tmp/ccFZdJgY.s 			page 24


 955 0573 00       		.byte	0
 956 0574 04       		.uleb128 0x4
 957 0575 44020000 		.4byte	.LASF78
 958 0579 08       		.byte	0x8
 959 057a 3F       		.byte	0x3f
 960 057b 41050000 		.4byte	0x541
 961 057f 0C       		.uleb128 0xc
 962 0580 3C       		.byte	0x3c
 963 0581 08       		.byte	0x8
 964 0582 48       		.byte	0x48
 965 0583 CE050000 		.4byte	0x5ce
 966 0587 06       		.uleb128 0x6
 967 0588 20010000 		.4byte	.LASF79
 968 058c 08       		.byte	0x8
 969 058d 4A       		.byte	0x4a
 970 058e 74050000 		.4byte	0x574
 971 0592 02       		.byte	0x2
 972 0593 23       		.byte	0x23
 973 0594 00       		.uleb128 0
 974 0595 06       		.uleb128 0x6
 975 0596 02030000 		.4byte	.LASF80
 976 059a 08       		.byte	0x8
 977 059b 4C       		.byte	0x4c
 978 059c 74050000 		.4byte	0x574
 979 05a0 02       		.byte	0x2
 980 05a1 23       		.byte	0x23
 981 05a2 0C       		.uleb128 0xc
 982 05a3 06       		.uleb128 0x6
 983 05a4 96010000 		.4byte	.LASF81
 984 05a8 08       		.byte	0x8
 985 05a9 4E       		.byte	0x4e
 986 05aa 74050000 		.4byte	0x574
 987 05ae 02       		.byte	0x2
 988 05af 23       		.byte	0x23
 989 05b0 18       		.uleb128 0x18
 990 05b1 06       		.uleb128 0x6
 991 05b2 4D010000 		.4byte	.LASF82
 992 05b6 08       		.byte	0x8
 993 05b7 50       		.byte	0x50
 994 05b8 74050000 		.4byte	0x574
 995 05bc 02       		.byte	0x2
 996 05bd 23       		.byte	0x23
 997 05be 24       		.uleb128 0x24
 998 05bf 06       		.uleb128 0x6
 999 05c0 23030000 		.4byte	.LASF83
 1000 05c4 08       		.byte	0x8
 1001 05c5 53       		.byte	0x53
 1002 05c6 74050000 		.4byte	0x574
 1003 05ca 02       		.byte	0x2
 1004 05cb 23       		.byte	0x23
 1005 05cc 30       		.uleb128 0x30
 1006 05cd 00       		.byte	0
 1007 05ce 04       		.uleb128 0x4
 1008 05cf F8020000 		.4byte	.LASF84
 1009 05d3 08       		.byte	0x8
 1010 05d4 5D       		.byte	0x5d
 1011 05d5 7F050000 		.4byte	0x57f
ARM GAS  /tmp/ccFZdJgY.s 			page 25


 1012 05d9 16       		.uleb128 0x16
 1013 05da 01       		.byte	0x1
 1014 05db D4020000 		.4byte	.LASF90
 1015 05df 01       		.byte	0x1
 1016 05e0 28       		.byte	0x28
 1017 05e1 01       		.byte	0x1
 1018 05e2 00000000 		.4byte	.LFB194
 1019 05e6 04000000 		.4byte	.LFE194
 1020 05ea 02       		.byte	0x2
 1021 05eb 7D       		.byte	0x7d
 1022 05ec 00       		.sleb128 0
 1023 05ed 01       		.byte	0x1
 1024 05ee FD050000 		.4byte	0x5fd
 1025 05f2 17       		.uleb128 0x17
 1026 05f3 04000000 		.4byte	.LVL0
 1027 05f7 01       		.byte	0x1
 1028 05f8 44060000 		.4byte	0x644
 1029 05fc 00       		.byte	0
 1030 05fd 18       		.uleb128 0x18
 1031 05fe 01       		.byte	0x1
 1032 05ff 6F000000 		.4byte	.LASF91
 1033 0603 01       		.byte	0x1
 1034 0604 3F       		.byte	0x3f
 1035 0605 01       		.byte	0x1
 1036 0606 00000000 		.4byte	.LFB195
 1037 060a 02000000 		.4byte	.LFE195
 1038 060e 02       		.byte	0x2
 1039 060f 7D       		.byte	0x7d
 1040 0610 00       		.sleb128 0
 1041 0611 01       		.byte	0x1
 1042 0612 19       		.uleb128 0x19
 1043 0613 A7030000 		.4byte	.LASF85
 1044 0617 09       		.byte	0x9
 1045 0618 1606     		.2byte	0x616
 1046 061a A4010000 		.4byte	0x1a4
 1047 061e 01       		.byte	0x1
 1048 061f 01       		.byte	0x1
 1049 0620 1A       		.uleb128 0x1a
 1050 0621 636800   		.ascii	"ch\000"
 1051 0624 03       		.byte	0x3
 1052 0625 8901     		.2byte	0x189
 1053 0627 1D050000 		.4byte	0x51d
 1054 062b 01       		.byte	0x1
 1055 062c 01       		.byte	0x1
 1056 062d 1B       		.uleb128 0x1b
 1057 062e 08000000 		.4byte	.LASF86
 1058 0632 01       		.byte	0x1
 1059 0633 19       		.byte	0x19
 1060 0634 3F060000 		.4byte	0x63f
 1061 0638 01       		.byte	0x1
 1062 0639 05       		.byte	0x5
 1063 063a 03       		.byte	0x3
 1064 063b 00000000 		.4byte	pal_default_config
 1065 063f 0F       		.uleb128 0xf
 1066 0640 CE050000 		.4byte	0x5ce
 1067 0644 1C       		.uleb128 0x1c
 1068 0645 01       		.byte	0x1
ARM GAS  /tmp/ccFZdJgY.s 			page 26


 1069 0646 D1000000 		.4byte	.LASF92
 1070 064a 0A       		.byte	0xa
 1071 064b D2       		.byte	0xd2
 1072 064c 01       		.byte	0x1
 1073 064d 01       		.byte	0x1
 1074 064e 00       		.byte	0
 1075              		.section	.debug_abbrev,"",%progbits
 1076              	.Ldebug_abbrev0:
 1077 0000 01       		.uleb128 0x1
 1078 0001 11       		.uleb128 0x11
 1079 0002 01       		.byte	0x1
 1080 0003 25       		.uleb128 0x25
 1081 0004 0E       		.uleb128 0xe
 1082 0005 13       		.uleb128 0x13
 1083 0006 0B       		.uleb128 0xb
 1084 0007 03       		.uleb128 0x3
 1085 0008 0E       		.uleb128 0xe
 1086 0009 1B       		.uleb128 0x1b
 1087 000a 0E       		.uleb128 0xe
 1088 000b 55       		.uleb128 0x55
 1089 000c 06       		.uleb128 0x6
 1090 000d 11       		.uleb128 0x11
 1091 000e 01       		.uleb128 0x1
 1092 000f 52       		.uleb128 0x52
 1093 0010 01       		.uleb128 0x1
 1094 0011 10       		.uleb128 0x10
 1095 0012 06       		.uleb128 0x6
 1096 0013 00       		.byte	0
 1097 0014 00       		.byte	0
 1098 0015 02       		.uleb128 0x2
 1099 0016 24       		.uleb128 0x24
 1100 0017 00       		.byte	0
 1101 0018 0B       		.uleb128 0xb
 1102 0019 0B       		.uleb128 0xb
 1103 001a 3E       		.uleb128 0x3e
 1104 001b 0B       		.uleb128 0xb
 1105 001c 03       		.uleb128 0x3
 1106 001d 08       		.uleb128 0x8
 1107 001e 00       		.byte	0
 1108 001f 00       		.byte	0
 1109 0020 03       		.uleb128 0x3
 1110 0021 24       		.uleb128 0x24
 1111 0022 00       		.byte	0
 1112 0023 0B       		.uleb128 0xb
 1113 0024 0B       		.uleb128 0xb
 1114 0025 3E       		.uleb128 0x3e
 1115 0026 0B       		.uleb128 0xb
 1116 0027 03       		.uleb128 0x3
 1117 0028 0E       		.uleb128 0xe
 1118 0029 00       		.byte	0
 1119 002a 00       		.byte	0
 1120 002b 04       		.uleb128 0x4
 1121 002c 16       		.uleb128 0x16
 1122 002d 00       		.byte	0
 1123 002e 03       		.uleb128 0x3
 1124 002f 0E       		.uleb128 0xe
 1125 0030 3A       		.uleb128 0x3a
ARM GAS  /tmp/ccFZdJgY.s 			page 27


 1126 0031 0B       		.uleb128 0xb
 1127 0032 3B       		.uleb128 0x3b
 1128 0033 0B       		.uleb128 0xb
 1129 0034 49       		.uleb128 0x49
 1130 0035 13       		.uleb128 0x13
 1131 0036 00       		.byte	0
 1132 0037 00       		.byte	0
 1133 0038 05       		.uleb128 0x5
 1134 0039 13       		.uleb128 0x13
 1135 003a 01       		.byte	0x1
 1136 003b 03       		.uleb128 0x3
 1137 003c 0E       		.uleb128 0xe
 1138 003d 0B       		.uleb128 0xb
 1139 003e 0B       		.uleb128 0xb
 1140 003f 3A       		.uleb128 0x3a
 1141 0040 0B       		.uleb128 0xb
 1142 0041 3B       		.uleb128 0x3b
 1143 0042 0B       		.uleb128 0xb
 1144 0043 01       		.uleb128 0x1
 1145 0044 13       		.uleb128 0x13
 1146 0045 00       		.byte	0
 1147 0046 00       		.byte	0
 1148 0047 06       		.uleb128 0x6
 1149 0048 0D       		.uleb128 0xd
 1150 0049 00       		.byte	0
 1151 004a 03       		.uleb128 0x3
 1152 004b 0E       		.uleb128 0xe
 1153 004c 3A       		.uleb128 0x3a
 1154 004d 0B       		.uleb128 0xb
 1155 004e 3B       		.uleb128 0x3b
 1156 004f 0B       		.uleb128 0xb
 1157 0050 49       		.uleb128 0x49
 1158 0051 13       		.uleb128 0x13
 1159 0052 38       		.uleb128 0x38
 1160 0053 0A       		.uleb128 0xa
 1161 0054 00       		.byte	0
 1162 0055 00       		.byte	0
 1163 0056 07       		.uleb128 0x7
 1164 0057 0D       		.uleb128 0xd
 1165 0058 00       		.byte	0
 1166 0059 03       		.uleb128 0x3
 1167 005a 08       		.uleb128 0x8
 1168 005b 3A       		.uleb128 0x3a
 1169 005c 0B       		.uleb128 0xb
 1170 005d 3B       		.uleb128 0x3b
 1171 005e 0B       		.uleb128 0xb
 1172 005f 49       		.uleb128 0x49
 1173 0060 13       		.uleb128 0x13
 1174 0061 38       		.uleb128 0x38
 1175 0062 0A       		.uleb128 0xa
 1176 0063 00       		.byte	0
 1177 0064 00       		.byte	0
 1178 0065 08       		.uleb128 0x8
 1179 0066 35       		.uleb128 0x35
 1180 0067 00       		.byte	0
 1181 0068 49       		.uleb128 0x49
 1182 0069 13       		.uleb128 0x13
ARM GAS  /tmp/ccFZdJgY.s 			page 28


 1183 006a 00       		.byte	0
 1184 006b 00       		.byte	0
 1185 006c 09       		.uleb128 0x9
 1186 006d 0F       		.uleb128 0xf
 1187 006e 00       		.byte	0
 1188 006f 0B       		.uleb128 0xb
 1189 0070 0B       		.uleb128 0xb
 1190 0071 00       		.byte	0
 1191 0072 00       		.byte	0
 1192 0073 0A       		.uleb128 0xa
 1193 0074 0D       		.uleb128 0xd
 1194 0075 00       		.byte	0
 1195 0076 03       		.uleb128 0x3
 1196 0077 08       		.uleb128 0x8
 1197 0078 3A       		.uleb128 0x3a
 1198 0079 0B       		.uleb128 0xb
 1199 007a 3B       		.uleb128 0x3b
 1200 007b 05       		.uleb128 0x5
 1201 007c 49       		.uleb128 0x49
 1202 007d 13       		.uleb128 0x13
 1203 007e 38       		.uleb128 0x38
 1204 007f 0A       		.uleb128 0xa
 1205 0080 00       		.byte	0
 1206 0081 00       		.byte	0
 1207 0082 0B       		.uleb128 0xb
 1208 0083 0F       		.uleb128 0xf
 1209 0084 00       		.byte	0
 1210 0085 0B       		.uleb128 0xb
 1211 0086 0B       		.uleb128 0xb
 1212 0087 49       		.uleb128 0x49
 1213 0088 13       		.uleb128 0x13
 1214 0089 00       		.byte	0
 1215 008a 00       		.byte	0
 1216 008b 0C       		.uleb128 0xc
 1217 008c 13       		.uleb128 0x13
 1218 008d 01       		.byte	0x1
 1219 008e 0B       		.uleb128 0xb
 1220 008f 0B       		.uleb128 0xb
 1221 0090 3A       		.uleb128 0x3a
 1222 0091 0B       		.uleb128 0xb
 1223 0092 3B       		.uleb128 0x3b
 1224 0093 0B       		.uleb128 0xb
 1225 0094 01       		.uleb128 0x1
 1226 0095 13       		.uleb128 0x13
 1227 0096 00       		.byte	0
 1228 0097 00       		.byte	0
 1229 0098 0D       		.uleb128 0xd
 1230 0099 17       		.uleb128 0x17
 1231 009a 01       		.byte	0x1
 1232 009b 0B       		.uleb128 0xb
 1233 009c 0B       		.uleb128 0xb
 1234 009d 3A       		.uleb128 0x3a
 1235 009e 0B       		.uleb128 0xb
 1236 009f 3B       		.uleb128 0x3b
 1237 00a0 0B       		.uleb128 0xb
 1238 00a1 01       		.uleb128 0x1
 1239 00a2 13       		.uleb128 0x13
ARM GAS  /tmp/ccFZdJgY.s 			page 29


 1240 00a3 00       		.byte	0
 1241 00a4 00       		.byte	0
 1242 00a5 0E       		.uleb128 0xe
 1243 00a6 0D       		.uleb128 0xd
 1244 00a7 00       		.byte	0
 1245 00a8 03       		.uleb128 0x3
 1246 00a9 0E       		.uleb128 0xe
 1247 00aa 3A       		.uleb128 0x3a
 1248 00ab 0B       		.uleb128 0xb
 1249 00ac 3B       		.uleb128 0x3b
 1250 00ad 0B       		.uleb128 0xb
 1251 00ae 49       		.uleb128 0x49
 1252 00af 13       		.uleb128 0x13
 1253 00b0 00       		.byte	0
 1254 00b1 00       		.byte	0
 1255 00b2 0F       		.uleb128 0xf
 1256 00b3 26       		.uleb128 0x26
 1257 00b4 00       		.byte	0
 1258 00b5 49       		.uleb128 0x49
 1259 00b6 13       		.uleb128 0x13
 1260 00b7 00       		.byte	0
 1261 00b8 00       		.byte	0
 1262 00b9 10       		.uleb128 0x10
 1263 00ba 16       		.uleb128 0x16
 1264 00bb 00       		.byte	0
 1265 00bc 03       		.uleb128 0x3
 1266 00bd 0E       		.uleb128 0xe
 1267 00be 3A       		.uleb128 0x3a
 1268 00bf 0B       		.uleb128 0xb
 1269 00c0 3B       		.uleb128 0x3b
 1270 00c1 05       		.uleb128 0x5
 1271 00c2 49       		.uleb128 0x49
 1272 00c3 13       		.uleb128 0x13
 1273 00c4 00       		.byte	0
 1274 00c5 00       		.byte	0
 1275 00c6 11       		.uleb128 0x11
 1276 00c7 15       		.uleb128 0x15
 1277 00c8 01       		.byte	0x1
 1278 00c9 27       		.uleb128 0x27
 1279 00ca 0C       		.uleb128 0xc
 1280 00cb 01       		.uleb128 0x1
 1281 00cc 13       		.uleb128 0x13
 1282 00cd 00       		.byte	0
 1283 00ce 00       		.byte	0
 1284 00cf 12       		.uleb128 0x12
 1285 00d0 05       		.uleb128 0x5
 1286 00d1 00       		.byte	0
 1287 00d2 49       		.uleb128 0x49
 1288 00d3 13       		.uleb128 0x13
 1289 00d4 00       		.byte	0
 1290 00d5 00       		.byte	0
 1291 00d6 13       		.uleb128 0x13
 1292 00d7 13       		.uleb128 0x13
 1293 00d8 01       		.byte	0x1
 1294 00d9 03       		.uleb128 0x3
 1295 00da 0E       		.uleb128 0xe
 1296 00db 0B       		.uleb128 0xb
ARM GAS  /tmp/ccFZdJgY.s 			page 30


 1297 00dc 0B       		.uleb128 0xb
 1298 00dd 3A       		.uleb128 0x3a
 1299 00de 0B       		.uleb128 0xb
 1300 00df 3B       		.uleb128 0x3b
 1301 00e0 05       		.uleb128 0x5
 1302 00e1 01       		.uleb128 0x1
 1303 00e2 13       		.uleb128 0x13
 1304 00e3 00       		.byte	0
 1305 00e4 00       		.byte	0
 1306 00e5 14       		.uleb128 0x14
 1307 00e6 0D       		.uleb128 0xd
 1308 00e7 00       		.byte	0
 1309 00e8 03       		.uleb128 0x3
 1310 00e9 0E       		.uleb128 0xe
 1311 00ea 3A       		.uleb128 0x3a
 1312 00eb 0B       		.uleb128 0xb
 1313 00ec 3B       		.uleb128 0x3b
 1314 00ed 05       		.uleb128 0x5
 1315 00ee 49       		.uleb128 0x49
 1316 00ef 13       		.uleb128 0x13
 1317 00f0 38       		.uleb128 0x38
 1318 00f1 0A       		.uleb128 0xa
 1319 00f2 00       		.byte	0
 1320 00f3 00       		.byte	0
 1321 00f4 15       		.uleb128 0x15
 1322 00f5 13       		.uleb128 0x13
 1323 00f6 01       		.byte	0x1
 1324 00f7 0B       		.uleb128 0xb
 1325 00f8 0B       		.uleb128 0xb
 1326 00f9 3A       		.uleb128 0x3a
 1327 00fa 0B       		.uleb128 0xb
 1328 00fb 3B       		.uleb128 0x3b
 1329 00fc 05       		.uleb128 0x5
 1330 00fd 01       		.uleb128 0x1
 1331 00fe 13       		.uleb128 0x13
 1332 00ff 00       		.byte	0
 1333 0100 00       		.byte	0
 1334 0101 16       		.uleb128 0x16
 1335 0102 2E       		.uleb128 0x2e
 1336 0103 01       		.byte	0x1
 1337 0104 3F       		.uleb128 0x3f
 1338 0105 0C       		.uleb128 0xc
 1339 0106 03       		.uleb128 0x3
 1340 0107 0E       		.uleb128 0xe
 1341 0108 3A       		.uleb128 0x3a
 1342 0109 0B       		.uleb128 0xb
 1343 010a 3B       		.uleb128 0x3b
 1344 010b 0B       		.uleb128 0xb
 1345 010c 27       		.uleb128 0x27
 1346 010d 0C       		.uleb128 0xc
 1347 010e 11       		.uleb128 0x11
 1348 010f 01       		.uleb128 0x1
 1349 0110 12       		.uleb128 0x12
 1350 0111 01       		.uleb128 0x1
 1351 0112 40       		.uleb128 0x40
 1352 0113 0A       		.uleb128 0xa
 1353 0114 9742     		.uleb128 0x2117
ARM GAS  /tmp/ccFZdJgY.s 			page 31


 1354 0116 0C       		.uleb128 0xc
 1355 0117 01       		.uleb128 0x1
 1356 0118 13       		.uleb128 0x13
 1357 0119 00       		.byte	0
 1358 011a 00       		.byte	0
 1359 011b 17       		.uleb128 0x17
 1360 011c 898201   		.uleb128 0x4109
 1361 011f 00       		.byte	0
 1362 0120 11       		.uleb128 0x11
 1363 0121 01       		.uleb128 0x1
 1364 0122 9542     		.uleb128 0x2115
 1365 0124 0C       		.uleb128 0xc
 1366 0125 31       		.uleb128 0x31
 1367 0126 13       		.uleb128 0x13
 1368 0127 00       		.byte	0
 1369 0128 00       		.byte	0
 1370 0129 18       		.uleb128 0x18
 1371 012a 2E       		.uleb128 0x2e
 1372 012b 00       		.byte	0
 1373 012c 3F       		.uleb128 0x3f
 1374 012d 0C       		.uleb128 0xc
 1375 012e 03       		.uleb128 0x3
 1376 012f 0E       		.uleb128 0xe
 1377 0130 3A       		.uleb128 0x3a
 1378 0131 0B       		.uleb128 0xb
 1379 0132 3B       		.uleb128 0x3b
 1380 0133 0B       		.uleb128 0xb
 1381 0134 27       		.uleb128 0x27
 1382 0135 0C       		.uleb128 0xc
 1383 0136 11       		.uleb128 0x11
 1384 0137 01       		.uleb128 0x1
 1385 0138 12       		.uleb128 0x12
 1386 0139 01       		.uleb128 0x1
 1387 013a 40       		.uleb128 0x40
 1388 013b 0A       		.uleb128 0xa
 1389 013c 9742     		.uleb128 0x2117
 1390 013e 0C       		.uleb128 0xc
 1391 013f 00       		.byte	0
 1392 0140 00       		.byte	0
 1393 0141 19       		.uleb128 0x19
 1394 0142 34       		.uleb128 0x34
 1395 0143 00       		.byte	0
 1396 0144 03       		.uleb128 0x3
 1397 0145 0E       		.uleb128 0xe
 1398 0146 3A       		.uleb128 0x3a
 1399 0147 0B       		.uleb128 0xb
 1400 0148 3B       		.uleb128 0x3b
 1401 0149 05       		.uleb128 0x5
 1402 014a 49       		.uleb128 0x49
 1403 014b 13       		.uleb128 0x13
 1404 014c 3F       		.uleb128 0x3f
 1405 014d 0C       		.uleb128 0xc
 1406 014e 3C       		.uleb128 0x3c
 1407 014f 0C       		.uleb128 0xc
 1408 0150 00       		.byte	0
 1409 0151 00       		.byte	0
 1410 0152 1A       		.uleb128 0x1a
ARM GAS  /tmp/ccFZdJgY.s 			page 32


 1411 0153 34       		.uleb128 0x34
 1412 0154 00       		.byte	0
 1413 0155 03       		.uleb128 0x3
 1414 0156 08       		.uleb128 0x8
 1415 0157 3A       		.uleb128 0x3a
 1416 0158 0B       		.uleb128 0xb
 1417 0159 3B       		.uleb128 0x3b
 1418 015a 05       		.uleb128 0x5
 1419 015b 49       		.uleb128 0x49
 1420 015c 13       		.uleb128 0x13
 1421 015d 3F       		.uleb128 0x3f
 1422 015e 0C       		.uleb128 0xc
 1423 015f 3C       		.uleb128 0x3c
 1424 0160 0C       		.uleb128 0xc
 1425 0161 00       		.byte	0
 1426 0162 00       		.byte	0
 1427 0163 1B       		.uleb128 0x1b
 1428 0164 34       		.uleb128 0x34
 1429 0165 00       		.byte	0
 1430 0166 03       		.uleb128 0x3
 1431 0167 0E       		.uleb128 0xe
 1432 0168 3A       		.uleb128 0x3a
 1433 0169 0B       		.uleb128 0xb
 1434 016a 3B       		.uleb128 0x3b
 1435 016b 0B       		.uleb128 0xb
 1436 016c 49       		.uleb128 0x49
 1437 016d 13       		.uleb128 0x13
 1438 016e 3F       		.uleb128 0x3f
 1439 016f 0C       		.uleb128 0xc
 1440 0170 02       		.uleb128 0x2
 1441 0171 0A       		.uleb128 0xa
 1442 0172 00       		.byte	0
 1443 0173 00       		.byte	0
 1444 0174 1C       		.uleb128 0x1c
 1445 0175 2E       		.uleb128 0x2e
 1446 0176 00       		.byte	0
 1447 0177 3F       		.uleb128 0x3f
 1448 0178 0C       		.uleb128 0xc
 1449 0179 03       		.uleb128 0x3
 1450 017a 0E       		.uleb128 0xe
 1451 017b 3A       		.uleb128 0x3a
 1452 017c 0B       		.uleb128 0xb
 1453 017d 3B       		.uleb128 0x3b
 1454 017e 0B       		.uleb128 0xb
 1455 017f 27       		.uleb128 0x27
 1456 0180 0C       		.uleb128 0xc
 1457 0181 3C       		.uleb128 0x3c
 1458 0182 0C       		.uleb128 0xc
 1459 0183 00       		.byte	0
 1460 0184 00       		.byte	0
 1461 0185 00       		.byte	0
 1462              		.section	.debug_aranges,"",%progbits
 1463 0000 24000000 		.4byte	0x24
 1464 0004 0200     		.2byte	0x2
 1465 0006 00000000 		.4byte	.Ldebug_info0
 1466 000a 04       		.byte	0x4
 1467 000b 00       		.byte	0
ARM GAS  /tmp/ccFZdJgY.s 			page 33


 1468 000c 0000     		.2byte	0
 1469 000e 0000     		.2byte	0
 1470 0010 00000000 		.4byte	.LFB194
 1471 0014 04000000 		.4byte	.LFE194-.LFB194
 1472 0018 00000000 		.4byte	.LFB195
 1473 001c 02000000 		.4byte	.LFE195-.LFB195
 1474 0020 00000000 		.4byte	0
 1475 0024 00000000 		.4byte	0
 1476              		.section	.debug_ranges,"",%progbits
 1477              	.Ldebug_ranges0:
 1478 0000 00000000 		.4byte	.LFB194
 1479 0004 04000000 		.4byte	.LFE194
 1480 0008 00000000 		.4byte	.LFB195
 1481 000c 02000000 		.4byte	.LFE195
 1482 0010 00000000 		.4byte	0
 1483 0014 00000000 		.4byte	0
 1484              		.section	.debug_line,"",%progbits
 1485              	.Ldebug_line0:
 1486 0000 14020000 		.section	.debug_str,"MS",%progbits,1
 1486      0200EE01 
 1486      00000201 
 1486      FB0E0D00 
 1486      01010101 
 1487              	.LASF33:
 1488 0000 74726566 		.ascii	"trefs_t\000"
 1488      735F7400 
 1489              	.LASF86:
 1490 0008 70616C5F 		.ascii	"pal_default_config\000"
 1490      64656661 
 1490      756C745F 
 1490      636F6E66 
 1490      696700
 1491              	.LASF3:
 1492 001b 73686F72 		.ascii	"short int\000"
 1492      7420696E 
 1492      7400
 1493              	.LASF45:
 1494 0025 725F7175 		.ascii	"r_queue\000"
 1494      65756500 
 1495              	.LASF60:
 1496 002d 6D5F6E65 		.ascii	"m_next\000"
 1496      787400
 1497              	.LASF37:
 1498 0034 73697A65 		.ascii	"sizetype\000"
 1498      74797065 
 1498      00
 1499              	.LASF52:
 1500 003d 7264796D 		.ascii	"rdymsg\000"
 1500      736700
 1501              	.LASF14:
 1502 0044 705F7072 		.ascii	"p_prev\000"
 1502      657600
 1503              	.LASF47:
 1504 004b 725F6374 		.ascii	"r_ctx\000"
 1504      7800
 1505              	.LASF36:
 1506 0051 6576656E 		.ascii	"eventmask_t\000"
ARM GAS  /tmp/ccFZdJgY.s 			page 34


 1506      746D6173 
 1506      6B5F7400 
 1507              	.LASF24:
 1508 005d 705F6D73 		.ascii	"p_msgqueue\000"
 1508      67717565 
 1508      756500
 1509              	.LASF15:
 1510 0068 705F7072 		.ascii	"p_prio\000"
 1510      696F00
 1511              	.LASF91:
 1512 006f 626F6172 		.ascii	"boardInit\000"
 1512      64496E69 
 1512      7400
 1513              	.LASF13:
 1514 0079 705F6E65 		.ascii	"p_next\000"
 1514      787400
 1515              	.LASF30:
 1516 0080 7274636E 		.ascii	"rtcnt_t\000"
 1516      745F7400 
 1517              	.LASF68:
 1518 0088 76745F70 		.ascii	"vt_par\000"
 1518      617200
 1519              	.LASF88:
 1520 008f 2E2E2F2E 		.ascii	"../../../os/hal/boards/OLIMEX_STM32_P103/board.c\000"
 1520      2E2F2E2E 
 1520      2F6F732F 
 1520      68616C2F 
 1520      626F6172 
 1521              	.LASF67:
 1522 00c0 76745F66 		.ascii	"vt_func\000"
 1522      756E6300 
 1523              	.LASF39:
 1524 00c8 72656761 		.ascii	"regarm_t\000"
 1524      726D5F74 
 1524      00
 1525              	.LASF92:
 1526 00d1 73746D33 		.ascii	"stm32_clock_init\000"
 1526      325F636C 
 1526      6F636B5F 
 1526      696E6974 
 1526      00
 1527              	.LASF4:
 1528 00e2 75696E74 		.ascii	"uint8_t\000"
 1528      385F7400 
 1529              	.LASF26:
 1530 00ea 705F6570 		.ascii	"p_epending\000"
 1530      656E6469 
 1530      6E6700
 1531              	.LASF75:
 1532 00f5 63685F73 		.ascii	"ch_system_t\000"
 1532      79737465 
 1532      6D5F7400 
 1533              	.LASF74:
 1534 0101 6D656173 		.ascii	"measurement_offset\000"
 1534      7572656D 
 1534      656E745F 
 1534      6F666673 
ARM GAS  /tmp/ccFZdJgY.s 			page 35


 1534      657400
 1535              	.LASF69:
 1536 0114 76745F6C 		.ascii	"vt_lasttime\000"
 1536      61737474 
 1536      696D6500 
 1537              	.LASF79:
 1538 0120 50414461 		.ascii	"PAData\000"
 1538      746100
 1539              	.LASF11:
 1540 0127 6C6F6E67 		.ascii	"long long int\000"
 1540      206C6F6E 
 1540      6720696E 
 1540      7400
 1541              	.LASF19:
 1542 0135 705F6E61 		.ascii	"p_name\000"
 1542      6D6500
 1543              	.LASF34:
 1544 013c 74707269 		.ascii	"tprio_t\000"
 1544      6F5F7400 
 1545              	.LASF8:
 1546 0144 6C6F6E67 		.ascii	"long int\000"
 1546      20696E74 
 1546      00
 1547              	.LASF82:
 1548 014d 50444461 		.ascii	"PDData\000"
 1548      746100
 1549              	.LASF71:
 1550 0154 63685F73 		.ascii	"ch_system\000"
 1550      79737465 
 1550      6D00
 1551              	.LASF62:
 1552 015e 76697274 		.ascii	"virtual_timer_t\000"
 1552      75616C5F 
 1552      74696D65 
 1552      725F7400 
 1553              	.LASF58:
 1554 016e 6D5F7175 		.ascii	"m_queue\000"
 1554      65756500 
 1555              	.LASF41:
 1556 0176 636F6E74 		.ascii	"context\000"
 1556      65787400 
 1557              	.LASF50:
 1558 017e 725F6375 		.ascii	"r_current\000"
 1558      7272656E 
 1558      7400
 1559              	.LASF25:
 1560 0188 705F6D73 		.ascii	"p_msg\000"
 1560      6700
 1561              	.LASF31:
 1562 018e 746D6F64 		.ascii	"tmode_t\000"
 1562      655F7400 
 1563              	.LASF81:
 1564 0196 50434461 		.ascii	"PCData\000"
 1564      746100
 1565              	.LASF2:
 1566 019d 756E7369 		.ascii	"unsigned char\000"
 1566      676E6564 
ARM GAS  /tmp/ccFZdJgY.s 			page 36


 1566      20636861 
 1566      7200
 1567              	.LASF55:
 1568 01ab 65776D61 		.ascii	"ewmask\000"
 1568      736B00
 1569              	.LASF1:
 1570 01b2 7369676E 		.ascii	"signed char\000"
 1570      65642063 
 1570      68617200 
 1571              	.LASF17:
 1572 01be 705F6E65 		.ascii	"p_newer\000"
 1572      77657200 
 1573              	.LASF12:
 1574 01c6 6C6F6E67 		.ascii	"long long unsigned int\000"
 1574      206C6F6E 
 1574      6720756E 
 1574      7369676E 
 1574      65642069 
 1575              	.LASF9:
 1576 01dd 75696E74 		.ascii	"uint32_t\000"
 1576      33325F74 
 1576      00
 1577              	.LASF0:
 1578 01e6 756E7369 		.ascii	"unsigned int\000"
 1578      676E6564 
 1578      20696E74 
 1578      00
 1579              	.LASF87:
 1580 01f3 474E5520 		.ascii	"GNU C 4.7.4 20130913 (release) [ARM/embedded-4_7-br"
 1580      4320342E 
 1580      372E3420 
 1580      32303133 
 1580      30393133 
 1581 0226 616E6368 		.ascii	"anch revision 202601]\000"
 1581      20726576 
 1581      6973696F 
 1581      6E203230 
 1581      32363031 
 1582              	.LASF64:
 1583 023c 76745F6E 		.ascii	"vt_next\000"
 1583      65787400 
 1584              	.LASF78:
 1585 0244 73746D33 		.ascii	"stm32_gpio_setup_t\000"
 1585      325F6770 
 1585      696F5F73 
 1585      65747570 
 1585      5F7400
 1586              	.LASF70:
 1587 0257 76697274 		.ascii	"virtual_timers_list_t\000"
 1587      75616C5F 
 1587      74696D65 
 1587      72735F6C 
 1587      6973745F 
 1588              	.LASF43:
 1589 026d 74687265 		.ascii	"threads_queue_t\000"
 1589      6164735F 
 1589      71756575 
ARM GAS  /tmp/ccFZdJgY.s 			page 37


 1589      655F7400 
 1590              	.LASF57:
 1591 027d 6D757465 		.ascii	"mutex\000"
 1591      7800
 1592              	.LASF40:
 1593 0283 74687265 		.ascii	"thread\000"
 1593      616400
 1594              	.LASF48:
 1595 028a 725F6E65 		.ascii	"r_newer\000"
 1595      77657200 
 1596              	.LASF21:
 1597 0292 705F666C 		.ascii	"p_flags\000"
 1597      61677300 
 1598              	.LASF66:
 1599 029a 76745F64 		.ascii	"vt_delta\000"
 1599      656C7461 
 1599      00
 1600              	.LASF28:
 1601 02a3 705F7265 		.ascii	"p_realprio\000"
 1601      616C7072 
 1601      696F00
 1602              	.LASF38:
 1603 02ae 73797374 		.ascii	"systime_t\000"
 1603      696D655F 
 1603      7400
 1604              	.LASF72:
 1605 02b8 726C6973 		.ascii	"rlist\000"
 1605      7400
 1606              	.LASF56:
 1607 02be 63686172 		.ascii	"char\000"
 1607      00
 1608              	.LASF5:
 1609 02c3 75696E74 		.ascii	"uint16_t\000"
 1609      31365F74 
 1609      00
 1610              	.LASF76:
 1611 02cc 6D757465 		.ascii	"mutex_t\000"
 1611      785F7400 
 1612              	.LASF90:
 1613 02d4 5F5F6561 		.ascii	"__early_init\000"
 1613      726C795F 
 1613      696E6974 
 1613      00
 1614              	.LASF7:
 1615 02e1 696E7433 		.ascii	"int32_t\000"
 1615      325F7400 
 1616              	.LASF46:
 1617 02e9 725F7072 		.ascii	"r_prio\000"
 1617      696F00
 1618              	.LASF20:
 1619 02f0 705F7374 		.ascii	"p_state\000"
 1619      61746500 
 1620              	.LASF84:
 1621 02f8 50414C43 		.ascii	"PALConfig\000"
 1621      6F6E6669 
 1621      6700
 1622              	.LASF80:
ARM GAS  /tmp/ccFZdJgY.s 			page 38


 1623 0302 50424461 		.ascii	"PBData\000"
 1623      746100
 1624              	.LASF77:
 1625 0309 5F426F6F 		.ascii	"_Bool\000"
 1625      6C00
 1626              	.LASF23:
 1627 030f 705F7761 		.ascii	"p_waiting\000"
 1627      6974696E 
 1627      6700
 1628              	.LASF27:
 1629 0319 705F6D74 		.ascii	"p_mtxlist\000"
 1629      786C6973 
 1629      7400
 1630              	.LASF83:
 1631 0323 50454461 		.ascii	"PEData\000"
 1631      746100
 1632              	.LASF6:
 1633 032a 73686F72 		.ascii	"short unsigned int\000"
 1633      7420756E 
 1633      7369676E 
 1633      65642069 
 1633      6E7400
 1634              	.LASF10:
 1635 033d 6C6F6E67 		.ascii	"long unsigned int\000"
 1635      20756E73 
 1635      69676E65 
 1635      6420696E 
 1635      7400
 1636              	.LASF42:
 1637 034f 706F7274 		.ascii	"port_intctx\000"
 1637      5F696E74 
 1637      63747800 
 1638              	.LASF65:
 1639 035b 76745F70 		.ascii	"vt_prev\000"
 1639      72657600 
 1640              	.LASF54:
 1641 0363 77746F62 		.ascii	"wtobjp\000"
 1641      6A7000
 1642              	.LASF32:
 1643 036a 74737461 		.ascii	"tstate_t\000"
 1643      74655F74 
 1643      00
 1644              	.LASF53:
 1645 0373 65786974 		.ascii	"exitcode\000"
 1645      636F6465 
 1645      00
 1646              	.LASF61:
 1647 037c 76746675 		.ascii	"vtfunc_t\000"
 1647      6E635F74 
 1647      00
 1648              	.LASF18:
 1649 0385 705F6F6C 		.ascii	"p_older\000"
 1649      64657200 
 1650              	.LASF51:
 1651 038d 72656164 		.ascii	"ready_list_t\000"
 1651      795F6C69 
 1651      73745F74 
ARM GAS  /tmp/ccFZdJgY.s 			page 39


 1651      00
 1652              	.LASF22:
 1653 039a 705F7265 		.ascii	"p_refs\000"
 1653      667300
 1654              	.LASF16:
 1655 03a1 705F6374 		.ascii	"p_ctx\000"
 1655      7800
 1656              	.LASF85:
 1657 03a7 49544D5F 		.ascii	"ITM_RxBuffer\000"
 1657      52784275 
 1657      66666572 
 1657      00
 1658              	.LASF59:
 1659 03b4 6D5F6F77 		.ascii	"m_owner\000"
 1659      6E657200 
 1660              	.LASF29:
 1661 03bc 705F6D70 		.ascii	"p_mpool\000"
 1661      6F6F6C00 
 1662              	.LASF63:
 1663 03c4 76697274 		.ascii	"virtual_timer\000"
 1663      75616C5F 
 1663      74696D65 
 1663      7200
 1664              	.LASF73:
 1665 03d2 76746C69 		.ascii	"vtlist\000"
 1665      737400
 1666              	.LASF35:
 1667 03d9 6D73675F 		.ascii	"msg_t\000"
 1667      7400
 1668              	.LASF89:
 1669 03df 2F686F6D 		.ascii	"/home/joerg/repos/chibios-projects/ChibiOS-RT/demos"
 1669      652F6A6F 
 1669      6572672F 
 1669      7265706F 
 1669      732F6368 
 1670 0412 2F53544D 		.ascii	"/STM32/RT-STM32F103-OLIMEX_STM32_P103\000"
 1670      33322F52 
 1670      542D5354 
 1670      4D333246 
 1670      3130332D 
 1671              	.LASF49:
 1672 0438 725F6F6C 		.ascii	"r_older\000"
 1672      64657200 
 1673              	.LASF44:
 1674 0440 74687265 		.ascii	"threads_list_t\000"
 1674      6164735F 
 1674      6C697374 
 1674      5F7400
 1675              		.comm	__gnu_lto_v1,1,1
 1676              		.ident	"GCC: (GNU Tools for ARM Embedded Processors) 4.7.4 20130913 (release) [ARM/embedded-4_7-br
ARM GAS  /tmp/ccFZdJgY.s 			page 40


DEFINED SYMBOLS
                            *ABS*:00000000 board.c
     /tmp/ccFZdJgY.s:142    .text.__early_init:00000000 $t
     /tmp/ccFZdJgY.s:148    .text.__early_init:00000000 __early_init
     /tmp/ccFZdJgY.s:164    .text.boardInit:00000000 $t
     /tmp/ccFZdJgY.s:170    .text.boardInit:00000000 boardInit
     /tmp/ccFZdJgY.s:186    .rodata.pal_default_config:00000000 pal_default_config
     /tmp/ccFZdJgY.s:183    .rodata.pal_default_config:00000000 $d
                            *COM*:00000001 __gnu_lto_v1
                     .debug_frame:00000010 $d

UNDEFINED SYMBOLS
stm32_clock_init
