ARM GAS  /tmp/ccSNPZwc.s 			page 1


   1              		.syntax unified
   2              		.cpu cortex-m3
   3              		.fpu softvfp
   4              		.eabi_attribute 20, 1
   5              		.eabi_attribute 21, 1
   6              		.eabi_attribute 23, 3
   7              		.eabi_attribute 24, 1
   8              		.eabi_attribute 25, 1
   9              		.eabi_attribute 26, 1
  10              		.eabi_attribute 30, 2
  11              		.eabi_attribute 34, 1
  12              		.eabi_attribute 18, 4
  13              		.thumb
  14              		.file	"can.c"
  15              		.text
  16              	.Ltext0:
  17              		.section	.gnu.lto_.inline.b223b5b53f7bfe0d,"",%progbits
  18 0000 789C6362 		.ascii	"x\234cb`d\340e\300\016\230\340,\000\002d\000\023"
  18      6064E065 
  18      C00E98E0 
  18      2C000264 
  18      0013
  19              		.text
  20              		.section	.gnu.lto_.pureconst.b223b5b53f7bfe0d,"",%progbits
  21 0000 789C6362 		.ascii	"x\234cb`d`f`\000\222P\000\000\000r\000\010"
  21      60646066 
  21      60009250 
  21      00000072 
  21      0008
  22              		.text
  23              		.section	.gnu.lto_.cgraph.b223b5b53f7bfe0d,"",%progbits
  24 0000 789C6362 		.ascii	"x\234cb`d`f```b\200\001\000\000\204\000\011"
  24      60646066 
  24      60606062 
  24      80010000 
  24      840009
  25              		.text
  26              		.section	.gnu.lto_.vars.b223b5b53f7bfe0d,"",%progbits
  27 0000 789C6362 		.ascii	"x\234cb`d`f`\000\222P\000\000\000r\000\010"
  27      60646066 
  27      60009250 
  27      00000072 
  27      0008
  28              		.text
  29              		.section	.gnu.lto_.refs.b223b5b53f7bfe0d,"",%progbits
  30 0000 789C6362 		.ascii	"x\234cb`d`f```b\200\001\000\000\204\000\011"
  30      60646066 
  30      60606062 
  30      80010000 
  30      840009
  31              		.text
  32              		.section	.gnu.lto_.statics.b223b5b53f7bfe0d,"",%progbits
  33 0000 789C6362 		.ascii	"x\234cb`d`b\300\016@\342\214\020&\000\000\375\000\011"
  33      60646062 
  33      C00E40E2 
  33      8C102600 
  33      00FD0009 
ARM GAS  /tmp/ccSNPZwc.s 			page 2


  34              		.text
  35              		.section	.gnu.lto_.decls.b223b5b53f7bfe0d,"",%progbits
  36 0000 789C6362 		.ascii	"x\234cb`d\000\001\025 \376\017\004 6#\024\3332\020\000"
  36      60640001 
  36      1520FE0F 
  36      04203623 
  36      14DB3210 
  37 0015 00CDD304 		.ascii	"\000\315\323\004c"
  37      63
  38              		.text
  39              		.section	.gnu.lto_.symtab.b223b5b53f7bfe0d,"",%progbits
  40              		.text
  41              		.section	.gnu.lto_.opts,"",%progbits
  42 0000 272D6D63 		.ascii	"'-mcpu=cortex-m3''-mno-thumb-interwork''-mthumb''-g"
  42      70753D63 
  42      6F727465 
  42      782D6D33 
  42      27272D6D 
  43 0033 67646227 		.ascii	"gdb''-O2''-fomit-frame-pointer''-falign-functions=1"
  43      272D4F32 
  43      27272D66 
  43      6F6D6974 
  43      2D667261 
  44 0066 3627272D 		.ascii	"6''-ffunction-sections''-fdata-sections''-fno-commo"
  44      6666756E 
  44      6374696F 
  44      6E2D7365 
  44      6374696F 
  45 0099 6E27272D 		.ascii	"n''-flto'\000"
  45      666C746F 
  45      2700
  46              		.text
  47              		.cfi_sections	.debug_frame
  48              	.Letext0:
  49              		.file 1 "/opt/ARM/gcc-arm-none-eabi-4_7-2013q3/bin/../lib/gcc/arm-none-eabi/4.7.4/../../../../arm-
  50              		.file 2 "../../../os/rt/include/chschd.h"
  51              		.file 3 "../../../os/rt/ports/ARMCMx/compilers/GCC/chtypes.h"
  52              		.file 4 "../../../os/rt/ports/ARMCMx/chcore.h"
  53              		.file 5 "../../../os/rt/ports/ARMCMx/chcore_v7m.h"
  54              		.file 6 "../../../os/rt/include/chmtx.h"
  55              		.file 7 "../../../os/ext/CMSIS/include/core_cm3.h"
  56              		.section	.debug_info,"",%progbits
  57              	.Ldebug_info0:
  58 0000 4D050000 		.4byte	0x54d
  59 0004 0200     		.2byte	0x2
  60 0006 00000000 		.4byte	.Ldebug_abbrev0
  61 000a 04       		.byte	0x4
  62 000b 01       		.uleb128 0x1
  63 000c 7F010000 		.4byte	.LASF79
  64 0010 01       		.byte	0x1
  65 0011 EE020000 		.4byte	.LASF80
  66 0015 4D030000 		.4byte	.LASF81
  67 0019 00000000 		.4byte	.Ldebug_line0
  68 001d 02       		.uleb128 0x2
  69 001e 04       		.byte	0x4
  70 001f 05       		.byte	0x5
  71 0020 696E7400 		.ascii	"int\000"
ARM GAS  /tmp/ccSNPZwc.s 			page 3


  72 0024 03       		.uleb128 0x3
  73 0025 04       		.byte	0x4
  74 0026 07       		.byte	0x7
  75 0027 72010000 		.4byte	.LASF0
  76 002b 03       		.uleb128 0x3
  77 002c 01       		.byte	0x1
  78 002d 06       		.byte	0x6
  79 002e 3E010000 		.4byte	.LASF1
  80 0032 04       		.uleb128 0x4
  81 0033 83000000 		.4byte	.LASF4
  82 0037 01       		.byte	0x1
  83 0038 2A       		.byte	0x2a
  84 0039 3D000000 		.4byte	0x3d
  85 003d 03       		.uleb128 0x3
  86 003e 01       		.byte	0x1
  87 003f 08       		.byte	0x8
  88 0040 29010000 		.4byte	.LASF2
  89 0044 03       		.uleb128 0x3
  90 0045 02       		.byte	0x2
  91 0046 05       		.byte	0x5
  92 0047 08000000 		.4byte	.LASF3
  93 004b 04       		.uleb128 0x4
  94 004c 3C020000 		.4byte	.LASF5
  95 0050 01       		.byte	0x1
  96 0051 36       		.byte	0x36
  97 0052 56000000 		.4byte	0x56
  98 0056 03       		.uleb128 0x3
  99 0057 02       		.byte	0x2
 100 0058 07       		.byte	0x7
 101 0059 64020000 		.4byte	.LASF6
 102 005d 04       		.uleb128 0x4
 103 005e 4D020000 		.4byte	.LASF7
 104 0062 01       		.byte	0x1
 105 0063 4F       		.byte	0x4f
 106 0064 68000000 		.4byte	0x68
 107 0068 03       		.uleb128 0x3
 108 0069 04       		.byte	0x4
 109 006a 05       		.byte	0x5
 110 006b E6000000 		.4byte	.LASF8
 111 006f 04       		.uleb128 0x4
 112 0070 69010000 		.4byte	.LASF9
 113 0074 01       		.byte	0x1
 114 0075 50       		.byte	0x50
 115 0076 7A000000 		.4byte	0x7a
 116 007a 03       		.uleb128 0x3
 117 007b 04       		.byte	0x4
 118 007c 07       		.byte	0x7
 119 007d 91020000 		.4byte	.LASF10
 120 0081 03       		.uleb128 0x3
 121 0082 08       		.byte	0x8
 122 0083 05       		.byte	0x5
 123 0084 C9000000 		.4byte	.LASF11
 124 0088 03       		.uleb128 0x3
 125 0089 08       		.byte	0x8
 126 008a 07       		.byte	0x7
 127 008b 52010000 		.4byte	.LASF12
 128 008f 05       		.uleb128 0x5
ARM GAS  /tmp/ccSNPZwc.s 			page 4


 129 0090 FC010000 		.4byte	.LASF40
 130 0094 44       		.byte	0x44
 131 0095 02       		.byte	0x2
 132 0096 79       		.byte	0x79
 133 0097 98010000 		.4byte	0x198
 134 009b 06       		.uleb128 0x6
 135 009c 5C000000 		.4byte	.LASF13
 136 00a0 02       		.byte	0x2
 137 00a1 7A       		.byte	0x7a
 138 00a2 DC020000 		.4byte	0x2dc
 139 00a6 02       		.byte	0x2
 140 00a7 23       		.byte	0x23
 141 00a8 00       		.uleb128 0
 142 00a9 06       		.uleb128 0x6
 143 00aa 31000000 		.4byte	.LASF14
 144 00ae 02       		.byte	0x2
 145 00af 7C       		.byte	0x7c
 146 00b0 DC020000 		.4byte	0x2dc
 147 00b4 02       		.byte	0x2
 148 00b5 23       		.byte	0x23
 149 00b6 04       		.uleb128 0x4
 150 00b7 06       		.uleb128 0x6
 151 00b8 55000000 		.4byte	.LASF15
 152 00bc 02       		.byte	0x2
 153 00bd 7E       		.byte	0x7e
 154 00be C9010000 		.4byte	0x1c9
 155 00c2 02       		.byte	0x2
 156 00c3 23       		.byte	0x23
 157 00c4 08       		.uleb128 0x8
 158 00c5 06       		.uleb128 0x6
 159 00c6 0F030000 		.4byte	.LASF16
 160 00ca 02       		.byte	0x2
 161 00cb 7F       		.byte	0x7f
 162 00cc 09020000 		.4byte	0x209
 163 00d0 02       		.byte	0x2
 164 00d1 23       		.byte	0x23
 165 00d2 0C       		.uleb128 0xc
 166 00d3 06       		.uleb128 0x6
 167 00d4 4A010000 		.4byte	.LASF17
 168 00d8 02       		.byte	0x2
 169 00d9 81       		.byte	0x81
 170 00da DC020000 		.4byte	0x2dc
 171 00de 02       		.byte	0x2
 172 00df 23       		.byte	0x23
 173 00e0 10       		.uleb128 0x10
 174 00e1 06       		.uleb128 0x6
 175 00e2 D9020000 		.4byte	.LASF18
 176 00e6 02       		.byte	0x2
 177 00e7 82       		.byte	0x82
 178 00e8 DC020000 		.4byte	0x2dc
 179 00ec 02       		.byte	0x2
 180 00ed 23       		.byte	0x23
 181 00ee 14       		.uleb128 0x14
 182 00ef 06       		.uleb128 0x6
 183 00f0 D7000000 		.4byte	.LASF19
 184 00f4 02       		.byte	0x2
 185 00f5 89       		.byte	0x89
ARM GAS  /tmp/ccSNPZwc.s 			page 5


 186 00f6 AC030000 		.4byte	0x3ac
 187 00fa 02       		.byte	0x2
 188 00fb 23       		.byte	0x23
 189 00fc 18       		.uleb128 0x18
 190 00fd 06       		.uleb128 0x6
 191 00fe 5C020000 		.4byte	.LASF20
 192 0102 02       		.byte	0x2
 193 0103 94       		.byte	0x94
 194 0104 B3010000 		.4byte	0x1b3
 195 0108 02       		.byte	0x2
 196 0109 23       		.byte	0x23
 197 010a 1C       		.uleb128 0x1c
 198 010b 06       		.uleb128 0x6
 199 010c 0B020000 		.4byte	.LASF21
 200 0110 02       		.byte	0x2
 201 0111 98       		.byte	0x98
 202 0112 A8010000 		.4byte	0x1a8
 203 0116 02       		.byte	0x2
 204 0117 23       		.byte	0x23
 205 0118 1D       		.uleb128 0x1d
 206 0119 06       		.uleb128 0x6
 207 011a 08030000 		.4byte	.LASF22
 208 011e 02       		.byte	0x2
 209 011f 9D       		.byte	0x9d
 210 0120 BE010000 		.4byte	0x1be
 211 0124 02       		.byte	0x2
 212 0125 23       		.byte	0x23
 213 0126 1E       		.uleb128 0x1e
 214 0127 07       		.uleb128 0x7
 215 0128 705F7500 		.ascii	"p_u\000"
 216 012c 02       		.byte	0x2
 217 012d CF       		.byte	0xcf
 218 012e 77030000 		.4byte	0x377
 219 0132 02       		.byte	0x2
 220 0133 23       		.byte	0x23
 221 0134 20       		.uleb128 0x20
 222 0135 06       		.uleb128 0x6
 223 0136 7D020000 		.4byte	.LASF23
 224 013a 02       		.byte	0x2
 225 013b D4       		.byte	0xd4
 226 013c 04030000 		.4byte	0x304
 227 0140 02       		.byte	0x2
 228 0141 23       		.byte	0x23
 229 0142 24       		.uleb128 0x24
 230 0143 06       		.uleb128 0x6
 231 0144 4A000000 		.4byte	.LASF24
 232 0148 02       		.byte	0x2
 233 0149 DA       		.byte	0xda
 234 014a E2020000 		.4byte	0x2e2
 235 014e 02       		.byte	0x2
 236 014f 23       		.byte	0x23
 237 0150 28       		.uleb128 0x28
 238 0151 06       		.uleb128 0x6
 239 0152 23010000 		.4byte	.LASF25
 240 0156 02       		.byte	0x2
 241 0157 DE       		.byte	0xde
 242 0158 D4010000 		.4byte	0x1d4
ARM GAS  /tmp/ccSNPZwc.s 			page 6


 243 015c 02       		.byte	0x2
 244 015d 23       		.byte	0x23
 245 015e 30       		.uleb128 0x30
 246 015f 06       		.uleb128 0x6
 247 0160 8B000000 		.4byte	.LASF26
 248 0164 02       		.byte	0x2
 249 0165 E4       		.byte	0xe4
 250 0166 DF010000 		.4byte	0x1df
 251 016a 02       		.byte	0x2
 252 016b 23       		.byte	0x23
 253 016c 34       		.uleb128 0x34
 254 016d 06       		.uleb128 0x6
 255 016e 87020000 		.4byte	.LASF27
 256 0172 02       		.byte	0x2
 257 0173 EB       		.byte	0xeb
 258 0174 F5030000 		.4byte	0x3f5
 259 0178 02       		.byte	0x2
 260 0179 23       		.byte	0x23
 261 017a 38       		.uleb128 0x38
 262 017b 06       		.uleb128 0x6
 263 017c 1C020000 		.4byte	.LASF28
 264 0180 02       		.byte	0x2
 265 0181 EF       		.byte	0xef
 266 0182 C9010000 		.4byte	0x1c9
 267 0186 02       		.byte	0x2
 268 0187 23       		.byte	0x23
 269 0188 3C       		.uleb128 0x3c
 270 0189 06       		.uleb128 0x6
 271 018a 2A030000 		.4byte	.LASF29
 272 018e 02       		.byte	0x2
 273 018f F5       		.byte	0xf5
 274 0190 07020000 		.4byte	0x207
 275 0194 02       		.byte	0x2
 276 0195 23       		.byte	0x23
 277 0196 40       		.uleb128 0x40
 278 0197 00       		.byte	0
 279 0198 08       		.uleb128 0x8
 280 0199 5D000000 		.4byte	0x5d
 281 019d 04       		.uleb128 0x4
 282 019e 63000000 		.4byte	.LASF30
 283 01a2 03       		.byte	0x3
 284 01a3 46       		.byte	0x46
 285 01a4 6F000000 		.4byte	0x6f
 286 01a8 04       		.uleb128 0x4
 287 01a9 C1000000 		.4byte	.LASF31
 288 01ad 03       		.byte	0x3
 289 01ae 49       		.byte	0x49
 290 01af 32000000 		.4byte	0x32
 291 01b3 04       		.uleb128 0x4
 292 01b4 BE020000 		.4byte	.LASF32
 293 01b8 03       		.byte	0x3
 294 01b9 4A       		.byte	0x4a
 295 01ba 32000000 		.4byte	0x32
 296 01be 04       		.uleb128 0x4
 297 01bf 00000000 		.4byte	.LASF33
 298 01c3 03       		.byte	0x3
 299 01c4 4B       		.byte	0x4b
ARM GAS  /tmp/ccSNPZwc.s 			page 7


 300 01c5 32000000 		.4byte	0x32
 301 01c9 04       		.uleb128 0x4
 302 01ca DE000000 		.4byte	.LASF34
 303 01ce 03       		.byte	0x3
 304 01cf 4D       		.byte	0x4d
 305 01d0 6F000000 		.4byte	0x6f
 306 01d4 04       		.uleb128 0x4
 307 01d5 47030000 		.4byte	.LASF35
 308 01d9 03       		.byte	0x3
 309 01da 4E       		.byte	0x4e
 310 01db 5D000000 		.4byte	0x5d
 311 01df 04       		.uleb128 0x4
 312 01e0 3E000000 		.4byte	.LASF36
 313 01e4 03       		.byte	0x3
 314 01e5 50       		.byte	0x50
 315 01e6 6F000000 		.4byte	0x6f
 316 01ea 03       		.uleb128 0x3
 317 01eb 04       		.byte	0x4
 318 01ec 07       		.byte	0x7
 319 01ed 21000000 		.4byte	.LASF37
 320 01f1 04       		.uleb128 0x4
 321 01f2 27020000 		.4byte	.LASF38
 322 01f6 04       		.byte	0x4
 323 01f7 89       		.byte	0x89
 324 01f8 4B000000 		.4byte	0x4b
 325 01fc 04       		.uleb128 0x4
 326 01fd 7A000000 		.4byte	.LASF39
 327 0201 04       		.byte	0x4
 328 0202 8F       		.byte	0x8f
 329 0203 07020000 		.4byte	0x207
 330 0207 09       		.uleb128 0x9
 331 0208 04       		.byte	0x4
 332 0209 05       		.uleb128 0x5
 333 020a 11010000 		.4byte	.LASF41
 334 020e 04       		.byte	0x4
 335 020f 04       		.byte	0x4
 336 0210 B3       		.byte	0xb3
 337 0211 24020000 		.4byte	0x224
 338 0215 07       		.uleb128 0x7
 339 0216 72313300 		.ascii	"r13\000"
 340 021a 04       		.byte	0x4
 341 021b B4       		.byte	0xb4
 342 021c B1020000 		.4byte	0x2b1
 343 0220 02       		.byte	0x2
 344 0221 23       		.byte	0x23
 345 0222 00       		.uleb128 0
 346 0223 00       		.byte	0
 347 0224 05       		.uleb128 0x5
 348 0225 A3020000 		.4byte	.LASF42
 349 0229 24       		.byte	0x24
 350 022a 05       		.byte	0x5
 351 022b F5       		.byte	0xf5
 352 022c B1020000 		.4byte	0x2b1
 353 0230 0A       		.uleb128 0xa
 354 0231 723400   		.ascii	"r4\000"
 355 0234 05       		.byte	0x5
 356 0235 0801     		.2byte	0x108
ARM GAS  /tmp/ccSNPZwc.s 			page 8


 357 0237 FC010000 		.4byte	0x1fc
 358 023b 02       		.byte	0x2
 359 023c 23       		.byte	0x23
 360 023d 00       		.uleb128 0
 361 023e 0A       		.uleb128 0xa
 362 023f 723500   		.ascii	"r5\000"
 363 0242 05       		.byte	0x5
 364 0243 0901     		.2byte	0x109
 365 0245 FC010000 		.4byte	0x1fc
 366 0249 02       		.byte	0x2
 367 024a 23       		.byte	0x23
 368 024b 04       		.uleb128 0x4
 369 024c 0A       		.uleb128 0xa
 370 024d 723600   		.ascii	"r6\000"
 371 0250 05       		.byte	0x5
 372 0251 0A01     		.2byte	0x10a
 373 0253 FC010000 		.4byte	0x1fc
 374 0257 02       		.byte	0x2
 375 0258 23       		.byte	0x23
 376 0259 08       		.uleb128 0x8
 377 025a 0A       		.uleb128 0xa
 378 025b 723700   		.ascii	"r7\000"
 379 025e 05       		.byte	0x5
 380 025f 0B01     		.2byte	0x10b
 381 0261 FC010000 		.4byte	0x1fc
 382 0265 02       		.byte	0x2
 383 0266 23       		.byte	0x23
 384 0267 0C       		.uleb128 0xc
 385 0268 0A       		.uleb128 0xa
 386 0269 723800   		.ascii	"r8\000"
 387 026c 05       		.byte	0x5
 388 026d 0C01     		.2byte	0x10c
 389 026f FC010000 		.4byte	0x1fc
 390 0273 02       		.byte	0x2
 391 0274 23       		.byte	0x23
 392 0275 10       		.uleb128 0x10
 393 0276 0A       		.uleb128 0xa
 394 0277 723900   		.ascii	"r9\000"
 395 027a 05       		.byte	0x5
 396 027b 0D01     		.2byte	0x10d
 397 027d FC010000 		.4byte	0x1fc
 398 0281 02       		.byte	0x2
 399 0282 23       		.byte	0x23
 400 0283 14       		.uleb128 0x14
 401 0284 0A       		.uleb128 0xa
 402 0285 72313000 		.ascii	"r10\000"
 403 0289 05       		.byte	0x5
 404 028a 0E01     		.2byte	0x10e
 405 028c FC010000 		.4byte	0x1fc
 406 0290 02       		.byte	0x2
 407 0291 23       		.byte	0x23
 408 0292 18       		.uleb128 0x18
 409 0293 0A       		.uleb128 0xa
 410 0294 72313100 		.ascii	"r11\000"
 411 0298 05       		.byte	0x5
 412 0299 0F01     		.2byte	0x10f
 413 029b FC010000 		.4byte	0x1fc
ARM GAS  /tmp/ccSNPZwc.s 			page 9


 414 029f 02       		.byte	0x2
 415 02a0 23       		.byte	0x23
 416 02a1 1C       		.uleb128 0x1c
 417 02a2 0A       		.uleb128 0xa
 418 02a3 6C7200   		.ascii	"lr\000"
 419 02a6 05       		.byte	0x5
 420 02a7 1001     		.2byte	0x110
 421 02a9 FC010000 		.4byte	0x1fc
 422 02ad 02       		.byte	0x2
 423 02ae 23       		.byte	0x23
 424 02af 20       		.uleb128 0x20
 425 02b0 00       		.byte	0
 426 02b1 0B       		.uleb128 0xb
 427 02b2 04       		.byte	0x4
 428 02b3 24020000 		.4byte	0x224
 429 02b7 0C       		.uleb128 0xc
 430 02b8 08       		.byte	0x8
 431 02b9 02       		.byte	0x2
 432 02ba 53       		.byte	0x53
 433 02bb DC020000 		.4byte	0x2dc
 434 02bf 06       		.uleb128 0x6
 435 02c0 5C000000 		.4byte	.LASF13
 436 02c4 02       		.byte	0x2
 437 02c5 54       		.byte	0x54
 438 02c6 DC020000 		.4byte	0x2dc
 439 02ca 02       		.byte	0x2
 440 02cb 23       		.byte	0x23
 441 02cc 00       		.uleb128 0
 442 02cd 06       		.uleb128 0x6
 443 02ce 31000000 		.4byte	.LASF14
 444 02d2 02       		.byte	0x2
 445 02d3 55       		.byte	0x55
 446 02d4 DC020000 		.4byte	0x2dc
 447 02d8 02       		.byte	0x2
 448 02d9 23       		.byte	0x23
 449 02da 04       		.uleb128 0x4
 450 02db 00       		.byte	0
 451 02dc 0B       		.uleb128 0xb
 452 02dd 04       		.byte	0x4
 453 02de 8F000000 		.4byte	0x8f
 454 02e2 04       		.uleb128 0x4
 455 02e3 E6010000 		.4byte	.LASF43
 456 02e7 02       		.byte	0x2
 457 02e8 56       		.byte	0x56
 458 02e9 B7020000 		.4byte	0x2b7
 459 02ed 0C       		.uleb128 0xc
 460 02ee 04       		.byte	0x4
 461 02ef 02       		.byte	0x2
 462 02f0 5B       		.byte	0x5b
 463 02f1 04030000 		.4byte	0x304
 464 02f5 06       		.uleb128 0x6
 465 02f6 5C000000 		.4byte	.LASF13
 466 02fa 02       		.byte	0x2
 467 02fb 5C       		.byte	0x5c
 468 02fc DC020000 		.4byte	0x2dc
 469 0300 02       		.byte	0x2
 470 0301 23       		.byte	0x23
ARM GAS  /tmp/ccSNPZwc.s 			page 10


 471 0302 00       		.uleb128 0
 472 0303 00       		.byte	0
 473 0304 04       		.uleb128 0x4
 474 0305 AE030000 		.4byte	.LASF44
 475 0309 02       		.byte	0x2
 476 030a 5D       		.byte	0x5d
 477 030b ED020000 		.4byte	0x2ed
 478 030f 0C       		.uleb128 0xc
 479 0310 1C       		.byte	0x1c
 480 0311 02       		.byte	0x2
 481 0312 64       		.byte	0x64
 482 0313 6C030000 		.4byte	0x36c
 483 0317 06       		.uleb128 0x6
 484 0318 12000000 		.4byte	.LASF45
 485 031c 02       		.byte	0x2
 486 031d 65       		.byte	0x65
 487 031e E2020000 		.4byte	0x2e2
 488 0322 02       		.byte	0x2
 489 0323 23       		.byte	0x23
 490 0324 00       		.uleb128 0
 491 0325 06       		.uleb128 0x6
 492 0326 55020000 		.4byte	.LASF46
 493 032a 02       		.byte	0x2
 494 032b 66       		.byte	0x66
 495 032c C9010000 		.4byte	0x1c9
 496 0330 02       		.byte	0x2
 497 0331 23       		.byte	0x23
 498 0332 08       		.uleb128 0x8
 499 0333 06       		.uleb128 0x6
 500 0334 38000000 		.4byte	.LASF47
 501 0338 02       		.byte	0x2
 502 0339 68       		.byte	0x68
 503 033a 09020000 		.4byte	0x209
 504 033e 02       		.byte	0x2
 505 033f 23       		.byte	0x23
 506 0340 0C       		.uleb128 0xc
 507 0341 06       		.uleb128 0x6
 508 0342 03020000 		.4byte	.LASF48
 509 0346 02       		.byte	0x2
 510 0347 6B       		.byte	0x6b
 511 0348 DC020000 		.4byte	0x2dc
 512 034c 02       		.byte	0x2
 513 034d 23       		.byte	0x23
 514 034e 10       		.uleb128 0x10
 515 034f 06       		.uleb128 0x6
 516 0350 A6030000 		.4byte	.LASF49
 517 0354 02       		.byte	0x2
 518 0355 6C       		.byte	0x6c
 519 0356 DC020000 		.4byte	0x2dc
 520 035a 02       		.byte	0x2
 521 035b 23       		.byte	0x23
 522 035c 14       		.uleb128 0x14
 523 035d 06       		.uleb128 0x6
 524 035e 19010000 		.4byte	.LASF50
 525 0362 02       		.byte	0x2
 526 0363 6F       		.byte	0x6f
 527 0364 DC020000 		.4byte	0x2dc
ARM GAS  /tmp/ccSNPZwc.s 			page 11


 528 0368 02       		.byte	0x2
 529 0369 23       		.byte	0x23
 530 036a 18       		.uleb128 0x18
 531 036b 00       		.byte	0
 532 036c 04       		.uleb128 0x4
 533 036d E1020000 		.4byte	.LASF51
 534 0371 02       		.byte	0x2
 535 0372 71       		.byte	0x71
 536 0373 0F030000 		.4byte	0x30f
 537 0377 0D       		.uleb128 0xd
 538 0378 04       		.byte	0x4
 539 0379 02       		.byte	0x2
 540 037a B1       		.byte	0xb1
 541 037b AC030000 		.4byte	0x3ac
 542 037f 0E       		.uleb128 0xe
 543 0380 2A000000 		.4byte	.LASF52
 544 0384 02       		.byte	0x2
 545 0385 B8       		.byte	0xb8
 546 0386 D4010000 		.4byte	0x1d4
 547 038a 0E       		.uleb128 0xe
 548 038b C7020000 		.4byte	.LASF53
 549 038f 02       		.byte	0x2
 550 0390 BF       		.byte	0xbf
 551 0391 D4010000 		.4byte	0x1d4
 552 0395 0E       		.uleb128 0xe
 553 0396 B7020000 		.4byte	.LASF54
 554 039a 02       		.byte	0x2
 555 039b C6       		.byte	0xc6
 556 039c 07020000 		.4byte	0x207
 557 03a0 0E       		.uleb128 0xe
 558 03a1 37010000 		.4byte	.LASF55
 559 03a5 02       		.byte	0x2
 560 03a6 CD       		.byte	0xcd
 561 03a7 DF010000 		.4byte	0x1df
 562 03ab 00       		.byte	0
 563 03ac 0B       		.uleb128 0xb
 564 03ad 04       		.byte	0x4
 565 03ae B2030000 		.4byte	0x3b2
 566 03b2 0F       		.uleb128 0xf
 567 03b3 B7030000 		.4byte	0x3b7
 568 03b7 03       		.uleb128 0x3
 569 03b8 01       		.byte	0x1
 570 03b9 08       		.byte	0x8
 571 03ba 37020000 		.4byte	.LASF56
 572 03be 05       		.uleb128 0x5
 573 03bf F6010000 		.4byte	.LASF57
 574 03c3 10       		.byte	0x10
 575 03c4 06       		.byte	0x6
 576 03c5 3A       		.byte	0x3a
 577 03c6 F5030000 		.4byte	0x3f5
 578 03ca 06       		.uleb128 0x6
 579 03cb 09010000 		.4byte	.LASF58
 580 03cf 06       		.byte	0x6
 581 03d0 3B       		.byte	0x3b
 582 03d1 E2020000 		.4byte	0x2e2
 583 03d5 02       		.byte	0x2
 584 03d6 23       		.byte	0x23
ARM GAS  /tmp/ccSNPZwc.s 			page 12


 585 03d7 00       		.uleb128 0
 586 03d8 06       		.uleb128 0x6
 587 03d9 22030000 		.4byte	.LASF59
 588 03dd 06       		.byte	0x6
 589 03de 3D       		.byte	0x3d
 590 03df DC020000 		.4byte	0x2dc
 591 03e3 02       		.byte	0x2
 592 03e4 23       		.byte	0x23
 593 03e5 08       		.uleb128 0x8
 594 03e6 06       		.uleb128 0x6
 595 03e7 1A000000 		.4byte	.LASF60
 596 03eb 06       		.byte	0x6
 597 03ec 3F       		.byte	0x3f
 598 03ed 28050000 		.4byte	0x528
 599 03f1 02       		.byte	0x2
 600 03f2 23       		.byte	0x23
 601 03f3 0C       		.uleb128 0xc
 602 03f4 00       		.byte	0
 603 03f5 0B       		.uleb128 0xb
 604 03f6 04       		.byte	0x4
 605 03f7 BE030000 		.4byte	0x3be
 606 03fb 10       		.uleb128 0x10
 607 03fc D0020000 		.4byte	.LASF61
 608 0400 02       		.byte	0x2
 609 0401 0301     		.2byte	0x103
 610 0403 07040000 		.4byte	0x407
 611 0407 0B       		.uleb128 0xb
 612 0408 04       		.byte	0x4
 613 0409 0D040000 		.4byte	0x40d
 614 040d 11       		.uleb128 0x11
 615 040e 01       		.byte	0x1
 616 040f 19040000 		.4byte	0x419
 617 0413 12       		.uleb128 0x12
 618 0414 07020000 		.4byte	0x207
 619 0418 00       		.byte	0
 620 0419 10       		.uleb128 0x10
 621 041a F9000000 		.4byte	.LASF62
 622 041e 02       		.byte	0x2
 623 041f 0801     		.2byte	0x108
 624 0421 25040000 		.4byte	0x425
 625 0425 13       		.uleb128 0x13
 626 0426 32030000 		.4byte	.LASF63
 627 042a 14       		.byte	0x14
 628 042b 02       		.byte	0x2
 629 042c 0F01     		.2byte	0x10f
 630 042e 7E040000 		.4byte	0x47e
 631 0432 14       		.uleb128 0x14
 632 0433 C8010000 		.4byte	.LASF64
 633 0437 02       		.byte	0x2
 634 0438 1001     		.2byte	0x110
 635 043a 7E040000 		.4byte	0x47e
 636 043e 02       		.byte	0x2
 637 043f 23       		.byte	0x23
 638 0440 00       		.uleb128 0
 639 0441 14       		.uleb128 0x14
 640 0442 AF020000 		.4byte	.LASF65
 641 0446 02       		.byte	0x2
ARM GAS  /tmp/ccSNPZwc.s 			page 13


 642 0447 1101     		.2byte	0x111
 643 0449 7E040000 		.4byte	0x47e
 644 044d 02       		.byte	0x2
 645 044e 23       		.byte	0x23
 646 044f 04       		.uleb128 0x4
 647 0450 14       		.uleb128 0x14
 648 0451 13020000 		.4byte	.LASF66
 649 0455 02       		.byte	0x2
 650 0456 1201     		.2byte	0x112
 651 0458 F1010000 		.4byte	0x1f1
 652 045c 02       		.byte	0x2
 653 045d 23       		.byte	0x23
 654 045e 08       		.uleb128 0x8
 655 045f 14       		.uleb128 0x14
 656 0460 72000000 		.4byte	.LASF67
 657 0464 02       		.byte	0x2
 658 0465 1301     		.2byte	0x113
 659 0467 FB030000 		.4byte	0x3fb
 660 046b 02       		.byte	0x2
 661 046c 23       		.byte	0x23
 662 046d 0C       		.uleb128 0xc
 663 046e 14       		.uleb128 0x14
 664 046f 6B000000 		.4byte	.LASF68
 665 0473 02       		.byte	0x2
 666 0474 1501     		.2byte	0x115
 667 0476 07020000 		.4byte	0x207
 668 047a 02       		.byte	0x2
 669 047b 23       		.byte	0x23
 670 047c 10       		.uleb128 0x10
 671 047d 00       		.byte	0
 672 047e 0B       		.uleb128 0xb
 673 047f 04       		.byte	0x4
 674 0480 19040000 		.4byte	0x419
 675 0484 15       		.uleb128 0x15
 676 0485 0C       		.byte	0xc
 677 0486 02       		.byte	0x2
 678 0487 1F01     		.2byte	0x11f
 679 0489 CA040000 		.4byte	0x4ca
 680 048d 14       		.uleb128 0x14
 681 048e C8010000 		.4byte	.LASF64
 682 0492 02       		.byte	0x2
 683 0493 2001     		.2byte	0x120
 684 0495 7E040000 		.4byte	0x47e
 685 0499 02       		.byte	0x2
 686 049a 23       		.byte	0x23
 687 049b 00       		.uleb128 0
 688 049c 14       		.uleb128 0x14
 689 049d AF020000 		.4byte	.LASF65
 690 04a1 02       		.byte	0x2
 691 04a2 2201     		.2byte	0x122
 692 04a4 7E040000 		.4byte	0x47e
 693 04a8 02       		.byte	0x2
 694 04a9 23       		.byte	0x23
 695 04aa 04       		.uleb128 0x4
 696 04ab 14       		.uleb128 0x14
 697 04ac 13020000 		.4byte	.LASF66
 698 04b0 02       		.byte	0x2
ARM GAS  /tmp/ccSNPZwc.s 			page 14


 699 04b1 2401     		.2byte	0x124
 700 04b3 F1010000 		.4byte	0x1f1
 701 04b7 02       		.byte	0x2
 702 04b8 23       		.byte	0x23
 703 04b9 08       		.uleb128 0x8
 704 04ba 14       		.uleb128 0x14
 705 04bb B5000000 		.4byte	.LASF69
 706 04bf 02       		.byte	0x2
 707 04c0 2C01     		.2byte	0x12c
 708 04c2 F1010000 		.4byte	0x1f1
 709 04c6 02       		.byte	0x2
 710 04c7 23       		.byte	0x23
 711 04c8 0A       		.uleb128 0xa
 712 04c9 00       		.byte	0
 713 04ca 10       		.uleb128 0x10
 714 04cb D0010000 		.4byte	.LASF70
 715 04cf 02       		.byte	0x2
 716 04d0 2F01     		.2byte	0x12f
 717 04d2 84040000 		.4byte	0x484
 718 04d6 13       		.uleb128 0x13
 719 04d7 EF000000 		.4byte	.LASF71
 720 04db 2C       		.byte	0x2c
 721 04dc 02       		.byte	0x2
 722 04dd 3601     		.2byte	0x136
 723 04df 11050000 		.4byte	0x511
 724 04e3 14       		.uleb128 0x14
 725 04e4 31020000 		.4byte	.LASF72
 726 04e8 02       		.byte	0x2
 727 04e9 3A01     		.2byte	0x13a
 728 04eb 6C030000 		.4byte	0x36c
 729 04ef 02       		.byte	0x2
 730 04f0 23       		.byte	0x23
 731 04f1 00       		.uleb128 0
 732 04f2 14       		.uleb128 0x14
 733 04f3 40030000 		.4byte	.LASF73
 734 04f7 02       		.byte	0x2
 735 04f8 3E01     		.2byte	0x13e
 736 04fa CA040000 		.4byte	0x4ca
 737 04fe 02       		.byte	0x2
 738 04ff 23       		.byte	0x23
 739 0500 1C       		.uleb128 0x1c
 740 0501 14       		.uleb128 0x14
 741 0502 A2000000 		.4byte	.LASF74
 742 0506 02       		.byte	0x2
 743 0507 4301     		.2byte	0x143
 744 0509 9D010000 		.4byte	0x19d
 745 050d 02       		.byte	0x2
 746 050e 23       		.byte	0x23
 747 050f 28       		.uleb128 0x28
 748 0510 00       		.byte	0
 749 0511 10       		.uleb128 0x10
 750 0512 96000000 		.4byte	.LASF75
 751 0516 02       		.byte	0x2
 752 0517 6501     		.2byte	0x165
 753 0519 D6040000 		.4byte	0x4d6
 754 051d 04       		.uleb128 0x4
 755 051e 45020000 		.4byte	.LASF76
ARM GAS  /tmp/ccSNPZwc.s 			page 15


 756 0522 06       		.byte	0x6
 757 0523 35       		.byte	0x35
 758 0524 BE030000 		.4byte	0x3be
 759 0528 0B       		.uleb128 0xb
 760 0529 04       		.byte	0x4
 761 052a 1D050000 		.4byte	0x51d
 762 052e 03       		.uleb128 0x3
 763 052f 01       		.byte	0x1
 764 0530 02       		.byte	0x2
 765 0531 77020000 		.4byte	.LASF77
 766 0535 16       		.uleb128 0x16
 767 0536 15030000 		.4byte	.LASF78
 768 053a 07       		.byte	0x7
 769 053b 1606     		.2byte	0x616
 770 053d 98010000 		.4byte	0x198
 771 0541 01       		.byte	0x1
 772 0542 01       		.byte	0x1
 773 0543 17       		.uleb128 0x17
 774 0544 636800   		.ascii	"ch\000"
 775 0547 02       		.byte	0x2
 776 0548 8901     		.2byte	0x189
 777 054a 11050000 		.4byte	0x511
 778 054e 01       		.byte	0x1
 779 054f 01       		.byte	0x1
 780 0550 00       		.byte	0
 781              		.section	.debug_abbrev,"",%progbits
 782              	.Ldebug_abbrev0:
 783 0000 01       		.uleb128 0x1
 784 0001 11       		.uleb128 0x11
 785 0002 01       		.byte	0x1
 786 0003 25       		.uleb128 0x25
 787 0004 0E       		.uleb128 0xe
 788 0005 13       		.uleb128 0x13
 789 0006 0B       		.uleb128 0xb
 790 0007 03       		.uleb128 0x3
 791 0008 0E       		.uleb128 0xe
 792 0009 1B       		.uleb128 0x1b
 793 000a 0E       		.uleb128 0xe
 794 000b 10       		.uleb128 0x10
 795 000c 06       		.uleb128 0x6
 796 000d 00       		.byte	0
 797 000e 00       		.byte	0
 798 000f 02       		.uleb128 0x2
 799 0010 24       		.uleb128 0x24
 800 0011 00       		.byte	0
 801 0012 0B       		.uleb128 0xb
 802 0013 0B       		.uleb128 0xb
 803 0014 3E       		.uleb128 0x3e
 804 0015 0B       		.uleb128 0xb
 805 0016 03       		.uleb128 0x3
 806 0017 08       		.uleb128 0x8
 807 0018 00       		.byte	0
 808 0019 00       		.byte	0
 809 001a 03       		.uleb128 0x3
 810 001b 24       		.uleb128 0x24
 811 001c 00       		.byte	0
 812 001d 0B       		.uleb128 0xb
ARM GAS  /tmp/ccSNPZwc.s 			page 16


 813 001e 0B       		.uleb128 0xb
 814 001f 3E       		.uleb128 0x3e
 815 0020 0B       		.uleb128 0xb
 816 0021 03       		.uleb128 0x3
 817 0022 0E       		.uleb128 0xe
 818 0023 00       		.byte	0
 819 0024 00       		.byte	0
 820 0025 04       		.uleb128 0x4
 821 0026 16       		.uleb128 0x16
 822 0027 00       		.byte	0
 823 0028 03       		.uleb128 0x3
 824 0029 0E       		.uleb128 0xe
 825 002a 3A       		.uleb128 0x3a
 826 002b 0B       		.uleb128 0xb
 827 002c 3B       		.uleb128 0x3b
 828 002d 0B       		.uleb128 0xb
 829 002e 49       		.uleb128 0x49
 830 002f 13       		.uleb128 0x13
 831 0030 00       		.byte	0
 832 0031 00       		.byte	0
 833 0032 05       		.uleb128 0x5
 834 0033 13       		.uleb128 0x13
 835 0034 01       		.byte	0x1
 836 0035 03       		.uleb128 0x3
 837 0036 0E       		.uleb128 0xe
 838 0037 0B       		.uleb128 0xb
 839 0038 0B       		.uleb128 0xb
 840 0039 3A       		.uleb128 0x3a
 841 003a 0B       		.uleb128 0xb
 842 003b 3B       		.uleb128 0x3b
 843 003c 0B       		.uleb128 0xb
 844 003d 01       		.uleb128 0x1
 845 003e 13       		.uleb128 0x13
 846 003f 00       		.byte	0
 847 0040 00       		.byte	0
 848 0041 06       		.uleb128 0x6
 849 0042 0D       		.uleb128 0xd
 850 0043 00       		.byte	0
 851 0044 03       		.uleb128 0x3
 852 0045 0E       		.uleb128 0xe
 853 0046 3A       		.uleb128 0x3a
 854 0047 0B       		.uleb128 0xb
 855 0048 3B       		.uleb128 0x3b
 856 0049 0B       		.uleb128 0xb
 857 004a 49       		.uleb128 0x49
 858 004b 13       		.uleb128 0x13
 859 004c 38       		.uleb128 0x38
 860 004d 0A       		.uleb128 0xa
 861 004e 00       		.byte	0
 862 004f 00       		.byte	0
 863 0050 07       		.uleb128 0x7
 864 0051 0D       		.uleb128 0xd
 865 0052 00       		.byte	0
 866 0053 03       		.uleb128 0x3
 867 0054 08       		.uleb128 0x8
 868 0055 3A       		.uleb128 0x3a
 869 0056 0B       		.uleb128 0xb
ARM GAS  /tmp/ccSNPZwc.s 			page 17


 870 0057 3B       		.uleb128 0x3b
 871 0058 0B       		.uleb128 0xb
 872 0059 49       		.uleb128 0x49
 873 005a 13       		.uleb128 0x13
 874 005b 38       		.uleb128 0x38
 875 005c 0A       		.uleb128 0xa
 876 005d 00       		.byte	0
 877 005e 00       		.byte	0
 878 005f 08       		.uleb128 0x8
 879 0060 35       		.uleb128 0x35
 880 0061 00       		.byte	0
 881 0062 49       		.uleb128 0x49
 882 0063 13       		.uleb128 0x13
 883 0064 00       		.byte	0
 884 0065 00       		.byte	0
 885 0066 09       		.uleb128 0x9
 886 0067 0F       		.uleb128 0xf
 887 0068 00       		.byte	0
 888 0069 0B       		.uleb128 0xb
 889 006a 0B       		.uleb128 0xb
 890 006b 00       		.byte	0
 891 006c 00       		.byte	0
 892 006d 0A       		.uleb128 0xa
 893 006e 0D       		.uleb128 0xd
 894 006f 00       		.byte	0
 895 0070 03       		.uleb128 0x3
 896 0071 08       		.uleb128 0x8
 897 0072 3A       		.uleb128 0x3a
 898 0073 0B       		.uleb128 0xb
 899 0074 3B       		.uleb128 0x3b
 900 0075 05       		.uleb128 0x5
 901 0076 49       		.uleb128 0x49
 902 0077 13       		.uleb128 0x13
 903 0078 38       		.uleb128 0x38
 904 0079 0A       		.uleb128 0xa
 905 007a 00       		.byte	0
 906 007b 00       		.byte	0
 907 007c 0B       		.uleb128 0xb
 908 007d 0F       		.uleb128 0xf
 909 007e 00       		.byte	0
 910 007f 0B       		.uleb128 0xb
 911 0080 0B       		.uleb128 0xb
 912 0081 49       		.uleb128 0x49
 913 0082 13       		.uleb128 0x13
 914 0083 00       		.byte	0
 915 0084 00       		.byte	0
 916 0085 0C       		.uleb128 0xc
 917 0086 13       		.uleb128 0x13
 918 0087 01       		.byte	0x1
 919 0088 0B       		.uleb128 0xb
 920 0089 0B       		.uleb128 0xb
 921 008a 3A       		.uleb128 0x3a
 922 008b 0B       		.uleb128 0xb
 923 008c 3B       		.uleb128 0x3b
 924 008d 0B       		.uleb128 0xb
 925 008e 01       		.uleb128 0x1
 926 008f 13       		.uleb128 0x13
ARM GAS  /tmp/ccSNPZwc.s 			page 18


 927 0090 00       		.byte	0
 928 0091 00       		.byte	0
 929 0092 0D       		.uleb128 0xd
 930 0093 17       		.uleb128 0x17
 931 0094 01       		.byte	0x1
 932 0095 0B       		.uleb128 0xb
 933 0096 0B       		.uleb128 0xb
 934 0097 3A       		.uleb128 0x3a
 935 0098 0B       		.uleb128 0xb
 936 0099 3B       		.uleb128 0x3b
 937 009a 0B       		.uleb128 0xb
 938 009b 01       		.uleb128 0x1
 939 009c 13       		.uleb128 0x13
 940 009d 00       		.byte	0
 941 009e 00       		.byte	0
 942 009f 0E       		.uleb128 0xe
 943 00a0 0D       		.uleb128 0xd
 944 00a1 00       		.byte	0
 945 00a2 03       		.uleb128 0x3
 946 00a3 0E       		.uleb128 0xe
 947 00a4 3A       		.uleb128 0x3a
 948 00a5 0B       		.uleb128 0xb
 949 00a6 3B       		.uleb128 0x3b
 950 00a7 0B       		.uleb128 0xb
 951 00a8 49       		.uleb128 0x49
 952 00a9 13       		.uleb128 0x13
 953 00aa 00       		.byte	0
 954 00ab 00       		.byte	0
 955 00ac 0F       		.uleb128 0xf
 956 00ad 26       		.uleb128 0x26
 957 00ae 00       		.byte	0
 958 00af 49       		.uleb128 0x49
 959 00b0 13       		.uleb128 0x13
 960 00b1 00       		.byte	0
 961 00b2 00       		.byte	0
 962 00b3 10       		.uleb128 0x10
 963 00b4 16       		.uleb128 0x16
 964 00b5 00       		.byte	0
 965 00b6 03       		.uleb128 0x3
 966 00b7 0E       		.uleb128 0xe
 967 00b8 3A       		.uleb128 0x3a
 968 00b9 0B       		.uleb128 0xb
 969 00ba 3B       		.uleb128 0x3b
 970 00bb 05       		.uleb128 0x5
 971 00bc 49       		.uleb128 0x49
 972 00bd 13       		.uleb128 0x13
 973 00be 00       		.byte	0
 974 00bf 00       		.byte	0
 975 00c0 11       		.uleb128 0x11
 976 00c1 15       		.uleb128 0x15
 977 00c2 01       		.byte	0x1
 978 00c3 27       		.uleb128 0x27
 979 00c4 0C       		.uleb128 0xc
 980 00c5 01       		.uleb128 0x1
 981 00c6 13       		.uleb128 0x13
 982 00c7 00       		.byte	0
 983 00c8 00       		.byte	0
ARM GAS  /tmp/ccSNPZwc.s 			page 19


 984 00c9 12       		.uleb128 0x12
 985 00ca 05       		.uleb128 0x5
 986 00cb 00       		.byte	0
 987 00cc 49       		.uleb128 0x49
 988 00cd 13       		.uleb128 0x13
 989 00ce 00       		.byte	0
 990 00cf 00       		.byte	0
 991 00d0 13       		.uleb128 0x13
 992 00d1 13       		.uleb128 0x13
 993 00d2 01       		.byte	0x1
 994 00d3 03       		.uleb128 0x3
 995 00d4 0E       		.uleb128 0xe
 996 00d5 0B       		.uleb128 0xb
 997 00d6 0B       		.uleb128 0xb
 998 00d7 3A       		.uleb128 0x3a
 999 00d8 0B       		.uleb128 0xb
 1000 00d9 3B       		.uleb128 0x3b
 1001 00da 05       		.uleb128 0x5
 1002 00db 01       		.uleb128 0x1
 1003 00dc 13       		.uleb128 0x13
 1004 00dd 00       		.byte	0
 1005 00de 00       		.byte	0
 1006 00df 14       		.uleb128 0x14
 1007 00e0 0D       		.uleb128 0xd
 1008 00e1 00       		.byte	0
 1009 00e2 03       		.uleb128 0x3
 1010 00e3 0E       		.uleb128 0xe
 1011 00e4 3A       		.uleb128 0x3a
 1012 00e5 0B       		.uleb128 0xb
 1013 00e6 3B       		.uleb128 0x3b
 1014 00e7 05       		.uleb128 0x5
 1015 00e8 49       		.uleb128 0x49
 1016 00e9 13       		.uleb128 0x13
 1017 00ea 38       		.uleb128 0x38
 1018 00eb 0A       		.uleb128 0xa
 1019 00ec 00       		.byte	0
 1020 00ed 00       		.byte	0
 1021 00ee 15       		.uleb128 0x15
 1022 00ef 13       		.uleb128 0x13
 1023 00f0 01       		.byte	0x1
 1024 00f1 0B       		.uleb128 0xb
 1025 00f2 0B       		.uleb128 0xb
 1026 00f3 3A       		.uleb128 0x3a
 1027 00f4 0B       		.uleb128 0xb
 1028 00f5 3B       		.uleb128 0x3b
 1029 00f6 05       		.uleb128 0x5
 1030 00f7 01       		.uleb128 0x1
 1031 00f8 13       		.uleb128 0x13
 1032 00f9 00       		.byte	0
 1033 00fa 00       		.byte	0
 1034 00fb 16       		.uleb128 0x16
 1035 00fc 34       		.uleb128 0x34
 1036 00fd 00       		.byte	0
 1037 00fe 03       		.uleb128 0x3
 1038 00ff 0E       		.uleb128 0xe
 1039 0100 3A       		.uleb128 0x3a
 1040 0101 0B       		.uleb128 0xb
ARM GAS  /tmp/ccSNPZwc.s 			page 20


 1041 0102 3B       		.uleb128 0x3b
 1042 0103 05       		.uleb128 0x5
 1043 0104 49       		.uleb128 0x49
 1044 0105 13       		.uleb128 0x13
 1045 0106 3F       		.uleb128 0x3f
 1046 0107 0C       		.uleb128 0xc
 1047 0108 3C       		.uleb128 0x3c
 1048 0109 0C       		.uleb128 0xc
 1049 010a 00       		.byte	0
 1050 010b 00       		.byte	0
 1051 010c 17       		.uleb128 0x17
 1052 010d 34       		.uleb128 0x34
 1053 010e 00       		.byte	0
 1054 010f 03       		.uleb128 0x3
 1055 0110 08       		.uleb128 0x8
 1056 0111 3A       		.uleb128 0x3a
 1057 0112 0B       		.uleb128 0xb
 1058 0113 3B       		.uleb128 0x3b
 1059 0114 05       		.uleb128 0x5
 1060 0115 49       		.uleb128 0x49
 1061 0116 13       		.uleb128 0x13
 1062 0117 3F       		.uleb128 0x3f
 1063 0118 0C       		.uleb128 0xc
 1064 0119 3C       		.uleb128 0x3c
 1065 011a 0C       		.uleb128 0xc
 1066 011b 00       		.byte	0
 1067 011c 00       		.byte	0
 1068 011d 00       		.byte	0
 1069              		.section	.debug_aranges,"",%progbits
 1070 0000 14000000 		.4byte	0x14
 1071 0004 0200     		.2byte	0x2
 1072 0006 00000000 		.4byte	.Ldebug_info0
 1073 000a 04       		.byte	0x4
 1074 000b 00       		.byte	0
 1075 000c 0000     		.2byte	0
 1076 000e 0000     		.2byte	0
 1077 0010 00000000 		.4byte	0
 1078 0014 00000000 		.4byte	0
 1079              		.section	.debug_line,"",%progbits
 1080              	.Ldebug_line0:
 1081 0000 59010000 		.section	.debug_str,"MS",%progbits,1
 1081      02005301 
 1081      00000201 
 1081      FB0E0D00 
 1081      01010101 
 1082              	.LASF33:
 1083 0000 74726566 		.ascii	"trefs_t\000"
 1083      735F7400 
 1084              	.LASF3:
 1085 0008 73686F72 		.ascii	"short int\000"
 1085      7420696E 
 1085      7400
 1086              	.LASF45:
 1087 0012 725F7175 		.ascii	"r_queue\000"
 1087      65756500 
 1088              	.LASF60:
 1089 001a 6D5F6E65 		.ascii	"m_next\000"
ARM GAS  /tmp/ccSNPZwc.s 			page 21


 1089      787400
 1090              	.LASF37:
 1091 0021 73697A65 		.ascii	"sizetype\000"
 1091      74797065 
 1091      00
 1092              	.LASF52:
 1093 002a 7264796D 		.ascii	"rdymsg\000"
 1093      736700
 1094              	.LASF14:
 1095 0031 705F7072 		.ascii	"p_prev\000"
 1095      657600
 1096              	.LASF47:
 1097 0038 725F6374 		.ascii	"r_ctx\000"
 1097      7800
 1098              	.LASF36:
 1099 003e 6576656E 		.ascii	"eventmask_t\000"
 1099      746D6173 
 1099      6B5F7400 
 1100              	.LASF24:
 1101 004a 705F6D73 		.ascii	"p_msgqueue\000"
 1101      67717565 
 1101      756500
 1102              	.LASF15:
 1103 0055 705F7072 		.ascii	"p_prio\000"
 1103      696F00
 1104              	.LASF13:
 1105 005c 705F6E65 		.ascii	"p_next\000"
 1105      787400
 1106              	.LASF30:
 1107 0063 7274636E 		.ascii	"rtcnt_t\000"
 1107      745F7400 
 1108              	.LASF68:
 1109 006b 76745F70 		.ascii	"vt_par\000"
 1109      617200
 1110              	.LASF67:
 1111 0072 76745F66 		.ascii	"vt_func\000"
 1111      756E6300 
 1112              	.LASF39:
 1113 007a 72656761 		.ascii	"regarm_t\000"
 1113      726D5F74 
 1113      00
 1114              	.LASF4:
 1115 0083 75696E74 		.ascii	"uint8_t\000"
 1115      385F7400 
 1116              	.LASF26:
 1117 008b 705F6570 		.ascii	"p_epending\000"
 1117      656E6469 
 1117      6E6700
 1118              	.LASF75:
 1119 0096 63685F73 		.ascii	"ch_system_t\000"
 1119      79737465 
 1119      6D5F7400 
 1120              	.LASF74:
 1121 00a2 6D656173 		.ascii	"measurement_offset\000"
 1121      7572656D 
 1121      656E745F 
 1121      6F666673 
ARM GAS  /tmp/ccSNPZwc.s 			page 22


 1121      657400
 1122              	.LASF69:
 1123 00b5 76745F6C 		.ascii	"vt_lasttime\000"
 1123      61737474 
 1123      696D6500 
 1124              	.LASF31:
 1125 00c1 746D6F64 		.ascii	"tmode_t\000"
 1125      655F7400 
 1126              	.LASF11:
 1127 00c9 6C6F6E67 		.ascii	"long long int\000"
 1127      206C6F6E 
 1127      6720696E 
 1127      7400
 1128              	.LASF19:
 1129 00d7 705F6E61 		.ascii	"p_name\000"
 1129      6D6500
 1130              	.LASF34:
 1131 00de 74707269 		.ascii	"tprio_t\000"
 1131      6F5F7400 
 1132              	.LASF8:
 1133 00e6 6C6F6E67 		.ascii	"long int\000"
 1133      20696E74 
 1133      00
 1134              	.LASF71:
 1135 00ef 63685F73 		.ascii	"ch_system\000"
 1135      79737465 
 1135      6D00
 1136              	.LASF62:
 1137 00f9 76697274 		.ascii	"virtual_timer_t\000"
 1137      75616C5F 
 1137      74696D65 
 1137      725F7400 
 1138              	.LASF58:
 1139 0109 6D5F7175 		.ascii	"m_queue\000"
 1139      65756500 
 1140              	.LASF41:
 1141 0111 636F6E74 		.ascii	"context\000"
 1141      65787400 
 1142              	.LASF50:
 1143 0119 725F6375 		.ascii	"r_current\000"
 1143      7272656E 
 1143      7400
 1144              	.LASF25:
 1145 0123 705F6D73 		.ascii	"p_msg\000"
 1145      6700
 1146              	.LASF2:
 1147 0129 756E7369 		.ascii	"unsigned char\000"
 1147      676E6564 
 1147      20636861 
 1147      7200
 1148              	.LASF55:
 1149 0137 65776D61 		.ascii	"ewmask\000"
 1149      736B00
 1150              	.LASF1:
 1151 013e 7369676E 		.ascii	"signed char\000"
 1151      65642063 
 1151      68617200 
ARM GAS  /tmp/ccSNPZwc.s 			page 23


 1152              	.LASF17:
 1153 014a 705F6E65 		.ascii	"p_newer\000"
 1153      77657200 
 1154              	.LASF12:
 1155 0152 6C6F6E67 		.ascii	"long long unsigned int\000"
 1155      206C6F6E 
 1155      6720756E 
 1155      7369676E 
 1155      65642069 
 1156              	.LASF9:
 1157 0169 75696E74 		.ascii	"uint32_t\000"
 1157      33325F74 
 1157      00
 1158              	.LASF0:
 1159 0172 756E7369 		.ascii	"unsigned int\000"
 1159      676E6564 
 1159      20696E74 
 1159      00
 1160              	.LASF79:
 1161 017f 474E5520 		.ascii	"GNU C 4.7.4 20130913 (release) [ARM/embedded-4_7-br"
 1161      4320342E 
 1161      372E3420 
 1161      32303133 
 1161      30393133 
 1162 01b2 616E6368 		.ascii	"anch revision 202601]\000"
 1162      20726576 
 1162      6973696F 
 1162      6E203230 
 1162      32363031 
 1163              	.LASF64:
 1164 01c8 76745F6E 		.ascii	"vt_next\000"
 1164      65787400 
 1165              	.LASF70:
 1166 01d0 76697274 		.ascii	"virtual_timers_list_t\000"
 1166      75616C5F 
 1166      74696D65 
 1166      72735F6C 
 1166      6973745F 
 1167              	.LASF43:
 1168 01e6 74687265 		.ascii	"threads_queue_t\000"
 1168      6164735F 
 1168      71756575 
 1168      655F7400 
 1169              	.LASF57:
 1170 01f6 6D757465 		.ascii	"mutex\000"
 1170      7800
 1171              	.LASF40:
 1172 01fc 74687265 		.ascii	"thread\000"
 1172      616400
 1173              	.LASF48:
 1174 0203 725F6E65 		.ascii	"r_newer\000"
 1174      77657200 
 1175              	.LASF21:
 1176 020b 705F666C 		.ascii	"p_flags\000"
 1176      61677300 
 1177              	.LASF66:
 1178 0213 76745F64 		.ascii	"vt_delta\000"
ARM GAS  /tmp/ccSNPZwc.s 			page 24


 1178      656C7461 
 1178      00
 1179              	.LASF28:
 1180 021c 705F7265 		.ascii	"p_realprio\000"
 1180      616C7072 
 1180      696F00
 1181              	.LASF38:
 1182 0227 73797374 		.ascii	"systime_t\000"
 1182      696D655F 
 1182      7400
 1183              	.LASF72:
 1184 0231 726C6973 		.ascii	"rlist\000"
 1184      7400
 1185              	.LASF56:
 1186 0237 63686172 		.ascii	"char\000"
 1186      00
 1187              	.LASF5:
 1188 023c 75696E74 		.ascii	"uint16_t\000"
 1188      31365F74 
 1188      00
 1189              	.LASF76:
 1190 0245 6D757465 		.ascii	"mutex_t\000"
 1190      785F7400 
 1191              	.LASF7:
 1192 024d 696E7433 		.ascii	"int32_t\000"
 1192      325F7400 
 1193              	.LASF46:
 1194 0255 725F7072 		.ascii	"r_prio\000"
 1194      696F00
 1195              	.LASF20:
 1196 025c 705F7374 		.ascii	"p_state\000"
 1196      61746500 
 1197              	.LASF6:
 1198 0264 73686F72 		.ascii	"short unsigned int\000"
 1198      7420756E 
 1198      7369676E 
 1198      65642069 
 1198      6E7400
 1199              	.LASF77:
 1200 0277 5F426F6F 		.ascii	"_Bool\000"
 1200      6C00
 1201              	.LASF23:
 1202 027d 705F7761 		.ascii	"p_waiting\000"
 1202      6974696E 
 1202      6700
 1203              	.LASF27:
 1204 0287 705F6D74 		.ascii	"p_mtxlist\000"
 1204      786C6973 
 1204      7400
 1205              	.LASF10:
 1206 0291 6C6F6E67 		.ascii	"long unsigned int\000"
 1206      20756E73 
 1206      69676E65 
 1206      6420696E 
 1206      7400
 1207              	.LASF42:
 1208 02a3 706F7274 		.ascii	"port_intctx\000"
ARM GAS  /tmp/ccSNPZwc.s 			page 25


 1208      5F696E74 
 1208      63747800 
 1209              	.LASF65:
 1210 02af 76745F70 		.ascii	"vt_prev\000"
 1210      72657600 
 1211              	.LASF54:
 1212 02b7 77746F62 		.ascii	"wtobjp\000"
 1212      6A7000
 1213              	.LASF32:
 1214 02be 74737461 		.ascii	"tstate_t\000"
 1214      74655F74 
 1214      00
 1215              	.LASF53:
 1216 02c7 65786974 		.ascii	"exitcode\000"
 1216      636F6465 
 1216      00
 1217              	.LASF61:
 1218 02d0 76746675 		.ascii	"vtfunc_t\000"
 1218      6E635F74 
 1218      00
 1219              	.LASF18:
 1220 02d9 705F6F6C 		.ascii	"p_older\000"
 1220      64657200 
 1221              	.LASF51:
 1222 02e1 72656164 		.ascii	"ready_list_t\000"
 1222      795F6C69 
 1222      73745F74 
 1222      00
 1223              	.LASF80:
 1224 02ee 2E2E2F2E 		.ascii	"../../../os/hal/src/can.c\000"
 1224      2E2F2E2E 
 1224      2F6F732F 
 1224      68616C2F 
 1224      7372632F 
 1225              	.LASF22:
 1226 0308 705F7265 		.ascii	"p_refs\000"
 1226      667300
 1227              	.LASF16:
 1228 030f 705F6374 		.ascii	"p_ctx\000"
 1228      7800
 1229              	.LASF78:
 1230 0315 49544D5F 		.ascii	"ITM_RxBuffer\000"
 1230      52784275 
 1230      66666572 
 1230      00
 1231              	.LASF59:
 1232 0322 6D5F6F77 		.ascii	"m_owner\000"
 1232      6E657200 
 1233              	.LASF29:
 1234 032a 705F6D70 		.ascii	"p_mpool\000"
 1234      6F6F6C00 
 1235              	.LASF63:
 1236 0332 76697274 		.ascii	"virtual_timer\000"
 1236      75616C5F 
 1236      74696D65 
 1236      7200
 1237              	.LASF73:
ARM GAS  /tmp/ccSNPZwc.s 			page 26


 1238 0340 76746C69 		.ascii	"vtlist\000"
 1238      737400
 1239              	.LASF35:
 1240 0347 6D73675F 		.ascii	"msg_t\000"
 1240      7400
 1241              	.LASF81:
 1242 034d 2F686F6D 		.ascii	"/home/joerg/repos/chibios-projects/ChibiOS-RT/demos"
 1242      652F6A6F 
 1242      6572672F 
 1242      7265706F 
 1242      732F6368 
 1243 0380 2F53544D 		.ascii	"/STM32/RT-STM32F103-OLIMEX_STM32_P103\000"
 1243      33322F52 
 1243      542D5354 
 1243      4D333246 
 1243      3130332D 
 1244              	.LASF49:
 1245 03a6 725F6F6C 		.ascii	"r_older\000"
 1245      64657200 
 1246              	.LASF44:
 1247 03ae 74687265 		.ascii	"threads_list_t\000"
 1247      6164735F 
 1247      6C697374 
 1247      5F7400
 1248              		.comm	__gnu_lto_v1,1,1
 1249              		.ident	"GCC: (GNU Tools for ARM Embedded Processors) 4.7.4 20130913 (release) [ARM/embedded-4_7-br
ARM GAS  /tmp/ccSNPZwc.s 			page 27


DEFINED SYMBOLS
                            *ABS*:00000000 can.c
                            *COM*:00000001 __gnu_lto_v1

NO UNDEFINED SYMBOLS
