ARM GAS  /tmp/cc6SPjRl.s 			page 1


   1              		.syntax unified
   2              		.cpu cortex-m3
   3              		.fpu softvfp
   4              		.eabi_attribute 20, 1
   5              		.eabi_attribute 21, 1
   6              		.eabi_attribute 23, 3
   7              		.eabi_attribute 24, 1
   8              		.eabi_attribute 25, 1
   9              		.eabi_attribute 26, 1
  10              		.eabi_attribute 30, 2
  11              		.eabi_attribute 34, 1
  12              		.eabi_attribute 18, 4
  13              		.thumb
  14              		.file	"chstats.c"
  15              		.text
  16              	.Ltext0:
  17              		.section	.gnu.lto_.inline.10263fbe824d60ff,"",%progbits
  18 0000 789C6362 		.ascii	"x\234cb`d\340e\300\016\230\340,\000\002d\000\023"
  18      6064E065 
  18      C00E98E0 
  18      2C000264 
  18      0013
  19              		.text
  20              		.section	.gnu.lto_.pureconst.10263fbe824d60ff,"",%progbits
  21 0000 789C6362 		.ascii	"x\234cb`d`f`\000\222P\000\000\000r\000\010"
  21      60646066 
  21      60009250 
  21      00000072 
  21      0008
  22              		.text
  23              		.section	.gnu.lto_.cgraph.10263fbe824d60ff,"",%progbits
  24 0000 789C6362 		.ascii	"x\234cb`d`f```b\200\001\000\000\204\000\011"
  24      60646066 
  24      60606062 
  24      80010000 
  24      840009
  25              		.text
  26              		.section	.gnu.lto_.vars.10263fbe824d60ff,"",%progbits
  27 0000 789C6362 		.ascii	"x\234cb`d`f`\000\222P\000\000\000r\000\010"
  27      60646066 
  27      60009250 
  27      00000072 
  27      0008
  28              		.text
  29              		.section	.gnu.lto_.refs.10263fbe824d60ff,"",%progbits
  30 0000 789C6362 		.ascii	"x\234cb`d`f```b\200\001\000\000\204\000\011"
  30      60646066 
  30      60606062 
  30      80010000 
  30      840009
  31              		.text
  32              		.section	.gnu.lto_.statics.10263fbe824d60ff,"",%progbits
  33 0000 789C6362 		.ascii	"x\234cb`d`b\300\016@\342\214\020&\000\000\375\000\011"
  33      60646062 
  33      C00E40E2 
  33      8C102600 
  33      00FD0009 
ARM GAS  /tmp/cc6SPjRl.s 			page 2


  34              		.text
  35              		.section	.gnu.lto_.decls.10263fbe824d60ff,"",%progbits
  36 0000 789C6362 		.ascii	"x\234cb`d\000\001\025 \376\017\004 6#\024\3332\020\000"
  36      60640001 
  36      1520FE0F 
  36      04203623 
  36      14DB3210 
  37 0015 00CDD304 		.ascii	"\000\315\323\004c"
  37      63
  38              		.text
  39              		.section	.gnu.lto_.symtab.10263fbe824d60ff,"",%progbits
  40              		.text
  41              		.section	.gnu.lto_.opts,"",%progbits
  42 0000 272D6D63 		.ascii	"'-mcpu=cortex-m3''-mno-thumb-interwork''-mthumb''-g"
  42      70753D63 
  42      6F727465 
  42      782D6D33 
  42      27272D6D 
  43 0033 67646227 		.ascii	"gdb''-O2''-fomit-frame-pointer''-falign-functions=1"
  43      272D4F32 
  43      27272D66 
  43      6F6D6974 
  43      2D667261 
  44 0066 3627272D 		.ascii	"6''-ffunction-sections''-fdata-sections''-fno-commo"
  44      6666756E 
  44      6374696F 
  44      6E2D7365 
  44      6374696F 
  45 0099 6E27272D 		.ascii	"n''-flto'\000"
  45      666C746F 
  45      2700
  46              		.text
  47              		.cfi_sections	.debug_frame
  48              	.Letext0:
  49              		.file 1 "../../../os/rt/include/chschd.h"
  50              		.file 2 "/opt/ARM/gcc-arm-none-eabi-4_7-2013q3/bin/../lib/gcc/arm-none-eabi/4.7.4/../../../../arm-
  51              		.file 3 "../../../os/rt/ports/ARMCMx/compilers/GCC/chtypes.h"
  52              		.file 4 "../../../os/rt/ports/ARMCMx/chcore.h"
  53              		.file 5 "../../../os/rt/ports/ARMCMx/chcore_v7m.h"
  54              		.file 6 "../../../os/rt/include/chmtx.h"
  55              		.file 7 "../../../os/ext/CMSIS/include/core_cm3.h"
  56              		.section	.debug_info,"",%progbits
  57              	.Ldebug_info0:
  58 0000 46050000 		.4byte	0x546
  59 0004 0200     		.2byte	0x2
  60 0006 00000000 		.4byte	.Ldebug_abbrev0
  61 000a 04       		.byte	0x4
  62 000b 01       		.uleb128 0x1
  63 000c 9C010000 		.4byte	.LASF78
  64 0010 01       		.byte	0x1
  65 0011 29010000 		.4byte	.LASF79
  66 0015 4A030000 		.4byte	.LASF80
  67 0019 00000000 		.4byte	.Ldebug_line0
  68 001d 02       		.uleb128 0x2
  69 001e 19020000 		.4byte	.LASF40
  70 0022 44       		.byte	0x44
  71 0023 01       		.byte	0x1
ARM GAS  /tmp/cc6SPjRl.s 			page 3


  72 0024 79       		.byte	0x79
  73 0025 26010000 		.4byte	0x126
  74 0029 03       		.uleb128 0x3
  75 002a 5C000000 		.4byte	.LASF0
  76 002e 01       		.byte	0x1
  77 002f 7A       		.byte	0x7a
  78 0030 DC020000 		.4byte	0x2dc
  79 0034 02       		.byte	0x2
  80 0035 23       		.byte	0x23
  81 0036 00       		.uleb128 0
  82 0037 03       		.uleb128 0x3
  83 0038 31000000 		.4byte	.LASF1
  84 003c 01       		.byte	0x1
  85 003d 7C       		.byte	0x7c
  86 003e DC020000 		.4byte	0x2dc
  87 0042 02       		.byte	0x2
  88 0043 23       		.byte	0x23
  89 0044 04       		.uleb128 0x4
  90 0045 03       		.uleb128 0x3
  91 0046 55000000 		.4byte	.LASF2
  92 004a 01       		.byte	0x1
  93 004b 7E       		.byte	0x7e
  94 004c C9010000 		.4byte	0x1c9
  95 0050 02       		.byte	0x2
  96 0051 23       		.byte	0x23
  97 0052 08       		.uleb128 0x8
  98 0053 03       		.uleb128 0x3
  99 0054 0C030000 		.4byte	.LASF3
 100 0058 01       		.byte	0x1
 101 0059 7F       		.byte	0x7f
 102 005a 09020000 		.4byte	0x209
 103 005e 02       		.byte	0x2
 104 005f 23       		.byte	0x23
 105 0060 0C       		.uleb128 0xc
 106 0061 03       		.uleb128 0x3
 107 0062 67010000 		.4byte	.LASF4
 108 0066 01       		.byte	0x1
 109 0067 81       		.byte	0x81
 110 0068 DC020000 		.4byte	0x2dc
 111 006c 02       		.byte	0x2
 112 006d 23       		.byte	0x23
 113 006e 10       		.uleb128 0x10
 114 006f 03       		.uleb128 0x3
 115 0070 F0020000 		.4byte	.LASF5
 116 0074 01       		.byte	0x1
 117 0075 82       		.byte	0x82
 118 0076 DC020000 		.4byte	0x2dc
 119 007a 02       		.byte	0x2
 120 007b 23       		.byte	0x23
 121 007c 14       		.uleb128 0x14
 122 007d 03       		.uleb128 0x3
 123 007e D7000000 		.4byte	.LASF6
 124 0082 01       		.byte	0x1
 125 0083 89       		.byte	0x89
 126 0084 AC030000 		.4byte	0x3ac
 127 0088 02       		.byte	0x2
 128 0089 23       		.byte	0x23
ARM GAS  /tmp/cc6SPjRl.s 			page 4


 129 008a 18       		.uleb128 0x18
 130 008b 03       		.uleb128 0x3
 131 008c 79020000 		.4byte	.LASF7
 132 0090 01       		.byte	0x1
 133 0091 94       		.byte	0x94
 134 0092 B3010000 		.4byte	0x1b3
 135 0096 02       		.byte	0x2
 136 0097 23       		.byte	0x23
 137 0098 1C       		.uleb128 0x1c
 138 0099 03       		.uleb128 0x3
 139 009a 28020000 		.4byte	.LASF8
 140 009e 01       		.byte	0x1
 141 009f 98       		.byte	0x98
 142 00a0 A8010000 		.4byte	0x1a8
 143 00a4 02       		.byte	0x2
 144 00a5 23       		.byte	0x23
 145 00a6 1D       		.uleb128 0x1d
 146 00a7 03       		.uleb128 0x3
 147 00a8 05030000 		.4byte	.LASF9
 148 00ac 01       		.byte	0x1
 149 00ad 9D       		.byte	0x9d
 150 00ae BE010000 		.4byte	0x1be
 151 00b2 02       		.byte	0x2
 152 00b3 23       		.byte	0x23
 153 00b4 1E       		.uleb128 0x1e
 154 00b5 04       		.uleb128 0x4
 155 00b6 705F7500 		.ascii	"p_u\000"
 156 00ba 01       		.byte	0x1
 157 00bb CF       		.byte	0xcf
 158 00bc 77030000 		.4byte	0x377
 159 00c0 02       		.byte	0x2
 160 00c1 23       		.byte	0x23
 161 00c2 20       		.uleb128 0x20
 162 00c3 03       		.uleb128 0x3
 163 00c4 94020000 		.4byte	.LASF10
 164 00c8 01       		.byte	0x1
 165 00c9 D4       		.byte	0xd4
 166 00ca 04030000 		.4byte	0x304
 167 00ce 02       		.byte	0x2
 168 00cf 23       		.byte	0x23
 169 00d0 24       		.uleb128 0x24
 170 00d1 03       		.uleb128 0x3
 171 00d2 4A000000 		.4byte	.LASF11
 172 00d6 01       		.byte	0x1
 173 00d7 DA       		.byte	0xda
 174 00d8 E2020000 		.4byte	0x2e2
 175 00dc 02       		.byte	0x2
 176 00dd 23       		.byte	0x23
 177 00de 28       		.uleb128 0x28
 178 00df 03       		.uleb128 0x3
 179 00e0 23010000 		.4byte	.LASF12
 180 00e4 01       		.byte	0x1
 181 00e5 DE       		.byte	0xde
 182 00e6 D4010000 		.4byte	0x1d4
 183 00ea 02       		.byte	0x2
 184 00eb 23       		.byte	0x23
 185 00ec 30       		.uleb128 0x30
ARM GAS  /tmp/cc6SPjRl.s 			page 5


 186 00ed 03       		.uleb128 0x3
 187 00ee 8B000000 		.4byte	.LASF13
 188 00f2 01       		.byte	0x1
 189 00f3 E4       		.byte	0xe4
 190 00f4 DF010000 		.4byte	0x1df
 191 00f8 02       		.byte	0x2
 192 00f9 23       		.byte	0x23
 193 00fa 34       		.uleb128 0x34
 194 00fb 03       		.uleb128 0x3
 195 00fc 9E020000 		.4byte	.LASF14
 196 0100 01       		.byte	0x1
 197 0101 EB       		.byte	0xeb
 198 0102 F5030000 		.4byte	0x3f5
 199 0106 02       		.byte	0x2
 200 0107 23       		.byte	0x23
 201 0108 38       		.uleb128 0x38
 202 0109 03       		.uleb128 0x3
 203 010a 39020000 		.4byte	.LASF15
 204 010e 01       		.byte	0x1
 205 010f EF       		.byte	0xef
 206 0110 C9010000 		.4byte	0x1c9
 207 0114 02       		.byte	0x2
 208 0115 23       		.byte	0x23
 209 0116 3C       		.uleb128 0x3c
 210 0117 03       		.uleb128 0x3
 211 0118 27030000 		.4byte	.LASF16
 212 011c 01       		.byte	0x1
 213 011d F5       		.byte	0xf5
 214 011e 07020000 		.4byte	0x207
 215 0122 02       		.byte	0x2
 216 0123 23       		.byte	0x23
 217 0124 40       		.uleb128 0x40
 218 0125 00       		.byte	0
 219 0126 05       		.uleb128 0x5
 220 0127 04       		.byte	0x4
 221 0128 05       		.byte	0x5
 222 0129 696E7400 		.ascii	"int\000"
 223 012d 06       		.uleb128 0x6
 224 012e 04       		.byte	0x4
 225 012f 07       		.byte	0x7
 226 0130 8F010000 		.4byte	.LASF17
 227 0134 06       		.uleb128 0x6
 228 0135 01       		.byte	0x1
 229 0136 06       		.byte	0x6
 230 0137 5B010000 		.4byte	.LASF18
 231 013b 07       		.uleb128 0x7
 232 013c 83000000 		.4byte	.LASF21
 233 0140 02       		.byte	0x2
 234 0141 2A       		.byte	0x2a
 235 0142 46010000 		.4byte	0x146
 236 0146 06       		.uleb128 0x6
 237 0147 01       		.byte	0x1
 238 0148 08       		.byte	0x8
 239 0149 46010000 		.4byte	.LASF19
 240 014d 06       		.uleb128 0x6
 241 014e 02       		.byte	0x2
 242 014f 05       		.byte	0x5
ARM GAS  /tmp/cc6SPjRl.s 			page 6


 243 0150 08000000 		.4byte	.LASF20
 244 0154 07       		.uleb128 0x7
 245 0155 59020000 		.4byte	.LASF22
 246 0159 02       		.byte	0x2
 247 015a 36       		.byte	0x36
 248 015b 5F010000 		.4byte	0x15f
 249 015f 06       		.uleb128 0x6
 250 0160 02       		.byte	0x2
 251 0161 07       		.byte	0x7
 252 0162 81020000 		.4byte	.LASF23
 253 0166 07       		.uleb128 0x7
 254 0167 6A020000 		.4byte	.LASF24
 255 016b 02       		.byte	0x2
 256 016c 4F       		.byte	0x4f
 257 016d 71010000 		.4byte	0x171
 258 0171 06       		.uleb128 0x6
 259 0172 04       		.byte	0x4
 260 0173 05       		.byte	0x5
 261 0174 E6000000 		.4byte	.LASF25
 262 0178 07       		.uleb128 0x7
 263 0179 86010000 		.4byte	.LASF26
 264 017d 02       		.byte	0x2
 265 017e 50       		.byte	0x50
 266 017f 83010000 		.4byte	0x183
 267 0183 06       		.uleb128 0x6
 268 0184 04       		.byte	0x4
 269 0185 07       		.byte	0x7
 270 0186 A8020000 		.4byte	.LASF27
 271 018a 06       		.uleb128 0x6
 272 018b 08       		.byte	0x8
 273 018c 05       		.byte	0x5
 274 018d C9000000 		.4byte	.LASF28
 275 0191 06       		.uleb128 0x6
 276 0192 08       		.byte	0x8
 277 0193 07       		.byte	0x7
 278 0194 6F010000 		.4byte	.LASF29
 279 0198 08       		.uleb128 0x8
 280 0199 66010000 		.4byte	0x166
 281 019d 07       		.uleb128 0x7
 282 019e 63000000 		.4byte	.LASF30
 283 01a2 03       		.byte	0x3
 284 01a3 46       		.byte	0x46
 285 01a4 78010000 		.4byte	0x178
 286 01a8 07       		.uleb128 0x7
 287 01a9 C1000000 		.4byte	.LASF31
 288 01ad 03       		.byte	0x3
 289 01ae 49       		.byte	0x49
 290 01af 3B010000 		.4byte	0x13b
 291 01b3 07       		.uleb128 0x7
 292 01b4 D5020000 		.4byte	.LASF32
 293 01b8 03       		.byte	0x3
 294 01b9 4A       		.byte	0x4a
 295 01ba 3B010000 		.4byte	0x13b
 296 01be 07       		.uleb128 0x7
 297 01bf 00000000 		.4byte	.LASF33
 298 01c3 03       		.byte	0x3
 299 01c4 4B       		.byte	0x4b
ARM GAS  /tmp/cc6SPjRl.s 			page 7


 300 01c5 3B010000 		.4byte	0x13b
 301 01c9 07       		.uleb128 0x7
 302 01ca DE000000 		.4byte	.LASF34
 303 01ce 03       		.byte	0x3
 304 01cf 4D       		.byte	0x4d
 305 01d0 78010000 		.4byte	0x178
 306 01d4 07       		.uleb128 0x7
 307 01d5 44030000 		.4byte	.LASF35
 308 01d9 03       		.byte	0x3
 309 01da 4E       		.byte	0x4e
 310 01db 66010000 		.4byte	0x166
 311 01df 07       		.uleb128 0x7
 312 01e0 3E000000 		.4byte	.LASF36
 313 01e4 03       		.byte	0x3
 314 01e5 50       		.byte	0x50
 315 01e6 78010000 		.4byte	0x178
 316 01ea 06       		.uleb128 0x6
 317 01eb 04       		.byte	0x4
 318 01ec 07       		.byte	0x7
 319 01ed 21000000 		.4byte	.LASF37
 320 01f1 07       		.uleb128 0x7
 321 01f2 44020000 		.4byte	.LASF38
 322 01f6 04       		.byte	0x4
 323 01f7 89       		.byte	0x89
 324 01f8 54010000 		.4byte	0x154
 325 01fc 07       		.uleb128 0x7
 326 01fd 7A000000 		.4byte	.LASF39
 327 0201 04       		.byte	0x4
 328 0202 8F       		.byte	0x8f
 329 0203 07020000 		.4byte	0x207
 330 0207 09       		.uleb128 0x9
 331 0208 04       		.byte	0x4
 332 0209 02       		.uleb128 0x2
 333 020a 11010000 		.4byte	.LASF41
 334 020e 04       		.byte	0x4
 335 020f 04       		.byte	0x4
 336 0210 B3       		.byte	0xb3
 337 0211 24020000 		.4byte	0x224
 338 0215 04       		.uleb128 0x4
 339 0216 72313300 		.ascii	"r13\000"
 340 021a 04       		.byte	0x4
 341 021b B4       		.byte	0xb4
 342 021c B1020000 		.4byte	0x2b1
 343 0220 02       		.byte	0x2
 344 0221 23       		.byte	0x23
 345 0222 00       		.uleb128 0
 346 0223 00       		.byte	0
 347 0224 02       		.uleb128 0x2
 348 0225 BA020000 		.4byte	.LASF42
 349 0229 24       		.byte	0x24
 350 022a 05       		.byte	0x5
 351 022b F5       		.byte	0xf5
 352 022c B1020000 		.4byte	0x2b1
 353 0230 0A       		.uleb128 0xa
 354 0231 723400   		.ascii	"r4\000"
 355 0234 05       		.byte	0x5
 356 0235 0801     		.2byte	0x108
ARM GAS  /tmp/cc6SPjRl.s 			page 8


 357 0237 FC010000 		.4byte	0x1fc
 358 023b 02       		.byte	0x2
 359 023c 23       		.byte	0x23
 360 023d 00       		.uleb128 0
 361 023e 0A       		.uleb128 0xa
 362 023f 723500   		.ascii	"r5\000"
 363 0242 05       		.byte	0x5
 364 0243 0901     		.2byte	0x109
 365 0245 FC010000 		.4byte	0x1fc
 366 0249 02       		.byte	0x2
 367 024a 23       		.byte	0x23
 368 024b 04       		.uleb128 0x4
 369 024c 0A       		.uleb128 0xa
 370 024d 723600   		.ascii	"r6\000"
 371 0250 05       		.byte	0x5
 372 0251 0A01     		.2byte	0x10a
 373 0253 FC010000 		.4byte	0x1fc
 374 0257 02       		.byte	0x2
 375 0258 23       		.byte	0x23
 376 0259 08       		.uleb128 0x8
 377 025a 0A       		.uleb128 0xa
 378 025b 723700   		.ascii	"r7\000"
 379 025e 05       		.byte	0x5
 380 025f 0B01     		.2byte	0x10b
 381 0261 FC010000 		.4byte	0x1fc
 382 0265 02       		.byte	0x2
 383 0266 23       		.byte	0x23
 384 0267 0C       		.uleb128 0xc
 385 0268 0A       		.uleb128 0xa
 386 0269 723800   		.ascii	"r8\000"
 387 026c 05       		.byte	0x5
 388 026d 0C01     		.2byte	0x10c
 389 026f FC010000 		.4byte	0x1fc
 390 0273 02       		.byte	0x2
 391 0274 23       		.byte	0x23
 392 0275 10       		.uleb128 0x10
 393 0276 0A       		.uleb128 0xa
 394 0277 723900   		.ascii	"r9\000"
 395 027a 05       		.byte	0x5
 396 027b 0D01     		.2byte	0x10d
 397 027d FC010000 		.4byte	0x1fc
 398 0281 02       		.byte	0x2
 399 0282 23       		.byte	0x23
 400 0283 14       		.uleb128 0x14
 401 0284 0A       		.uleb128 0xa
 402 0285 72313000 		.ascii	"r10\000"
 403 0289 05       		.byte	0x5
 404 028a 0E01     		.2byte	0x10e
 405 028c FC010000 		.4byte	0x1fc
 406 0290 02       		.byte	0x2
 407 0291 23       		.byte	0x23
 408 0292 18       		.uleb128 0x18
 409 0293 0A       		.uleb128 0xa
 410 0294 72313100 		.ascii	"r11\000"
 411 0298 05       		.byte	0x5
 412 0299 0F01     		.2byte	0x10f
 413 029b FC010000 		.4byte	0x1fc
ARM GAS  /tmp/cc6SPjRl.s 			page 9


 414 029f 02       		.byte	0x2
 415 02a0 23       		.byte	0x23
 416 02a1 1C       		.uleb128 0x1c
 417 02a2 0A       		.uleb128 0xa
 418 02a3 6C7200   		.ascii	"lr\000"
 419 02a6 05       		.byte	0x5
 420 02a7 1001     		.2byte	0x110
 421 02a9 FC010000 		.4byte	0x1fc
 422 02ad 02       		.byte	0x2
 423 02ae 23       		.byte	0x23
 424 02af 20       		.uleb128 0x20
 425 02b0 00       		.byte	0
 426 02b1 0B       		.uleb128 0xb
 427 02b2 04       		.byte	0x4
 428 02b3 24020000 		.4byte	0x224
 429 02b7 0C       		.uleb128 0xc
 430 02b8 08       		.byte	0x8
 431 02b9 01       		.byte	0x1
 432 02ba 53       		.byte	0x53
 433 02bb DC020000 		.4byte	0x2dc
 434 02bf 03       		.uleb128 0x3
 435 02c0 5C000000 		.4byte	.LASF0
 436 02c4 01       		.byte	0x1
 437 02c5 54       		.byte	0x54
 438 02c6 DC020000 		.4byte	0x2dc
 439 02ca 02       		.byte	0x2
 440 02cb 23       		.byte	0x23
 441 02cc 00       		.uleb128 0
 442 02cd 03       		.uleb128 0x3
 443 02ce 31000000 		.4byte	.LASF1
 444 02d2 01       		.byte	0x1
 445 02d3 55       		.byte	0x55
 446 02d4 DC020000 		.4byte	0x2dc
 447 02d8 02       		.byte	0x2
 448 02d9 23       		.byte	0x23
 449 02da 04       		.uleb128 0x4
 450 02db 00       		.byte	0
 451 02dc 0B       		.uleb128 0xb
 452 02dd 04       		.byte	0x4
 453 02de 1D000000 		.4byte	0x1d
 454 02e2 07       		.uleb128 0x7
 455 02e3 03020000 		.4byte	.LASF43
 456 02e7 01       		.byte	0x1
 457 02e8 56       		.byte	0x56
 458 02e9 B7020000 		.4byte	0x2b7
 459 02ed 0C       		.uleb128 0xc
 460 02ee 04       		.byte	0x4
 461 02ef 01       		.byte	0x1
 462 02f0 5B       		.byte	0x5b
 463 02f1 04030000 		.4byte	0x304
 464 02f5 03       		.uleb128 0x3
 465 02f6 5C000000 		.4byte	.LASF0
 466 02fa 01       		.byte	0x1
 467 02fb 5C       		.byte	0x5c
 468 02fc DC020000 		.4byte	0x2dc
 469 0300 02       		.byte	0x2
 470 0301 23       		.byte	0x23
ARM GAS  /tmp/cc6SPjRl.s 			page 10


 471 0302 00       		.uleb128 0
 472 0303 00       		.byte	0
 473 0304 07       		.uleb128 0x7
 474 0305 AB030000 		.4byte	.LASF44
 475 0309 01       		.byte	0x1
 476 030a 5D       		.byte	0x5d
 477 030b ED020000 		.4byte	0x2ed
 478 030f 0C       		.uleb128 0xc
 479 0310 1C       		.byte	0x1c
 480 0311 01       		.byte	0x1
 481 0312 64       		.byte	0x64
 482 0313 6C030000 		.4byte	0x36c
 483 0317 03       		.uleb128 0x3
 484 0318 12000000 		.4byte	.LASF45
 485 031c 01       		.byte	0x1
 486 031d 65       		.byte	0x65
 487 031e E2020000 		.4byte	0x2e2
 488 0322 02       		.byte	0x2
 489 0323 23       		.byte	0x23
 490 0324 00       		.uleb128 0
 491 0325 03       		.uleb128 0x3
 492 0326 72020000 		.4byte	.LASF46
 493 032a 01       		.byte	0x1
 494 032b 66       		.byte	0x66
 495 032c C9010000 		.4byte	0x1c9
 496 0330 02       		.byte	0x2
 497 0331 23       		.byte	0x23
 498 0332 08       		.uleb128 0x8
 499 0333 03       		.uleb128 0x3
 500 0334 38000000 		.4byte	.LASF47
 501 0338 01       		.byte	0x1
 502 0339 68       		.byte	0x68
 503 033a 09020000 		.4byte	0x209
 504 033e 02       		.byte	0x2
 505 033f 23       		.byte	0x23
 506 0340 0C       		.uleb128 0xc
 507 0341 03       		.uleb128 0x3
 508 0342 20020000 		.4byte	.LASF48
 509 0346 01       		.byte	0x1
 510 0347 6B       		.byte	0x6b
 511 0348 DC020000 		.4byte	0x2dc
 512 034c 02       		.byte	0x2
 513 034d 23       		.byte	0x23
 514 034e 10       		.uleb128 0x10
 515 034f 03       		.uleb128 0x3
 516 0350 A3030000 		.4byte	.LASF49
 517 0354 01       		.byte	0x1
 518 0355 6C       		.byte	0x6c
 519 0356 DC020000 		.4byte	0x2dc
 520 035a 02       		.byte	0x2
 521 035b 23       		.byte	0x23
 522 035c 14       		.uleb128 0x14
 523 035d 03       		.uleb128 0x3
 524 035e 19010000 		.4byte	.LASF50
 525 0362 01       		.byte	0x1
 526 0363 6F       		.byte	0x6f
 527 0364 DC020000 		.4byte	0x2dc
ARM GAS  /tmp/cc6SPjRl.s 			page 11


 528 0368 02       		.byte	0x2
 529 0369 23       		.byte	0x23
 530 036a 18       		.uleb128 0x18
 531 036b 00       		.byte	0
 532 036c 07       		.uleb128 0x7
 533 036d F8020000 		.4byte	.LASF51
 534 0371 01       		.byte	0x1
 535 0372 71       		.byte	0x71
 536 0373 0F030000 		.4byte	0x30f
 537 0377 0D       		.uleb128 0xd
 538 0378 04       		.byte	0x4
 539 0379 01       		.byte	0x1
 540 037a B1       		.byte	0xb1
 541 037b AC030000 		.4byte	0x3ac
 542 037f 0E       		.uleb128 0xe
 543 0380 2A000000 		.4byte	.LASF52
 544 0384 01       		.byte	0x1
 545 0385 B8       		.byte	0xb8
 546 0386 D4010000 		.4byte	0x1d4
 547 038a 0E       		.uleb128 0xe
 548 038b DE020000 		.4byte	.LASF53
 549 038f 01       		.byte	0x1
 550 0390 BF       		.byte	0xbf
 551 0391 D4010000 		.4byte	0x1d4
 552 0395 0E       		.uleb128 0xe
 553 0396 CE020000 		.4byte	.LASF54
 554 039a 01       		.byte	0x1
 555 039b C6       		.byte	0xc6
 556 039c 07020000 		.4byte	0x207
 557 03a0 0E       		.uleb128 0xe
 558 03a1 54010000 		.4byte	.LASF55
 559 03a5 01       		.byte	0x1
 560 03a6 CD       		.byte	0xcd
 561 03a7 DF010000 		.4byte	0x1df
 562 03ab 00       		.byte	0
 563 03ac 0B       		.uleb128 0xb
 564 03ad 04       		.byte	0x4
 565 03ae B2030000 		.4byte	0x3b2
 566 03b2 0F       		.uleb128 0xf
 567 03b3 B7030000 		.4byte	0x3b7
 568 03b7 06       		.uleb128 0x6
 569 03b8 01       		.byte	0x1
 570 03b9 08       		.byte	0x8
 571 03ba 54020000 		.4byte	.LASF56
 572 03be 02       		.uleb128 0x2
 573 03bf 13020000 		.4byte	.LASF57
 574 03c3 10       		.byte	0x10
 575 03c4 06       		.byte	0x6
 576 03c5 3A       		.byte	0x3a
 577 03c6 F5030000 		.4byte	0x3f5
 578 03ca 03       		.uleb128 0x3
 579 03cb 09010000 		.4byte	.LASF58
 580 03cf 06       		.byte	0x6
 581 03d0 3B       		.byte	0x3b
 582 03d1 E2020000 		.4byte	0x2e2
 583 03d5 02       		.byte	0x2
 584 03d6 23       		.byte	0x23
ARM GAS  /tmp/cc6SPjRl.s 			page 12


 585 03d7 00       		.uleb128 0
 586 03d8 03       		.uleb128 0x3
 587 03d9 1F030000 		.4byte	.LASF59
 588 03dd 06       		.byte	0x6
 589 03de 3D       		.byte	0x3d
 590 03df DC020000 		.4byte	0x2dc
 591 03e3 02       		.byte	0x2
 592 03e4 23       		.byte	0x23
 593 03e5 08       		.uleb128 0x8
 594 03e6 03       		.uleb128 0x3
 595 03e7 1A000000 		.4byte	.LASF60
 596 03eb 06       		.byte	0x6
 597 03ec 3F       		.byte	0x3f
 598 03ed 28050000 		.4byte	0x528
 599 03f1 02       		.byte	0x2
 600 03f2 23       		.byte	0x23
 601 03f3 0C       		.uleb128 0xc
 602 03f4 00       		.byte	0
 603 03f5 0B       		.uleb128 0xb
 604 03f6 04       		.byte	0x4
 605 03f7 BE030000 		.4byte	0x3be
 606 03fb 10       		.uleb128 0x10
 607 03fc E7020000 		.4byte	.LASF61
 608 0400 01       		.byte	0x1
 609 0401 0301     		.2byte	0x103
 610 0403 07040000 		.4byte	0x407
 611 0407 0B       		.uleb128 0xb
 612 0408 04       		.byte	0x4
 613 0409 0D040000 		.4byte	0x40d
 614 040d 11       		.uleb128 0x11
 615 040e 01       		.byte	0x1
 616 040f 19040000 		.4byte	0x419
 617 0413 12       		.uleb128 0x12
 618 0414 07020000 		.4byte	0x207
 619 0418 00       		.byte	0
 620 0419 10       		.uleb128 0x10
 621 041a F9000000 		.4byte	.LASF62
 622 041e 01       		.byte	0x1
 623 041f 0801     		.2byte	0x108
 624 0421 25040000 		.4byte	0x425
 625 0425 13       		.uleb128 0x13
 626 0426 2F030000 		.4byte	.LASF63
 627 042a 14       		.byte	0x14
 628 042b 01       		.byte	0x1
 629 042c 0F01     		.2byte	0x10f
 630 042e 7E040000 		.4byte	0x47e
 631 0432 14       		.uleb128 0x14
 632 0433 E5010000 		.4byte	.LASF64
 633 0437 01       		.byte	0x1
 634 0438 1001     		.2byte	0x110
 635 043a 7E040000 		.4byte	0x47e
 636 043e 02       		.byte	0x2
 637 043f 23       		.byte	0x23
 638 0440 00       		.uleb128 0
 639 0441 14       		.uleb128 0x14
 640 0442 C6020000 		.4byte	.LASF65
 641 0446 01       		.byte	0x1
ARM GAS  /tmp/cc6SPjRl.s 			page 13


 642 0447 1101     		.2byte	0x111
 643 0449 7E040000 		.4byte	0x47e
 644 044d 02       		.byte	0x2
 645 044e 23       		.byte	0x23
 646 044f 04       		.uleb128 0x4
 647 0450 14       		.uleb128 0x14
 648 0451 30020000 		.4byte	.LASF66
 649 0455 01       		.byte	0x1
 650 0456 1201     		.2byte	0x112
 651 0458 F1010000 		.4byte	0x1f1
 652 045c 02       		.byte	0x2
 653 045d 23       		.byte	0x23
 654 045e 08       		.uleb128 0x8
 655 045f 14       		.uleb128 0x14
 656 0460 72000000 		.4byte	.LASF67
 657 0464 01       		.byte	0x1
 658 0465 1301     		.2byte	0x113
 659 0467 FB030000 		.4byte	0x3fb
 660 046b 02       		.byte	0x2
 661 046c 23       		.byte	0x23
 662 046d 0C       		.uleb128 0xc
 663 046e 14       		.uleb128 0x14
 664 046f 6B000000 		.4byte	.LASF68
 665 0473 01       		.byte	0x1
 666 0474 1501     		.2byte	0x115
 667 0476 07020000 		.4byte	0x207
 668 047a 02       		.byte	0x2
 669 047b 23       		.byte	0x23
 670 047c 10       		.uleb128 0x10
 671 047d 00       		.byte	0
 672 047e 0B       		.uleb128 0xb
 673 047f 04       		.byte	0x4
 674 0480 19040000 		.4byte	0x419
 675 0484 15       		.uleb128 0x15
 676 0485 0C       		.byte	0xc
 677 0486 01       		.byte	0x1
 678 0487 1F01     		.2byte	0x11f
 679 0489 CA040000 		.4byte	0x4ca
 680 048d 14       		.uleb128 0x14
 681 048e E5010000 		.4byte	.LASF64
 682 0492 01       		.byte	0x1
 683 0493 2001     		.2byte	0x120
 684 0495 7E040000 		.4byte	0x47e
 685 0499 02       		.byte	0x2
 686 049a 23       		.byte	0x23
 687 049b 00       		.uleb128 0
 688 049c 14       		.uleb128 0x14
 689 049d C6020000 		.4byte	.LASF65
 690 04a1 01       		.byte	0x1
 691 04a2 2201     		.2byte	0x122
 692 04a4 7E040000 		.4byte	0x47e
 693 04a8 02       		.byte	0x2
 694 04a9 23       		.byte	0x23
 695 04aa 04       		.uleb128 0x4
 696 04ab 14       		.uleb128 0x14
 697 04ac 30020000 		.4byte	.LASF66
 698 04b0 01       		.byte	0x1
ARM GAS  /tmp/cc6SPjRl.s 			page 14


 699 04b1 2401     		.2byte	0x124
 700 04b3 F1010000 		.4byte	0x1f1
 701 04b7 02       		.byte	0x2
 702 04b8 23       		.byte	0x23
 703 04b9 08       		.uleb128 0x8
 704 04ba 14       		.uleb128 0x14
 705 04bb B5000000 		.4byte	.LASF69
 706 04bf 01       		.byte	0x1
 707 04c0 2C01     		.2byte	0x12c
 708 04c2 F1010000 		.4byte	0x1f1
 709 04c6 02       		.byte	0x2
 710 04c7 23       		.byte	0x23
 711 04c8 0A       		.uleb128 0xa
 712 04c9 00       		.byte	0
 713 04ca 10       		.uleb128 0x10
 714 04cb ED010000 		.4byte	.LASF70
 715 04cf 01       		.byte	0x1
 716 04d0 2F01     		.2byte	0x12f
 717 04d2 84040000 		.4byte	0x484
 718 04d6 13       		.uleb128 0x13
 719 04d7 EF000000 		.4byte	.LASF71
 720 04db 2C       		.byte	0x2c
 721 04dc 01       		.byte	0x1
 722 04dd 3601     		.2byte	0x136
 723 04df 11050000 		.4byte	0x511
 724 04e3 14       		.uleb128 0x14
 725 04e4 4E020000 		.4byte	.LASF72
 726 04e8 01       		.byte	0x1
 727 04e9 3A01     		.2byte	0x13a
 728 04eb 6C030000 		.4byte	0x36c
 729 04ef 02       		.byte	0x2
 730 04f0 23       		.byte	0x23
 731 04f1 00       		.uleb128 0
 732 04f2 14       		.uleb128 0x14
 733 04f3 3D030000 		.4byte	.LASF73
 734 04f7 01       		.byte	0x1
 735 04f8 3E01     		.2byte	0x13e
 736 04fa CA040000 		.4byte	0x4ca
 737 04fe 02       		.byte	0x2
 738 04ff 23       		.byte	0x23
 739 0500 1C       		.uleb128 0x1c
 740 0501 14       		.uleb128 0x14
 741 0502 A2000000 		.4byte	.LASF74
 742 0506 01       		.byte	0x1
 743 0507 4301     		.2byte	0x143
 744 0509 9D010000 		.4byte	0x19d
 745 050d 02       		.byte	0x2
 746 050e 23       		.byte	0x23
 747 050f 28       		.uleb128 0x28
 748 0510 00       		.byte	0
 749 0511 10       		.uleb128 0x10
 750 0512 96000000 		.4byte	.LASF75
 751 0516 01       		.byte	0x1
 752 0517 6501     		.2byte	0x165
 753 0519 D6040000 		.4byte	0x4d6
 754 051d 07       		.uleb128 0x7
 755 051e 62020000 		.4byte	.LASF76
ARM GAS  /tmp/cc6SPjRl.s 			page 15


 756 0522 06       		.byte	0x6
 757 0523 35       		.byte	0x35
 758 0524 BE030000 		.4byte	0x3be
 759 0528 0B       		.uleb128 0xb
 760 0529 04       		.byte	0x4
 761 052a 1D050000 		.4byte	0x51d
 762 052e 16       		.uleb128 0x16
 763 052f 12030000 		.4byte	.LASF77
 764 0533 07       		.byte	0x7
 765 0534 1606     		.2byte	0x616
 766 0536 98010000 		.4byte	0x198
 767 053a 01       		.byte	0x1
 768 053b 01       		.byte	0x1
 769 053c 17       		.uleb128 0x17
 770 053d 636800   		.ascii	"ch\000"
 771 0540 01       		.byte	0x1
 772 0541 8901     		.2byte	0x189
 773 0543 11050000 		.4byte	0x511
 774 0547 01       		.byte	0x1
 775 0548 01       		.byte	0x1
 776 0549 00       		.byte	0
 777              		.section	.debug_abbrev,"",%progbits
 778              	.Ldebug_abbrev0:
 779 0000 01       		.uleb128 0x1
 780 0001 11       		.uleb128 0x11
 781 0002 01       		.byte	0x1
 782 0003 25       		.uleb128 0x25
 783 0004 0E       		.uleb128 0xe
 784 0005 13       		.uleb128 0x13
 785 0006 0B       		.uleb128 0xb
 786 0007 03       		.uleb128 0x3
 787 0008 0E       		.uleb128 0xe
 788 0009 1B       		.uleb128 0x1b
 789 000a 0E       		.uleb128 0xe
 790 000b 10       		.uleb128 0x10
 791 000c 06       		.uleb128 0x6
 792 000d 00       		.byte	0
 793 000e 00       		.byte	0
 794 000f 02       		.uleb128 0x2
 795 0010 13       		.uleb128 0x13
 796 0011 01       		.byte	0x1
 797 0012 03       		.uleb128 0x3
 798 0013 0E       		.uleb128 0xe
 799 0014 0B       		.uleb128 0xb
 800 0015 0B       		.uleb128 0xb
 801 0016 3A       		.uleb128 0x3a
 802 0017 0B       		.uleb128 0xb
 803 0018 3B       		.uleb128 0x3b
 804 0019 0B       		.uleb128 0xb
 805 001a 01       		.uleb128 0x1
 806 001b 13       		.uleb128 0x13
 807 001c 00       		.byte	0
 808 001d 00       		.byte	0
 809 001e 03       		.uleb128 0x3
 810 001f 0D       		.uleb128 0xd
 811 0020 00       		.byte	0
 812 0021 03       		.uleb128 0x3
ARM GAS  /tmp/cc6SPjRl.s 			page 16


 813 0022 0E       		.uleb128 0xe
 814 0023 3A       		.uleb128 0x3a
 815 0024 0B       		.uleb128 0xb
 816 0025 3B       		.uleb128 0x3b
 817 0026 0B       		.uleb128 0xb
 818 0027 49       		.uleb128 0x49
 819 0028 13       		.uleb128 0x13
 820 0029 38       		.uleb128 0x38
 821 002a 0A       		.uleb128 0xa
 822 002b 00       		.byte	0
 823 002c 00       		.byte	0
 824 002d 04       		.uleb128 0x4
 825 002e 0D       		.uleb128 0xd
 826 002f 00       		.byte	0
 827 0030 03       		.uleb128 0x3
 828 0031 08       		.uleb128 0x8
 829 0032 3A       		.uleb128 0x3a
 830 0033 0B       		.uleb128 0xb
 831 0034 3B       		.uleb128 0x3b
 832 0035 0B       		.uleb128 0xb
 833 0036 49       		.uleb128 0x49
 834 0037 13       		.uleb128 0x13
 835 0038 38       		.uleb128 0x38
 836 0039 0A       		.uleb128 0xa
 837 003a 00       		.byte	0
 838 003b 00       		.byte	0
 839 003c 05       		.uleb128 0x5
 840 003d 24       		.uleb128 0x24
 841 003e 00       		.byte	0
 842 003f 0B       		.uleb128 0xb
 843 0040 0B       		.uleb128 0xb
 844 0041 3E       		.uleb128 0x3e
 845 0042 0B       		.uleb128 0xb
 846 0043 03       		.uleb128 0x3
 847 0044 08       		.uleb128 0x8
 848 0045 00       		.byte	0
 849 0046 00       		.byte	0
 850 0047 06       		.uleb128 0x6
 851 0048 24       		.uleb128 0x24
 852 0049 00       		.byte	0
 853 004a 0B       		.uleb128 0xb
 854 004b 0B       		.uleb128 0xb
 855 004c 3E       		.uleb128 0x3e
 856 004d 0B       		.uleb128 0xb
 857 004e 03       		.uleb128 0x3
 858 004f 0E       		.uleb128 0xe
 859 0050 00       		.byte	0
 860 0051 00       		.byte	0
 861 0052 07       		.uleb128 0x7
 862 0053 16       		.uleb128 0x16
 863 0054 00       		.byte	0
 864 0055 03       		.uleb128 0x3
 865 0056 0E       		.uleb128 0xe
 866 0057 3A       		.uleb128 0x3a
 867 0058 0B       		.uleb128 0xb
 868 0059 3B       		.uleb128 0x3b
 869 005a 0B       		.uleb128 0xb
ARM GAS  /tmp/cc6SPjRl.s 			page 17


 870 005b 49       		.uleb128 0x49
 871 005c 13       		.uleb128 0x13
 872 005d 00       		.byte	0
 873 005e 00       		.byte	0
 874 005f 08       		.uleb128 0x8
 875 0060 35       		.uleb128 0x35
 876 0061 00       		.byte	0
 877 0062 49       		.uleb128 0x49
 878 0063 13       		.uleb128 0x13
 879 0064 00       		.byte	0
 880 0065 00       		.byte	0
 881 0066 09       		.uleb128 0x9
 882 0067 0F       		.uleb128 0xf
 883 0068 00       		.byte	0
 884 0069 0B       		.uleb128 0xb
 885 006a 0B       		.uleb128 0xb
 886 006b 00       		.byte	0
 887 006c 00       		.byte	0
 888 006d 0A       		.uleb128 0xa
 889 006e 0D       		.uleb128 0xd
 890 006f 00       		.byte	0
 891 0070 03       		.uleb128 0x3
 892 0071 08       		.uleb128 0x8
 893 0072 3A       		.uleb128 0x3a
 894 0073 0B       		.uleb128 0xb
 895 0074 3B       		.uleb128 0x3b
 896 0075 05       		.uleb128 0x5
 897 0076 49       		.uleb128 0x49
 898 0077 13       		.uleb128 0x13
 899 0078 38       		.uleb128 0x38
 900 0079 0A       		.uleb128 0xa
 901 007a 00       		.byte	0
 902 007b 00       		.byte	0
 903 007c 0B       		.uleb128 0xb
 904 007d 0F       		.uleb128 0xf
 905 007e 00       		.byte	0
 906 007f 0B       		.uleb128 0xb
 907 0080 0B       		.uleb128 0xb
 908 0081 49       		.uleb128 0x49
 909 0082 13       		.uleb128 0x13
 910 0083 00       		.byte	0
 911 0084 00       		.byte	0
 912 0085 0C       		.uleb128 0xc
 913 0086 13       		.uleb128 0x13
 914 0087 01       		.byte	0x1
 915 0088 0B       		.uleb128 0xb
 916 0089 0B       		.uleb128 0xb
 917 008a 3A       		.uleb128 0x3a
 918 008b 0B       		.uleb128 0xb
 919 008c 3B       		.uleb128 0x3b
 920 008d 0B       		.uleb128 0xb
 921 008e 01       		.uleb128 0x1
 922 008f 13       		.uleb128 0x13
 923 0090 00       		.byte	0
 924 0091 00       		.byte	0
 925 0092 0D       		.uleb128 0xd
 926 0093 17       		.uleb128 0x17
ARM GAS  /tmp/cc6SPjRl.s 			page 18


 927 0094 01       		.byte	0x1
 928 0095 0B       		.uleb128 0xb
 929 0096 0B       		.uleb128 0xb
 930 0097 3A       		.uleb128 0x3a
 931 0098 0B       		.uleb128 0xb
 932 0099 3B       		.uleb128 0x3b
 933 009a 0B       		.uleb128 0xb
 934 009b 01       		.uleb128 0x1
 935 009c 13       		.uleb128 0x13
 936 009d 00       		.byte	0
 937 009e 00       		.byte	0
 938 009f 0E       		.uleb128 0xe
 939 00a0 0D       		.uleb128 0xd
 940 00a1 00       		.byte	0
 941 00a2 03       		.uleb128 0x3
 942 00a3 0E       		.uleb128 0xe
 943 00a4 3A       		.uleb128 0x3a
 944 00a5 0B       		.uleb128 0xb
 945 00a6 3B       		.uleb128 0x3b
 946 00a7 0B       		.uleb128 0xb
 947 00a8 49       		.uleb128 0x49
 948 00a9 13       		.uleb128 0x13
 949 00aa 00       		.byte	0
 950 00ab 00       		.byte	0
 951 00ac 0F       		.uleb128 0xf
 952 00ad 26       		.uleb128 0x26
 953 00ae 00       		.byte	0
 954 00af 49       		.uleb128 0x49
 955 00b0 13       		.uleb128 0x13
 956 00b1 00       		.byte	0
 957 00b2 00       		.byte	0
 958 00b3 10       		.uleb128 0x10
 959 00b4 16       		.uleb128 0x16
 960 00b5 00       		.byte	0
 961 00b6 03       		.uleb128 0x3
 962 00b7 0E       		.uleb128 0xe
 963 00b8 3A       		.uleb128 0x3a
 964 00b9 0B       		.uleb128 0xb
 965 00ba 3B       		.uleb128 0x3b
 966 00bb 05       		.uleb128 0x5
 967 00bc 49       		.uleb128 0x49
 968 00bd 13       		.uleb128 0x13
 969 00be 00       		.byte	0
 970 00bf 00       		.byte	0
 971 00c0 11       		.uleb128 0x11
 972 00c1 15       		.uleb128 0x15
 973 00c2 01       		.byte	0x1
 974 00c3 27       		.uleb128 0x27
 975 00c4 0C       		.uleb128 0xc
 976 00c5 01       		.uleb128 0x1
 977 00c6 13       		.uleb128 0x13
 978 00c7 00       		.byte	0
 979 00c8 00       		.byte	0
 980 00c9 12       		.uleb128 0x12
 981 00ca 05       		.uleb128 0x5
 982 00cb 00       		.byte	0
 983 00cc 49       		.uleb128 0x49
ARM GAS  /tmp/cc6SPjRl.s 			page 19


 984 00cd 13       		.uleb128 0x13
 985 00ce 00       		.byte	0
 986 00cf 00       		.byte	0
 987 00d0 13       		.uleb128 0x13
 988 00d1 13       		.uleb128 0x13
 989 00d2 01       		.byte	0x1
 990 00d3 03       		.uleb128 0x3
 991 00d4 0E       		.uleb128 0xe
 992 00d5 0B       		.uleb128 0xb
 993 00d6 0B       		.uleb128 0xb
 994 00d7 3A       		.uleb128 0x3a
 995 00d8 0B       		.uleb128 0xb
 996 00d9 3B       		.uleb128 0x3b
 997 00da 05       		.uleb128 0x5
 998 00db 01       		.uleb128 0x1
 999 00dc 13       		.uleb128 0x13
 1000 00dd 00       		.byte	0
 1001 00de 00       		.byte	0
 1002 00df 14       		.uleb128 0x14
 1003 00e0 0D       		.uleb128 0xd
 1004 00e1 00       		.byte	0
 1005 00e2 03       		.uleb128 0x3
 1006 00e3 0E       		.uleb128 0xe
 1007 00e4 3A       		.uleb128 0x3a
 1008 00e5 0B       		.uleb128 0xb
 1009 00e6 3B       		.uleb128 0x3b
 1010 00e7 05       		.uleb128 0x5
 1011 00e8 49       		.uleb128 0x49
 1012 00e9 13       		.uleb128 0x13
 1013 00ea 38       		.uleb128 0x38
 1014 00eb 0A       		.uleb128 0xa
 1015 00ec 00       		.byte	0
 1016 00ed 00       		.byte	0
 1017 00ee 15       		.uleb128 0x15
 1018 00ef 13       		.uleb128 0x13
 1019 00f0 01       		.byte	0x1
 1020 00f1 0B       		.uleb128 0xb
 1021 00f2 0B       		.uleb128 0xb
 1022 00f3 3A       		.uleb128 0x3a
 1023 00f4 0B       		.uleb128 0xb
 1024 00f5 3B       		.uleb128 0x3b
 1025 00f6 05       		.uleb128 0x5
 1026 00f7 01       		.uleb128 0x1
 1027 00f8 13       		.uleb128 0x13
 1028 00f9 00       		.byte	0
 1029 00fa 00       		.byte	0
 1030 00fb 16       		.uleb128 0x16
 1031 00fc 34       		.uleb128 0x34
 1032 00fd 00       		.byte	0
 1033 00fe 03       		.uleb128 0x3
 1034 00ff 0E       		.uleb128 0xe
 1035 0100 3A       		.uleb128 0x3a
 1036 0101 0B       		.uleb128 0xb
 1037 0102 3B       		.uleb128 0x3b
 1038 0103 05       		.uleb128 0x5
 1039 0104 49       		.uleb128 0x49
 1040 0105 13       		.uleb128 0x13
ARM GAS  /tmp/cc6SPjRl.s 			page 20


 1041 0106 3F       		.uleb128 0x3f
 1042 0107 0C       		.uleb128 0xc
 1043 0108 3C       		.uleb128 0x3c
 1044 0109 0C       		.uleb128 0xc
 1045 010a 00       		.byte	0
 1046 010b 00       		.byte	0
 1047 010c 17       		.uleb128 0x17
 1048 010d 34       		.uleb128 0x34
 1049 010e 00       		.byte	0
 1050 010f 03       		.uleb128 0x3
 1051 0110 08       		.uleb128 0x8
 1052 0111 3A       		.uleb128 0x3a
 1053 0112 0B       		.uleb128 0xb
 1054 0113 3B       		.uleb128 0x3b
 1055 0114 05       		.uleb128 0x5
 1056 0115 49       		.uleb128 0x49
 1057 0116 13       		.uleb128 0x13
 1058 0117 3F       		.uleb128 0x3f
 1059 0118 0C       		.uleb128 0xc
 1060 0119 3C       		.uleb128 0x3c
 1061 011a 0C       		.uleb128 0xc
 1062 011b 00       		.byte	0
 1063 011c 00       		.byte	0
 1064 011d 00       		.byte	0
 1065              		.section	.debug_aranges,"",%progbits
 1066 0000 14000000 		.4byte	0x14
 1067 0004 0200     		.2byte	0x2
 1068 0006 00000000 		.4byte	.Ldebug_info0
 1069 000a 04       		.byte	0x4
 1070 000b 00       		.byte	0
 1071 000c 0000     		.2byte	0
 1072 000e 0000     		.2byte	0
 1073 0010 00000000 		.4byte	0
 1074 0014 00000000 		.4byte	0
 1075              		.section	.debug_line,"",%progbits
 1076              	.Ldebug_line0:
 1077 0000 59010000 		.section	.debug_str,"MS",%progbits,1
 1077      02005301 
 1077      00000201 
 1077      FB0E0D00 
 1077      01010101 
 1078              	.LASF33:
 1079 0000 74726566 		.ascii	"trefs_t\000"
 1079      735F7400 
 1080              	.LASF20:
 1081 0008 73686F72 		.ascii	"short int\000"
 1081      7420696E 
 1081      7400
 1082              	.LASF45:
 1083 0012 725F7175 		.ascii	"r_queue\000"
 1083      65756500 
 1084              	.LASF60:
 1085 001a 6D5F6E65 		.ascii	"m_next\000"
 1085      787400
 1086              	.LASF37:
 1087 0021 73697A65 		.ascii	"sizetype\000"
 1087      74797065 
ARM GAS  /tmp/cc6SPjRl.s 			page 21


 1087      00
 1088              	.LASF52:
 1089 002a 7264796D 		.ascii	"rdymsg\000"
 1089      736700
 1090              	.LASF1:
 1091 0031 705F7072 		.ascii	"p_prev\000"
 1091      657600
 1092              	.LASF47:
 1093 0038 725F6374 		.ascii	"r_ctx\000"
 1093      7800
 1094              	.LASF36:
 1095 003e 6576656E 		.ascii	"eventmask_t\000"
 1095      746D6173 
 1095      6B5F7400 
 1096              	.LASF11:
 1097 004a 705F6D73 		.ascii	"p_msgqueue\000"
 1097      67717565 
 1097      756500
 1098              	.LASF2:
 1099 0055 705F7072 		.ascii	"p_prio\000"
 1099      696F00
 1100              	.LASF0:
 1101 005c 705F6E65 		.ascii	"p_next\000"
 1101      787400
 1102              	.LASF30:
 1103 0063 7274636E 		.ascii	"rtcnt_t\000"
 1103      745F7400 
 1104              	.LASF68:
 1105 006b 76745F70 		.ascii	"vt_par\000"
 1105      617200
 1106              	.LASF67:
 1107 0072 76745F66 		.ascii	"vt_func\000"
 1107      756E6300 
 1108              	.LASF39:
 1109 007a 72656761 		.ascii	"regarm_t\000"
 1109      726D5F74 
 1109      00
 1110              	.LASF21:
 1111 0083 75696E74 		.ascii	"uint8_t\000"
 1111      385F7400 
 1112              	.LASF13:
 1113 008b 705F6570 		.ascii	"p_epending\000"
 1113      656E6469 
 1113      6E6700
 1114              	.LASF75:
 1115 0096 63685F73 		.ascii	"ch_system_t\000"
 1115      79737465 
 1115      6D5F7400 
 1116              	.LASF74:
 1117 00a2 6D656173 		.ascii	"measurement_offset\000"
 1117      7572656D 
 1117      656E745F 
 1117      6F666673 
 1117      657400
 1118              	.LASF69:
 1119 00b5 76745F6C 		.ascii	"vt_lasttime\000"
 1119      61737474 
ARM GAS  /tmp/cc6SPjRl.s 			page 22


 1119      696D6500 
 1120              	.LASF31:
 1121 00c1 746D6F64 		.ascii	"tmode_t\000"
 1121      655F7400 
 1122              	.LASF28:
 1123 00c9 6C6F6E67 		.ascii	"long long int\000"
 1123      206C6F6E 
 1123      6720696E 
 1123      7400
 1124              	.LASF6:
 1125 00d7 705F6E61 		.ascii	"p_name\000"
 1125      6D6500
 1126              	.LASF34:
 1127 00de 74707269 		.ascii	"tprio_t\000"
 1127      6F5F7400 
 1128              	.LASF25:
 1129 00e6 6C6F6E67 		.ascii	"long int\000"
 1129      20696E74 
 1129      00
 1130              	.LASF71:
 1131 00ef 63685F73 		.ascii	"ch_system\000"
 1131      79737465 
 1131      6D00
 1132              	.LASF62:
 1133 00f9 76697274 		.ascii	"virtual_timer_t\000"
 1133      75616C5F 
 1133      74696D65 
 1133      725F7400 
 1134              	.LASF58:
 1135 0109 6D5F7175 		.ascii	"m_queue\000"
 1135      65756500 
 1136              	.LASF41:
 1137 0111 636F6E74 		.ascii	"context\000"
 1137      65787400 
 1138              	.LASF50:
 1139 0119 725F6375 		.ascii	"r_current\000"
 1139      7272656E 
 1139      7400
 1140              	.LASF12:
 1141 0123 705F6D73 		.ascii	"p_msg\000"
 1141      6700
 1142              	.LASF79:
 1143 0129 2E2E2F2E 		.ascii	"../../../os/rt/src/chstats.c\000"
 1143      2E2F2E2E 
 1143      2F6F732F 
 1143      72742F73 
 1143      72632F63 
 1144              	.LASF19:
 1145 0146 756E7369 		.ascii	"unsigned char\000"
 1145      676E6564 
 1145      20636861 
 1145      7200
 1146              	.LASF55:
 1147 0154 65776D61 		.ascii	"ewmask\000"
 1147      736B00
 1148              	.LASF18:
 1149 015b 7369676E 		.ascii	"signed char\000"
ARM GAS  /tmp/cc6SPjRl.s 			page 23


 1149      65642063 
 1149      68617200 
 1150              	.LASF4:
 1151 0167 705F6E65 		.ascii	"p_newer\000"
 1151      77657200 
 1152              	.LASF29:
 1153 016f 6C6F6E67 		.ascii	"long long unsigned int\000"
 1153      206C6F6E 
 1153      6720756E 
 1153      7369676E 
 1153      65642069 
 1154              	.LASF26:
 1155 0186 75696E74 		.ascii	"uint32_t\000"
 1155      33325F74 
 1155      00
 1156              	.LASF17:
 1157 018f 756E7369 		.ascii	"unsigned int\000"
 1157      676E6564 
 1157      20696E74 
 1157      00
 1158              	.LASF78:
 1159 019c 474E5520 		.ascii	"GNU C 4.7.4 20130913 (release) [ARM/embedded-4_7-br"
 1159      4320342E 
 1159      372E3420 
 1159      32303133 
 1159      30393133 
 1160 01cf 616E6368 		.ascii	"anch revision 202601]\000"
 1160      20726576 
 1160      6973696F 
 1160      6E203230 
 1160      32363031 
 1161              	.LASF64:
 1162 01e5 76745F6E 		.ascii	"vt_next\000"
 1162      65787400 
 1163              	.LASF70:
 1164 01ed 76697274 		.ascii	"virtual_timers_list_t\000"
 1164      75616C5F 
 1164      74696D65 
 1164      72735F6C 
 1164      6973745F 
 1165              	.LASF43:
 1166 0203 74687265 		.ascii	"threads_queue_t\000"
 1166      6164735F 
 1166      71756575 
 1166      655F7400 
 1167              	.LASF57:
 1168 0213 6D757465 		.ascii	"mutex\000"
 1168      7800
 1169              	.LASF40:
 1170 0219 74687265 		.ascii	"thread\000"
 1170      616400
 1171              	.LASF48:
 1172 0220 725F6E65 		.ascii	"r_newer\000"
 1172      77657200 
 1173              	.LASF8:
 1174 0228 705F666C 		.ascii	"p_flags\000"
 1174      61677300 
ARM GAS  /tmp/cc6SPjRl.s 			page 24


 1175              	.LASF66:
 1176 0230 76745F64 		.ascii	"vt_delta\000"
 1176      656C7461 
 1176      00
 1177              	.LASF15:
 1178 0239 705F7265 		.ascii	"p_realprio\000"
 1178      616C7072 
 1178      696F00
 1179              	.LASF38:
 1180 0244 73797374 		.ascii	"systime_t\000"
 1180      696D655F 
 1180      7400
 1181              	.LASF72:
 1182 024e 726C6973 		.ascii	"rlist\000"
 1182      7400
 1183              	.LASF56:
 1184 0254 63686172 		.ascii	"char\000"
 1184      00
 1185              	.LASF22:
 1186 0259 75696E74 		.ascii	"uint16_t\000"
 1186      31365F74 
 1186      00
 1187              	.LASF76:
 1188 0262 6D757465 		.ascii	"mutex_t\000"
 1188      785F7400 
 1189              	.LASF24:
 1190 026a 696E7433 		.ascii	"int32_t\000"
 1190      325F7400 
 1191              	.LASF46:
 1192 0272 725F7072 		.ascii	"r_prio\000"
 1192      696F00
 1193              	.LASF7:
 1194 0279 705F7374 		.ascii	"p_state\000"
 1194      61746500 
 1195              	.LASF23:
 1196 0281 73686F72 		.ascii	"short unsigned int\000"
 1196      7420756E 
 1196      7369676E 
 1196      65642069 
 1196      6E7400
 1197              	.LASF10:
 1198 0294 705F7761 		.ascii	"p_waiting\000"
 1198      6974696E 
 1198      6700
 1199              	.LASF14:
 1200 029e 705F6D74 		.ascii	"p_mtxlist\000"
 1200      786C6973 
 1200      7400
 1201              	.LASF27:
 1202 02a8 6C6F6E67 		.ascii	"long unsigned int\000"
 1202      20756E73 
 1202      69676E65 
 1202      6420696E 
 1202      7400
 1203              	.LASF42:
 1204 02ba 706F7274 		.ascii	"port_intctx\000"
 1204      5F696E74 
ARM GAS  /tmp/cc6SPjRl.s 			page 25


 1204      63747800 
 1205              	.LASF65:
 1206 02c6 76745F70 		.ascii	"vt_prev\000"
 1206      72657600 
 1207              	.LASF54:
 1208 02ce 77746F62 		.ascii	"wtobjp\000"
 1208      6A7000
 1209              	.LASF32:
 1210 02d5 74737461 		.ascii	"tstate_t\000"
 1210      74655F74 
 1210      00
 1211              	.LASF53:
 1212 02de 65786974 		.ascii	"exitcode\000"
 1212      636F6465 
 1212      00
 1213              	.LASF61:
 1214 02e7 76746675 		.ascii	"vtfunc_t\000"
 1214      6E635F74 
 1214      00
 1215              	.LASF5:
 1216 02f0 705F6F6C 		.ascii	"p_older\000"
 1216      64657200 
 1217              	.LASF51:
 1218 02f8 72656164 		.ascii	"ready_list_t\000"
 1218      795F6C69 
 1218      73745F74 
 1218      00
 1219              	.LASF9:
 1220 0305 705F7265 		.ascii	"p_refs\000"
 1220      667300
 1221              	.LASF3:
 1222 030c 705F6374 		.ascii	"p_ctx\000"
 1222      7800
 1223              	.LASF77:
 1224 0312 49544D5F 		.ascii	"ITM_RxBuffer\000"
 1224      52784275 
 1224      66666572 
 1224      00
 1225              	.LASF59:
 1226 031f 6D5F6F77 		.ascii	"m_owner\000"
 1226      6E657200 
 1227              	.LASF16:
 1228 0327 705F6D70 		.ascii	"p_mpool\000"
 1228      6F6F6C00 
 1229              	.LASF63:
 1230 032f 76697274 		.ascii	"virtual_timer\000"
 1230      75616C5F 
 1230      74696D65 
 1230      7200
 1231              	.LASF73:
 1232 033d 76746C69 		.ascii	"vtlist\000"
 1232      737400
 1233              	.LASF35:
 1234 0344 6D73675F 		.ascii	"msg_t\000"
 1234      7400
 1235              	.LASF80:
 1236 034a 2F686F6D 		.ascii	"/home/joerg/repos/chibios-projects/ChibiOS-RT/demos"
ARM GAS  /tmp/cc6SPjRl.s 			page 26


 1236      652F6A6F 
 1236      6572672F 
 1236      7265706F 
 1236      732F6368 
 1237 037d 2F53544D 		.ascii	"/STM32/RT-STM32F103-OLIMEX_STM32_P103\000"
 1237      33322F52 
 1237      542D5354 
 1237      4D333246 
 1237      3130332D 
 1238              	.LASF49:
 1239 03a3 725F6F6C 		.ascii	"r_older\000"
 1239      64657200 
 1240              	.LASF44:
 1241 03ab 74687265 		.ascii	"threads_list_t\000"
 1241      6164735F 
 1241      6C697374 
 1241      5F7400
 1242              		.comm	__gnu_lto_v1,1,1
 1243              		.ident	"GCC: (GNU Tools for ARM Embedded Processors) 4.7.4 20130913 (release) [ARM/embedded-4_7-br
ARM GAS  /tmp/cc6SPjRl.s 			page 27


DEFINED SYMBOLS
                            *ABS*:00000000 chstats.c
                            *COM*:00000001 __gnu_lto_v1

NO UNDEFINED SYMBOLS
