ARM GAS  /tmp/ccq5Tb8W.s 			page 1


   1              		.syntax unified
   2              		.cpu cortex-m3
   3              		.fpu softvfp
   4              		.eabi_attribute 20, 1
   5              		.eabi_attribute 21, 1
   6              		.eabi_attribute 23, 3
   7              		.eabi_attribute 24, 1
   8              		.eabi_attribute 25, 1
   9              		.eabi_attribute 26, 1
  10              		.eabi_attribute 30, 2
  11              		.eabi_attribute 34, 1
  12              		.eabi_attribute 18, 4
  13              		.thumb
  14              		.file	"usb.c"
  15              		.text
  16              	.Ltext0:
  17              		.section	.gnu.lto_.inline.205bd242cc82e92e,"",%progbits
  18 0000 789C6362 		.ascii	"x\234cb`d\340e\300\016\230\340,\000\002d\000\023"
  18      6064E065 
  18      C00E98E0 
  18      2C000264 
  18      0013
  19              		.text
  20              		.section	.gnu.lto_.pureconst.205bd242cc82e92e,"",%progbits
  21 0000 789C6362 		.ascii	"x\234cb`d`f`\000\222P\000\000\000r\000\010"
  21      60646066 
  21      60009250 
  21      00000072 
  21      0008
  22              		.text
  23              		.section	.gnu.lto_.cgraph.205bd242cc82e92e,"",%progbits
  24 0000 789C6362 		.ascii	"x\234cb`d`f```b\200\001\000\000\204\000\011"
  24      60646066 
  24      60606062 
  24      80010000 
  24      840009
  25              		.text
  26              		.section	.gnu.lto_.vars.205bd242cc82e92e,"",%progbits
  27 0000 789C6362 		.ascii	"x\234cb`d`f`\000\222P\000\000\000r\000\010"
  27      60646066 
  27      60009250 
  27      00000072 
  27      0008
  28              		.text
  29              		.section	.gnu.lto_.refs.205bd242cc82e92e,"",%progbits
  30 0000 789C6362 		.ascii	"x\234cb`d`f```b\200\001\000\000\204\000\011"
  30      60646066 
  30      60606062 
  30      80010000 
  30      840009
  31              		.text
  32              		.section	.gnu.lto_.statics.205bd242cc82e92e,"",%progbits
  33 0000 789C6362 		.ascii	"x\234cb`d`b\300\016@\342\214\020&\000\000\375\000\011"
  33      60646062 
  33      C00E40E2 
  33      8C102600 
  33      00FD0009 
ARM GAS  /tmp/ccq5Tb8W.s 			page 2


  34              		.text
  35              		.section	.gnu.lto_.decls.205bd242cc82e92e,"",%progbits
  36 0000 789C6362 		.ascii	"x\234cb`d\000\001\025 \376\017\004 6#\024\3332\020\000"
  36      60640001 
  36      1520FE0F 
  36      04203623 
  36      14DB3210 
  37 0015 00CDD304 		.ascii	"\000\315\323\004c"
  37      63
  38              		.text
  39              		.section	.gnu.lto_.symtab.205bd242cc82e92e,"",%progbits
  40              		.text
  41              		.section	.gnu.lto_.opts,"",%progbits
  42 0000 272D6D63 		.ascii	"'-mcpu=cortex-m3''-mno-thumb-interwork''-mthumb''-g"
  42      70753D63 
  42      6F727465 
  42      782D6D33 
  42      27272D6D 
  43 0033 67646227 		.ascii	"gdb''-O2''-fomit-frame-pointer''-falign-functions=1"
  43      272D4F32 
  43      27272D66 
  43      6F6D6974 
  43      2D667261 
  44 0066 3627272D 		.ascii	"6''-ffunction-sections''-fdata-sections''-fno-commo"
  44      6666756E 
  44      6374696F 
  44      6E2D7365 
  44      6374696F 
  45 0099 6E27272D 		.ascii	"n''-flto'\000"
  45      666C746F 
  45      2700
  46              		.text
  47              		.cfi_sections	.debug_frame
  48              	.Letext0:
  49              		.file 1 "/opt/ARM/gcc-arm-none-eabi-4_7-2013q3/bin/../lib/gcc/arm-none-eabi/4.7.4/../../../../arm-
  50              		.file 2 "../../../os/rt/include/chschd.h"
  51              		.file 3 "../../../os/rt/ports/ARMCMx/compilers/GCC/chtypes.h"
  52              		.file 4 "../../../os/rt/ports/ARMCMx/chcore.h"
  53              		.file 5 "../../../os/rt/ports/ARMCMx/chcore_v7m.h"
  54              		.file 6 "../../../os/rt/include/chmtx.h"
  55              		.file 7 "../../../os/ext/CMSIS/include/core_cm3.h"
  56              		.section	.debug_info,"",%progbits
  57              	.Ldebug_info0:
  58 0000 4D050000 		.4byte	0x54d
  59 0004 0200     		.2byte	0x2
  60 0006 00000000 		.4byte	.Ldebug_abbrev0
  61 000a 04       		.byte	0x4
  62 000b 01       		.uleb128 0x1
  63 000c 8E010000 		.4byte	.LASF79
  64 0010 01       		.byte	0x1
  65 0011 A3030000 		.4byte	.LASF80
  66 0015 42030000 		.4byte	.LASF81
  67 0019 00000000 		.4byte	.Ldebug_line0
  68 001d 02       		.uleb128 0x2
  69 001e 01       		.byte	0x1
  70 001f 06       		.byte	0x6
  71 0020 4D010000 		.4byte	.LASF0
ARM GAS  /tmp/ccq5Tb8W.s 			page 3


  72 0024 02       		.uleb128 0x2
  73 0025 01       		.byte	0x1
  74 0026 08       		.byte	0x8
  75 0027 29010000 		.4byte	.LASF1
  76 002b 02       		.uleb128 0x2
  77 002c 02       		.byte	0x2
  78 002d 05       		.byte	0x5
  79 002e 08000000 		.4byte	.LASF2
  80 0032 02       		.uleb128 0x2
  81 0033 02       		.byte	0x2
  82 0034 07       		.byte	0x7
  83 0035 73020000 		.4byte	.LASF3
  84 0039 03       		.uleb128 0x3
  85 003a 04       		.byte	0x4
  86 003b 05       		.byte	0x5
  87 003c 696E7400 		.ascii	"int\000"
  88 0040 02       		.uleb128 0x2
  89 0041 04       		.byte	0x4
  90 0042 07       		.byte	0x7
  91 0043 81010000 		.4byte	.LASF4
  92 0047 02       		.uleb128 0x2
  93 0048 08       		.byte	0x8
  94 0049 05       		.byte	0x5
  95 004a C9000000 		.4byte	.LASF5
  96 004e 02       		.uleb128 0x2
  97 004f 08       		.byte	0x8
  98 0050 07       		.byte	0x7
  99 0051 61010000 		.4byte	.LASF6
 100 0055 02       		.uleb128 0x2
 101 0056 04       		.byte	0x4
 102 0057 05       		.byte	0x5
 103 0058 E6000000 		.4byte	.LASF7
 104 005c 02       		.uleb128 0x2
 105 005d 04       		.byte	0x4
 106 005e 07       		.byte	0x7
 107 005f 21000000 		.4byte	.LASF8
 108 0063 04       		.uleb128 0x4
 109 0064 04       		.byte	0x4
 110 0065 02       		.uleb128 0x2
 111 0066 04       		.byte	0x4
 112 0067 07       		.byte	0x7
 113 0068 A0020000 		.4byte	.LASF9
 114 006c 02       		.uleb128 0x2
 115 006d 01       		.byte	0x1
 116 006e 08       		.byte	0x8
 117 006f 46020000 		.4byte	.LASF10
 118 0073 05       		.uleb128 0x5
 119 0074 04       		.byte	0x4
 120 0075 79000000 		.4byte	0x79
 121 0079 06       		.uleb128 0x6
 122 007a 6C000000 		.4byte	0x6c
 123 007e 07       		.uleb128 0x7
 124 007f 83000000 		.4byte	.LASF11
 125 0083 01       		.byte	0x1
 126 0084 2A       		.byte	0x2a
 127 0085 24000000 		.4byte	0x24
 128 0089 07       		.uleb128 0x7
ARM GAS  /tmp/ccq5Tb8W.s 			page 4


 129 008a 4B020000 		.4byte	.LASF12
 130 008e 01       		.byte	0x1
 131 008f 36       		.byte	0x36
 132 0090 32000000 		.4byte	0x32
 133 0094 07       		.uleb128 0x7
 134 0095 5C020000 		.4byte	.LASF13
 135 0099 01       		.byte	0x1
 136 009a 4F       		.byte	0x4f
 137 009b 55000000 		.4byte	0x55
 138 009f 07       		.uleb128 0x7
 139 00a0 78010000 		.4byte	.LASF14
 140 00a4 01       		.byte	0x1
 141 00a5 50       		.byte	0x50
 142 00a6 65000000 		.4byte	0x65
 143 00aa 08       		.uleb128 0x8
 144 00ab 0B020000 		.4byte	.LASF41
 145 00af 44       		.byte	0x44
 146 00b0 02       		.byte	0x2
 147 00b1 79       		.byte	0x79
 148 00b2 B3010000 		.4byte	0x1b3
 149 00b6 09       		.uleb128 0x9
 150 00b7 5C000000 		.4byte	.LASF15
 151 00bb 02       		.byte	0x2
 152 00bc 7A       		.byte	0x7a
 153 00bd EE020000 		.4byte	0x2ee
 154 00c1 02       		.byte	0x2
 155 00c2 23       		.byte	0x23
 156 00c3 00       		.uleb128 0
 157 00c4 09       		.uleb128 0x9
 158 00c5 31000000 		.4byte	.LASF16
 159 00c9 02       		.byte	0x2
 160 00ca 7C       		.byte	0x7c
 161 00cb EE020000 		.4byte	0x2ee
 162 00cf 02       		.byte	0x2
 163 00d0 23       		.byte	0x23
 164 00d1 04       		.uleb128 0x4
 165 00d2 09       		.uleb128 0x9
 166 00d3 55000000 		.4byte	.LASF17
 167 00d7 02       		.byte	0x2
 168 00d8 7E       		.byte	0x7e
 169 00d9 E4010000 		.4byte	0x1e4
 170 00dd 02       		.byte	0x2
 171 00de 23       		.byte	0x23
 172 00df 08       		.uleb128 0x8
 173 00e0 09       		.uleb128 0x9
 174 00e1 04030000 		.4byte	.LASF18
 175 00e5 02       		.byte	0x2
 176 00e6 7F       		.byte	0x7f
 177 00e7 1B020000 		.4byte	0x21b
 178 00eb 02       		.byte	0x2
 179 00ec 23       		.byte	0x23
 180 00ed 0C       		.uleb128 0xc
 181 00ee 09       		.uleb128 0x9
 182 00ef 59010000 		.4byte	.LASF19
 183 00f3 02       		.byte	0x2
 184 00f4 81       		.byte	0x81
 185 00f5 EE020000 		.4byte	0x2ee
ARM GAS  /tmp/ccq5Tb8W.s 			page 5


 186 00f9 02       		.byte	0x2
 187 00fa 23       		.byte	0x23
 188 00fb 10       		.uleb128 0x10
 189 00fc 09       		.uleb128 0x9
 190 00fd E8020000 		.4byte	.LASF20
 191 0101 02       		.byte	0x2
 192 0102 82       		.byte	0x82
 193 0103 EE020000 		.4byte	0x2ee
 194 0107 02       		.byte	0x2
 195 0108 23       		.byte	0x23
 196 0109 14       		.uleb128 0x14
 197 010a 09       		.uleb128 0x9
 198 010b D7000000 		.4byte	.LASF21
 199 010f 02       		.byte	0x2
 200 0110 89       		.byte	0x89
 201 0111 73000000 		.4byte	0x73
 202 0115 02       		.byte	0x2
 203 0116 23       		.byte	0x23
 204 0117 18       		.uleb128 0x18
 205 0118 09       		.uleb128 0x9
 206 0119 6B020000 		.4byte	.LASF22
 207 011d 02       		.byte	0x2
 208 011e 94       		.byte	0x94
 209 011f CE010000 		.4byte	0x1ce
 210 0123 02       		.byte	0x2
 211 0124 23       		.byte	0x23
 212 0125 1C       		.uleb128 0x1c
 213 0126 09       		.uleb128 0x9
 214 0127 1A020000 		.4byte	.LASF23
 215 012b 02       		.byte	0x2
 216 012c 98       		.byte	0x98
 217 012d C3010000 		.4byte	0x1c3
 218 0131 02       		.byte	0x2
 219 0132 23       		.byte	0x23
 220 0133 1D       		.uleb128 0x1d
 221 0134 09       		.uleb128 0x9
 222 0135 FD020000 		.4byte	.LASF24
 223 0139 02       		.byte	0x2
 224 013a 9D       		.byte	0x9d
 225 013b D9010000 		.4byte	0x1d9
 226 013f 02       		.byte	0x2
 227 0140 23       		.byte	0x23
 228 0141 1E       		.uleb128 0x1e
 229 0142 0A       		.uleb128 0xa
 230 0143 705F7500 		.ascii	"p_u\000"
 231 0147 02       		.byte	0x2
 232 0148 CF       		.byte	0xcf
 233 0149 89030000 		.4byte	0x389
 234 014d 02       		.byte	0x2
 235 014e 23       		.byte	0x23
 236 014f 20       		.uleb128 0x20
 237 0150 09       		.uleb128 0x9
 238 0151 8C020000 		.4byte	.LASF25
 239 0155 02       		.byte	0x2
 240 0156 D4       		.byte	0xd4
 241 0157 16030000 		.4byte	0x316
 242 015b 02       		.byte	0x2
ARM GAS  /tmp/ccq5Tb8W.s 			page 6


 243 015c 23       		.byte	0x23
 244 015d 24       		.uleb128 0x24
 245 015e 09       		.uleb128 0x9
 246 015f 4A000000 		.4byte	.LASF26
 247 0163 02       		.byte	0x2
 248 0164 DA       		.byte	0xda
 249 0165 F4020000 		.4byte	0x2f4
 250 0169 02       		.byte	0x2
 251 016a 23       		.byte	0x23
 252 016b 28       		.uleb128 0x28
 253 016c 09       		.uleb128 0x9
 254 016d 23010000 		.4byte	.LASF27
 255 0171 02       		.byte	0x2
 256 0172 DE       		.byte	0xde
 257 0173 EF010000 		.4byte	0x1ef
 258 0177 02       		.byte	0x2
 259 0178 23       		.byte	0x23
 260 0179 30       		.uleb128 0x30
 261 017a 09       		.uleb128 0x9
 262 017b 8B000000 		.4byte	.LASF28
 263 017f 02       		.byte	0x2
 264 0180 E4       		.byte	0xe4
 265 0181 FA010000 		.4byte	0x1fa
 266 0185 02       		.byte	0x2
 267 0186 23       		.byte	0x23
 268 0187 34       		.uleb128 0x34
 269 0188 09       		.uleb128 0x9
 270 0189 96020000 		.4byte	.LASF29
 271 018d 02       		.byte	0x2
 272 018e EB       		.byte	0xeb
 273 018f F5030000 		.4byte	0x3f5
 274 0193 02       		.byte	0x2
 275 0194 23       		.byte	0x23
 276 0195 38       		.uleb128 0x38
 277 0196 09       		.uleb128 0x9
 278 0197 2B020000 		.4byte	.LASF30
 279 019b 02       		.byte	0x2
 280 019c EF       		.byte	0xef
 281 019d E4010000 		.4byte	0x1e4
 282 01a1 02       		.byte	0x2
 283 01a2 23       		.byte	0x23
 284 01a3 3C       		.uleb128 0x3c
 285 01a4 09       		.uleb128 0x9
 286 01a5 1F030000 		.4byte	.LASF31
 287 01a9 02       		.byte	0x2
 288 01aa F5       		.byte	0xf5
 289 01ab 63000000 		.4byte	0x63
 290 01af 02       		.byte	0x2
 291 01b0 23       		.byte	0x23
 292 01b1 40       		.uleb128 0x40
 293 01b2 00       		.byte	0
 294 01b3 0B       		.uleb128 0xb
 295 01b4 94000000 		.4byte	0x94
 296 01b8 07       		.uleb128 0x7
 297 01b9 63000000 		.4byte	.LASF32
 298 01bd 03       		.byte	0x3
 299 01be 46       		.byte	0x46
ARM GAS  /tmp/ccq5Tb8W.s 			page 7


 300 01bf 9F000000 		.4byte	0x9f
 301 01c3 07       		.uleb128 0x7
 302 01c4 C1000000 		.4byte	.LASF33
 303 01c8 03       		.byte	0x3
 304 01c9 49       		.byte	0x49
 305 01ca 7E000000 		.4byte	0x7e
 306 01ce 07       		.uleb128 0x7
 307 01cf CD020000 		.4byte	.LASF34
 308 01d3 03       		.byte	0x3
 309 01d4 4A       		.byte	0x4a
 310 01d5 7E000000 		.4byte	0x7e
 311 01d9 07       		.uleb128 0x7
 312 01da 00000000 		.4byte	.LASF35
 313 01de 03       		.byte	0x3
 314 01df 4B       		.byte	0x4b
 315 01e0 7E000000 		.4byte	0x7e
 316 01e4 07       		.uleb128 0x7
 317 01e5 DE000000 		.4byte	.LASF36
 318 01e9 03       		.byte	0x3
 319 01ea 4D       		.byte	0x4d
 320 01eb 9F000000 		.4byte	0x9f
 321 01ef 07       		.uleb128 0x7
 322 01f0 3C030000 		.4byte	.LASF37
 323 01f4 03       		.byte	0x3
 324 01f5 4E       		.byte	0x4e
 325 01f6 94000000 		.4byte	0x94
 326 01fa 07       		.uleb128 0x7
 327 01fb 3E000000 		.4byte	.LASF38
 328 01ff 03       		.byte	0x3
 329 0200 50       		.byte	0x50
 330 0201 9F000000 		.4byte	0x9f
 331 0205 07       		.uleb128 0x7
 332 0206 36020000 		.4byte	.LASF39
 333 020a 04       		.byte	0x4
 334 020b 89       		.byte	0x89
 335 020c 89000000 		.4byte	0x89
 336 0210 07       		.uleb128 0x7
 337 0211 7A000000 		.4byte	.LASF40
 338 0215 04       		.byte	0x4
 339 0216 8F       		.byte	0x8f
 340 0217 63000000 		.4byte	0x63
 341 021b 08       		.uleb128 0x8
 342 021c 11010000 		.4byte	.LASF42
 343 0220 04       		.byte	0x4
 344 0221 04       		.byte	0x4
 345 0222 B3       		.byte	0xb3
 346 0223 36020000 		.4byte	0x236
 347 0227 0A       		.uleb128 0xa
 348 0228 72313300 		.ascii	"r13\000"
 349 022c 04       		.byte	0x4
 350 022d B4       		.byte	0xb4
 351 022e C3020000 		.4byte	0x2c3
 352 0232 02       		.byte	0x2
 353 0233 23       		.byte	0x23
 354 0234 00       		.uleb128 0
 355 0235 00       		.byte	0
 356 0236 08       		.uleb128 0x8
ARM GAS  /tmp/ccq5Tb8W.s 			page 8


 357 0237 B2020000 		.4byte	.LASF43
 358 023b 24       		.byte	0x24
 359 023c 05       		.byte	0x5
 360 023d F5       		.byte	0xf5
 361 023e C3020000 		.4byte	0x2c3
 362 0242 0C       		.uleb128 0xc
 363 0243 723400   		.ascii	"r4\000"
 364 0246 05       		.byte	0x5
 365 0247 0801     		.2byte	0x108
 366 0249 10020000 		.4byte	0x210
 367 024d 02       		.byte	0x2
 368 024e 23       		.byte	0x23
 369 024f 00       		.uleb128 0
 370 0250 0C       		.uleb128 0xc
 371 0251 723500   		.ascii	"r5\000"
 372 0254 05       		.byte	0x5
 373 0255 0901     		.2byte	0x109
 374 0257 10020000 		.4byte	0x210
 375 025b 02       		.byte	0x2
 376 025c 23       		.byte	0x23
 377 025d 04       		.uleb128 0x4
 378 025e 0C       		.uleb128 0xc
 379 025f 723600   		.ascii	"r6\000"
 380 0262 05       		.byte	0x5
 381 0263 0A01     		.2byte	0x10a
 382 0265 10020000 		.4byte	0x210
 383 0269 02       		.byte	0x2
 384 026a 23       		.byte	0x23
 385 026b 08       		.uleb128 0x8
 386 026c 0C       		.uleb128 0xc
 387 026d 723700   		.ascii	"r7\000"
 388 0270 05       		.byte	0x5
 389 0271 0B01     		.2byte	0x10b
 390 0273 10020000 		.4byte	0x210
 391 0277 02       		.byte	0x2
 392 0278 23       		.byte	0x23
 393 0279 0C       		.uleb128 0xc
 394 027a 0C       		.uleb128 0xc
 395 027b 723800   		.ascii	"r8\000"
 396 027e 05       		.byte	0x5
 397 027f 0C01     		.2byte	0x10c
 398 0281 10020000 		.4byte	0x210
 399 0285 02       		.byte	0x2
 400 0286 23       		.byte	0x23
 401 0287 10       		.uleb128 0x10
 402 0288 0C       		.uleb128 0xc
 403 0289 723900   		.ascii	"r9\000"
 404 028c 05       		.byte	0x5
 405 028d 0D01     		.2byte	0x10d
 406 028f 10020000 		.4byte	0x210
 407 0293 02       		.byte	0x2
 408 0294 23       		.byte	0x23
 409 0295 14       		.uleb128 0x14
 410 0296 0C       		.uleb128 0xc
 411 0297 72313000 		.ascii	"r10\000"
 412 029b 05       		.byte	0x5
 413 029c 0E01     		.2byte	0x10e
ARM GAS  /tmp/ccq5Tb8W.s 			page 9


 414 029e 10020000 		.4byte	0x210
 415 02a2 02       		.byte	0x2
 416 02a3 23       		.byte	0x23
 417 02a4 18       		.uleb128 0x18
 418 02a5 0C       		.uleb128 0xc
 419 02a6 72313100 		.ascii	"r11\000"
 420 02aa 05       		.byte	0x5
 421 02ab 0F01     		.2byte	0x10f
 422 02ad 10020000 		.4byte	0x210
 423 02b1 02       		.byte	0x2
 424 02b2 23       		.byte	0x23
 425 02b3 1C       		.uleb128 0x1c
 426 02b4 0C       		.uleb128 0xc
 427 02b5 6C7200   		.ascii	"lr\000"
 428 02b8 05       		.byte	0x5
 429 02b9 1001     		.2byte	0x110
 430 02bb 10020000 		.4byte	0x210
 431 02bf 02       		.byte	0x2
 432 02c0 23       		.byte	0x23
 433 02c1 20       		.uleb128 0x20
 434 02c2 00       		.byte	0
 435 02c3 05       		.uleb128 0x5
 436 02c4 04       		.byte	0x4
 437 02c5 36020000 		.4byte	0x236
 438 02c9 0D       		.uleb128 0xd
 439 02ca 08       		.byte	0x8
 440 02cb 02       		.byte	0x2
 441 02cc 53       		.byte	0x53
 442 02cd EE020000 		.4byte	0x2ee
 443 02d1 09       		.uleb128 0x9
 444 02d2 5C000000 		.4byte	.LASF15
 445 02d6 02       		.byte	0x2
 446 02d7 54       		.byte	0x54
 447 02d8 EE020000 		.4byte	0x2ee
 448 02dc 02       		.byte	0x2
 449 02dd 23       		.byte	0x23
 450 02de 00       		.uleb128 0
 451 02df 09       		.uleb128 0x9
 452 02e0 31000000 		.4byte	.LASF16
 453 02e4 02       		.byte	0x2
 454 02e5 55       		.byte	0x55
 455 02e6 EE020000 		.4byte	0x2ee
 456 02ea 02       		.byte	0x2
 457 02eb 23       		.byte	0x23
 458 02ec 04       		.uleb128 0x4
 459 02ed 00       		.byte	0
 460 02ee 05       		.uleb128 0x5
 461 02ef 04       		.byte	0x4
 462 02f0 AA000000 		.4byte	0xaa
 463 02f4 07       		.uleb128 0x7
 464 02f5 F5010000 		.4byte	.LASF44
 465 02f9 02       		.byte	0x2
 466 02fa 56       		.byte	0x56
 467 02fb C9020000 		.4byte	0x2c9
 468 02ff 0D       		.uleb128 0xd
 469 0300 04       		.byte	0x4
 470 0301 02       		.byte	0x2
ARM GAS  /tmp/ccq5Tb8W.s 			page 10


 471 0302 5B       		.byte	0x5b
 472 0303 16030000 		.4byte	0x316
 473 0307 09       		.uleb128 0x9
 474 0308 5C000000 		.4byte	.LASF15
 475 030c 02       		.byte	0x2
 476 030d 5C       		.byte	0x5c
 477 030e EE020000 		.4byte	0x2ee
 478 0312 02       		.byte	0x2
 479 0313 23       		.byte	0x23
 480 0314 00       		.uleb128 0
 481 0315 00       		.byte	0
 482 0316 07       		.uleb128 0x7
 483 0317 37010000 		.4byte	.LASF45
 484 031b 02       		.byte	0x2
 485 031c 5D       		.byte	0x5d
 486 031d FF020000 		.4byte	0x2ff
 487 0321 0D       		.uleb128 0xd
 488 0322 1C       		.byte	0x1c
 489 0323 02       		.byte	0x2
 490 0324 64       		.byte	0x64
 491 0325 7E030000 		.4byte	0x37e
 492 0329 09       		.uleb128 0x9
 493 032a 12000000 		.4byte	.LASF46
 494 032e 02       		.byte	0x2
 495 032f 65       		.byte	0x65
 496 0330 F4020000 		.4byte	0x2f4
 497 0334 02       		.byte	0x2
 498 0335 23       		.byte	0x23
 499 0336 00       		.uleb128 0
 500 0337 09       		.uleb128 0x9
 501 0338 64020000 		.4byte	.LASF47
 502 033c 02       		.byte	0x2
 503 033d 66       		.byte	0x66
 504 033e E4010000 		.4byte	0x1e4
 505 0342 02       		.byte	0x2
 506 0343 23       		.byte	0x23
 507 0344 08       		.uleb128 0x8
 508 0345 09       		.uleb128 0x9
 509 0346 38000000 		.4byte	.LASF48
 510 034a 02       		.byte	0x2
 511 034b 68       		.byte	0x68
 512 034c 1B020000 		.4byte	0x21b
 513 0350 02       		.byte	0x2
 514 0351 23       		.byte	0x23
 515 0352 0C       		.uleb128 0xc
 516 0353 09       		.uleb128 0x9
 517 0354 12020000 		.4byte	.LASF49
 518 0358 02       		.byte	0x2
 519 0359 6B       		.byte	0x6b
 520 035a EE020000 		.4byte	0x2ee
 521 035e 02       		.byte	0x2
 522 035f 23       		.byte	0x23
 523 0360 10       		.uleb128 0x10
 524 0361 09       		.uleb128 0x9
 525 0362 9B030000 		.4byte	.LASF50
 526 0366 02       		.byte	0x2
 527 0367 6C       		.byte	0x6c
ARM GAS  /tmp/ccq5Tb8W.s 			page 11


 528 0368 EE020000 		.4byte	0x2ee
 529 036c 02       		.byte	0x2
 530 036d 23       		.byte	0x23
 531 036e 14       		.uleb128 0x14
 532 036f 09       		.uleb128 0x9
 533 0370 19010000 		.4byte	.LASF51
 534 0374 02       		.byte	0x2
 535 0375 6F       		.byte	0x6f
 536 0376 EE020000 		.4byte	0x2ee
 537 037a 02       		.byte	0x2
 538 037b 23       		.byte	0x23
 539 037c 18       		.uleb128 0x18
 540 037d 00       		.byte	0
 541 037e 07       		.uleb128 0x7
 542 037f F0020000 		.4byte	.LASF52
 543 0383 02       		.byte	0x2
 544 0384 71       		.byte	0x71
 545 0385 21030000 		.4byte	0x321
 546 0389 0E       		.uleb128 0xe
 547 038a 04       		.byte	0x4
 548 038b 02       		.byte	0x2
 549 038c B1       		.byte	0xb1
 550 038d BE030000 		.4byte	0x3be
 551 0391 0F       		.uleb128 0xf
 552 0392 2A000000 		.4byte	.LASF53
 553 0396 02       		.byte	0x2
 554 0397 B8       		.byte	0xb8
 555 0398 EF010000 		.4byte	0x1ef
 556 039c 0F       		.uleb128 0xf
 557 039d D6020000 		.4byte	.LASF54
 558 03a1 02       		.byte	0x2
 559 03a2 BF       		.byte	0xbf
 560 03a3 EF010000 		.4byte	0x1ef
 561 03a7 0F       		.uleb128 0xf
 562 03a8 C6020000 		.4byte	.LASF55
 563 03ac 02       		.byte	0x2
 564 03ad C6       		.byte	0xc6
 565 03ae 63000000 		.4byte	0x63
 566 03b2 0F       		.uleb128 0xf
 567 03b3 46010000 		.4byte	.LASF56
 568 03b7 02       		.byte	0x2
 569 03b8 CD       		.byte	0xcd
 570 03b9 FA010000 		.4byte	0x1fa
 571 03bd 00       		.byte	0
 572 03be 08       		.uleb128 0x8
 573 03bf 05020000 		.4byte	.LASF57
 574 03c3 10       		.byte	0x10
 575 03c4 06       		.byte	0x6
 576 03c5 3A       		.byte	0x3a
 577 03c6 F5030000 		.4byte	0x3f5
 578 03ca 09       		.uleb128 0x9
 579 03cb 09010000 		.4byte	.LASF58
 580 03cf 06       		.byte	0x6
 581 03d0 3B       		.byte	0x3b
 582 03d1 F4020000 		.4byte	0x2f4
 583 03d5 02       		.byte	0x2
 584 03d6 23       		.byte	0x23
ARM GAS  /tmp/ccq5Tb8W.s 			page 12


 585 03d7 00       		.uleb128 0
 586 03d8 09       		.uleb128 0x9
 587 03d9 17030000 		.4byte	.LASF59
 588 03dd 06       		.byte	0x6
 589 03de 3D       		.byte	0x3d
 590 03df EE020000 		.4byte	0x2ee
 591 03e3 02       		.byte	0x2
 592 03e4 23       		.byte	0x23
 593 03e5 08       		.uleb128 0x8
 594 03e6 09       		.uleb128 0x9
 595 03e7 1A000000 		.4byte	.LASF60
 596 03eb 06       		.byte	0x6
 597 03ec 3F       		.byte	0x3f
 598 03ed 28050000 		.4byte	0x528
 599 03f1 02       		.byte	0x2
 600 03f2 23       		.byte	0x23
 601 03f3 0C       		.uleb128 0xc
 602 03f4 00       		.byte	0
 603 03f5 05       		.uleb128 0x5
 604 03f6 04       		.byte	0x4
 605 03f7 BE030000 		.4byte	0x3be
 606 03fb 10       		.uleb128 0x10
 607 03fc DF020000 		.4byte	.LASF61
 608 0400 02       		.byte	0x2
 609 0401 0301     		.2byte	0x103
 610 0403 07040000 		.4byte	0x407
 611 0407 05       		.uleb128 0x5
 612 0408 04       		.byte	0x4
 613 0409 0D040000 		.4byte	0x40d
 614 040d 11       		.uleb128 0x11
 615 040e 01       		.byte	0x1
 616 040f 19040000 		.4byte	0x419
 617 0413 12       		.uleb128 0x12
 618 0414 63000000 		.4byte	0x63
 619 0418 00       		.byte	0
 620 0419 10       		.uleb128 0x10
 621 041a F9000000 		.4byte	.LASF62
 622 041e 02       		.byte	0x2
 623 041f 0801     		.2byte	0x108
 624 0421 25040000 		.4byte	0x425
 625 0425 13       		.uleb128 0x13
 626 0426 27030000 		.4byte	.LASF63
 627 042a 14       		.byte	0x14
 628 042b 02       		.byte	0x2
 629 042c 0F01     		.2byte	0x10f
 630 042e 7E040000 		.4byte	0x47e
 631 0432 14       		.uleb128 0x14
 632 0433 D7010000 		.4byte	.LASF64
 633 0437 02       		.byte	0x2
 634 0438 1001     		.2byte	0x110
 635 043a 7E040000 		.4byte	0x47e
 636 043e 02       		.byte	0x2
 637 043f 23       		.byte	0x23
 638 0440 00       		.uleb128 0
 639 0441 14       		.uleb128 0x14
 640 0442 BE020000 		.4byte	.LASF65
 641 0446 02       		.byte	0x2
ARM GAS  /tmp/ccq5Tb8W.s 			page 13


 642 0447 1101     		.2byte	0x111
 643 0449 7E040000 		.4byte	0x47e
 644 044d 02       		.byte	0x2
 645 044e 23       		.byte	0x23
 646 044f 04       		.uleb128 0x4
 647 0450 14       		.uleb128 0x14
 648 0451 22020000 		.4byte	.LASF66
 649 0455 02       		.byte	0x2
 650 0456 1201     		.2byte	0x112
 651 0458 05020000 		.4byte	0x205
 652 045c 02       		.byte	0x2
 653 045d 23       		.byte	0x23
 654 045e 08       		.uleb128 0x8
 655 045f 14       		.uleb128 0x14
 656 0460 72000000 		.4byte	.LASF67
 657 0464 02       		.byte	0x2
 658 0465 1301     		.2byte	0x113
 659 0467 FB030000 		.4byte	0x3fb
 660 046b 02       		.byte	0x2
 661 046c 23       		.byte	0x23
 662 046d 0C       		.uleb128 0xc
 663 046e 14       		.uleb128 0x14
 664 046f 6B000000 		.4byte	.LASF68
 665 0473 02       		.byte	0x2
 666 0474 1501     		.2byte	0x115
 667 0476 63000000 		.4byte	0x63
 668 047a 02       		.byte	0x2
 669 047b 23       		.byte	0x23
 670 047c 10       		.uleb128 0x10
 671 047d 00       		.byte	0
 672 047e 05       		.uleb128 0x5
 673 047f 04       		.byte	0x4
 674 0480 19040000 		.4byte	0x419
 675 0484 15       		.uleb128 0x15
 676 0485 0C       		.byte	0xc
 677 0486 02       		.byte	0x2
 678 0487 1F01     		.2byte	0x11f
 679 0489 CA040000 		.4byte	0x4ca
 680 048d 14       		.uleb128 0x14
 681 048e D7010000 		.4byte	.LASF64
 682 0492 02       		.byte	0x2
 683 0493 2001     		.2byte	0x120
 684 0495 7E040000 		.4byte	0x47e
 685 0499 02       		.byte	0x2
 686 049a 23       		.byte	0x23
 687 049b 00       		.uleb128 0
 688 049c 14       		.uleb128 0x14
 689 049d BE020000 		.4byte	.LASF65
 690 04a1 02       		.byte	0x2
 691 04a2 2201     		.2byte	0x122
 692 04a4 7E040000 		.4byte	0x47e
 693 04a8 02       		.byte	0x2
 694 04a9 23       		.byte	0x23
 695 04aa 04       		.uleb128 0x4
 696 04ab 14       		.uleb128 0x14
 697 04ac 22020000 		.4byte	.LASF66
 698 04b0 02       		.byte	0x2
ARM GAS  /tmp/ccq5Tb8W.s 			page 14


 699 04b1 2401     		.2byte	0x124
 700 04b3 05020000 		.4byte	0x205
 701 04b7 02       		.byte	0x2
 702 04b8 23       		.byte	0x23
 703 04b9 08       		.uleb128 0x8
 704 04ba 14       		.uleb128 0x14
 705 04bb B5000000 		.4byte	.LASF69
 706 04bf 02       		.byte	0x2
 707 04c0 2C01     		.2byte	0x12c
 708 04c2 05020000 		.4byte	0x205
 709 04c6 02       		.byte	0x2
 710 04c7 23       		.byte	0x23
 711 04c8 0A       		.uleb128 0xa
 712 04c9 00       		.byte	0
 713 04ca 10       		.uleb128 0x10
 714 04cb DF010000 		.4byte	.LASF70
 715 04cf 02       		.byte	0x2
 716 04d0 2F01     		.2byte	0x12f
 717 04d2 84040000 		.4byte	0x484
 718 04d6 13       		.uleb128 0x13
 719 04d7 EF000000 		.4byte	.LASF71
 720 04db 2C       		.byte	0x2c
 721 04dc 02       		.byte	0x2
 722 04dd 3601     		.2byte	0x136
 723 04df 11050000 		.4byte	0x511
 724 04e3 14       		.uleb128 0x14
 725 04e4 40020000 		.4byte	.LASF72
 726 04e8 02       		.byte	0x2
 727 04e9 3A01     		.2byte	0x13a
 728 04eb 7E030000 		.4byte	0x37e
 729 04ef 02       		.byte	0x2
 730 04f0 23       		.byte	0x23
 731 04f1 00       		.uleb128 0
 732 04f2 14       		.uleb128 0x14
 733 04f3 35030000 		.4byte	.LASF73
 734 04f7 02       		.byte	0x2
 735 04f8 3E01     		.2byte	0x13e
 736 04fa CA040000 		.4byte	0x4ca
 737 04fe 02       		.byte	0x2
 738 04ff 23       		.byte	0x23
 739 0500 1C       		.uleb128 0x1c
 740 0501 14       		.uleb128 0x14
 741 0502 A2000000 		.4byte	.LASF74
 742 0506 02       		.byte	0x2
 743 0507 4301     		.2byte	0x143
 744 0509 B8010000 		.4byte	0x1b8
 745 050d 02       		.byte	0x2
 746 050e 23       		.byte	0x23
 747 050f 28       		.uleb128 0x28
 748 0510 00       		.byte	0
 749 0511 10       		.uleb128 0x10
 750 0512 96000000 		.4byte	.LASF75
 751 0516 02       		.byte	0x2
 752 0517 6501     		.2byte	0x165
 753 0519 D6040000 		.4byte	0x4d6
 754 051d 07       		.uleb128 0x7
 755 051e 54020000 		.4byte	.LASF76
ARM GAS  /tmp/ccq5Tb8W.s 			page 15


 756 0522 06       		.byte	0x6
 757 0523 35       		.byte	0x35
 758 0524 BE030000 		.4byte	0x3be
 759 0528 05       		.uleb128 0x5
 760 0529 04       		.byte	0x4
 761 052a 1D050000 		.4byte	0x51d
 762 052e 02       		.uleb128 0x2
 763 052f 01       		.byte	0x1
 764 0530 02       		.byte	0x2
 765 0531 86020000 		.4byte	.LASF77
 766 0535 16       		.uleb128 0x16
 767 0536 0A030000 		.4byte	.LASF78
 768 053a 07       		.byte	0x7
 769 053b 1606     		.2byte	0x616
 770 053d B3010000 		.4byte	0x1b3
 771 0541 01       		.byte	0x1
 772 0542 01       		.byte	0x1
 773 0543 17       		.uleb128 0x17
 774 0544 636800   		.ascii	"ch\000"
 775 0547 02       		.byte	0x2
 776 0548 8901     		.2byte	0x189
 777 054a 11050000 		.4byte	0x511
 778 054e 01       		.byte	0x1
 779 054f 01       		.byte	0x1
 780 0550 00       		.byte	0
 781              		.section	.debug_abbrev,"",%progbits
 782              	.Ldebug_abbrev0:
 783 0000 01       		.uleb128 0x1
 784 0001 11       		.uleb128 0x11
 785 0002 01       		.byte	0x1
 786 0003 25       		.uleb128 0x25
 787 0004 0E       		.uleb128 0xe
 788 0005 13       		.uleb128 0x13
 789 0006 0B       		.uleb128 0xb
 790 0007 03       		.uleb128 0x3
 791 0008 0E       		.uleb128 0xe
 792 0009 1B       		.uleb128 0x1b
 793 000a 0E       		.uleb128 0xe
 794 000b 10       		.uleb128 0x10
 795 000c 06       		.uleb128 0x6
 796 000d 00       		.byte	0
 797 000e 00       		.byte	0
 798 000f 02       		.uleb128 0x2
 799 0010 24       		.uleb128 0x24
 800 0011 00       		.byte	0
 801 0012 0B       		.uleb128 0xb
 802 0013 0B       		.uleb128 0xb
 803 0014 3E       		.uleb128 0x3e
 804 0015 0B       		.uleb128 0xb
 805 0016 03       		.uleb128 0x3
 806 0017 0E       		.uleb128 0xe
 807 0018 00       		.byte	0
 808 0019 00       		.byte	0
 809 001a 03       		.uleb128 0x3
 810 001b 24       		.uleb128 0x24
 811 001c 00       		.byte	0
 812 001d 0B       		.uleb128 0xb
ARM GAS  /tmp/ccq5Tb8W.s 			page 16


 813 001e 0B       		.uleb128 0xb
 814 001f 3E       		.uleb128 0x3e
 815 0020 0B       		.uleb128 0xb
 816 0021 03       		.uleb128 0x3
 817 0022 08       		.uleb128 0x8
 818 0023 00       		.byte	0
 819 0024 00       		.byte	0
 820 0025 04       		.uleb128 0x4
 821 0026 0F       		.uleb128 0xf
 822 0027 00       		.byte	0
 823 0028 0B       		.uleb128 0xb
 824 0029 0B       		.uleb128 0xb
 825 002a 00       		.byte	0
 826 002b 00       		.byte	0
 827 002c 05       		.uleb128 0x5
 828 002d 0F       		.uleb128 0xf
 829 002e 00       		.byte	0
 830 002f 0B       		.uleb128 0xb
 831 0030 0B       		.uleb128 0xb
 832 0031 49       		.uleb128 0x49
 833 0032 13       		.uleb128 0x13
 834 0033 00       		.byte	0
 835 0034 00       		.byte	0
 836 0035 06       		.uleb128 0x6
 837 0036 26       		.uleb128 0x26
 838 0037 00       		.byte	0
 839 0038 49       		.uleb128 0x49
 840 0039 13       		.uleb128 0x13
 841 003a 00       		.byte	0
 842 003b 00       		.byte	0
 843 003c 07       		.uleb128 0x7
 844 003d 16       		.uleb128 0x16
 845 003e 00       		.byte	0
 846 003f 03       		.uleb128 0x3
 847 0040 0E       		.uleb128 0xe
 848 0041 3A       		.uleb128 0x3a
 849 0042 0B       		.uleb128 0xb
 850 0043 3B       		.uleb128 0x3b
 851 0044 0B       		.uleb128 0xb
 852 0045 49       		.uleb128 0x49
 853 0046 13       		.uleb128 0x13
 854 0047 00       		.byte	0
 855 0048 00       		.byte	0
 856 0049 08       		.uleb128 0x8
 857 004a 13       		.uleb128 0x13
 858 004b 01       		.byte	0x1
 859 004c 03       		.uleb128 0x3
 860 004d 0E       		.uleb128 0xe
 861 004e 0B       		.uleb128 0xb
 862 004f 0B       		.uleb128 0xb
 863 0050 3A       		.uleb128 0x3a
 864 0051 0B       		.uleb128 0xb
 865 0052 3B       		.uleb128 0x3b
 866 0053 0B       		.uleb128 0xb
 867 0054 01       		.uleb128 0x1
 868 0055 13       		.uleb128 0x13
 869 0056 00       		.byte	0
ARM GAS  /tmp/ccq5Tb8W.s 			page 17


 870 0057 00       		.byte	0
 871 0058 09       		.uleb128 0x9
 872 0059 0D       		.uleb128 0xd
 873 005a 00       		.byte	0
 874 005b 03       		.uleb128 0x3
 875 005c 0E       		.uleb128 0xe
 876 005d 3A       		.uleb128 0x3a
 877 005e 0B       		.uleb128 0xb
 878 005f 3B       		.uleb128 0x3b
 879 0060 0B       		.uleb128 0xb
 880 0061 49       		.uleb128 0x49
 881 0062 13       		.uleb128 0x13
 882 0063 38       		.uleb128 0x38
 883 0064 0A       		.uleb128 0xa
 884 0065 00       		.byte	0
 885 0066 00       		.byte	0
 886 0067 0A       		.uleb128 0xa
 887 0068 0D       		.uleb128 0xd
 888 0069 00       		.byte	0
 889 006a 03       		.uleb128 0x3
 890 006b 08       		.uleb128 0x8
 891 006c 3A       		.uleb128 0x3a
 892 006d 0B       		.uleb128 0xb
 893 006e 3B       		.uleb128 0x3b
 894 006f 0B       		.uleb128 0xb
 895 0070 49       		.uleb128 0x49
 896 0071 13       		.uleb128 0x13
 897 0072 38       		.uleb128 0x38
 898 0073 0A       		.uleb128 0xa
 899 0074 00       		.byte	0
 900 0075 00       		.byte	0
 901 0076 0B       		.uleb128 0xb
 902 0077 35       		.uleb128 0x35
 903 0078 00       		.byte	0
 904 0079 49       		.uleb128 0x49
 905 007a 13       		.uleb128 0x13
 906 007b 00       		.byte	0
 907 007c 00       		.byte	0
 908 007d 0C       		.uleb128 0xc
 909 007e 0D       		.uleb128 0xd
 910 007f 00       		.byte	0
 911 0080 03       		.uleb128 0x3
 912 0081 08       		.uleb128 0x8
 913 0082 3A       		.uleb128 0x3a
 914 0083 0B       		.uleb128 0xb
 915 0084 3B       		.uleb128 0x3b
 916 0085 05       		.uleb128 0x5
 917 0086 49       		.uleb128 0x49
 918 0087 13       		.uleb128 0x13
 919 0088 38       		.uleb128 0x38
 920 0089 0A       		.uleb128 0xa
 921 008a 00       		.byte	0
 922 008b 00       		.byte	0
 923 008c 0D       		.uleb128 0xd
 924 008d 13       		.uleb128 0x13
 925 008e 01       		.byte	0x1
 926 008f 0B       		.uleb128 0xb
ARM GAS  /tmp/ccq5Tb8W.s 			page 18


 927 0090 0B       		.uleb128 0xb
 928 0091 3A       		.uleb128 0x3a
 929 0092 0B       		.uleb128 0xb
 930 0093 3B       		.uleb128 0x3b
 931 0094 0B       		.uleb128 0xb
 932 0095 01       		.uleb128 0x1
 933 0096 13       		.uleb128 0x13
 934 0097 00       		.byte	0
 935 0098 00       		.byte	0
 936 0099 0E       		.uleb128 0xe
 937 009a 17       		.uleb128 0x17
 938 009b 01       		.byte	0x1
 939 009c 0B       		.uleb128 0xb
 940 009d 0B       		.uleb128 0xb
 941 009e 3A       		.uleb128 0x3a
 942 009f 0B       		.uleb128 0xb
 943 00a0 3B       		.uleb128 0x3b
 944 00a1 0B       		.uleb128 0xb
 945 00a2 01       		.uleb128 0x1
 946 00a3 13       		.uleb128 0x13
 947 00a4 00       		.byte	0
 948 00a5 00       		.byte	0
 949 00a6 0F       		.uleb128 0xf
 950 00a7 0D       		.uleb128 0xd
 951 00a8 00       		.byte	0
 952 00a9 03       		.uleb128 0x3
 953 00aa 0E       		.uleb128 0xe
 954 00ab 3A       		.uleb128 0x3a
 955 00ac 0B       		.uleb128 0xb
 956 00ad 3B       		.uleb128 0x3b
 957 00ae 0B       		.uleb128 0xb
 958 00af 49       		.uleb128 0x49
 959 00b0 13       		.uleb128 0x13
 960 00b1 00       		.byte	0
 961 00b2 00       		.byte	0
 962 00b3 10       		.uleb128 0x10
 963 00b4 16       		.uleb128 0x16
 964 00b5 00       		.byte	0
 965 00b6 03       		.uleb128 0x3
 966 00b7 0E       		.uleb128 0xe
 967 00b8 3A       		.uleb128 0x3a
 968 00b9 0B       		.uleb128 0xb
 969 00ba 3B       		.uleb128 0x3b
 970 00bb 05       		.uleb128 0x5
 971 00bc 49       		.uleb128 0x49
 972 00bd 13       		.uleb128 0x13
 973 00be 00       		.byte	0
 974 00bf 00       		.byte	0
 975 00c0 11       		.uleb128 0x11
 976 00c1 15       		.uleb128 0x15
 977 00c2 01       		.byte	0x1
 978 00c3 27       		.uleb128 0x27
 979 00c4 0C       		.uleb128 0xc
 980 00c5 01       		.uleb128 0x1
 981 00c6 13       		.uleb128 0x13
 982 00c7 00       		.byte	0
 983 00c8 00       		.byte	0
ARM GAS  /tmp/ccq5Tb8W.s 			page 19


 984 00c9 12       		.uleb128 0x12
 985 00ca 05       		.uleb128 0x5
 986 00cb 00       		.byte	0
 987 00cc 49       		.uleb128 0x49
 988 00cd 13       		.uleb128 0x13
 989 00ce 00       		.byte	0
 990 00cf 00       		.byte	0
 991 00d0 13       		.uleb128 0x13
 992 00d1 13       		.uleb128 0x13
 993 00d2 01       		.byte	0x1
 994 00d3 03       		.uleb128 0x3
 995 00d4 0E       		.uleb128 0xe
 996 00d5 0B       		.uleb128 0xb
 997 00d6 0B       		.uleb128 0xb
 998 00d7 3A       		.uleb128 0x3a
 999 00d8 0B       		.uleb128 0xb
 1000 00d9 3B       		.uleb128 0x3b
 1001 00da 05       		.uleb128 0x5
 1002 00db 01       		.uleb128 0x1
 1003 00dc 13       		.uleb128 0x13
 1004 00dd 00       		.byte	0
 1005 00de 00       		.byte	0
 1006 00df 14       		.uleb128 0x14
 1007 00e0 0D       		.uleb128 0xd
 1008 00e1 00       		.byte	0
 1009 00e2 03       		.uleb128 0x3
 1010 00e3 0E       		.uleb128 0xe
 1011 00e4 3A       		.uleb128 0x3a
 1012 00e5 0B       		.uleb128 0xb
 1013 00e6 3B       		.uleb128 0x3b
 1014 00e7 05       		.uleb128 0x5
 1015 00e8 49       		.uleb128 0x49
 1016 00e9 13       		.uleb128 0x13
 1017 00ea 38       		.uleb128 0x38
 1018 00eb 0A       		.uleb128 0xa
 1019 00ec 00       		.byte	0
 1020 00ed 00       		.byte	0
 1021 00ee 15       		.uleb128 0x15
 1022 00ef 13       		.uleb128 0x13
 1023 00f0 01       		.byte	0x1
 1024 00f1 0B       		.uleb128 0xb
 1025 00f2 0B       		.uleb128 0xb
 1026 00f3 3A       		.uleb128 0x3a
 1027 00f4 0B       		.uleb128 0xb
 1028 00f5 3B       		.uleb128 0x3b
 1029 00f6 05       		.uleb128 0x5
 1030 00f7 01       		.uleb128 0x1
 1031 00f8 13       		.uleb128 0x13
 1032 00f9 00       		.byte	0
 1033 00fa 00       		.byte	0
 1034 00fb 16       		.uleb128 0x16
 1035 00fc 34       		.uleb128 0x34
 1036 00fd 00       		.byte	0
 1037 00fe 03       		.uleb128 0x3
 1038 00ff 0E       		.uleb128 0xe
 1039 0100 3A       		.uleb128 0x3a
 1040 0101 0B       		.uleb128 0xb
ARM GAS  /tmp/ccq5Tb8W.s 			page 20


 1041 0102 3B       		.uleb128 0x3b
 1042 0103 05       		.uleb128 0x5
 1043 0104 49       		.uleb128 0x49
 1044 0105 13       		.uleb128 0x13
 1045 0106 3F       		.uleb128 0x3f
 1046 0107 0C       		.uleb128 0xc
 1047 0108 3C       		.uleb128 0x3c
 1048 0109 0C       		.uleb128 0xc
 1049 010a 00       		.byte	0
 1050 010b 00       		.byte	0
 1051 010c 17       		.uleb128 0x17
 1052 010d 34       		.uleb128 0x34
 1053 010e 00       		.byte	0
 1054 010f 03       		.uleb128 0x3
 1055 0110 08       		.uleb128 0x8
 1056 0111 3A       		.uleb128 0x3a
 1057 0112 0B       		.uleb128 0xb
 1058 0113 3B       		.uleb128 0x3b
 1059 0114 05       		.uleb128 0x5
 1060 0115 49       		.uleb128 0x49
 1061 0116 13       		.uleb128 0x13
 1062 0117 3F       		.uleb128 0x3f
 1063 0118 0C       		.uleb128 0xc
 1064 0119 3C       		.uleb128 0x3c
 1065 011a 0C       		.uleb128 0xc
 1066 011b 00       		.byte	0
 1067 011c 00       		.byte	0
 1068 011d 00       		.byte	0
 1069              		.section	.debug_aranges,"",%progbits
 1070 0000 14000000 		.4byte	0x14
 1071 0004 0200     		.2byte	0x2
 1072 0006 00000000 		.4byte	.Ldebug_info0
 1073 000a 04       		.byte	0x4
 1074 000b 00       		.byte	0
 1075 000c 0000     		.2byte	0
 1076 000e 0000     		.2byte	0
 1077 0010 00000000 		.4byte	0
 1078 0014 00000000 		.4byte	0
 1079              		.section	.debug_line,"",%progbits
 1080              	.Ldebug_line0:
 1081 0000 59010000 		.section	.debug_str,"MS",%progbits,1
 1081      02005301 
 1081      00000201 
 1081      FB0E0D00 
 1081      01010101 
 1082              	.LASF35:
 1083 0000 74726566 		.ascii	"trefs_t\000"
 1083      735F7400 
 1084              	.LASF2:
 1085 0008 73686F72 		.ascii	"short int\000"
 1085      7420696E 
 1085      7400
 1086              	.LASF46:
 1087 0012 725F7175 		.ascii	"r_queue\000"
 1087      65756500 
 1088              	.LASF60:
 1089 001a 6D5F6E65 		.ascii	"m_next\000"
ARM GAS  /tmp/ccq5Tb8W.s 			page 21


 1089      787400
 1090              	.LASF8:
 1091 0021 73697A65 		.ascii	"sizetype\000"
 1091      74797065 
 1091      00
 1092              	.LASF53:
 1093 002a 7264796D 		.ascii	"rdymsg\000"
 1093      736700
 1094              	.LASF16:
 1095 0031 705F7072 		.ascii	"p_prev\000"
 1095      657600
 1096              	.LASF48:
 1097 0038 725F6374 		.ascii	"r_ctx\000"
 1097      7800
 1098              	.LASF38:
 1099 003e 6576656E 		.ascii	"eventmask_t\000"
 1099      746D6173 
 1099      6B5F7400 
 1100              	.LASF26:
 1101 004a 705F6D73 		.ascii	"p_msgqueue\000"
 1101      67717565 
 1101      756500
 1102              	.LASF17:
 1103 0055 705F7072 		.ascii	"p_prio\000"
 1103      696F00
 1104              	.LASF15:
 1105 005c 705F6E65 		.ascii	"p_next\000"
 1105      787400
 1106              	.LASF32:
 1107 0063 7274636E 		.ascii	"rtcnt_t\000"
 1107      745F7400 
 1108              	.LASF68:
 1109 006b 76745F70 		.ascii	"vt_par\000"
 1109      617200
 1110              	.LASF67:
 1111 0072 76745F66 		.ascii	"vt_func\000"
 1111      756E6300 
 1112              	.LASF40:
 1113 007a 72656761 		.ascii	"regarm_t\000"
 1113      726D5F74 
 1113      00
 1114              	.LASF11:
 1115 0083 75696E74 		.ascii	"uint8_t\000"
 1115      385F7400 
 1116              	.LASF28:
 1117 008b 705F6570 		.ascii	"p_epending\000"
 1117      656E6469 
 1117      6E6700
 1118              	.LASF75:
 1119 0096 63685F73 		.ascii	"ch_system_t\000"
 1119      79737465 
 1119      6D5F7400 
 1120              	.LASF74:
 1121 00a2 6D656173 		.ascii	"measurement_offset\000"
 1121      7572656D 
 1121      656E745F 
 1121      6F666673 
ARM GAS  /tmp/ccq5Tb8W.s 			page 22


 1121      657400
 1122              	.LASF69:
 1123 00b5 76745F6C 		.ascii	"vt_lasttime\000"
 1123      61737474 
 1123      696D6500 
 1124              	.LASF33:
 1125 00c1 746D6F64 		.ascii	"tmode_t\000"
 1125      655F7400 
 1126              	.LASF5:
 1127 00c9 6C6F6E67 		.ascii	"long long int\000"
 1127      206C6F6E 
 1127      6720696E 
 1127      7400
 1128              	.LASF21:
 1129 00d7 705F6E61 		.ascii	"p_name\000"
 1129      6D6500
 1130              	.LASF36:
 1131 00de 74707269 		.ascii	"tprio_t\000"
 1131      6F5F7400 
 1132              	.LASF7:
 1133 00e6 6C6F6E67 		.ascii	"long int\000"
 1133      20696E74 
 1133      00
 1134              	.LASF71:
 1135 00ef 63685F73 		.ascii	"ch_system\000"
 1135      79737465 
 1135      6D00
 1136              	.LASF62:
 1137 00f9 76697274 		.ascii	"virtual_timer_t\000"
 1137      75616C5F 
 1137      74696D65 
 1137      725F7400 
 1138              	.LASF58:
 1139 0109 6D5F7175 		.ascii	"m_queue\000"
 1139      65756500 
 1140              	.LASF42:
 1141 0111 636F6E74 		.ascii	"context\000"
 1141      65787400 
 1142              	.LASF51:
 1143 0119 725F6375 		.ascii	"r_current\000"
 1143      7272656E 
 1143      7400
 1144              	.LASF27:
 1145 0123 705F6D73 		.ascii	"p_msg\000"
 1145      6700
 1146              	.LASF1:
 1147 0129 756E7369 		.ascii	"unsigned char\000"
 1147      676E6564 
 1147      20636861 
 1147      7200
 1148              	.LASF45:
 1149 0137 74687265 		.ascii	"threads_list_t\000"
 1149      6164735F 
 1149      6C697374 
 1149      5F7400
 1150              	.LASF56:
 1151 0146 65776D61 		.ascii	"ewmask\000"
ARM GAS  /tmp/ccq5Tb8W.s 			page 23


 1151      736B00
 1152              	.LASF0:
 1153 014d 7369676E 		.ascii	"signed char\000"
 1153      65642063 
 1153      68617200 
 1154              	.LASF19:
 1155 0159 705F6E65 		.ascii	"p_newer\000"
 1155      77657200 
 1156              	.LASF6:
 1157 0161 6C6F6E67 		.ascii	"long long unsigned int\000"
 1157      206C6F6E 
 1157      6720756E 
 1157      7369676E 
 1157      65642069 
 1158              	.LASF14:
 1159 0178 75696E74 		.ascii	"uint32_t\000"
 1159      33325F74 
 1159      00
 1160              	.LASF4:
 1161 0181 756E7369 		.ascii	"unsigned int\000"
 1161      676E6564 
 1161      20696E74 
 1161      00
 1162              	.LASF79:
 1163 018e 474E5520 		.ascii	"GNU C 4.7.4 20130913 (release) [ARM/embedded-4_7-br"
 1163      4320342E 
 1163      372E3420 
 1163      32303133 
 1163      30393133 
 1164 01c1 616E6368 		.ascii	"anch revision 202601]\000"
 1164      20726576 
 1164      6973696F 
 1164      6E203230 
 1164      32363031 
 1165              	.LASF64:
 1166 01d7 76745F6E 		.ascii	"vt_next\000"
 1166      65787400 
 1167              	.LASF70:
 1168 01df 76697274 		.ascii	"virtual_timers_list_t\000"
 1168      75616C5F 
 1168      74696D65 
 1168      72735F6C 
 1168      6973745F 
 1169              	.LASF44:
 1170 01f5 74687265 		.ascii	"threads_queue_t\000"
 1170      6164735F 
 1170      71756575 
 1170      655F7400 
 1171              	.LASF57:
 1172 0205 6D757465 		.ascii	"mutex\000"
 1172      7800
 1173              	.LASF41:
 1174 020b 74687265 		.ascii	"thread\000"
 1174      616400
 1175              	.LASF49:
 1176 0212 725F6E65 		.ascii	"r_newer\000"
 1176      77657200 
ARM GAS  /tmp/ccq5Tb8W.s 			page 24


 1177              	.LASF23:
 1178 021a 705F666C 		.ascii	"p_flags\000"
 1178      61677300 
 1179              	.LASF66:
 1180 0222 76745F64 		.ascii	"vt_delta\000"
 1180      656C7461 
 1180      00
 1181              	.LASF30:
 1182 022b 705F7265 		.ascii	"p_realprio\000"
 1182      616C7072 
 1182      696F00
 1183              	.LASF39:
 1184 0236 73797374 		.ascii	"systime_t\000"
 1184      696D655F 
 1184      7400
 1185              	.LASF72:
 1186 0240 726C6973 		.ascii	"rlist\000"
 1186      7400
 1187              	.LASF10:
 1188 0246 63686172 		.ascii	"char\000"
 1188      00
 1189              	.LASF12:
 1190 024b 75696E74 		.ascii	"uint16_t\000"
 1190      31365F74 
 1190      00
 1191              	.LASF76:
 1192 0254 6D757465 		.ascii	"mutex_t\000"
 1192      785F7400 
 1193              	.LASF13:
 1194 025c 696E7433 		.ascii	"int32_t\000"
 1194      325F7400 
 1195              	.LASF47:
 1196 0264 725F7072 		.ascii	"r_prio\000"
 1196      696F00
 1197              	.LASF22:
 1198 026b 705F7374 		.ascii	"p_state\000"
 1198      61746500 
 1199              	.LASF3:
 1200 0273 73686F72 		.ascii	"short unsigned int\000"
 1200      7420756E 
 1200      7369676E 
 1200      65642069 
 1200      6E7400
 1201              	.LASF77:
 1202 0286 5F426F6F 		.ascii	"_Bool\000"
 1202      6C00
 1203              	.LASF25:
 1204 028c 705F7761 		.ascii	"p_waiting\000"
 1204      6974696E 
 1204      6700
 1205              	.LASF29:
 1206 0296 705F6D74 		.ascii	"p_mtxlist\000"
 1206      786C6973 
 1206      7400
 1207              	.LASF9:
 1208 02a0 6C6F6E67 		.ascii	"long unsigned int\000"
 1208      20756E73 
ARM GAS  /tmp/ccq5Tb8W.s 			page 25


 1208      69676E65 
 1208      6420696E 
 1208      7400
 1209              	.LASF43:
 1210 02b2 706F7274 		.ascii	"port_intctx\000"
 1210      5F696E74 
 1210      63747800 
 1211              	.LASF65:
 1212 02be 76745F70 		.ascii	"vt_prev\000"
 1212      72657600 
 1213              	.LASF55:
 1214 02c6 77746F62 		.ascii	"wtobjp\000"
 1214      6A7000
 1215              	.LASF34:
 1216 02cd 74737461 		.ascii	"tstate_t\000"
 1216      74655F74 
 1216      00
 1217              	.LASF54:
 1218 02d6 65786974 		.ascii	"exitcode\000"
 1218      636F6465 
 1218      00
 1219              	.LASF61:
 1220 02df 76746675 		.ascii	"vtfunc_t\000"
 1220      6E635F74 
 1220      00
 1221              	.LASF20:
 1222 02e8 705F6F6C 		.ascii	"p_older\000"
 1222      64657200 
 1223              	.LASF52:
 1224 02f0 72656164 		.ascii	"ready_list_t\000"
 1224      795F6C69 
 1224      73745F74 
 1224      00
 1225              	.LASF24:
 1226 02fd 705F7265 		.ascii	"p_refs\000"
 1226      667300
 1227              	.LASF18:
 1228 0304 705F6374 		.ascii	"p_ctx\000"
 1228      7800
 1229              	.LASF78:
 1230 030a 49544D5F 		.ascii	"ITM_RxBuffer\000"
 1230      52784275 
 1230      66666572 
 1230      00
 1231              	.LASF59:
 1232 0317 6D5F6F77 		.ascii	"m_owner\000"
 1232      6E657200 
 1233              	.LASF31:
 1234 031f 705F6D70 		.ascii	"p_mpool\000"
 1234      6F6F6C00 
 1235              	.LASF63:
 1236 0327 76697274 		.ascii	"virtual_timer\000"
 1236      75616C5F 
 1236      74696D65 
 1236      7200
 1237              	.LASF73:
 1238 0335 76746C69 		.ascii	"vtlist\000"
ARM GAS  /tmp/ccq5Tb8W.s 			page 26


 1238      737400
 1239              	.LASF37:
 1240 033c 6D73675F 		.ascii	"msg_t\000"
 1240      7400
 1241              	.LASF81:
 1242 0342 2F686F6D 		.ascii	"/home/joerg/repos/chibios-projects/ChibiOS-RT/demos"
 1242      652F6A6F 
 1242      6572672F 
 1242      7265706F 
 1242      732F6368 
 1243 0375 2F53544D 		.ascii	"/STM32/RT-STM32F103-OLIMEX_STM32_P103\000"
 1243      33322F52 
 1243      542D5354 
 1243      4D333246 
 1243      3130332D 
 1244              	.LASF50:
 1245 039b 725F6F6C 		.ascii	"r_older\000"
 1245      64657200 
 1246              	.LASF80:
 1247 03a3 2E2E2F2E 		.ascii	"../../../os/hal/src/usb.c\000"
 1247      2E2F2E2E 
 1247      2F6F732F 
 1247      68616C2F 
 1247      7372632F 
 1248              		.comm	__gnu_lto_v1,1,1
 1249              		.ident	"GCC: (GNU Tools for ARM Embedded Processors) 4.7.4 20130913 (release) [ARM/embedded-4_7-br
ARM GAS  /tmp/ccq5Tb8W.s 			page 27


DEFINED SYMBOLS
                            *ABS*:00000000 usb.c
                            *COM*:00000001 __gnu_lto_v1

NO UNDEFINED SYMBOLS
