ARM GAS  /tmp/ccjKyI96.s 			page 1


   1              		.syntax unified
   2              		.cpu cortex-m3
   3              		.fpu softvfp
   4              		.eabi_attribute 20, 1
   5              		.eabi_attribute 21, 1
   6              		.eabi_attribute 23, 3
   7              		.eabi_attribute 24, 1
   8              		.eabi_attribute 25, 1
   9              		.eabi_attribute 26, 1
  10              		.eabi_attribute 30, 2
  11              		.eabi_attribute 34, 1
  12              		.eabi_attribute 18, 4
  13              		.thumb
  14              		.file	"vectors.c"
  15              		.text
  16              	.Ltext0:
  17              		.section	.gnu.lto_.jmpfuncs.2a556ff48154304c,"",%progbits
  18 0000 789C6362 		.ascii	"x\234cb`d`g\300\016X\2404#\020\003\000\001\316\000\020"
  18      60646067 
  18      C00E58A0 
  18      34231003 
  18      0001CE00 
  19              		.text
  20              		.section	.gnu.lto_.inline.2a556ff48154304c,"",%progbits
  21 0000 789C6DCE 		.ascii	"x\234m\316Y[\201a\024\005\320\267/\222\2514\321\254"
  21      595B8161 
  21      1405D0B7 
  21      2F92A934 
  21      D1AC
  22 0012 79124D54 		.ascii	"y\022MThPI\212\312\377\3775a\271l\337\254\263\237s."
  22      6850498A 
  22      CAFFFF35 
  22      61B96CDF 
  22      ACB39F73 
  23 0027 4E14A642 		.ascii	"N\024\246B6\374\237z\304A\010\321\360l\324b\343i\234"
  23      36FC9F7A 
  23      C44108D1 
  23      F06CD462 
  23      E3699C
  24 003a C9721A31 		.ascii	"\311r\0321\3041\203\004f\221D\012id0ya\016\363\310a"
  24      C4318304 
  24      6691440A 
  24      69643079 
  24      610EF3C8 
  25 004f 018B58C2 		.ascii	"\001\213X\3022V\220G\001\253X\303:6\260\211-l\243\210"
  25      32569047 
  25      01AB58C3 
  25      3A36B089 
  25      2D6CA388 
  26 0063 1DEC620F 		.ascii	"\035\354b\017\3738\300!\216p\214\023\234\342\014%\234"
  26      FB38C021 
  26      8E708C13 
  26      9CE20C25 
  26      9C
  27 0074 A38C0A2E 		.ascii	"\243\214\012.p\211+\\\343\006U\324p\213;\334\243\216"
  27      70892B5C 
  27      E30655D4 
ARM GAS  /tmp/ccjKyI96.s 			page 2


  27      708B3BDC 
  27      A38E
  28 0086 069A78C0 		.ascii	"\006\232x\300#\236\360\214\026^\360\2127\264\361\216"
  28      239EF08C 
  28      165EF08A 
  28      37B4F18E 
  29 0096 0E3ED0C5 		.ascii	"\016>\320\305'\276\320C\037\337\370\301/\302\037\240"
  29      27BED043 
  29      1FDFF8C1 
  29      2FC21FA0 
  30 00a6 BA0CFF   		.ascii	"\272\014\377"
  31              		.text
  32              		.section	.gnu.lto_.pureconst.2a556ff48154304c,"",%progbits
  33 0000 789C25C1 		.ascii	"x\234%\301\331BAQ\000\000\300s\011II\241\246\225hQ\250"
  33      D9424151 
  33      0000C073 
  33      094949A1 
  33      A6956851 
  34 0015 5B246D94 		.ascii	"[$m\224\222\366\374b\177\352\301L\"D!\031B\370\017s"
  34      92F6FC62 
  34      7FEAC14C 
  34      22442119 
  34      42F80F73 
  35 0029 D3104712 		.ascii	"\323\020G\022\222\026\244\244e,\312Z\222\263lE\336\252"
  35      9216A4A4 
  35      652CCA5A 
  35      92B36C45 
  35      DEAA
  36 003b 8235EB8A 		.ascii	"\2025\353\212J\3126lb\313\266\035\273\366\354\253\250"
  36      4ACA366C 
  36      62CBB61D 
  36      BBF6ECAB 
  36      A8
  37 004c 3A505377 		.ascii	":PSw\350\310\261\023\015\247\3164\265\264\235\273\020"
  37      E8C8B113 
  37      0DA7CE34 
  37      B5B49DBB 
  37      10
  38 005d BB74A5A3 		.ascii	"\273t\245\243\353Z\317\215\276[w\356=x40\364\344\331"
  38      EB5ACF8D 
  38      BE5B77EE 
  38      3D783430 
  38      F4E4D9
  39 0070 C88B5763 		.ascii	"\310\213Wco&\336}\370\364\345\333\217_\177f\243%\024"
  39      6F26DE7D 
  39      F8F4E5DB 
  39      8F5F7F66 
  39      A32514
  40 0083 E8       		.ascii	"\350"
  41              		.text
  42              		.section	.gnu.lto__unhandled_exception.2a556ff48154304c,"",%progbits
  43 0000 789C6362 		.ascii	"x\234cb`\004BL\240\003\304A@l\005\304\214\254\014\214"
  43      6004424C 
  43      A003C441 
  43      406C05C4 
  43      8CAC0C8C 
  44 0014 4C13CE31 		.ascii	"L\023\316104*012\203\030\214\314\214,\020\001\026\210"
ARM GAS  /tmp/ccjKyI96.s 			page 3


  44      30342A30 
  44      31328318 
  44      8CCC8C2C 
  44      10011688 
  45 0028 80222343 		.ascii	"\200\"#C=\0233\013c}(\304\260Ss\037\253\234\231\305"
  45      3D13330B 
  45      637D28C4 
  45      B053731F 
  45      AB9C99C5 
  46 003c B69FE9C0 		.ascii	"\266\237\351\300\203\377\365\014`\033X\031Z\032\032"
  46      83FFF50C 
  46      601B5819 
  46      5A1A1A
  47 004b 0418E2A1 		.ascii	"\004\030\342\241\266\005\202hF \305\0042.\220\221\231"
  47      B6058268 
  47      4620C504 
  47      322E9091 
  47      99
  48 005c 81116810 		.ascii	"\201\021h\020c #\013\214\001s\226\205\236\236>\004\345"
  48      6320230B 
  48      8C017396 
  48      859E9E3E 
  48      04E5
  49 006e 17EB27E7 		.ascii	"\027\353'\347\347\346\346\347\351\027\344\027\225\024"
  49      E7E6E6E7 
  49      E917E417 
  49      9514
  50 007c EB3B06F9 		.ascii	"\353;\006\371:\373V\200\304\0122sR\213\212\365\335\235"
  50      3AFB5680 
  50      C40A3273 
  50      528B8AF5 
  50      DD9D
  51 008e 9DF5CB52 		.ascii	"\235\365\313R\223K\362\213\212\365\222\031\000\335|"
  51      934BF28B 
  51      8AF59219 
  51      00DD7C
  52 009d 29E3     		.ascii	")\343"
  53              		.text
  54              		.section	.gnu.lto_.cgraph.2a556ff48154304c,"",%progbits
  55 0000 789C4DC7 		.ascii	"x\234M\307\305V\026`\000\006\341\367\373\301\016\354"
  55      C5561660 
  55      0006E1F7 
  55      FBC10EEC 
  56 0010 0EECEEA2 		.ascii	"\016\354\356\242\261\025\363\222\306\304\255\267\340"
  56      B115F392 
  56      C6C4ADB7 
  56      E0
  57 001d 9DD8DD9D 		.ascii	"\235\330\335\235\230\330]\330q\016\233\231\325<\225"
  57      98D85DD8 
  57      710E9B99 
  57      D53C95
  58 002c 945425E9 		.ascii	"\224T%\351\252Nw\225:\222\375\347\003\035m\225zJ\367"
  58      AA4E7795 
  58      3A92FDE7 
  58      031D6D95 
  58      7A4AF7
  59 003f B71F2825 		.ascii	"\267\037(%\225\006*f#Uf\023\325f3=\314\026z\232\255"
ARM GAS  /tmp/ccjKyI96.s 			page 4


  59      95062A66 
  59      23556613 
  59      D566333D 
  59      CC167A9A 
  60 0054 F4320F86 		.ascii	"\3642\017\206\336\366\241\320\307>\034\372\332GB?\373"
  60      DEF6A1D0 
  60      C73E1CFA 
  60      DA47423F 
  60      FB
  61 0065 68E86F1F 		.ascii	"h\350o\037\013\003\354\343a\240}\"\324\330'\303 \373"
  61      0B03ECE3 
  61      61A07D22 
  61      D4D827C3 
  61      20FB
  62 0077 54186C9F 		.ascii	"T\030l\237\016C\3543a\250}6\014\263\317\205\341\366"
  62      0E43EC33 
  62      61A87D36 
  62      0CB3CF85 
  62      E1F6
  63 0089 FF1B615F 		.ascii	"\377\033a_\010#\355\213a\224})\214\266/\2071\366\225"
  63      0823ED8B 
  63      61947D29 
  63      8CB62F87 
  63      31F695
  64 009c 30D6BE1A 		.ascii	"0\326\276\032\306\331\327\302x\373z\230`\337\010\023"
  64      C6D9D7C2 
  64      78FB7A98 
  64      60DF0813 
  65 00ac ED9BA1D6 		.ascii	"\355\233\241\326\276\025&\331\267\303d\373N\230b\337"
  65      BE1526D9 
  65      B7C364FB 
  65      4E9862DF 
  66 00bc 0D53ED7B 		.ascii	"\015S\355{a\232\335\021\246\333\367\303\014\373A\230"
  66      619ADD11 
  66      A6DBF7C3 
  66      0CFB4198 
  67 00cc 693F0CB3 		.ascii	"i?\014\263\354Ga\266\3758\314\261\237\204\271vg\230"
  67      EC4761B6 
  67      FD38CCB1 
  67      9F84B976 
  67      6798
  68 00de 673F0DF3 		.ascii	"g?\015\363\355ga\201\375<,\264_\204E\366\313\260\330"
  68      ED676181 
  68      FD3C2CB4 
  68      5F8445F6 
  68      CBB0D8
  69 00f1 7E1596D8 		.ascii	"~\025\226\330\257\303R\373MXf\277\015\313\355wa\205"
  69      AFC352FB 
  69      4D5866BF 
  69      0DCBED77 
  69      6185
  70 0103 FD3ED4D9 		.ascii	"\375>\324\331\037B\275\37514\330\237B\243\37594\331"
  70      1F42BDFD 
  70      3134D89F 
  70      42A3FD39 
  70      34D9
  71 0115 5F42B3FD 		.ascii	"_B\263\3755\264\330]\241\325\376\026V\332\337\303*\373"
ARM GAS  /tmp/ccjKyI96.s 			page 5


  71      35B4D85D 
  71      A1D5FE16 
  71      56DADFC3 
  71      2AFB
  72 0127 47586DFF 		.ascii	"GXm\377\014k\354_a\255\375;\254\263\377\204\365\366"
  72      0C6BEC5F 
  72      61ADFD3B 
  72      ACB3FF84 
  72      F5F6
  73 0139 DFB0C1DE 		.ascii	"\337\260\301\336Q\330h\357,\264\331\273\012\233\354"
  73      51D868EF 
  73      2CB4D9BB 
  73      0A9BEC
  74 0148 DD85CDF6 		.ascii	"\335\205\315\366\236\302\026{oa\253\335^\330f\357+l"
  74      9EC2167B 
  74      6F61ABDD 
  74      5ED866EF 
  74      2B6C
  75 015a 97F30F1B 		.ascii	"\227\363\017\033\212\215'"
  75      8A8D27
  76              		.text
  77              		.section	.gnu.lto_.vars.2a556ff48154304c,"",%progbits
  78 0000 789C6362 		.ascii	"x\234cb`d`f``\340e\200\000\246NF\006\206z\206\016FF"
  78      60646066 
  78      6060E065 
  78      8000A64E 
  78      4606867A 
  79 0018 F67A0600 		.ascii	"\366z\006\000\020\243\002/"
  79      10A3022F 
  80              		.text
  81              		.section	.gnu.lto_.refs.2a556ff48154304c,"",%progbits
  82 0000 789CEDCE 		.ascii	"x\234\355\316UV\202\001\024\000\341\373\303\000va\027"
  82      55568201 
  82      1400E1FB 
  82      C3007661 
  82      17
  83 0011 8A85DD09 		.ascii	"\212\205\335\011v\367\226\355\216-9\307'\027\341\234"
  83      76F796ED 
  83      8E2D39C7 
  83      2717E19C 
  84 0021 F3BD4F2A 		.ascii	"\363\275O*\222HGDB\374\226$\331HRJ\013e\224UNU\252V"
  84      92484744 
  84      42FC9624 
  84      D948524A 
  84      0B659455 
  85 0039 8D6A55A7 		.ascii	"\215jU\247z5\250QMjV\213\362jU\233\332\325\241Nu\251"
  85      7A35A851 
  85      4D6A568B 
  85      F26A559B 
  85      DAD5A14E 
  86 004f 5B3DEA55 		.ascii	"[=\352U\237\372U\320\200\006U\324\220\2065\242Q\215"
  86      9FFA55D0 
  86      800655D4 
  86      908635A2 
  86      518D
  87 0061 A9A4714D 		.ascii	"\251\244qMhRS\232\326\214f5\247y-hQKZ\326\212V\265\246"
  87      6852539A 
ARM GAS  /tmp/ccjKyI96.s 			page 6


  87      D68C6635 
  87      A7792D68 
  87      514B5AD6 
  88 0079 756DA8AC 		.ascii	"um\250\254\2126\265\245m\355hW{\332\327\201\016u\244"
  88      8A36B5A5 
  88      6DED6857 
  88      7BDAD781 
  88      0E75A4
  89 008c 639DE854 		.ascii	"c\235\350Tg:\327\205.u\245\353l\304M*\311\004\011)\322"
  89      673AD785 
  89      2E75A5EB 
  89      6CC44D2A 
  89      C9040929 
  90 00a1 40862C39 		.ascii	"@\206,9\252\250\246\206Z\352\250\247\201F\232h\246\205"
  90      AAA8A686 
  90      5AEAA8A7 
  90      81469A68 
  90      A685
  91 00b3 3CADB4D1 		.ascii	"<\255\264\321N\007\235t\321M\017\275\364\321O\201\001"
  91      4E079D74 
  91      D14D0FBD 
  91      F4D14F81 
  91      01
  92 00c4 062932C4 		.ascii	"\006)2\3040#\2142F\211q&\230d\212if\230e\216y\026Xd"
  92      30238C32 
  92      46897126 
  92      98648A69 
  92      6698658E 
  93 00dc 89655658 		.ascii	"\211eVXe\215u6(Sa\223-\266\271\011n\203\273\340>x\010"
  93      658D7536 
  93      28536193 
  93      2DB6B909 
  93      6E83BBE0 
  94 00f3 1E83A7E0 		.ascii	"\036\203\247\3409x\011^\203\267\340=\370\010>\203\257"
  94      3978095E 
  94      83B7E03D 
  94      F8083E83 
  94      AF
  95 0104 E03BFE7F 		.ascii	"\340;\376\177\377\177\377\376\306\017 ;e\264"
  95      FF7FFFFE 
  95      C60F203B 
  95      65B4
  96              		.text
  97              		.section	.gnu.lto_.statics.2a556ff48154304c,"",%progbits
  98 0000 789C6362 		.ascii	"x\234cb`d`b\300\016@\342\214\020&\000\000\375\000\011"
  98      60646062 
  98      C00E40E2 
  98      8C102600 
  98      00FD0009 
  99              		.text
 100              		.section	.gnu.lto_.decls.2a556ff48154304c,"",%progbits
 101 0000 789CA59A 		.ascii	"x\234\245\232{tT\305\035\307\357\335d\363\204\220\244"
 101      7B7454C5 
 101      1DC7EFDD 
 101      64F38490 
 101      A4
 102 0011 01033E12 		.ascii	"\001\003>\022\251PD\222\315\213diEC\0220\3559\341p\004"
ARM GAS  /tmp/ccjKyI96.s 			page 7


 102      A9504492 
 102      CD8B6469 
 102      45431230 
 102      ED39E170 
 103 0026 E9393DCD 		.ascii	"\3519=\315\331n\222\025\366\220l0\273A\364\217\236\345"
 103      D96E9215 
 103      F6906C30 
 103      BB41F48F 
 103      9EE5
 104 0038 2120500C 		.ascii	"! P\014\224G\244H\227\010\310K\304\020\220\207\002\265"
 104      9447A448 
 104      9708C84B 
 104      C4109087 
 104      02B5
 105 004a 2B8DB256 		.ascii	"+\215\262V\240)\202]\004$Z\244[\001\015\210!\222\376"
 105      A029825D 
 105      04245AA4 
 105      5B010D88 
 105      2192FE
 106 005d EEBD3B33 		.ascii	"\356\275;3{\177\313\236L:\367\360\273\314\336\371\336"
 106      7B7FCB9E 
 106      4C3AF7F0 
 106      BBCCDEF9 
 106      DE
 107 006e DFE73BB3 		.ascii	"\337\347;\2633\263\303a\014\222,)W\023\374\325\013\327"
 107      33B3C361 
 107      0C922C29 
 107      5713FCD5 
 107      0BD7
 108 0080 F366492A 		.ascii	"\363fI*6J\222\001\236\215\227\3305\005\302\003\261\005"
 108      364A9201 
 108      9E8D97D8 
 108      3505C203 
 108      B105
 109 0092 A215E200 		.ascii	"\242\025\342\000\304\021\010/\304G\020'!\316@\370!\276"
 109      C411082F 
 109      C4471027 
 109      21CE40F8 
 109      21BE
 110 00a4 80B802F1 		.ascii	"\200\270\002\361\015D\027D\267\222\000\362\307@\014"
 110      0D441744 
 110      B79200F2 
 110      C7400C
 111 00b3 80488548 		.ascii	"\200H\205H\207x\010\342\021\210\321\0209\020\205\020"
 111      877808E2 
 111      1188D110 
 111      39108510 
 112 00c3 8F439440 		.ascii	"\217C\224@\224CL\206\230\006\361\033\210\337A<\013Q"
 112      94434C86 
 112      9806F11B 
 112      88DF413C 
 112      0B51
 113 00d5 0BD10031 		.ascii	"\013\321\0001\027\342\367\020\013!\226\312\232\377\265"
 113      17E2F710 
 113      0B2196CA 
 113      9AFFB5
 114 00e4 101B205A 		.ascii	"\020\033 Z \266A\354\206h\2038\004q\014\3428\204\017"
ARM GAS  /tmp/ccjKyI96.s 			page 8


 114      20B641EC 
 114      86688338 
 114      04710CE2 
 114      38840F
 115 00f7 E234C459 		.ascii	"\3424\304Y\210\317!:!\256B\\\207\270\005\321\003a\200"
 115      88CF213A 
 115      21AE425C 
 115      87B805D1 
 115      036180
 116 010a C6C74124 		.ascii	"\306\307A$A\244A\014\203\310\204\030\0111\006\"\017"
 116      41A4410C 
 116      83C88418 
 116      09310622 
 116      0F
 117 011b C20CF104 		.ascii	"\302\014\361\004D\031\304\257 \246@L\207\370-D\025\304"
 117      4419C4AF 
 117      20A6404C 
 117      87F82D44 
 117      15C4
 118 012d 4C080784 		.ascii	"L\010\007\204\013\342E\010\267A\353\323Ep[f\220t\227"
 118      0BE24508 
 118      B741EBD3 
 118      45705B66 
 118      907497
 119 0140 27A42CA3 		.ascii	"'\244,\243\317\344\312\2206\272\367\\jZ\340.\277\335"
 119      CFE4CA90 
 119      36BAF75C 
 119      6A5AE02E 
 119      BFDD
 120 0152 DBBBD8ED 		.ascii	"\333\273\330\355\216\036\"\255q\303\345Y\344v\313\256"
 120      8E1E22AD 
 120      71C3E559 
 120      E476CBAE 
 121 0162 4A79FC60 		.ascii	"Jy\374`i\250T)'\305\203U\2654\000J\321\352\253\225\362"
 121      69A85429 
 121      27C58355 
 121      B534004A 
 121      D1EAAB95 
 122 0177 267948B0 		.ascii	"&yH\2604-JKg\220\014\363\334\356di\264\264\335\255^"
 122      342D4A4B 
 122      67900CF3 
 122      DCEE6469 
 122      B4B4DDAD 
 123 018c 32C3C375 		.ascii	"2\303\303u\237\324}no\001a\217\224\266(\222c\363\323"
 123      9FD47D6E 
 123      6F01618F 
 123      94B62892 
 123      63F3D3
 124 019f 558E92C7 		.ascii	"U\216\222\307#g\350\354U\312-\262\256U\212\337\213M"
 124      2367E8EC 
 124      55CA2DB2 
 124      AE558ADF 
 124      8B4D
 125 01b1 E0B73D13 		.ascii	"\340\267=\023\014\307j\036\014\322\257e\220\276.\217"
 125      0CC76A1E 
 125      0CD2AF65 
 125      90BE2E8F 
ARM GAS  /tmp/ccjKyI96.s 			page 9


 126 01c1 9602C314 		.ascii	"\226\002\303\024U\224\244v\213M\326J0$\244Y\257\271"
 126      5594A476 
 126      8B4DD64A 
 126      3024A459 
 126      AFB9
 127 01d3 9B8B53A4 		.ascii	"\233\213S\244&\205\230\331\014\355Y\342v\317w_\334\342"
 127      268598D9 
 127      0CED59E2 
 127      76CF775F 
 127      DCE2
 128 01e5 4E4F9768 		.ascii	"NO\227h\023\343h\023\025\303#\244\315\301FT\312\273"
 128      13E36813 
 128      15C323A4 
 128      CDC14654 
 128      CABB
 129 01f7 E478C834 		.ascii	"\344x\3104O\226Yc\220QE\241\\CY\231\026{e\306\200\021"
 129      4F965963 
 129      905145A1 
 129      5C435999 
 129      167B65C6 
 130 020d 44208383 		.ascii	"D \203\203\257\356\224S\324\222jJ\355\373\362\366$U"
 130      AFEE9453 
 130      D4926A4A 
 130      EDFBF2F6 
 130      2455
 131 021f 12B9EFDF 		.ascii	"\022\271\357\337\012\301\015\210\017-\245\205|\353\301"
 131      0AC10D88 
 131      0F2DA585 
 131      7CEBC1
 132 022e 8E5824EB 		.ascii	"\216X$\353<W\312[\271zu\231L\272\265\213uk\245\274\015"
 132      3C57CA5B 
 132      B97A7599 
 132      4CBAB58B 
 132      756BA5BC 
 133 0243 5ED6F72B 		.ascii	"^\326\367+m\202\034\224\274\255\317_)\357\345\002\256"
 133      6D821C94 
 133      BCADCF5F 
 133      29EFE502 
 133      AE
 134 0254 A3C01E51 		.ascii	"\243\300\036Q\340A.\340v\012\364\336/\010<\312\005<"
 134      E0412EE0 
 134      760AF4DE 
 134      2F083CCA 
 134      053C
 135 0266 4C813E51 		.ascii	"L\201>Q\340\007\\@\037\005v\210\002Op\001/P\240_\024"
 135      E0075C40 
 135      1F057688 
 135      024F7001 
 135      2F50A05F 
 136 027b 788A0B78 		.ascii	"x\212\013x\205\002;E\201\237r\001oP`@\024x\236\013\330"
 136      85023B45 
 136      819F7201 
 136      6F506040 
 136      14789E0B 
 137 0290 CDE6A128 		.ascii	"\315\346\241(\3602\027p\201\201\316CQ\340\327\\\300"
 137      F0321770 
 137      8181CE43 
ARM GAS  /tmp/ccjKyI96.s 			page 10


 137      51E0D75C 
 137      C0
 138 02a1 5728D0FB 		.ascii	"W(\320\373\200 \360\032\027\320C\201>Q\340M\276\225"
 138      8020F01A 
 138      17D04381 
 138      3E51E04D 
 138      BE95
 139 02b3 86023B44 		.ascii	"\206\002;D\201w\270\200\007(\320/\012\234g\340\001\266"
 139      8177B880 
 139      0728D02F 
 139      0A9C67E0 
 139      01B6
 140 02c5 5360A728 		.ascii	"S`\247(p1\027\360\024\005\006D\201\177\340\002~F\201"
 140      703117F0 
 140      14050644 
 140      817FE002 
 140      7E4681
 141 02d8 5DA2C03F 		.ascii	"]\242\300?r\001/\263y(\012|\225\013\030`\323\342AA\340"
 141      72012FB3 
 141      79280A7C 
 141      950B1860 
 141      D3E24141 
 142 02ed 9FB98037 		.ascii	"\237\271\2007\331\264\020\005n\341\002\336e\323B\024"
 142      D9B41005 
 142      6EE102DE 
 142      65D34214 
 143 02fd B8930BB8 		.ascii	"\270\223\013\2708\212N\013Q\340\333\\\300&\012\354\021"
 143      388A4E0B 
 143      51E0DB5C 
 143      C0260AEC 
 143      11
 144 030e 05BEC305 		.ascii	"\005\276\303\005|\225\002\275\017\011\002\337\343\002"
 144      7C9502BD 
 144      0F0902DF 
 144      E302
 145 031c B650A04F 		.ascii	"\266P\240O\024\370W.\340N\012\354\020\005~\310\005l"
 145      14F8572E 
 145      E04E0AEC 
 145      10057EC8 
 145      056C
 146 032e A3C08028 		.ascii	"\243\300\200(\360\023.\340{\024\330%\012\374'\027\360"
 146      F0132EE0 
 146      7B14D825 
 146      0AFC2717 
 146      F0
 147 033f 381BA5A2 		.ascii	"8\033\245\242\300\177q\001?a\2434C\020x\211\013x\226"
 147      C07F7101 
 147      3F61A334 
 147      43107889 
 147      0B7896
 148 0352 02FDA2C0 		.ascii	"\002\375\242\300\177s\001/\261\225F\024\370_.\340U6"
 148      7F73012F 
 148      B1954614 
 148      F85F2EE0 
 148      5536
 149 0364 4A4581DF 		.ascii	"JE\201\337q\001\277c\243T\024\370\003\027\260\207\255"
 149      7101BF63 
ARM GAS  /tmp/ccjKyI96.s 			page 11


 149      A35414F8 
 149      0317B087 
 149      AD
 150 0375 34A30481 		.ascii	"4\243\004\201\275\\\300\227\242\351J#\012|)\212\007"
 150      BD5CC097 
 150      A2E94A23 
 150      0A7C298A 
 150      07
 151 0386 B88202FD 		.ascii	"\270\202\002\375\242\300e\\\300u\024\330)\012\\\311"
 151      A2C0655C 
 151      C07514D8 
 151      290A5CC9 
 152 0396 05F45060 		.ascii	"\005\364P`\217(p\035\027p;\005z\037\025\004\276\306"
 152      8F28701D 
 152      17703B05 
 152      7A1F1504 
 152      BEC6
 153 03a8 056CA540 		.ascii	"\005l\245@\237(\360u.\340a6JE\201\333\271\200^\012\014"
 153      9F28F075 
 153      2EE06136 
 153      4A4581DB 
 153      B9805E0A 
 154 03bd 8802DFE2 		.ascii	"\210\002\337\342\002~L\201]\242\300}\\\3003l\224\212"
 154      027E4C81 
 154      5DA2C07D 
 154      5CC0336C 
 154      948A
 155 03cf 020F7301 		.ascii	"\002\017s\001/\260Q:Z\020\370\027.\340\025\266\322\210"
 155      2FB0513A 
 155      5A10F817 
 155      2EE015B6 
 155      D288
 156 03e1 02FFC605 		.ascii	"\002\377\306\005\274\301V\032Q\340\307\\\300n6JE\201"
 156      BCC1561A 
 156      51E0C75C 
 156      C06E364A 
 156      4581
 157 03f3 FFE0022E 		.ascii	"\377\340\002.0\322Q*\012<\307\005\\N\201\276\307\004"
 157      30D2512A 
 157      0A3CC705 
 157      5C4E81BE 
 157      C704
 158 0405 8117B880 		.ascii	"\201\027\270\200k(\260C\024\370%\027p#\005\372E\201"
 158      6B28B043 
 158      14F82517 
 158      702305FA 
 158      4581
 159 0417 FFE102BE 		.ascii	"\377\341\002\276A\201\235\242\300\033\\\300=\024\330"
 159      41819DA2 
 159      C01B5CC0 
 159      3D14D8
 160 0426 230AFC9E 		.ascii	"#\012\374\236\013x\220\002\275c\004\201?r\001\337g\243"
 160      0B789002 
 160      BD630481 
 160      3F7201DF 
 160      67A3
 161 0438 5414B820 		.ascii	"T\024\270 \232\007x\202\215RQ\340\313\\\300\016\012"
ARM GAS  /tmp/ccjKyI96.s 			page 12


 161      9A077882 
 161      8D5251E0 
 161      CB5CC00E 
 161      0A
 162 0449 0C88025F 		.ascii	"\014\210\002_\341\002\236g+\215(p\015\027\360+6JE\201"
 162      E1029E67 
 162      2B8D2870 
 162      0D17F02B 
 162      364A4581 
 163 045d 7FE2025E 		.ascii	"\177\342\002^c\2434K\020\270\211\013x\233\2554\242\300"
 163      63A3344B 
 163      10B8890B 
 163      789BAD34 
 163      A2C0
 164 046f 37B880F3 		.ascii	"7\270\200\363c\350J#\012|\223\013\270\234\002\003\242"
 164      63E84A23 
 164      0A7C930B 
 164      B89C0203 
 164      A2
 165 0480 C0BD5CC0 		.ascii	"\300\275\\\300\265\024\330%\012<\310\005\364P\240/["
 165      B514D825 
 165      0A3CC805 
 165      F450A02F 
 165      5B
 166 0491 1078940B 		.ascii	"\020x\224\013\270\203\002;D\201\037p\001\333(\320/\012"
 166      B883023B 
 166      44811F70 
 166      01DB28D0 
 166      2F0A
 167 04a3 3CC1053C 		.ascii	"<\301\005<\302F\251(\360\024\027\260\235\002{D\201\237"
 167      C246A928 
 167      F01417B0 
 167      9D027B44 
 167      819F
 168 04b5 72014F53 		.ascii	"r\001OS\240\327$\010<\317\005\364\263Q*\012\274\314"
 168      A0D72408 
 168      3CCF05F4 
 168      B3512A0A 
 168      BCCC
 169 04c7 B778B351 		.ascii	"\267x\263Q*\012\374\232\013x\235\2554\242\300k\\\300"
 169      2A0AFC9A 
 169      0B789DAD 
 169      34A2C06B 
 169      5CC0
 170 04d9 6EB6D288 		.ascii	"n\266\322\210\002or\001\027\306\322Q*\012\274\303\005"
 170      026F7201 
 170      17C6D251 
 170      2A0ABCC3 
 170      05
 171 04ea 5C41815E 		.ascii	"\\A\201^\263 p\236Q\367`\270\264\311}qU\323\002O\271"
 171      B320709E 
 171      51F760B8 
 171      B4C97D71 
 171      55D3024F 
 172 04ff FB626F6F 		.ascii	"\373booF\360(\216v\352E\212p\344E=\213\323\244\235\305"
 172      46F0288E 
 172      76EA458A 
ARM GAS  /tmp/ccjKyI96.s 			page 13


 172      70E4453D 
 172      8BD3A49D 
 173 0514 596C54CE 		.ascii	"YlT\316\3424S\177[o\255\274z\333H`\261\361z8|\326dZ"
 173      E234537F 
 173      5B6FADBC 
 173      7ADB4860 
 173      B1F17A38 
 174 052c EA587A56 		.ascii	"\352XzVF))G\323\006)'d\326\306\221l\335\037\356\363"
 174      46292947 
 174      D3062927 
 174      64D6C691 
 174      6CDD1FEE 
 175 0541 19229FBB 		.ascii	"\031\"\237\273Y\312\332\242\264\303s\262\311\275DkG"
 175      59CADAA2 
 175      B4C373B2 
 175      C9BD446B 
 175      47
 176 0552 AAB4523D 		.ascii	"\252\264R=\\\024\332\010w\032Mp\314\200\232\261\334"
 176      5C14DA08 
 176      771A4D70 
 176      CC809AB1 
 176      DC
 177 0563 980AE0ED 		.ascii	"\230\012\340\355\024\334\331\234\244\345\345I\244\356"
 177      14DCD99C 
 177      A4E5E549 
 177      A4EE
 178 0571 DC2081F6 		.ascii	"\334 \201\366j\350I%\345\251Df\337\376\030)\374JyX\362"
 178      6AE84925 
 178      E5A94466 
 178      DFFE1829 
 178      FC4A7958 
 179 0586 408F2B87 		.ascii	"@\217+\207\276b\022\245\245\254\363\265\256\215\334"
 179      BE6212A5 
 179      A5ACF3B5 
 179      AE8DDC
 180 0595 F655C644 		.ascii	"\366U\306D\222\303 \355U\215+4\377\231\204{\277\303"
 180      92C320ED 
 180      558D2B34 
 180      FF99847B 
 180      BFC3
 181 05a7 CE26913E 		.ascii	"\316&\221>Ob_Nd\023\312\370\353{\024\254\0013\360kA"
 181      4F625F4E 
 181      6413CAF8 
 181      EB7B14AC 
 181      0133F06B 
 182 05bc BB2FB02F 		.ascii	"\273/\260/AK\314\235MiR3d!\303C\177\205\325\3016\237"
 182      414BCC9D 
 182      4D695233 
 182      6421C343 
 182      7F85D5C1 
 183 05d2 36B933A6 		.ascii	"6\2713\246?-\316\014k1\261\177\216f\014\364\2211\256"
 183      3F2DCE0C 
 183      6B31B17F 
 183      8E660CF4 
 183      9131AE
 184 05e5 8F3E2419 		.ascii	"\217>$\031\277\244\031\273\372\2251\262\307\357i\306"
 184      BFA419BB 
ARM GAS  /tmp/ccjKyI96.s 			page 14


 184      FA9531B2 
 184      C7EF69C6 
 185 05f5 9E3E3226 		.ascii	"\236>2&sz|9\236d\364\306\366'cd\217\353iF_\037\031\323"
 185      737A7C39 
 185      9E64F4C6 
 185      F6276364 
 185      8FEB6946 
 186 060d 393DBE49 		.ascii	"9=\276I3v\364+cd\217\373iF\177\037\03139=\036\245\031"
 186      3376F42B 
 186      63648FFB 
 186      69467F1F 
 186      1933393D 
 187 0624 3BFB9531 		.ascii	";\373\2251\262\307v\2321\320G\306Q\234\036O\321\214"
 187      B2C7769A 
 187      31D047C6 
 187      519C1E4F 
 187      D18C
 188 0636 5DFDCA18 		.ascii	"]\375\312\030\331\343y\232\261\247\217\2149\234\036"
 188      D9E3799A 
 188      B1A78F8C 
 188      399C1E
 189 0645 BF65E331 		.ascii	"\277e\3431\275?\031#{\274\303\306c\037\031\315\234\036"
 189      BD3F1923 
 189      7BBCC3C6 
 189      631F19CD 
 189      9C1E
 190 0657 9726D0F1 		.ascii	"\227&\320\361\330\257\214\241\036\225\245\263<\206\034"
 190      D8AF8CA1 
 190      1E95A5B3 
 190      3C861C
 191 0666 82551647 		.ascii	"\202U\026G%7\375\211I\246)\334\344'\346\035c\377O\246"
 191      2537FD89 
 191      49A629DC 
 191      E427E61D 
 191      63FF4FA6 
 192 067a 1E30463A 		.ascii	"\0360F:\231\372d\260y0_ik\374\351\221\370\344C\361\275"
 192      99FA64B0 
 192      79305F69 
 192      6BFCE991 
 192      F8E443F1 
 193 068f 7A28FC0A 		.ascii	"z(\374\012\375=\254\224\233\214#\244\224Jy\245\361a"
 193      FD3DAC94 
 193      9B8C23A4 
 193      944A79A5 
 193      F161
 194 06a1 F8B05ABD 		.ascii	"\370\260Z\275\257W\357\033\324\373F\365\356Q\357-\352"
 194      AF57EF1B 
 194      D4FB46F5 
 194      EE51EF2D 
 194      EA
 195 06b2 7DB37ADF 		.ascii	"}\263z\337\252\336\267\251\367\035\352}\227z\337\255"
 195      AADEB7A9 
 195      F71DEA7D 
 195      977ADFAD 
 196 06c2 DEF7A8F7 		.ascii	"\336\367\250\367V\365\336\246\336\367\303\2356\252%"
 196      56F5DEA6 
 196      DEF7C39D 
ARM GAS  /tmp/ccjKyI96.s 			page 15


 196      36AA25
 197 06d1 81EE7ABB 		.ascii	"\201\356z\273\035\367\376\341VwH\006igB\310\311\344"
 197      1DF7FEE1 
 197      56774806 
 197      696742C8 
 197      C9E4
 198 06e3 BD092147 		.ascii	"\275\011!G\223=\305\315I\332\241a\222\240\030-\330\360"
 198      933DC5CD 
 198      49DAA161 
 198      92A0182D 
 198      D8F0
 199 06f5 2FC5FFE3 		.ascii	"/\305\377\343K9\026\361K\211e]H\216\013\277\233@\217"
 199      4B3916F1 
 199      4B89655D 
 199      488E0BBF 
 199      9B408F
 200 0708 0B57CA87 		.ascii	"\013W\312\207`\303S)\0371*\377K\237/\265\272\227\024"
 200      60C35329 
 200      1F312AFF 
 200      4B9F2FB5 
 200      BA9714
 201 071b 6B5B9760 		.ascii	"k[\227`\357\276(\375\340\216\323\266\006\360\243\274"
 201      EFBE28FD 
 201      E08ED3B6 
 201      06F0A3BC 
 202 072b C8385CF2 		.ascii	"\3108\\\362w'\251/\256f\265\315Z\355\0269CR7j\332\227"
 202      7727A92F 
 202      AE66B5CD 
 202      5AED1639 
 202      4352376A 
 203 0741 A1AF6C85 		.ascii	"\241\257l\205\312\003\211j\345\206\260\312\003\312\233"
 203      CA03896A 
 203      E586B0CA 
 203      03CA9B
 204 0750 83D4CA8D 		.ascii	"\203\324\312\215a\225G\240\2623\010\365\204\325z\031"
 204      619547A0 
 204      B23308F5 
 204      84D57A19 
 205 0760 B425ACF2 		.ascii	"\264%\254\362#\006\335\034Vy\222A\267\206U\236\201\312"
 205      2306DD1C 
 205      56799241 
 205      B786559E 
 205      81CA
 206 0772 4010BA2D 		.ascii	"@\020\272-\254\326\317\240;\302*\277`\320]a\225W\030"
 206      ACD6CFA0 
 206      3BC22ABF 
 206      60D05D61 
 206      955718
 207 0785 747758E5 		.ascii	"twX\3457P\331\025\204\356\011\253\355b\320\326\260\312"
 207      3750D915 
 207      84EE09AB 
 207      ED62D0D6 
 207      B0CA
 208 0797 6E066D0B 		.ascii	"n\006m\013\253t\033(T\031\321\344kVf\1771\233x\372w"
 208      AB741B28 
 208      5419D1E4 
 208      6B56667F 
ARM GAS  /tmp/ccjKyI96.s 			page 16


 208      319B78FA 
 209 07ac 16C13BDE 		.ascii	"\026\301;\336;CB\246\246\214\024\313A\321\034\033\""
 209      3B4342A6 
 209      A68C14CB 
 209      41D11C1B 
 209      22
 210 07bd 3020C12A 		.ascii	"0 \301*\020\234M\014\021D!A\263\222!7D\020\215"
 210      109C4D0C 
 210      11442141 
 210      B3922137 
 210      44108D
 211 07d0 041B41D0 		.ascii	"\004\033A\320\2413aD\212\315\330D\014\022\354\300&b"
 211      A1336144 
 211      8ACDD844 
 211      0C12ECC0 
 211      2662
 212 07e2 91600F36 		.ascii	"\221`\0176\021\207\004\373A\020\320\231\210G\212w\261"
 212      118704FB 
 212      4110D099 
 212      88478A77 
 212      B1
 213 07f3 89042478 		.ascii	"\211\004$x\037\233HD\202vlb\000\022\374]\371:zBM\014"
 213      1F9B4844 
 213      82766C62 
 213      0012FC5D 
 213      F93A7A42 
 214 0809 448A0E6C 		.ascii	"D\212\016l\"\011\011>\303&\006!\301El\"\031\011\276"
 214      2209093E 
 214      C3260621 
 214      C1456C22 
 214      1909BE
 215 081c 02815F67 		.ascii	"\002\201_g\"\005)\002\330D*\022|\213M\374\004\011nc"
 215      22052902 
 215      D8442A12 
 215      7C8B4DFC 
 215      04096E63 
 216 0830 13694870 		.ascii	"\023iHp\027\004]:\023\203\221ba\02421\004\011\226F!"
 216      17045D3A 
 216      13839162 
 216      61143231 
 216      04099646 
 217 0845 13F72141 		.ascii	"\023\367!AS\0242\221\216\004kA\340\3731\324\304P\244"
 217      53143291 
 217      8E046B41 
 217      E0FB31D4 
 217      C450A4
 218 0858 D8804D0C 		.ascii	"\330\200M\014C\202\026l\342~$\330\206M<\200\004\273"
 218      4382166C 
 218      E27E24D8 
 218      864D3C80 
 218      04BB
 219 086a 41D0A933 		.ascii	"A\320\2513\361 R\264a\023\017!\301!l\"\003\011\216a"
 219      F12052B4 
 219      61130F21 
 219      C1216C22 
 219      03098E61 
 220 087e 13994870 		.ascii	"\023\231Hp\034\004=:\023x\365\361a\023\303\221\3404"
ARM GAS  /tmp/ccjKyI96.s 			page 17


 220      1C043D3A 
 220      1378F5F1 
 220      6113C391 
 220      E034
 221 0890 36F15324 		.ascii	"6\361S$8\213M<\202\004\237\203\240\343n\250\211\021"
 221      388B4D3C 
 221      82049F83 
 221      A0E36EA8 
 221      8911
 222 08a2 48D1894D 		.ascii	"H\321\211M\214D\202\253\330\304\317\220\340:61\012\011"
 222      8C4482AB 
 222      D8C4CF90 
 222      E03A3631 
 222      0A09
 223 08b4 6E8120A0 		.ascii	"n\201 \2403\361(R\364`\023\243\221`~42\361\030\022,"
 223      33F12852 
 223      F46013A3 
 223      91607E34 
 223      32F11812 
 224 08c9 894626C6 		.ascii	"\211F&\306 \301\012\020x{CMd!\305\352hd\"\033\011\326"
 224      20C10A10 
 224      787B434D 
 224      6421C5EA 
 224      6864221B 
 225 08df 63132624 		.ascii	"c\023&$\360`\0239H\260\025\004~\235\211\\\244\330\205"
 225      F0601339 
 225      48B01504 
 225      7E9D895C 
 225      A4D885
 226 08f2 4DE4E1ED 		.ascii	"M\344\341\355\0026\221\217\267\014\330D\001\3366\200"
 226      0236918F 
 226      B70CD844 
 226      01DE3680 
 227 0902 A04B6762 		.ascii	"\240Kgb,\336:`\023\205x\373\200M\024\341-\0046a\306"
 227      2CDE3A60 
 227      138578FB 
 227      804D14E1 
 227      2D043661 
 228 0917 DB0810F8 		.ascii	"\333\010\020\370\226\\6\204H\306\341\275\004v\361s\274"
 228      965C3684 
 228      48C6E1BD 
 228      0476F173 
 228      BC
 229 0928 9FC02E7E 		.ascii	"\237\300.~\201\367\024\330\305\343x_\001\202N\275\213"
 229      81F714D8 
 229      C5E3785F 
 229      01824EBD 
 229      8B
 230 0939 F1787381 		.ascii	"\361xs\201]<\2017\030\330\305\223x\223a\014\272P\256"
 230      5D3C8137 
 230      18D8C593 
 230      7893610C 
 230      BA50AE
 231 094c 344BA363 		.ascii	"4K\243c\246\325QSk\253\261\330\346V\333f\273\354\365"
 231      A6D55153 
 231      6BABB1D8 
 231      E656DB66 
ARM GAS  /tmp/ccjKyI96.s 			page 18


 231      BBECF5
 232 095f 8E98A726 		.ascii	"\216\230\247&?\223Y*\231\263\263M\332\237z\247\251\272"
 232      3F93592A 
 232      99B3B34D 
 232      DA9F7AA7 
 232      A9BA
 233 0971 BEAEAEDE 		.ascii	"\276\256\256\336a\232]\337\340r\232&<]QZ1Wy6\333^kk"
 233      619A5DDF 
 233      E0729A26 
 233      3C5D515A 
 233      31577936 
 234 0989 709A9E2A 		.ascii	"p\232\236*-5\315\261U\273\352\033\234\331\325\322\300"
 234      2D35CDB1 
 234      55BBEA1B 
 234      9CD9D5D2 
 234      C0
 235 099a A76D4E9B 		.ascii	"\247mN\233\313R\256\346m0Zk\355V\347\340{\201\244\350"
 235      CB52AEE6 
 235      6D305A6B 
 235      ED56E7E0 
 235      7B81A4E8 
 236 09ae EA99D686 		.ascii	"\352\231\326\206\350\347m\326Y\211\223+~I\336H)\267"
 236      E8E76DD6 
 236      5989932B 
 236      7E49DE48 
 236      29B7
 237 09c0 36D44CB2 		.ascii	"6\324L\2626\326\322\034)\025\266\272\012\253\303:\303"
 237      36D6D21C 
 237      2915B6BA 
 237      0AABC33A 
 237      C3
 238 09d1 469E2497 		.ascii	"F\236$\2274:u\222\324g\234P\255{\0247]\265\224[\032"
 238      343A7592 
 238      D4679C50 
 238      AD7B1437 
 238      5DB5945B 
 239 09e6 2CE4E590 		.ascii	",\344\345\220B\001)\230\023\247N/\2459\313lU\2153*\352"
 239      42012998 
 239      13A74E2F 
 239      A539CB6C 
 239      558D332A 
 240 09fb 1D28417E 		.ascii	"\035(A~A\322\024\233\243f\352t\362|\320\324\027\234"
 240      41D2149B 
 240      A366EA74 
 240      F27CD0D4 
 240      179C
 241 0a0d D3ECD5B3 		.ascii	"\323\354\325\263\220\256\200\344/ \371\013\314\244@"
 241      90AE80E4 
 241      2F20F90B 
 241      CCA440
 242 0a1c 3C8C259A 		.ascii	"<\214%\232\261D3\226h\306\022M!\321\024\022M!\321\024"
 242      B1443396 
 242      68C6124D 
 242      21D11412 
 242      4D21D114 
 243 0a30 124D11D1 		.ascii	"\022M\021\321\024\021M\021\321\024\021\215\231h\314"
 243      14114D11 
ARM GAS  /tmp/ccjKyI96.s 			page 19


 243      D114118D 
 243      9968CC
 244 0a3f 4463261A 		.ascii	"Dc&\0323\321\214#\232qD3\216h\306\021\315\004\242\231"
 244      33D18C23 
 244      9A714433 
 244      8E68C611 
 244      CD04A299 
 245 0a53 40341388 		.ascii	"@4\023\210f\002\321\224\020M\011\321\224\020M\011\321"
 245      6602D194 
 245      104D09D1 
 245      94104D09 
 245      D1
 246 0a64 94124D29 		.ascii	"\224\022M)\321\224\022M)\321\224\021M\031\321\224\021"
 246      D194124D 
 246      29D19411 
 246      4D19D194 
 246      11
 247 0a75 4D19D14C 		.ascii	"M\031\321L$\232\211D3\221h&\022\315$\242\231D4\223\210"
 247      249A8944 
 247      33916826 
 247      12CD24A2 
 247      99443493 
 248 0a8a 6652697C 		.ascii	"fRi|p`\344\344\320R\001-\231i\211\352r\251.\227\352"
 248      7060E4E4 
 248      D052012D 
 248      996989EA 
 248      72A92E97 
 249 0a9f 72A92E97 		.ascii	"r\251.\227\352\362\250.\217\352\362\250.\217\352\362"
 249      EAF2A82E 
 249      8FEAF2A8 
 249      2E8FEAF2 
 250 0aaf A92E9FEA 		.ascii	"\251.\237\352\362\251.\2774\256\321\356p\345\347Y\\"
 250      F2A92EBF 
 250      34AED1EE 
 250      70E5E759 
 250      5C
 251 0ac0 2E53FD6C 		.ascii	".S\375l\2272\335L3\252\253\263\254\015uY\216z\207-\313"
 251      9732DD4C 
 251      33AAABB3 
 251      AC0D7559 
 251      8E7A872D 
 252 0ad5 66ADB267 		.ascii	"f\255\262g\025X\212\262\362rr\363\237\3137U\331\035"
 252      15588AB2 
 252      F27272F3 
 252      9FCB3755 
 252      D91D
 253 0ae7 CA34ADB5 		.ascii	"\3124\255\265W):\223Ng*\310.\312.0\321\271\014\177\364"
 253      57293A93 
 253      4E672AC8 
 253      2ECA2E30 
 253      D1B90C7F 
 254 0afc F5764775 		.ascii	"\365vGumc\215\315\344t\325\0005{\246\224j\261\324Y\355"
 254      6D638DCD 
 254      E474D500 
 254      357BA694 
 254      6AB1D459 
 255 0b11 0E8BD365 		.ascii	"\016\213\323e\205!\016\003\337b\211\017Nn\213+\301\356"
ARM GAS  /tmp/ccjKyI96.s 			page 20


 255      85210E03 
 255      DF62890F 
 255      4E6E8B2B 
 255      C1EE
 256 0b23 B0BBB4AA 		.ascii	"\260\273\264\252\001\366\206\347,Z\205\3055\260A\235"
 256      01F686E7 
 256      2C5A85C5 
 256      35B0419D 
 257 0b33 F3DA146F 		.ascii	"\363\332\024oHt\324\331I9\005\246x\315\263\352\274$"
 257      4874D4D9 
 257      493905A6 
 257      78CDB3EA 
 257      BC24
 258 0b45 4FEA6C75 		.ascii	"O\352luu\332l\016>I\256jt\352$\251\215\312l\326=\212"
 258      75DA6C0E 
 258      3E49AE6A 
 258      74EA24A9 
 258      8DCA6CD6 
 259 0b5b D350B9D5 		.ascii	"\323P\271\325\301\002\314\3469d6\317!\263\3319\247\232"
 259      C102CCE6 
 259      396436CF 
 259      21B3D939 
 259      A79A
 260 0b6d E8D36A94 		.ascii	"\350\323j\224\331\014\213\226]1\250O\0023z64\3149\207"
 260      D90C8B96 
 260      5D31A84F 
 260      02337A36 
 260      34CC3987 
 261 0b81 3C1FE47C 		.ascii	"<\037\344|\301\351Rft\360sl\260\301q\301\006:c\235\360"
 261      C1E95266 
 261      74F0736C 
 261      B0C171C1 
 261      063A639D 
 262 0b96 372C59C1 		.ascii	"7,Y\301\004N)\272\321i\253\371\037\204Kx\245"
 262      044E29BA 
 262      D169ABF9 
 262      1F844B78 
 262      A5
 263              		.text
 264              		.section	.gnu.lto_.symtab.2a556ff48154304c,"",%progbits
 265 0000 5F756E68 		.ascii	"_unhandled_exception\000\000\000\000\000\000\000\000"
 265      616E646C 
 265      65645F65 
 265      78636570 
 265      74696F6E 
 266 001c 00000000 		.ascii	"\000\000\000\000\240\000\000\000Reset_Handler\000\000"
 266      A0000000 
 266      52657365 
 266      745F4861 
 266      6E646C65 
 267 0033 01000000 		.ascii	"\001\000\000\000\000\000\000\000\000\000\245\000\000"
 267      00000000 
 267      0000A500 
 267      00
 268 0040 004E4D49 		.ascii	"\000NMI_Handler\000\000\001\000\000\000\000\000\000"
 268      5F48616E 
 268      646C6572 
ARM GAS  /tmp/ccjKyI96.s 			page 21


 268      00000100 
 268      00000000 
 269 0055 000000B2 		.ascii	"\000\000\000\262\000\000\000HardFault_Handler\000\000"
 269      00000048 
 269      61726446 
 269      61756C74 
 269      5F48616E 
 270 006f 01000000 		.ascii	"\001\000\000\000\000\000\000\000\000\000\270\000\000"
 270      00000000 
 270      0000B800 
 270      00
 271 007c 004D656D 		.ascii	"\000MemManage_Handler\000\000\001\000\000\000\000\000"
 271      4D616E61 
 271      67655F48 
 271      616E646C 
 271      65720000 
 272 0096 00000000 		.ascii	"\000\000\000\000\276\000\000\000BusFault_Handler\000"
 272      BE000000 
 272      42757346 
 272      61756C74 
 272      5F48616E 
 273 00af 00010000 		.ascii	"\000\001\000\000\000\000\000\000\000\000\000\304\000"
 273      00000000 
 273      000000C4 
 273      00
 274 00bc 00005573 		.ascii	"\000\000UsageFault_Handler\000\000\001\000\000\000\000"
 274      61676546 
 274      61756C74 
 274      5F48616E 
 274      646C6572 
 275 00d7 00000000 		.ascii	"\000\000\000\000\000\312\000\000\000Vector1C\000\000"
 275      00CA0000 
 275      00566563 
 275      746F7231 
 275      430000
 276 00ea 01000000 		.ascii	"\001\000\000\000\000\000\000\000\000\000\320\000\000"
 276      00000000 
 276      0000D000 
 276      00
 277 00f7 00566563 		.ascii	"\000Vector20\000\000\001\000\000\000\000\000\000\000"
 277      746F7232 
 277      30000001 
 277      00000000 
 277      000000
 278 010a 0000D600 		.ascii	"\000\000\326\000\000\000Vector24\000\000\001\000\000"
 278      00005665 
 278      63746F72 
 278      32340000 
 278      010000
 279 011d 00000000 		.ascii	"\000\000\000\000\000\000\000\334\000\000\000Vector2"
 279      000000DC 
 279      00000056 
 279      6563746F 
 279      7232
 280 012f 38000001 		.ascii	"8\000\000\001\000\000\000\000\000\000\000\000\000\342"
 280      00000000 
 280      00000000 
ARM GAS  /tmp/ccjKyI96.s 			page 22


 280      00E2
 281 013d 00000053 		.ascii	"\000\000\000SVC_Handler\000\000\001\000\000\000\000"
 281      56435F48 
 281      616E646C 
 281      65720000 
 281      01000000 
 282 0152 00000000 		.ascii	"\000\000\000\000\000\350\000\000\000DebugMon_Handle"
 282      00E80000 
 282      00446562 
 282      75674D6F 
 282      6E5F4861 
 283 016a 72000001 		.ascii	"r\000\000\001\000\000\000\000\000\000\000\000\000\356"
 283      00000000 
 283      00000000 
 283      00EE
 284 0178 00000056 		.ascii	"\000\000\000Vector34\000\000\001\000\000\000\000\000"
 284      6563746F 
 284      72333400 
 284      00010000 
 284      000000
 285 018b 00000000 		.ascii	"\000\000\000\000\364\000\000\000PendSV_Handler\000\000"
 285      F4000000 
 285      50656E64 
 285      53565F48 
 285      616E646C 
 286 01a3 01000000 		.ascii	"\001\000\000\000\000\000\000\000\000\000\372\000\000"
 286      00000000 
 286      0000FA00 
 286      00
 287 01b0 00537973 		.ascii	"\000SysTick_Handler\000\000\001\000\000\000\000\000"
 287      5469636B 
 287      5F48616E 
 287      646C6572 
 287      00000100 
 288 01c8 00000000 		.ascii	"\000\000\000\000\000\001\000\000Vector40\000\000\001"
 288      00010000 
 288      56656374 
 288      6F723430 
 288      000001
 289 01db 00000000 		.ascii	"\000\000\000\000\000\000\000\000\000\006\001\000\000"
 289      00000000 
 289      00060100 
 289      00
 290 01e8 56656374 		.ascii	"Vector44\000\000\001\000\000\000\000\000\000\000\000"
 290      6F723434 
 290      00000100 
 290      00000000 
 290      000000
 291 01fb 000C0100 		.ascii	"\000\014\001\000\000Vector48\000\000\001\000\000\000"
 291      00566563 
 291      746F7234 
 291      38000001 
 291      000000
 292 020e 00000000 		.ascii	"\000\000\000\000\000\000\022\001\000\000Vector4C\000"
 292      00001201 
 292      00005665 
 292      63746F72 
ARM GAS  /tmp/ccjKyI96.s 			page 23


 292      344300
 293 0221 00010000 		.ascii	"\000\001\000\000\000\000\000\000\000\000\000\030\001"
 293      00000000 
 293      00000018 
 293      01
 294 022e 00005665 		.ascii	"\000\000Vector50\000\000\001\000\000\000\000\000\000"
 294      63746F72 
 294      35300000 
 294      01000000 
 294      000000
 295 0241 0000001E 		.ascii	"\000\000\000\036\001\000\000Vector54\000\000\001\000"
 295      01000056 
 295      6563746F 
 295      72353400 
 295      000100
 296 0254 00000000 		.ascii	"\000\000\000\000\000\000\000\000$\001\000\000Vector"
 296      00000000 
 296      24010000 
 296      56656374 
 296      6F72
 297 0266 35380000 		.ascii	"58\000\000\001\000\000\000\000\000\000\000\000\000*"
 297      01000000 
 297      00000000 
 297      00002A
 298 0275 01000056 		.ascii	"\001\000\000Vector5C\000\000\001\000\000\000\000\000"
 298      6563746F 
 298      72354300 
 298      00010000 
 298      000000
 299 0288 00000000 		.ascii	"\000\000\000\0000\001\000\000Vector60\000\000\001\000"
 299      30010000 
 299      56656374 
 299      6F723630 
 299      00000100 
 300 029c 00000000 		.ascii	"\000\000\000\000\000\000\000\0006\001\000\000Vector"
 300      00000000 
 300      36010000 
 300      56656374 
 300      6F72
 301 02ae 36340000 		.ascii	"64\000\000\001\000\000\000\000\000\000\000\000\000<"
 301      01000000 
 301      00000000 
 301      00003C
 302 02bd 01000056 		.ascii	"\001\000\000Vector68\000\000\001\000\000\000\000\000"
 302      6563746F 
 302      72363800 
 302      00010000 
 302      000000
 303 02d0 00000000 		.ascii	"\000\000\000\000B\001\000\000Vector6C\000\000\001\000"
 303      42010000 
 303      56656374 
 303      6F723643 
 303      00000100 
 304 02e4 00000000 		.ascii	"\000\000\000\000\000\000\000\000H\001\000\000Vector"
 304      00000000 
 304      48010000 
 304      56656374 
ARM GAS  /tmp/ccjKyI96.s 			page 24


 304      6F72
 305 02f6 37300000 		.ascii	"70\000\000\001\000\000\000\000\000\000\000\000\000N"
 305      01000000 
 305      00000000 
 305      00004E
 306 0305 01000056 		.ascii	"\001\000\000Vector74\000\000\001\000\000\000\000\000"
 306      6563746F 
 306      72373400 
 306      00010000 
 306      000000
 307 0318 00000000 		.ascii	"\000\000\000\000T\001\000\000Vector78\000\000\001\000"
 307      54010000 
 307      56656374 
 307      6F723738 
 307      00000100 
 308 032c 00000000 		.ascii	"\000\000\000\000\000\000\000\000Z\001\000\000Vector"
 308      00000000 
 308      5A010000 
 308      56656374 
 308      6F72
 309 033e 37430000 		.ascii	"7C\000\000\001\000\000\000\000\000\000\000\000\000`"
 309      01000000 
 309      00000000 
 309      000060
 310 034d 01000056 		.ascii	"\001\000\000Vector80\000\000\001\000\000\000\000\000"
 310      6563746F 
 310      72383000 
 310      00010000 
 310      000000
 311 0360 00000000 		.ascii	"\000\000\000\000f\001\000\000Vector84\000\000\001\000"
 311      66010000 
 311      56656374 
 311      6F723834 
 311      00000100 
 312 0374 00000000 		.ascii	"\000\000\000\000\000\000\000\000l\001\000\000Vector"
 312      00000000 
 312      6C010000 
 312      56656374 
 312      6F72
 313 0386 38380000 		.ascii	"88\000\000\001\000\000\000\000\000\000\000\000\000r"
 313      01000000 
 313      00000000 
 313      000072
 314 0395 01000056 		.ascii	"\001\000\000Vector8C\000\000\001\000\000\000\000\000"
 314      6563746F 
 314      72384300 
 314      00010000 
 314      000000
 315 03a8 00000000 		.ascii	"\000\000\000\000x\001\000\000Vector90\000\000\001\000"
 315      78010000 
 315      56656374 
 315      6F723930 
 315      00000100 
 316 03bc 00000000 		.ascii	"\000\000\000\000\000\000\000\000~\001\000\000Vector"
 316      00000000 
 316      7E010000 
 316      56656374 
ARM GAS  /tmp/ccjKyI96.s 			page 25


 316      6F72
 317 03ce 39340000 		.ascii	"94\000\000\001\000\000\000\000\000\000\000\000\000\204"
 317      01000000 
 317      00000000 
 317      000084
 318 03dd 01000056 		.ascii	"\001\000\000Vector98\000\000\001\000\000\000\000\000"
 318      6563746F 
 318      72393800 
 318      00010000 
 318      000000
 319 03f0 00000000 		.ascii	"\000\000\000\000\212\001\000\000Vect"
 319      8A010000 
 319      56656374 
 320 03fc 6F723943 		.ascii	"or9C\000\000\001\000\000\000\000\000\000\000\000\000"
 320      00000100 
 320      00000000 
 320      00000000 
 321 040c 90010000 		.ascii	"\220\001\000\000VectorA0\000\000\001\000\000\000\000"
 321      56656374 
 321      6F724130 
 321      00000100 
 321      000000
 322 041f 00000000 		.ascii	"\000\000\000\000\000\226\001\000\000VectorA4\000\000"
 322      00960100 
 322      00566563 
 322      746F7241 
 322      340000
 323 0432 01000000 		.ascii	"\001\000\000\000\000\000\000\000\000\000\234\001\000"
 323      00000000 
 323      00009C01 
 323      00
 324 043f 00566563 		.ascii	"\000VectorA8\000\000\001\000\000\000\000\000\000\000"
 324      746F7241 
 324      38000001 
 324      00000000 
 324      000000
 325 0452 0000A201 		.ascii	"\000\000\242\001\000\000VectorAC\000\000\001\000\000"
 325      00005665 
 325      63746F72 
 325      41430000 
 325      010000
 326 0465 00000000 		.ascii	"\000\000\000\000\000\000\000\250\001\000\000VectorB"
 326      000000A8 
 326      01000056 
 326      6563746F 
 326      7242
 327 0477 30000001 		.ascii	"0\000\000\001\000\000\000\000\000\000\000\000\000\256"
 327      00000000 
 327      00000000 
 327      00AE
 328 0485 01000056 		.ascii	"\001\000\000VectorB4\000\000\001\000\000\000\000\000"
 328      6563746F 
 328      72423400 
 328      00010000 
 328      000000
 329 0498 00000000 		.ascii	"\000\000\000\000\264\001\000\000VectorB8\000\000\001"
 329      B4010000 
ARM GAS  /tmp/ccjKyI96.s 			page 26


 329      56656374 
 329      6F724238 
 329      000001
 330 04ab 00000000 		.ascii	"\000\000\000\000\000\000\000\000\000\272\001\000\000"
 330      00000000 
 330      00BA0100 
 330      00
 331 04b8 56656374 		.ascii	"VectorBC\000\000\001\000\000\000\000\000\000\000\000"
 331      6F724243 
 331      00000100 
 331      00000000 
 331      000000
 332 04cb 00C00100 		.ascii	"\000\300\001\000\000VectorC0\000\000\001\000\000\000"
 332      00566563 
 332      746F7243 
 332      30000001 
 332      000000
 333 04de 00000000 		.ascii	"\000\000\000\000\000\000\306\001\000\000VectorC4\000"
 333      0000C601 
 333      00005665 
 333      63746F72 
 333      433400
 334 04f1 00010000 		.ascii	"\000\001\000\000\000\000\000\000\000\000\000\314\001"
 334      00000000 
 334      000000CC 
 334      01
 335 04fe 00005665 		.ascii	"\000\000VectorC8\000\000\001\000\000\000\000\000\000"
 335      63746F72 
 335      43380000 
 335      01000000 
 335      000000
 336 0511 000000D2 		.ascii	"\000\000\000\322\001\000\000VectorCC\000\000\001\000"
 336      01000056 
 336      6563746F 
 336      72434300 
 336      000100
 337 0524 00000000 		.ascii	"\000\000\000\000\000\000\000\000\330\001\000\000Vec"
 337      00000000 
 337      D8010000 
 337      566563
 338 0533 746F7244 		.ascii	"torD0\000\000\001\000\000\000\000\000\000\000\000\000"
 338      30000001 
 338      00000000 
 338      00000000 
 338      00
 339 0544 DE010000 		.ascii	"\336\001\000\000VectorD4\000\000\001\000\000\000\000"
 339      56656374 
 339      6F724434 
 339      00000100 
 339      000000
 340 0557 00000000 		.ascii	"\000\000\000\000\000\344\001\000\000VectorD8\000\000"
 340      00E40100 
 340      00566563 
 340      746F7244 
 340      380000
 341 056a 01000000 		.ascii	"\001\000\000\000\000\000\000\000\000\000\352\001\000"
 341      00000000 
ARM GAS  /tmp/ccjKyI96.s 			page 27


 341      0000EA01 
 341      00
 342 0577 00566563 		.ascii	"\000VectorDC\000\000\001\000\000\000\000\000\000\000"
 342      746F7244 
 342      43000001 
 342      00000000 
 342      000000
 343 058a 0000F001 		.ascii	"\000\000\360\001\000\000VectorE0\000\000\001\000\000"
 343      00005665 
 343      63746F72 
 343      45300000 
 343      010000
 344 059d 00000000 		.ascii	"\000\000\000\000\000\000\000\366\001\000\000VectorE"
 344      000000F6 
 344      01000056 
 344      6563746F 
 344      7245
 345 05af 34000001 		.ascii	"4\000\000\001\000\000\000\000\000\000\000\000\000\374"
 345      00000000 
 345      00000000 
 345      00FC
 346 05bd 01000056 		.ascii	"\001\000\000VectorE8\000\000\001\000\000\000\000\000"
 346      6563746F 
 346      72453800 
 346      00010000 
 346      000000
 347 05d0 00000000 		.ascii	"\000\000\000\000\002\002\000\000VectorEC\000\000\001"
 347      02020000 
 347      56656374 
 347      6F724543 
 347      000001
 348 05e3 00000000 		.ascii	"\000\000\000\000\000\000\000\000\000\010\002\000\000"
 348      00000000 
 348      00080200 
 348      00
 349 05f0 56656374 		.ascii	"VectorF0\000\000\001\000\000\000\000\000\000\000\000"
 349      6F724630 
 349      00000100 
 349      00000000 
 349      000000
 350 0603 000E0200 		.ascii	"\000\016\002\000\000VectorF4\000\000\001\000\000\000"
 350      00566563 
 350      746F7246 
 350      34000001 
 350      000000
 351 0616 00000000 		.ascii	"\000\000\000\000\000\000\024\002\000\000VectorF8\000"
 351      00001402 
 351      00005665 
 351      63746F72 
 351      463800
 352 0629 00010000 		.ascii	"\000\001\000\000\000\000\000\000\000\000\000\032\002"
 352      00000000 
 352      0000001A 
 352      02
 353 0636 00005665 		.ascii	"\000\000VectorFC\000\000\001\000\000\000\000\000\000"
 353      63746F72 
 353      46430000 
ARM GAS  /tmp/ccjKyI96.s 			page 28


 353      01000000 
 353      000000
 354 0649 00000020 		.ascii	"\000\000\000 \002\000\000Vector100\000\000\001\000\000"
 354      02000056 
 354      6563746F 
 354      72313030 
 354      00000100 
 355 065e 00000000 		.ascii	"\000\000\000\000\000\000\000&\002\000\000Vector104\000"
 355      00000026 
 355      02000056 
 355      6563746F 
 355      72313034 
 356 0673 00010000 		.ascii	"\000\001\000\000\000\000\000\000\000\000\000,\002\000"
 356      00000000 
 356      0000002C 
 356      0200
 357 0681 00566563 		.ascii	"\000Vector108\000\000\001\000\000\000\000\000\000\000"
 357      746F7231 
 357      30380000 
 357      01000000 
 357      00000000 
 358 0695 00003202 		.ascii	"\000\0002\002\000\000Vector10C\000\000\001\000\000\000"
 358      00005665 
 358      63746F72 
 358      31304300 
 358      00010000 
 359 06aa 00000000 		.ascii	"\000\000\000\000\000\0008\002\000\000Vector110\000\000"
 359      00003802 
 359      00005665 
 359      63746F72 
 359      31313000 
 360 06bf 01000000 		.ascii	"\001\000\000\000\000\000\000\000\000\000>\002\000\000"
 360      00000000 
 360      00003E02 
 360      0000
 361 06cd 56656374 		.ascii	"Vector114\000\000\001\000\000\000\000\000\000\000\000"
 361      6F723131 
 361      34000001 
 361      00000000 
 361      00000000 
 362 06e1 00440200 		.ascii	"\000D\002\000\000Vector118\000\000\001\000\000\000\000"
 362      00566563 
 362      746F7231 
 362      31380000 
 362      01000000 
 363 06f6 00000000 		.ascii	"\000\000\000\000\000J\002\000\000Vector11C\000\000\001"
 363      004A0200 
 363      00566563 
 363      746F7231 
 363      31430000 
 364 070b 00000000 		.ascii	"\000\000\000\000\000\000\000\000\000P\002\000\000Ve"
 364      00000000 
 364      00500200 
 364      005665
 365 071a 63746F72 		.ascii	"ctor120\000\000\001\000\000\000\000\000\000\000\000"
 365      31323000 
 365      00010000 
ARM GAS  /tmp/ccjKyI96.s 			page 29


 365      00000000 
 365      0000
 366 072c 00560200 		.ascii	"\000V\002\000\000Vector124\000\000\001\000\000\000\000"
 366      00566563 
 366      746F7231 
 366      32340000 
 366      01000000 
 367 0741 00000000 		.ascii	"\000\000\000\000\000\\\002\000\000Vector128\000\000"
 367      005C0200 
 367      00566563 
 367      746F7231 
 367      32380000 
 368 0755 01000000 		.ascii	"\001\000\000\000\000\000\000\000\000\000b\002\000\000"
 368      00000000 
 368      00006202 
 368      0000
 369 0763 56656374 		.ascii	"Vector12C\000\000\001\000\000\000\000\000\000\000\000"
 369      6F723132 
 369      43000001 
 369      00000000 
 369      00000000 
 370 0777 00680200 		.ascii	"\000h\002\000\000Vector130\000\000\001\000\000\000\000"
 370      00566563 
 370      746F7231 
 370      33300000 
 370      01000000 
 371 078c 00000000 		.ascii	"\000\000\000\000\000n\002\000\000Vector134\000\000\001"
 371      006E0200 
 371      00566563 
 371      746F7231 
 371      33340000 
 372 07a1 00000000 		.ascii	"\000\000\000\000\000\000\000\000\000t\002\000\000Ve"
 372      00000000 
 372      00740200 
 372      005665
 373 07b0 63746F72 		.ascii	"ctor138\000\000\001\000\000\000\000\000\000\000\000"
 373      31333800 
 373      00010000 
 373      00000000 
 373      0000
 374 07c2 007A0200 		.ascii	"\000z\002\000\000Vector13C\000\000\001\000\000\000\000"
 374      00566563 
 374      746F7231 
 374      33430000 
 374      01000000 
 375 07d7 00000000 		.ascii	"\000\000\000\000\000\200\002\000\000_vectors\000\000"
 375      00800200 
 375      005F7665 
 375      63746F72 
 375      730000
 376 07ea 00000000 		.ascii	"\000\000\000\000\000\000\000\000\000\000\213\002\000"
 376      00000000 
 376      00008B02 
 376      00
 377 07f7 005F5F6D 		.ascii	"\000__main_stack_end__\000\000\002\000\000\000\000\000"
 377      61696E5F 
 377      73746163 
ARM GAS  /tmp/ccjKyI96.s 			page 30


 377      6B5F656E 
 377      645F5F00 
 378 0812 00000000 		.ascii	"\000\000\000\000\206\002\000\000"
 378      86020000 
 379              		.text
 380              		.section	.gnu.lto_.opts,"",%progbits
 381 0000 272D6D63 		.ascii	"'-mcpu=cortex-m3''-mno-thumb-interwork''-mthumb''-g"
 381      70753D63 
 381      6F727465 
 381      782D6D33 
 381      27272D6D 
 382 0033 67646227 		.ascii	"gdb''-O2''-fomit-frame-pointer''-falign-functions=1"
 382      272D4F32 
 382      27272D66 
 382      6F6D6974 
 382      2D667261 
 383 0066 3627272D 		.ascii	"6''-ffunction-sections''-fdata-sections''-fno-commo"
 383      6666756E 
 383      6374696F 
 383      6E2D7365 
 383      6374696F 
 384 0099 6E27272D 		.ascii	"n''-flto'\000"
 384      666C746F 
 384      2700
 385              		.text
 386              		.cfi_sections	.debug_frame
 387              		.section	.text._unhandled_exception,"ax",%progbits
 388              		.align	2
 389              		.p2align 4,,15
 390              		.global	_unhandled_exception
 391              		.thumb
 392              		.thumb_func
 393              		.type	_unhandled_exception, %function
 394              	_unhandled_exception:
 395              	.LFB56:
 396              		.file 1 "../../../os/common/ports/ARMCMx/compilers/GCC/vectors.c"
 397              		.loc 1 77 0
 398              		.cfi_startproc
 399              		@ Volatile: function does not return.
 400              		@ args = 0, pretend = 0, frame = 0
 401              		@ frame_needed = 0, uses_anonymous_args = 0
 402              		@ link register save eliminated.
 403              	.L2:
 404 0000 FEE7     		b	.L2
 405              		.cfi_endproc
 406              	.LFE56:
 407              		.size	_unhandled_exception, .-_unhandled_exception
 408              		.weak	NMI_Handler
 409              		.thumb_set NMI_Handler,_unhandled_exception
 410              		.weak	HardFault_Handler
 411              		.thumb_set HardFault_Handler,_unhandled_exception
 412              		.weak	MemManage_Handler
 413              		.thumb_set MemManage_Handler,_unhandled_exception
 414              		.weak	BusFault_Handler
 415              		.thumb_set BusFault_Handler,_unhandled_exception
 416              		.weak	UsageFault_Handler
 417              		.thumb_set UsageFault_Handler,_unhandled_exception
ARM GAS  /tmp/ccjKyI96.s 			page 31


 418              		.weak	Vector1C
 419              		.thumb_set Vector1C,_unhandled_exception
 420              		.weak	Vector20
 421              		.thumb_set Vector20,_unhandled_exception
 422              		.weak	Vector24
 423              		.thumb_set Vector24,_unhandled_exception
 424              		.weak	Vector28
 425              		.thumb_set Vector28,_unhandled_exception
 426              		.weak	SVC_Handler
 427              		.thumb_set SVC_Handler,_unhandled_exception
 428              		.weak	DebugMon_Handler
 429              		.thumb_set DebugMon_Handler,_unhandled_exception
 430              		.weak	Vector34
 431              		.thumb_set Vector34,_unhandled_exception
 432              		.weak	PendSV_Handler
 433              		.thumb_set PendSV_Handler,_unhandled_exception
 434              		.weak	SysTick_Handler
 435              		.thumb_set SysTick_Handler,_unhandled_exception
 436              		.weak	Vector40
 437              		.thumb_set Vector40,_unhandled_exception
 438              		.weak	Vector44
 439              		.thumb_set Vector44,_unhandled_exception
 440              		.weak	Vector48
 441              		.thumb_set Vector48,_unhandled_exception
 442              		.weak	Vector4C
 443              		.thumb_set Vector4C,_unhandled_exception
 444              		.weak	Vector50
 445              		.thumb_set Vector50,_unhandled_exception
 446              		.weak	Vector54
 447              		.thumb_set Vector54,_unhandled_exception
 448              		.weak	Vector58
 449              		.thumb_set Vector58,_unhandled_exception
 450              		.weak	Vector5C
 451              		.thumb_set Vector5C,_unhandled_exception
 452              		.weak	Vector60
 453              		.thumb_set Vector60,_unhandled_exception
 454              		.weak	Vector64
 455              		.thumb_set Vector64,_unhandled_exception
 456              		.weak	Vector68
 457              		.thumb_set Vector68,_unhandled_exception
 458              		.weak	Vector6C
 459              		.thumb_set Vector6C,_unhandled_exception
 460              		.weak	Vector70
 461              		.thumb_set Vector70,_unhandled_exception
 462              		.weak	Vector74
 463              		.thumb_set Vector74,_unhandled_exception
 464              		.weak	Vector78
 465              		.thumb_set Vector78,_unhandled_exception
 466              		.weak	Vector7C
 467              		.thumb_set Vector7C,_unhandled_exception
 468              		.weak	Vector80
 469              		.thumb_set Vector80,_unhandled_exception
 470              		.weak	Vector84
 471              		.thumb_set Vector84,_unhandled_exception
 472              		.weak	Vector88
 473              		.thumb_set Vector88,_unhandled_exception
 474              		.weak	Vector8C
ARM GAS  /tmp/ccjKyI96.s 			page 32


 475              		.thumb_set Vector8C,_unhandled_exception
 476              		.weak	Vector90
 477              		.thumb_set Vector90,_unhandled_exception
 478              		.weak	Vector94
 479              		.thumb_set Vector94,_unhandled_exception
 480              		.weak	Vector98
 481              		.thumb_set Vector98,_unhandled_exception
 482              		.weak	Vector9C
 483              		.thumb_set Vector9C,_unhandled_exception
 484              		.weak	VectorA0
 485              		.thumb_set VectorA0,_unhandled_exception
 486              		.weak	VectorA4
 487              		.thumb_set VectorA4,_unhandled_exception
 488              		.weak	VectorA8
 489              		.thumb_set VectorA8,_unhandled_exception
 490              		.weak	VectorAC
 491              		.thumb_set VectorAC,_unhandled_exception
 492              		.weak	VectorB0
 493              		.thumb_set VectorB0,_unhandled_exception
 494              		.weak	VectorB4
 495              		.thumb_set VectorB4,_unhandled_exception
 496              		.weak	VectorB8
 497              		.thumb_set VectorB8,_unhandled_exception
 498              		.weak	VectorBC
 499              		.thumb_set VectorBC,_unhandled_exception
 500              		.weak	VectorC0
 501              		.thumb_set VectorC0,_unhandled_exception
 502              		.weak	VectorC4
 503              		.thumb_set VectorC4,_unhandled_exception
 504              		.weak	VectorC8
 505              		.thumb_set VectorC8,_unhandled_exception
 506              		.weak	VectorCC
 507              		.thumb_set VectorCC,_unhandled_exception
 508              		.weak	VectorD0
 509              		.thumb_set VectorD0,_unhandled_exception
 510              		.weak	VectorD4
 511              		.thumb_set VectorD4,_unhandled_exception
 512              		.weak	VectorD8
 513              		.thumb_set VectorD8,_unhandled_exception
 514              		.weak	VectorDC
 515              		.thumb_set VectorDC,_unhandled_exception
 516              		.weak	VectorE0
 517              		.thumb_set VectorE0,_unhandled_exception
 518              		.weak	VectorE4
 519              		.thumb_set VectorE4,_unhandled_exception
 520              		.weak	VectorE8
 521              		.thumb_set VectorE8,_unhandled_exception
 522              		.weak	VectorEC
 523              		.thumb_set VectorEC,_unhandled_exception
 524              		.weak	VectorF0
 525              		.thumb_set VectorF0,_unhandled_exception
 526              		.weak	VectorF4
 527              		.thumb_set VectorF4,_unhandled_exception
 528              		.weak	VectorF8
 529              		.thumb_set VectorF8,_unhandled_exception
 530              		.weak	VectorFC
 531              		.thumb_set VectorFC,_unhandled_exception
ARM GAS  /tmp/ccjKyI96.s 			page 33


 532              		.weak	Vector100
 533              		.thumb_set Vector100,_unhandled_exception
 534              		.weak	Vector104
 535              		.thumb_set Vector104,_unhandled_exception
 536              		.weak	Vector108
 537              		.thumb_set Vector108,_unhandled_exception
 538              		.weak	Vector10C
 539              		.thumb_set Vector10C,_unhandled_exception
 540              		.weak	Vector110
 541              		.thumb_set Vector110,_unhandled_exception
 542              		.weak	Vector114
 543              		.thumb_set Vector114,_unhandled_exception
 544              		.weak	Vector118
 545              		.thumb_set Vector118,_unhandled_exception
 546              		.weak	Vector11C
 547              		.thumb_set Vector11C,_unhandled_exception
 548              		.weak	Vector120
 549              		.thumb_set Vector120,_unhandled_exception
 550              		.weak	Vector124
 551              		.thumb_set Vector124,_unhandled_exception
 552              		.weak	Vector128
 553              		.thumb_set Vector128,_unhandled_exception
 554              		.weak	Vector12C
 555              		.thumb_set Vector12C,_unhandled_exception
 556              		.weak	Vector130
 557              		.thumb_set Vector130,_unhandled_exception
 558              		.weak	Vector134
 559              		.thumb_set Vector134,_unhandled_exception
 560              		.weak	Vector138
 561              		.thumb_set Vector138,_unhandled_exception
 562              		.weak	Vector13C
 563              		.thumb_set Vector13C,_unhandled_exception
 564              		.weak	Reset_Handler
 565              		.thumb_set Reset_Handler,_unhandled_exception
 566              		.global	_vectors
 567 0002 00BFAFF3 		.section	vectors,"aw",%progbits
 567      0080AFF3 
 567      0080AFF3 
 567      0080
 568              		.align	2
 569              		.type	_vectors, %object
 570              		.size	_vectors, 320
 571              	_vectors:
 572 0000 00000000 		.word	__main_stack_end__
 573 0004 00000000 		.word	Reset_Handler
 574 0008 00000000 		.word	NMI_Handler
 575 000c 00000000 		.word	HardFault_Handler
 576 0010 00000000 		.word	MemManage_Handler
 577 0014 00000000 		.word	BusFault_Handler
 578 0018 00000000 		.word	UsageFault_Handler
 579 001c 00000000 		.word	Vector1C
 580 0020 00000000 		.word	Vector20
 581 0024 00000000 		.word	Vector24
 582 0028 00000000 		.word	Vector28
 583 002c 00000000 		.word	SVC_Handler
 584 0030 00000000 		.word	DebugMon_Handler
 585 0034 00000000 		.word	Vector34
ARM GAS  /tmp/ccjKyI96.s 			page 34


 586 0038 00000000 		.word	PendSV_Handler
 587 003c 00000000 		.word	SysTick_Handler
 588 0040 00000000 		.word	Vector40
 589 0044 00000000 		.word	Vector44
 590 0048 00000000 		.word	Vector48
 591 004c 00000000 		.word	Vector4C
 592 0050 00000000 		.word	Vector50
 593 0054 00000000 		.word	Vector54
 594 0058 00000000 		.word	Vector58
 595 005c 00000000 		.word	Vector5C
 596 0060 00000000 		.word	Vector60
 597 0064 00000000 		.word	Vector64
 598 0068 00000000 		.word	Vector68
 599 006c 00000000 		.word	Vector6C
 600 0070 00000000 		.word	Vector70
 601 0074 00000000 		.word	Vector74
 602 0078 00000000 		.word	Vector78
 603 007c 00000000 		.word	Vector7C
 604 0080 00000000 		.word	Vector80
 605 0084 00000000 		.word	Vector84
 606 0088 00000000 		.word	Vector88
 607 008c 00000000 		.word	Vector8C
 608 0090 00000000 		.word	Vector90
 609 0094 00000000 		.word	Vector94
 610 0098 00000000 		.word	Vector98
 611 009c 00000000 		.word	Vector9C
 612 00a0 00000000 		.word	VectorA0
 613 00a4 00000000 		.word	VectorA4
 614 00a8 00000000 		.word	VectorA8
 615 00ac 00000000 		.word	VectorAC
 616 00b0 00000000 		.word	VectorB0
 617 00b4 00000000 		.word	VectorB4
 618 00b8 00000000 		.word	VectorB8
 619 00bc 00000000 		.word	VectorBC
 620 00c0 00000000 		.word	VectorC0
 621 00c4 00000000 		.word	VectorC4
 622 00c8 00000000 		.word	VectorC8
 623 00cc 00000000 		.word	VectorCC
 624 00d0 00000000 		.word	VectorD0
 625 00d4 00000000 		.word	VectorD4
 626 00d8 00000000 		.word	VectorD8
 627 00dc 00000000 		.word	VectorDC
 628 00e0 00000000 		.word	VectorE0
 629 00e4 00000000 		.word	VectorE4
 630 00e8 00000000 		.word	VectorE8
 631 00ec 00000000 		.word	VectorEC
 632 00f0 00000000 		.word	VectorF0
 633 00f4 00000000 		.word	VectorF4
 634 00f8 00000000 		.word	VectorF8
 635 00fc 00000000 		.word	VectorFC
 636 0100 00000000 		.word	Vector100
 637 0104 00000000 		.word	Vector104
 638 0108 00000000 		.word	Vector108
 639 010c 00000000 		.word	Vector10C
 640 0110 00000000 		.word	Vector110
 641 0114 00000000 		.word	Vector114
 642 0118 00000000 		.word	Vector118
ARM GAS  /tmp/ccjKyI96.s 			page 35


 643 011c 00000000 		.word	Vector11C
 644 0120 00000000 		.word	Vector120
 645 0124 00000000 		.word	Vector124
 646 0128 00000000 		.word	Vector128
 647 012c 00000000 		.word	Vector12C
 648 0130 00000000 		.word	Vector130
 649 0134 00000000 		.word	Vector134
 650 0138 00000000 		.word	Vector138
 651 013c 00000000 		.word	Vector13C
 652              		.text
 653              	.Letext0:
 654              		.file 2 "/opt/ARM/gcc-arm-none-eabi-4_7-2013q3/bin/../lib/gcc/arm-none-eabi/4.7.4/../../../../arm-
 655              		.file 3 "../../../os/ext/CMSIS/include/core_cm3.h"
 656              		.section	.debug_info,"",%progbits
 657              	.Ldebug_info0:
 658 0000 FD010000 		.4byte	0x1fd
 659 0004 0200     		.2byte	0x2
 660 0006 00000000 		.4byte	.Ldebug_abbrev0
 661 000a 04       		.byte	0x4
 662 000b 01       		.uleb128 0x1
 663 000c C0000000 		.4byte	.LASF34
 664 0010 01       		.byte	0x1
 665 0011 64020000 		.4byte	.LASF35
 666 0015 46010000 		.4byte	.LASF36
 667 0019 00000000 		.4byte	.Ldebug_ranges0+0
 668 001d 00000000 		.4byte	0
 669 0021 00000000 		.4byte	0
 670 0025 00000000 		.4byte	.Ldebug_line0
 671 0029 02       		.uleb128 0x2
 672 002a 01       		.byte	0x1
 673 002b 06       		.byte	0x6
 674 002c 4E020000 		.4byte	.LASF0
 675 0030 02       		.uleb128 0x2
 676 0031 01       		.byte	0x1
 677 0032 08       		.byte	0x8
 678 0033 87000000 		.4byte	.LASF1
 679 0037 02       		.uleb128 0x2
 680 0038 02       		.byte	0x2
 681 0039 05       		.byte	0x5
 682 003a 20020000 		.4byte	.LASF2
 683 003e 02       		.uleb128 0x2
 684 003f 02       		.byte	0x2
 685 0040 07       		.byte	0x7
 686 0041 35000000 		.4byte	.LASF3
 687 0045 03       		.uleb128 0x3
 688 0046 53000000 		.4byte	.LASF5
 689 004a 02       		.byte	0x2
 690 004b 4F       		.byte	0x4f
 691 004c 50000000 		.4byte	0x50
 692 0050 02       		.uleb128 0x2
 693 0051 04       		.byte	0x4
 694 0052 05       		.byte	0x5
 695 0053 33020000 		.4byte	.LASF4
 696 0057 03       		.uleb128 0x3
 697 0058 2A020000 		.4byte	.LASF6
 698 005c 02       		.byte	0x2
 699 005d 50       		.byte	0x50
ARM GAS  /tmp/ccjKyI96.s 			page 36


 700 005e 62000000 		.4byte	0x62
 701 0062 02       		.uleb128 0x2
 702 0063 04       		.byte	0x4
 703 0064 07       		.byte	0x7
 704 0065 95000000 		.4byte	.LASF7
 705 0069 02       		.uleb128 0x2
 706 006a 08       		.byte	0x8
 707 006b 05       		.byte	0x5
 708 006c E4010000 		.4byte	.LASF8
 709 0070 02       		.uleb128 0x2
 710 0071 08       		.byte	0x8
 711 0072 07       		.byte	0x7
 712 0073 70000000 		.4byte	.LASF9
 713 0077 04       		.uleb128 0x4
 714 0078 04       		.byte	0x4
 715 0079 05       		.byte	0x5
 716 007a 696E7400 		.ascii	"int\000"
 717 007e 02       		.uleb128 0x2
 718 007f 04       		.byte	0x4
 719 0080 07       		.byte	0x7
 720 0081 30010000 		.4byte	.LASF10
 721 0085 02       		.uleb128 0x2
 722 0086 04       		.byte	0x4
 723 0087 07       		.byte	0x7
 724 0088 C8010000 		.4byte	.LASF11
 725 008c 05       		.uleb128 0x5
 726 008d 45000000 		.4byte	0x45
 727 0091 03       		.uleb128 0x3
 728 0092 00000000 		.4byte	.LASF12
 729 0096 01       		.byte	0x1
 730 0097 2D       		.byte	0x2d
 731 0098 9C000000 		.4byte	0x9c
 732 009c 06       		.uleb128 0x6
 733 009d 04       		.byte	0x4
 734 009e A2000000 		.4byte	0xa2
 735 00a2 07       		.uleb128 0x7
 736 00a3 01       		.byte	0x1
 737 00a4 08       		.uleb128 0x8
 738 00a5 4001     		.2byte	0x140
 739 00a7 01       		.byte	0x1
 740 00a8 32       		.byte	0x32
 741 00a9 9C010000 		.4byte	0x19c
 742 00ad 09       		.uleb128 0x9
 743 00ae 48000000 		.4byte	.LASF13
 744 00b2 01       		.byte	0x1
 745 00b3 33       		.byte	0x33
 746 00b4 9C010000 		.4byte	0x19c
 747 00b8 02       		.byte	0x2
 748 00b9 23       		.byte	0x23
 749 00ba 00       		.uleb128 0
 750 00bb 09       		.uleb128 0x9
 751 00bc BA010000 		.4byte	.LASF14
 752 00c0 01       		.byte	0x1
 753 00c1 34       		.byte	0x34
 754 00c2 91000000 		.4byte	0x91
 755 00c6 02       		.byte	0x2
 756 00c7 23       		.byte	0x23
ARM GAS  /tmp/ccjKyI96.s 			page 37


 757 00c8 04       		.uleb128 0x4
 758 00c9 09       		.uleb128 0x9
 759 00ca 24010000 		.4byte	.LASF15
 760 00ce 01       		.byte	0x1
 761 00cf 35       		.byte	0x35
 762 00d0 91000000 		.4byte	0x91
 763 00d4 02       		.byte	0x2
 764 00d5 23       		.byte	0x23
 765 00d6 08       		.uleb128 0x8
 766 00d7 09       		.uleb128 0x9
 767 00d8 12010000 		.4byte	.LASF16
 768 00dc 01       		.byte	0x1
 769 00dd 36       		.byte	0x36
 770 00de 91000000 		.4byte	0x91
 771 00e2 02       		.byte	0x2
 772 00e3 23       		.byte	0x23
 773 00e4 0C       		.uleb128 0xc
 774 00e5 09       		.uleb128 0x9
 775 00e6 3C020000 		.4byte	.LASF17
 776 00ea 01       		.byte	0x1
 777 00eb 37       		.byte	0x37
 778 00ec 91000000 		.4byte	0x91
 779 00f0 02       		.byte	0x2
 780 00f1 23       		.byte	0x23
 781 00f2 10       		.uleb128 0x10
 782 00f3 09       		.uleb128 0x9
 783 00f4 F2010000 		.4byte	.LASF18
 784 00f8 01       		.byte	0x1
 785 00f9 38       		.byte	0x38
 786 00fa 91000000 		.4byte	0x91
 787 00fe 02       		.byte	0x2
 788 00ff 23       		.byte	0x23
 789 0100 14       		.uleb128 0x14
 790 0101 09       		.uleb128 0x9
 791 0102 D1010000 		.4byte	.LASF19
 792 0106 01       		.byte	0x1
 793 0107 39       		.byte	0x39
 794 0108 91000000 		.4byte	0x91
 795 010c 02       		.byte	0x2
 796 010d 23       		.byte	0x23
 797 010e 18       		.uleb128 0x18
 798 010f 09       		.uleb128 0x9
 799 0110 09010000 		.4byte	.LASF20
 800 0114 01       		.byte	0x1
 801 0115 3A       		.byte	0x3a
 802 0116 91000000 		.4byte	0x91
 803 011a 02       		.byte	0x2
 804 011b 23       		.byte	0x23
 805 011c 1C       		.uleb128 0x1c
 806 011d 09       		.uleb128 0x9
 807 011e 3D010000 		.4byte	.LASF21
 808 0122 01       		.byte	0x1
 809 0123 3B       		.byte	0x3b
 810 0124 91000000 		.4byte	0x91
 811 0128 02       		.byte	0x2
 812 0129 23       		.byte	0x23
 813 012a 20       		.uleb128 0x20
ARM GAS  /tmp/ccjKyI96.s 			page 38


 814 012b 09       		.uleb128 0x9
 815 012c 9F010000 		.4byte	.LASF22
 816 0130 01       		.byte	0x1
 817 0131 3C       		.byte	0x3c
 818 0132 91000000 		.4byte	0x91
 819 0136 02       		.byte	0x2
 820 0137 23       		.byte	0x23
 821 0138 24       		.uleb128 0x24
 822 0139 09       		.uleb128 0x9
 823 013a A8010000 		.4byte	.LASF23
 824 013e 01       		.byte	0x1
 825 013f 3D       		.byte	0x3d
 826 0140 91000000 		.4byte	0x91
 827 0144 02       		.byte	0x2
 828 0145 23       		.byte	0x23
 829 0146 28       		.uleb128 0x28
 830 0147 09       		.uleb128 0x9
 831 0148 A7000000 		.4byte	.LASF24
 832 014c 01       		.byte	0x1
 833 014d 3E       		.byte	0x3e
 834 014e 91000000 		.4byte	0x91
 835 0152 02       		.byte	0x2
 836 0153 23       		.byte	0x23
 837 0154 2C       		.uleb128 0x2c
 838 0155 09       		.uleb128 0x9
 839 0156 5B000000 		.4byte	.LASF25
 840 015a 01       		.byte	0x1
 841 015b 3F       		.byte	0x3f
 842 015c 91000000 		.4byte	0x91
 843 0160 02       		.byte	0x2
 844 0161 23       		.byte	0x23
 845 0162 30       		.uleb128 0x30
 846 0163 09       		.uleb128 0x9
 847 0164 0D000000 		.4byte	.LASF26
 848 0168 01       		.byte	0x1
 849 0169 40       		.byte	0x40
 850 016a 91000000 		.4byte	0x91
 851 016e 02       		.byte	0x2
 852 016f 23       		.byte	0x23
 853 0170 34       		.uleb128 0x34
 854 0171 09       		.uleb128 0x9
 855 0172 16000000 		.4byte	.LASF27
 856 0176 01       		.byte	0x1
 857 0177 41       		.byte	0x41
 858 0178 91000000 		.4byte	0x91
 859 017c 02       		.byte	0x2
 860 017d 23       		.byte	0x23
 861 017e 38       		.uleb128 0x38
 862 017f 09       		.uleb128 0x9
 863 0180 25000000 		.4byte	.LASF28
 864 0184 01       		.byte	0x1
 865 0185 42       		.byte	0x42
 866 0186 91000000 		.4byte	0x91
 867 018a 02       		.byte	0x2
 868 018b 23       		.byte	0x23
 869 018c 3C       		.uleb128 0x3c
 870 018d 09       		.uleb128 0x9
ARM GAS  /tmp/ccjKyI96.s 			page 39


 871 018e 18020000 		.4byte	.LASF29
 872 0192 01       		.byte	0x1
 873 0193 43       		.byte	0x43
 874 0194 A2010000 		.4byte	0x1a2
 875 0198 02       		.byte	0x2
 876 0199 23       		.byte	0x23
 877 019a 40       		.uleb128 0x40
 878 019b 00       		.byte	0
 879 019c 06       		.uleb128 0x6
 880 019d 04       		.byte	0x4
 881 019e 57000000 		.4byte	0x57
 882 01a2 0A       		.uleb128 0xa
 883 01a3 91000000 		.4byte	0x91
 884 01a7 B2010000 		.4byte	0x1b2
 885 01ab 0B       		.uleb128 0xb
 886 01ac 85000000 		.4byte	0x85
 887 01b0 3F       		.byte	0x3f
 888 01b1 00       		.byte	0
 889 01b2 03       		.uleb128 0x3
 890 01b3 5A020000 		.4byte	.LASF30
 891 01b7 01       		.byte	0x1
 892 01b8 44       		.byte	0x44
 893 01b9 A4000000 		.4byte	0xa4
 894 01bd 0C       		.uleb128 0xc
 895 01be 01       		.byte	0x1
 896 01bf 03020000 		.4byte	.LASF37
 897 01c3 01       		.byte	0x1
 898 01c4 4D       		.byte	0x4d
 899 01c5 01       		.byte	0x1
 900 01c6 00000000 		.4byte	.LFB56
 901 01ca 02000000 		.4byte	.LFE56
 902 01ce 02       		.byte	0x2
 903 01cf 7D       		.byte	0x7d
 904 01d0 00       		.sleb128 0
 905 01d1 01       		.byte	0x1
 906 01d2 0D       		.uleb128 0xd
 907 01d3 B3000000 		.4byte	.LASF31
 908 01d7 03       		.byte	0x3
 909 01d8 1606     		.2byte	0x616
 910 01da 8C000000 		.4byte	0x8c
 911 01de 01       		.byte	0x1
 912 01df 01       		.byte	0x1
 913 01e0 0E       		.uleb128 0xe
 914 01e1 9C020000 		.4byte	.LASF32
 915 01e5 01       		.byte	0x1
 916 01e6 54       		.byte	0x54
 917 01e7 57000000 		.4byte	0x57
 918 01eb 01       		.byte	0x1
 919 01ec 01       		.byte	0x1
 920 01ed 0F       		.uleb128 0xf
 921 01ee B1010000 		.4byte	.LASF33
 922 01f2 01       		.byte	0x1
 923 01f3 D201     		.2byte	0x1d2
 924 01f5 B2010000 		.4byte	0x1b2
 925 01f9 01       		.byte	0x1
 926 01fa 05       		.byte	0x5
 927 01fb 03       		.byte	0x3
ARM GAS  /tmp/ccjKyI96.s 			page 40


 928 01fc 00000000 		.4byte	_vectors
 929 0200 00       		.byte	0
 930              		.section	.debug_abbrev,"",%progbits
 931              	.Ldebug_abbrev0:
 932 0000 01       		.uleb128 0x1
 933 0001 11       		.uleb128 0x11
 934 0002 01       		.byte	0x1
 935 0003 25       		.uleb128 0x25
 936 0004 0E       		.uleb128 0xe
 937 0005 13       		.uleb128 0x13
 938 0006 0B       		.uleb128 0xb
 939 0007 03       		.uleb128 0x3
 940 0008 0E       		.uleb128 0xe
 941 0009 1B       		.uleb128 0x1b
 942 000a 0E       		.uleb128 0xe
 943 000b 55       		.uleb128 0x55
 944 000c 06       		.uleb128 0x6
 945 000d 11       		.uleb128 0x11
 946 000e 01       		.uleb128 0x1
 947 000f 52       		.uleb128 0x52
 948 0010 01       		.uleb128 0x1
 949 0011 10       		.uleb128 0x10
 950 0012 06       		.uleb128 0x6
 951 0013 00       		.byte	0
 952 0014 00       		.byte	0
 953 0015 02       		.uleb128 0x2
 954 0016 24       		.uleb128 0x24
 955 0017 00       		.byte	0
 956 0018 0B       		.uleb128 0xb
 957 0019 0B       		.uleb128 0xb
 958 001a 3E       		.uleb128 0x3e
 959 001b 0B       		.uleb128 0xb
 960 001c 03       		.uleb128 0x3
 961 001d 0E       		.uleb128 0xe
 962 001e 00       		.byte	0
 963 001f 00       		.byte	0
 964 0020 03       		.uleb128 0x3
 965 0021 16       		.uleb128 0x16
 966 0022 00       		.byte	0
 967 0023 03       		.uleb128 0x3
 968 0024 0E       		.uleb128 0xe
 969 0025 3A       		.uleb128 0x3a
 970 0026 0B       		.uleb128 0xb
 971 0027 3B       		.uleb128 0x3b
 972 0028 0B       		.uleb128 0xb
 973 0029 49       		.uleb128 0x49
 974 002a 13       		.uleb128 0x13
 975 002b 00       		.byte	0
 976 002c 00       		.byte	0
 977 002d 04       		.uleb128 0x4
 978 002e 24       		.uleb128 0x24
 979 002f 00       		.byte	0
 980 0030 0B       		.uleb128 0xb
 981 0031 0B       		.uleb128 0xb
 982 0032 3E       		.uleb128 0x3e
 983 0033 0B       		.uleb128 0xb
 984 0034 03       		.uleb128 0x3
ARM GAS  /tmp/ccjKyI96.s 			page 41


 985 0035 08       		.uleb128 0x8
 986 0036 00       		.byte	0
 987 0037 00       		.byte	0
 988 0038 05       		.uleb128 0x5
 989 0039 35       		.uleb128 0x35
 990 003a 00       		.byte	0
 991 003b 49       		.uleb128 0x49
 992 003c 13       		.uleb128 0x13
 993 003d 00       		.byte	0
 994 003e 00       		.byte	0
 995 003f 06       		.uleb128 0x6
 996 0040 0F       		.uleb128 0xf
 997 0041 00       		.byte	0
 998 0042 0B       		.uleb128 0xb
 999 0043 0B       		.uleb128 0xb
 1000 0044 49       		.uleb128 0x49
 1001 0045 13       		.uleb128 0x13
 1002 0046 00       		.byte	0
 1003 0047 00       		.byte	0
 1004 0048 07       		.uleb128 0x7
 1005 0049 15       		.uleb128 0x15
 1006 004a 00       		.byte	0
 1007 004b 27       		.uleb128 0x27
 1008 004c 0C       		.uleb128 0xc
 1009 004d 00       		.byte	0
 1010 004e 00       		.byte	0
 1011 004f 08       		.uleb128 0x8
 1012 0050 13       		.uleb128 0x13
 1013 0051 01       		.byte	0x1
 1014 0052 0B       		.uleb128 0xb
 1015 0053 05       		.uleb128 0x5
 1016 0054 3A       		.uleb128 0x3a
 1017 0055 0B       		.uleb128 0xb
 1018 0056 3B       		.uleb128 0x3b
 1019 0057 0B       		.uleb128 0xb
 1020 0058 01       		.uleb128 0x1
 1021 0059 13       		.uleb128 0x13
 1022 005a 00       		.byte	0
 1023 005b 00       		.byte	0
 1024 005c 09       		.uleb128 0x9
 1025 005d 0D       		.uleb128 0xd
 1026 005e 00       		.byte	0
 1027 005f 03       		.uleb128 0x3
 1028 0060 0E       		.uleb128 0xe
 1029 0061 3A       		.uleb128 0x3a
 1030 0062 0B       		.uleb128 0xb
 1031 0063 3B       		.uleb128 0x3b
 1032 0064 0B       		.uleb128 0xb
 1033 0065 49       		.uleb128 0x49
 1034 0066 13       		.uleb128 0x13
 1035 0067 38       		.uleb128 0x38
 1036 0068 0A       		.uleb128 0xa
 1037 0069 00       		.byte	0
 1038 006a 00       		.byte	0
 1039 006b 0A       		.uleb128 0xa
 1040 006c 01       		.uleb128 0x1
 1041 006d 01       		.byte	0x1
ARM GAS  /tmp/ccjKyI96.s 			page 42


 1042 006e 49       		.uleb128 0x49
 1043 006f 13       		.uleb128 0x13
 1044 0070 01       		.uleb128 0x1
 1045 0071 13       		.uleb128 0x13
 1046 0072 00       		.byte	0
 1047 0073 00       		.byte	0
 1048 0074 0B       		.uleb128 0xb
 1049 0075 21       		.uleb128 0x21
 1050 0076 00       		.byte	0
 1051 0077 49       		.uleb128 0x49
 1052 0078 13       		.uleb128 0x13
 1053 0079 2F       		.uleb128 0x2f
 1054 007a 0B       		.uleb128 0xb
 1055 007b 00       		.byte	0
 1056 007c 00       		.byte	0
 1057 007d 0C       		.uleb128 0xc
 1058 007e 2E       		.uleb128 0x2e
 1059 007f 00       		.byte	0
 1060 0080 3F       		.uleb128 0x3f
 1061 0081 0C       		.uleb128 0xc
 1062 0082 03       		.uleb128 0x3
 1063 0083 0E       		.uleb128 0xe
 1064 0084 3A       		.uleb128 0x3a
 1065 0085 0B       		.uleb128 0xb
 1066 0086 3B       		.uleb128 0x3b
 1067 0087 0B       		.uleb128 0xb
 1068 0088 27       		.uleb128 0x27
 1069 0089 0C       		.uleb128 0xc
 1070 008a 11       		.uleb128 0x11
 1071 008b 01       		.uleb128 0x1
 1072 008c 12       		.uleb128 0x12
 1073 008d 01       		.uleb128 0x1
 1074 008e 40       		.uleb128 0x40
 1075 008f 0A       		.uleb128 0xa
 1076 0090 9742     		.uleb128 0x2117
 1077 0092 0C       		.uleb128 0xc
 1078 0093 00       		.byte	0
 1079 0094 00       		.byte	0
 1080 0095 0D       		.uleb128 0xd
 1081 0096 34       		.uleb128 0x34
 1082 0097 00       		.byte	0
 1083 0098 03       		.uleb128 0x3
 1084 0099 0E       		.uleb128 0xe
 1085 009a 3A       		.uleb128 0x3a
 1086 009b 0B       		.uleb128 0xb
 1087 009c 3B       		.uleb128 0x3b
 1088 009d 05       		.uleb128 0x5
 1089 009e 49       		.uleb128 0x49
 1090 009f 13       		.uleb128 0x13
 1091 00a0 3F       		.uleb128 0x3f
 1092 00a1 0C       		.uleb128 0xc
 1093 00a2 3C       		.uleb128 0x3c
 1094 00a3 0C       		.uleb128 0xc
 1095 00a4 00       		.byte	0
 1096 00a5 00       		.byte	0
 1097 00a6 0E       		.uleb128 0xe
 1098 00a7 34       		.uleb128 0x34
ARM GAS  /tmp/ccjKyI96.s 			page 43


 1099 00a8 00       		.byte	0
 1100 00a9 03       		.uleb128 0x3
 1101 00aa 0E       		.uleb128 0xe
 1102 00ab 3A       		.uleb128 0x3a
 1103 00ac 0B       		.uleb128 0xb
 1104 00ad 3B       		.uleb128 0x3b
 1105 00ae 0B       		.uleb128 0xb
 1106 00af 49       		.uleb128 0x49
 1107 00b0 13       		.uleb128 0x13
 1108 00b1 3F       		.uleb128 0x3f
 1109 00b2 0C       		.uleb128 0xc
 1110 00b3 3C       		.uleb128 0x3c
 1111 00b4 0C       		.uleb128 0xc
 1112 00b5 00       		.byte	0
 1113 00b6 00       		.byte	0
 1114 00b7 0F       		.uleb128 0xf
 1115 00b8 34       		.uleb128 0x34
 1116 00b9 00       		.byte	0
 1117 00ba 03       		.uleb128 0x3
 1118 00bb 0E       		.uleb128 0xe
 1119 00bc 3A       		.uleb128 0x3a
 1120 00bd 0B       		.uleb128 0xb
 1121 00be 3B       		.uleb128 0x3b
 1122 00bf 05       		.uleb128 0x5
 1123 00c0 49       		.uleb128 0x49
 1124 00c1 13       		.uleb128 0x13
 1125 00c2 3F       		.uleb128 0x3f
 1126 00c3 0C       		.uleb128 0xc
 1127 00c4 02       		.uleb128 0x2
 1128 00c5 0A       		.uleb128 0xa
 1129 00c6 00       		.byte	0
 1130 00c7 00       		.byte	0
 1131 00c8 00       		.byte	0
 1132              		.section	.debug_aranges,"",%progbits
 1133 0000 1C000000 		.4byte	0x1c
 1134 0004 0200     		.2byte	0x2
 1135 0006 00000000 		.4byte	.Ldebug_info0
 1136 000a 04       		.byte	0x4
 1137 000b 00       		.byte	0
 1138 000c 0000     		.2byte	0
 1139 000e 0000     		.2byte	0
 1140 0010 00000000 		.4byte	.LFB56
 1141 0014 02000000 		.4byte	.LFE56-.LFB56
 1142 0018 00000000 		.4byte	0
 1143 001c 00000000 		.4byte	0
 1144              		.section	.debug_ranges,"",%progbits
 1145              	.Ldebug_ranges0:
 1146 0000 00000000 		.4byte	.LFB56
 1147 0004 02000000 		.4byte	.LFE56
 1148 0008 00000000 		.4byte	0
 1149 000c 00000000 		.4byte	0
 1150              		.section	.debug_line,"",%progbits
 1151              	.Ldebug_line0:
 1152 0000 07010000 		.section	.debug_str,"MS",%progbits,1
 1152      0200F100 
 1152      00000201 
 1152      FB0E0D00 
ARM GAS  /tmp/ccjKyI96.s 			page 44


 1152      01010101 
 1153              	.LASF12:
 1154 0000 6972715F 		.ascii	"irq_vector_t\000"
 1154      76656374 
 1154      6F725F74 
 1154      00
 1155              	.LASF26:
 1156 000d 76656374 		.ascii	"vector34\000"
 1156      6F723334 
 1156      00
 1157              	.LASF27:
 1158 0016 70656E64 		.ascii	"pendsv_handler\000"
 1158      73765F68 
 1158      616E646C 
 1158      657200
 1159              	.LASF28:
 1160 0025 73797374 		.ascii	"systick_handler\000"
 1160      69636B5F 
 1160      68616E64 
 1160      6C657200 
 1161              	.LASF3:
 1162 0035 73686F72 		.ascii	"short unsigned int\000"
 1162      7420756E 
 1162      7369676E 
 1162      65642069 
 1162      6E7400
 1163              	.LASF13:
 1164 0048 696E6974 		.ascii	"init_stack\000"
 1164      5F737461 
 1164      636B00
 1165              	.LASF5:
 1166 0053 696E7433 		.ascii	"int32_t\000"
 1166      325F7400 
 1167              	.LASF25:
 1168 005b 64656275 		.ascii	"debugmonitor_handler\000"
 1168      676D6F6E 
 1168      69746F72 
 1168      5F68616E 
 1168      646C6572 
 1169              	.LASF9:
 1170 0070 6C6F6E67 		.ascii	"long long unsigned int\000"
 1170      206C6F6E 
 1170      6720756E 
 1170      7369676E 
 1170      65642069 
 1171              	.LASF1:
 1172 0087 756E7369 		.ascii	"unsigned char\000"
 1172      676E6564 
 1172      20636861 
 1172      7200
 1173              	.LASF7:
 1174 0095 6C6F6E67 		.ascii	"long unsigned int\000"
 1174      20756E73 
 1174      69676E65 
 1174      6420696E 
 1174      7400
 1175              	.LASF24:
ARM GAS  /tmp/ccjKyI96.s 			page 45


 1176 00a7 7376635F 		.ascii	"svc_handler\000"
 1176      68616E64 
 1176      6C657200 
 1177              	.LASF31:
 1178 00b3 49544D5F 		.ascii	"ITM_RxBuffer\000"
 1178      52784275 
 1178      66666572 
 1178      00
 1179              	.LASF34:
 1180 00c0 474E5520 		.ascii	"GNU C 4.7.4 20130913 (release) [ARM/embedded-4_7-br"
 1180      4320342E 
 1180      372E3420 
 1180      32303133 
 1180      30393133 
 1181 00f3 616E6368 		.ascii	"anch revision 202601]\000"
 1181      20726576 
 1181      6973696F 
 1181      6E203230 
 1181      32363031 
 1182              	.LASF20:
 1183 0109 76656374 		.ascii	"vector1c\000"
 1183      6F723163 
 1183      00
 1184              	.LASF16:
 1185 0112 68617264 		.ascii	"hardfault_handler\000"
 1185      6661756C 
 1185      745F6861 
 1185      6E646C65 
 1185      7200
 1186              	.LASF15:
 1187 0124 6E6D695F 		.ascii	"nmi_handler\000"
 1187      68616E64 
 1187      6C657200 
 1188              	.LASF10:
 1189 0130 756E7369 		.ascii	"unsigned int\000"
 1189      676E6564 
 1189      20696E74 
 1189      00
 1190              	.LASF21:
 1191 013d 76656374 		.ascii	"vector20\000"
 1191      6F723230 
 1191      00
 1192              	.LASF36:
 1193 0146 2F686F6D 		.ascii	"/home/joerg/repos/chibios-projects/ChibiOS-RT/demos"
 1193      652F6A6F 
 1193      6572672F 
 1193      7265706F 
 1193      732F6368 
 1194 0179 2F53544D 		.ascii	"/STM32/RT-STM32F103-OLIMEX_STM32_P103\000"
 1194      33322F52 
 1194      542D5354 
 1194      4D333246 
 1194      3130332D 
 1195              	.LASF22:
 1196 019f 76656374 		.ascii	"vector24\000"
 1196      6F723234 
 1196      00
ARM GAS  /tmp/ccjKyI96.s 			page 46


 1197              	.LASF23:
 1198 01a8 76656374 		.ascii	"vector28\000"
 1198      6F723238 
 1198      00
 1199              	.LASF33:
 1200 01b1 5F766563 		.ascii	"_vectors\000"
 1200      746F7273 
 1200      00
 1201              	.LASF14:
 1202 01ba 72657365 		.ascii	"reset_handler\000"
 1202      745F6861 
 1202      6E646C65 
 1202      7200
 1203              	.LASF11:
 1204 01c8 73697A65 		.ascii	"sizetype\000"
 1204      74797065 
 1204      00
 1205              	.LASF19:
 1206 01d1 75736167 		.ascii	"usagefault_handler\000"
 1206      65666175 
 1206      6C745F68 
 1206      616E646C 
 1206      657200
 1207              	.LASF8:
 1208 01e4 6C6F6E67 		.ascii	"long long int\000"
 1208      206C6F6E 
 1208      6720696E 
 1208      7400
 1209              	.LASF18:
 1210 01f2 62757366 		.ascii	"busfault_handler\000"
 1210      61756C74 
 1210      5F68616E 
 1210      646C6572 
 1210      00
 1211              	.LASF37:
 1212 0203 5F756E68 		.ascii	"_unhandled_exception\000"
 1212      616E646C 
 1212      65645F65 
 1212      78636570 
 1212      74696F6E 
 1213              	.LASF29:
 1214 0218 76656374 		.ascii	"vectors\000"
 1214      6F727300 
 1215              	.LASF2:
 1216 0220 73686F72 		.ascii	"short int\000"
 1216      7420696E 
 1216      7400
 1217              	.LASF6:
 1218 022a 75696E74 		.ascii	"uint32_t\000"
 1218      33325F74 
 1218      00
 1219              	.LASF4:
 1220 0233 6C6F6E67 		.ascii	"long int\000"
 1220      20696E74 
 1220      00
 1221              	.LASF17:
 1222 023c 6D656D6D 		.ascii	"memmanage_handler\000"
ARM GAS  /tmp/ccjKyI96.s 			page 47


 1222      616E6167 
 1222      655F6861 
 1222      6E646C65 
 1222      7200
 1223              	.LASF0:
 1224 024e 7369676E 		.ascii	"signed char\000"
 1224      65642063 
 1224      68617200 
 1225              	.LASF30:
 1226 025a 76656374 		.ascii	"vectors_t\000"
 1226      6F72735F 
 1226      7400
 1227              	.LASF35:
 1228 0264 2E2E2F2E 		.ascii	"../../../os/common/ports/ARMCMx/compilers/GCC/vecto"
 1228      2E2F2E2E 
 1228      2F6F732F 
 1228      636F6D6D 
 1228      6F6E2F70 
 1229 0297 72732E63 		.ascii	"rs.c\000"
 1229      00
 1230              	.LASF32:
 1231 029c 5F5F6D61 		.ascii	"__main_stack_end__\000"
 1231      696E5F73 
 1231      7461636B 
 1231      5F656E64 
 1231      5F5F00
 1232              		.comm	__gnu_lto_v1,1,1
 1233              		.ident	"GCC: (GNU Tools for ARM Embedded Processors) 4.7.4 20130913 (release) [ARM/embedded-4_7-br
ARM GAS  /tmp/ccjKyI96.s 			page 48


DEFINED SYMBOLS
                            *ABS*:00000000 vectors.c
     /tmp/ccjKyI96.s:388    .text._unhandled_exception:00000000 $t
     /tmp/ccjKyI96.s:394    .text._unhandled_exception:00000000 _unhandled_exception
     /tmp/ccjKyI96.s:394    .text._unhandled_exception:00000000 NMI_Handler
     /tmp/ccjKyI96.s:394    .text._unhandled_exception:00000000 HardFault_Handler
     /tmp/ccjKyI96.s:394    .text._unhandled_exception:00000000 MemManage_Handler
     /tmp/ccjKyI96.s:394    .text._unhandled_exception:00000000 BusFault_Handler
     /tmp/ccjKyI96.s:394    .text._unhandled_exception:00000000 UsageFault_Handler
     /tmp/ccjKyI96.s:394    .text._unhandled_exception:00000000 Vector1C
     /tmp/ccjKyI96.s:394    .text._unhandled_exception:00000000 Vector20
     /tmp/ccjKyI96.s:394    .text._unhandled_exception:00000000 Vector24
     /tmp/ccjKyI96.s:394    .text._unhandled_exception:00000000 Vector28
     /tmp/ccjKyI96.s:394    .text._unhandled_exception:00000000 SVC_Handler
     /tmp/ccjKyI96.s:394    .text._unhandled_exception:00000000 DebugMon_Handler
     /tmp/ccjKyI96.s:394    .text._unhandled_exception:00000000 Vector34
     /tmp/ccjKyI96.s:394    .text._unhandled_exception:00000000 PendSV_Handler
     /tmp/ccjKyI96.s:394    .text._unhandled_exception:00000000 SysTick_Handler
     /tmp/ccjKyI96.s:394    .text._unhandled_exception:00000000 Vector40
     /tmp/ccjKyI96.s:394    .text._unhandled_exception:00000000 Vector44
     /tmp/ccjKyI96.s:394    .text._unhandled_exception:00000000 Vector48
     /tmp/ccjKyI96.s:394    .text._unhandled_exception:00000000 Vector4C
     /tmp/ccjKyI96.s:394    .text._unhandled_exception:00000000 Vector50
     /tmp/ccjKyI96.s:394    .text._unhandled_exception:00000000 Vector54
     /tmp/ccjKyI96.s:394    .text._unhandled_exception:00000000 Vector58
     /tmp/ccjKyI96.s:394    .text._unhandled_exception:00000000 Vector5C
     /tmp/ccjKyI96.s:394    .text._unhandled_exception:00000000 Vector60
     /tmp/ccjKyI96.s:394    .text._unhandled_exception:00000000 Vector64
     /tmp/ccjKyI96.s:394    .text._unhandled_exception:00000000 Vector68
     /tmp/ccjKyI96.s:394    .text._unhandled_exception:00000000 Vector6C
     /tmp/ccjKyI96.s:394    .text._unhandled_exception:00000000 Vector70
     /tmp/ccjKyI96.s:394    .text._unhandled_exception:00000000 Vector74
     /tmp/ccjKyI96.s:394    .text._unhandled_exception:00000000 Vector78
     /tmp/ccjKyI96.s:394    .text._unhandled_exception:00000000 Vector7C
     /tmp/ccjKyI96.s:394    .text._unhandled_exception:00000000 Vector80
     /tmp/ccjKyI96.s:394    .text._unhandled_exception:00000000 Vector84
     /tmp/ccjKyI96.s:394    .text._unhandled_exception:00000000 Vector88
     /tmp/ccjKyI96.s:394    .text._unhandled_exception:00000000 Vector8C
     /tmp/ccjKyI96.s:394    .text._unhandled_exception:00000000 Vector90
     /tmp/ccjKyI96.s:394    .text._unhandled_exception:00000000 Vector94
     /tmp/ccjKyI96.s:394    .text._unhandled_exception:00000000 Vector98
     /tmp/ccjKyI96.s:394    .text._unhandled_exception:00000000 Vector9C
     /tmp/ccjKyI96.s:394    .text._unhandled_exception:00000000 VectorA0
     /tmp/ccjKyI96.s:394    .text._unhandled_exception:00000000 VectorA4
     /tmp/ccjKyI96.s:394    .text._unhandled_exception:00000000 VectorA8
     /tmp/ccjKyI96.s:394    .text._unhandled_exception:00000000 VectorAC
     /tmp/ccjKyI96.s:394    .text._unhandled_exception:00000000 VectorB0
     /tmp/ccjKyI96.s:394    .text._unhandled_exception:00000000 VectorB4
     /tmp/ccjKyI96.s:394    .text._unhandled_exception:00000000 VectorB8
     /tmp/ccjKyI96.s:394    .text._unhandled_exception:00000000 VectorBC
     /tmp/ccjKyI96.s:394    .text._unhandled_exception:00000000 VectorC0
     /tmp/ccjKyI96.s:394    .text._unhandled_exception:00000000 VectorC4
     /tmp/ccjKyI96.s:394    .text._unhandled_exception:00000000 VectorC8
     /tmp/ccjKyI96.s:394    .text._unhandled_exception:00000000 VectorCC
     /tmp/ccjKyI96.s:394    .text._unhandled_exception:00000000 VectorD0
     /tmp/ccjKyI96.s:394    .text._unhandled_exception:00000000 VectorD4
     /tmp/ccjKyI96.s:394    .text._unhandled_exception:00000000 VectorD8
ARM GAS  /tmp/ccjKyI96.s 			page 49


     /tmp/ccjKyI96.s:394    .text._unhandled_exception:00000000 VectorDC
     /tmp/ccjKyI96.s:394    .text._unhandled_exception:00000000 VectorE0
     /tmp/ccjKyI96.s:394    .text._unhandled_exception:00000000 VectorE4
     /tmp/ccjKyI96.s:394    .text._unhandled_exception:00000000 VectorE8
     /tmp/ccjKyI96.s:394    .text._unhandled_exception:00000000 VectorEC
     /tmp/ccjKyI96.s:394    .text._unhandled_exception:00000000 VectorF0
     /tmp/ccjKyI96.s:394    .text._unhandled_exception:00000000 VectorF4
     /tmp/ccjKyI96.s:394    .text._unhandled_exception:00000000 VectorF8
     /tmp/ccjKyI96.s:394    .text._unhandled_exception:00000000 VectorFC
     /tmp/ccjKyI96.s:394    .text._unhandled_exception:00000000 Vector100
     /tmp/ccjKyI96.s:394    .text._unhandled_exception:00000000 Vector104
     /tmp/ccjKyI96.s:394    .text._unhandled_exception:00000000 Vector108
     /tmp/ccjKyI96.s:394    .text._unhandled_exception:00000000 Vector10C
     /tmp/ccjKyI96.s:394    .text._unhandled_exception:00000000 Vector110
     /tmp/ccjKyI96.s:394    .text._unhandled_exception:00000000 Vector114
     /tmp/ccjKyI96.s:394    .text._unhandled_exception:00000000 Vector118
     /tmp/ccjKyI96.s:394    .text._unhandled_exception:00000000 Vector11C
     /tmp/ccjKyI96.s:394    .text._unhandled_exception:00000000 Vector120
     /tmp/ccjKyI96.s:394    .text._unhandled_exception:00000000 Vector124
     /tmp/ccjKyI96.s:394    .text._unhandled_exception:00000000 Vector128
     /tmp/ccjKyI96.s:394    .text._unhandled_exception:00000000 Vector12C
     /tmp/ccjKyI96.s:394    .text._unhandled_exception:00000000 Vector130
     /tmp/ccjKyI96.s:394    .text._unhandled_exception:00000000 Vector134
     /tmp/ccjKyI96.s:394    .text._unhandled_exception:00000000 Vector138
     /tmp/ccjKyI96.s:394    .text._unhandled_exception:00000000 Vector13C
     /tmp/ccjKyI96.s:394    .text._unhandled_exception:00000000 Reset_Handler
     /tmp/ccjKyI96.s:571    vectors:00000000 _vectors
     /tmp/ccjKyI96.s:568    vectors:00000000 $d
                            *COM*:00000001 __gnu_lto_v1
                     .debug_frame:00000010 $d

UNDEFINED SYMBOLS
__main_stack_end__
